<?xml version="1.0" encoding="utf-8" ?>
<!-- DO NOT EDIT THIS FILE -->

<log version='2.0' source='mc'>
	<!-- Successfully loaded CCRT at address 0x57b00000 - 0x57e95000 -->
	<!-- Successfully loaded MC at address 0x57f20000 - 0x58b9a000 -->
	<!-- Analysis started for e:\univer\5_kurs\2_semeetr\ips\lesson_5\x64\release\lesson_5.exe, pid = 13040 -->
	<msg id='1' source='mc'>
		<type>EXEC_OF_INTEREST</type>
		<severity>INFO</severity>
		<timestamp>Thu Apr 30 19:04:48 2020</timestamp>
		<arg name='path'>e:\univer\5_kurs\2_semeetr\ips\lesson_5\x64\release\lesson_5.exe</arg>
		<arg name='pid'>13040</arg>
	</msg>
	<!-- Command line: C:\Program Files (x86)\IntelSWTools\Inspector 2019\bin32\pin -xyzzy -mesgoff console -xyzzy -bridge_save_x87 0 -bridge_save_mxcsr 0 -follow_execv -error_file E:\Univer\5_kurs\2_semeetr\IPS\Lesson_5\My Inspector Results - Lesson_5\r000mi1\data.0\pin_error.log -logfile E:\Univer\5_kurs\2_semeetr\IPS\Lesson_5\My Inspector Results - Lesson_5\r000mi1\data.0\pin.log -xyzzy -region_max_inss 500 -p64 C:\Program Files (x86)\IntelSWTools\Inspector 2019\bin64\pin -t64 C:\Program Files (x86)\IntelSWTools\Inspector 2019\bin64\memchkr.dll -t C:\Program Files (x86)\IntelSWTools\Inspector 2019\bin32\memchkr.dll -no-analyze-stack -no-access-checks -leak-check-on-exit -leak-check-report-reachable -check-resource-leaks -freelist-vol 0 -leak-maximum 100000 -guard-zone-size 0 -stack-depth 8 -heartbeat 1 -mrte-mode auto -working-dir E:\Univer\5_kurs\2_semeetr\IPS\Lesson_5\My Inspector Results - Lesson_5\r000mi1\data.0 -log mc_Lesson_5.log -result Lesson_5 - E:\Univer\5_kurs\2_semeetr\IPS\Lesson_5\x64\Release\Lesson_5.exe  -->
	<!-- mc's options are the following:  -->
	<!-- -help                              false -->
	<!-- -verbose                           false -->
	<!-- -xyzzy                             false -->
	<!-- -version                           false -->
	<!-- -help-all                          false -->
	<!-- -xyzzy-all                         false -->
	<!-- -report-all-instances              false -->
	<!-- -check-for-padded-structures       true -->
	<!-- -check-for-bitfields               true -->
	<!-- -analyze-stack                     false -->
	<!-- -access-checks                     false -->
	<!-- -track-origins                     true -->
	<!-- -duplicate-uninits                 false -->
	<!-- -bss-initialized                   true -->
	<!-- -align-alloc-size                  false -->
	<!-- -report-uninit-read                false -->
	<!-- -ignore-system-libraries           false -->
	<!-- -gen-suppressions                  false -->
	<!-- -leak-check-on-exit                true -->
	<!-- -leak-check-on-demand              false -->
	<!-- -leak-check-uses-baseline          true -->
	<!-- -enable-memory-growth              false -->
	<!-- -leak-check-report-reachable       true -->
	<!-- -leak-check-full                   true -->
	<!-- -check-resource-leaks              true -->
	<!-- -trace-children                    false -->
	<!-- -enable-poke                       false -->
	<!-- -jit-mode-anyway                   false -->
	<!-- -disable-probe-mode-mismatches-64  true -->
	<!-- -aggressive-callstack-caching      false -->
	<!-- -suppress-breakpoints              false -->
	<!-- -monitor-memory                    false -->
	<!-- -freelist-vol                      0 -->
	<!-- -leak-maximum                      100000 -->
	<!-- -guard-zone-size                   0 -->
	<!-- -stack-depth                       8 -->
	<!-- -heartbeat                         1 -->
	<!-- -breakpoint-file                   (null) -->
	<!-- -config-file                       (null) -->
	<!-- -log                               mc_Lesson_5.log -->
	<!-- -ignore-commands                   (null),  -->
	<!-- -ignore-modules                    (null),  -->
	<!-- -ignore-symbols                    (null),  -->
	<!-- -module-of-interest                (null),  -->
	<!-- -executable-of-interest            (null),  -->
	<!-- -working-dir                       E:\Univer\5_kurs\2_semeetr\IPS\Lesson_5\My Inspector Results - Lesson_5\r000mi1\data.0 -->
	<!-- -result                            Lesson_5 -->
	<!-- -exclude-module                    (null),  -->
	<!-- -include-module                    (null),  -->
	<!-- -only-exec-commands                (null),  -->
	<!-- -suppressions                      (null),  -->
	<!-- -debug                             none -->
	<!-- -shared-mem-name                   (null) -->
	<!-- -poke-function                     (null),  -->
	<!-- -analysis-mode                     (null) -->
	<!-- -disable-gatekeeping               false -->
	<!-- -ignore-os-allocators              false -->
	<!-- -mrte-mode                         auto -->
	<!-- probe mode: yes -->
	<!-- mem leaks checks: yes -->
	<!-- res leaks checks: yes -->
	<!-- access checks: no -->
	<!-- track origin: no -->
	<!-- Environment: INTEL_LIBITTNOTIFY32=C:\Program Files (x86)\IntelSWTools\Inspector 2019\bin32\runtime\libittnotify.dll -->
	<!-- Environment: INTEL_LIBITTNOTIFY64=C:\Program Files (x86)\IntelSWTools\Inspector 2019\bin64\runtime\libittnotify.dll -->
	<!-- Environment: INTEL_JIT_PROFILER32=C:\Program Files (x86)\IntelSWTools\Inspector 2019\bin32\runtime\libittnotify.dll -->
	<!-- Environment: INTEL_JIT_PROFILER64=C:\Program Files (x86)\IntelSWTools\Inspector 2019\bin64\runtime\libittnotify.dll -->
	<!-- DIAG: 1 -->
	<!-- Module loaded e:\univer\5_kurs\2_semeetr\ips\lesson_5\x64\release\lesson_5.exe, address range [0x00007ff63bbe0000-0x00007ff63bbf1fff] -->
	<msg id='2' source='mc'>
		<type>MODULE_LOAD</type>
		<severity>INFO</severity>
		<timestamp>Thu Apr 30 19:04:49 2020</timestamp>
		<arg name='path'>e:\univer\5_kurs\2_semeetr\ips\lesson_5\x64\release\lesson_5.exe</arg>
		<arg name='addr1'>0x7ff63bbe0000</arg>
		<arg name='addr2'>0x7ff63bbf1fff</arg>
	</msg>
	<!-- Module loaded c:\windows\system32\kernelbase.dll, address range [0x00007ffe20940000-0x00007ffe20be2fff], minimal analysis -->
	<msg id='3' source='mc'>
		<type>MODULE_LOAD_NO_ANALYSIS</type>
		<severity>INFO</severity>
		<timestamp>Thu Apr 30 19:04:49 2020</timestamp>
		<arg name='path'>c:\windows\system32\kernelbase.dll</arg>
		<arg name='addr1'>0x7ffe20940000</arg>
		<arg name='addr2'>0x7ffe20be2fff</arg>
	</msg>
	<!-- entry point not safe for probe insertion in kernel32.dll -->
	<!-- Module loaded c:\windows\system32\kernel32.dll, address range [0x00007ffe22d50000-0x00007ffe22e01fff], minimal analysis -->
	<msg id='4' source='mc'>
		<type>MODULE_LOAD_NO_ANALYSIS</type>
		<severity>INFO</severity>
		<timestamp>Thu Apr 30 19:04:49 2020</timestamp>
		<arg name='path'>c:\windows\system32\kernel32.dll</arg>
		<arg name='addr1'>0x7ffe22d50000</arg>
		<arg name='addr2'>0x7ffe22e01fff</arg>
	</msg>
	<!-- Module loaded c:\windows\system32\ntdll.dll, address range [0x00007ffe239e0000-0x00007ffe23bcffff], minimal analysis -->
	<msg id='5' source='mc'>
		<type>MODULE_LOAD_NO_ANALYSIS</type>
		<severity>INFO</severity>
		<timestamp>Thu Apr 30 19:04:50 2020</timestamp>
		<arg name='path'>c:\windows\system32\ntdll.dll</arg>
		<arg name='addr1'>0x7ffe239e0000</arg>
		<arg name='addr2'>0x7ffe23bcffff</arg>
	</msg>
	<!-- Module loaded c:\program files (x86)\intelswtools\inspector 2019\bin64\dnclrprofinfo.dll, address range [0x00007ffdf14a0000-0x00007ffdf14c8fff] -->
	<msg id='6' source='mc'>
		<type>MODULE_LOAD</type>
		<severity>INFO</severity>
		<timestamp>Thu Apr 30 19:04:50 2020</timestamp>
		<arg name='path'>c:\program files (x86)\intelswtools\inspector 2019\bin64\dnclrprofinfo.dll</arg>
		<arg name='addr1'>0x7ffdf14a0000</arg>
		<arg name='addr2'>0x7ffdf14c8fff</arg>
	</msg>
	<!-- Module loaded c:\windows\system32\ucrtbase.dll, address range [0x00007ffe21900000-0x00007ffe219f9fff] -->
	<msg id='7' source='mc'>
		<type>MODULE_LOAD</type>
		<severity>INFO</severity>
		<timestamp>Thu Apr 30 19:04:50 2020</timestamp>
		<arg name='path'>c:\windows\system32\ucrtbase.dll</arg>
		<arg name='addr1'>0x7ffe21900000</arg>
		<arg name='addr2'>0x7ffe219f9fff</arg>
	</msg>
	<!-- Module loaded c:\windows\system32\msvcp140.dll, address range [0x00007ffe083b0000-0x00007ffe08448fff] -->
	<msg id='8' source='mc'>
		<type>MODULE_LOAD</type>
		<severity>INFO</severity>
		<timestamp>Thu Apr 30 19:04:50 2020</timestamp>
		<arg name='path'>c:\windows\system32\msvcp140.dll</arg>
		<arg name='addr1'>0x7ffe083b0000</arg>
		<arg name='addr2'>0x7ffe08448fff</arg>
	</msg>
	<!-- Module loaded c:\program files (x86)\intelswtools\compilers_and_libraries_2019\windows\redist\intel64\compiler\cilkrts20.dll, address range [0x00007ffdb3e70000-0x00007ffdb3ec2fff], minimal analysis -->
	<msg id='9' source='mc'>
		<type>MODULE_LOAD_NO_ANALYSIS</type>
		<severity>INFO</severity>
		<timestamp>Thu Apr 30 19:04:50 2020</timestamp>
		<arg name='path'>c:\program files (x86)\intelswtools\compilers_and_libraries_2019\windows\redist\intel64\compiler\cilkrts20.dll</arg>
		<arg name='addr1'>0x7ffdb3e70000</arg>
		<arg name='addr2'>0x7ffdb3ec2fff</arg>
	</msg>
	<!-- Module loaded c:\windows\system32\user32.dll, address range [0x00007ffe22ec0000-0x00007ffe23053fff], minimal analysis -->
	<msg id='10' source='mc'>
		<type>MODULE_LOAD_NO_ANALYSIS</type>
		<severity>INFO</severity>
		<timestamp>Thu Apr 30 19:04:50 2020</timestamp>
		<arg name='path'>c:\windows\system32\user32.dll</arg>
		<arg name='addr1'>0x7ffe22ec0000</arg>
		<arg name='addr2'>0x7ffe23053fff</arg>
	</msg>
	<!-- Module loaded c:\windows\system32\win32u.dll, address range [0x0000025aaa940000-0x0000025aaa960fff] -->
	<msg id='11' source='mc'>
		<type>MODULE_LOAD</type>
		<severity>INFO</severity>
		<timestamp>Thu Apr 30 19:04:50 2020</timestamp>
		<arg name='path'>c:\windows\system32\win32u.dll</arg>
		<arg name='addr1'>0x25aaa940000</arg>
		<arg name='addr2'>0x25aaa960fff</arg>
	</msg>
	<!-- Module loaded c:\windows\system32\gdi32.dll, address range [0x00007ffe226a0000-0x00007ffe226c5fff], minimal analysis -->
	<msg id='12' source='mc'>
		<type>MODULE_LOAD_NO_ANALYSIS</type>
		<severity>INFO</severity>
		<timestamp>Thu Apr 30 19:04:50 2020</timestamp>
		<arg name='path'>c:\windows\system32\gdi32.dll</arg>
		<arg name='addr1'>0x7ffe226a0000</arg>
		<arg name='addr2'>0x7ffe226c5fff</arg>
	</msg>
	<!-- Module loaded c:\windows\system32\gdi32full.dll, address range [0x0000025aaaa30000-0x0000025aaabc3fff], minimal analysis -->
	<msg id='13' source='mc'>
		<type>MODULE_LOAD_NO_ANALYSIS</type>
		<severity>INFO</severity>
		<timestamp>Thu Apr 30 19:04:50 2020</timestamp>
		<arg name='path'>c:\windows\system32\gdi32full.dll</arg>
		<arg name='addr1'>0x25aaaa30000</arg>
		<arg name='addr2'>0x25aaabc3fff</arg>
	</msg>
	<!-- Module loaded c:\windows\system32\msvcp_win.dll, address range [0x00007ffe20de0000-0x00007ffe20e7dfff] -->
	<msg id='14' source='mc'>
		<type>MODULE_LOAD</type>
		<severity>INFO</severity>
		<timestamp>Thu Apr 30 19:04:50 2020</timestamp>
		<arg name='path'>c:\windows\system32\msvcp_win.dll</arg>
		<arg name='addr1'>0x7ffe20de0000</arg>
		<arg name='addr2'>0x7ffe20e7dfff</arg>
	</msg>
	<!-- Module loaded c:\windows\system32\vcruntime140.dll, address range [0x00007ffe07960000-0x00007ffe07976fff] -->
	<msg id='15' source='mc'>
		<type>MODULE_LOAD</type>
		<severity>INFO</severity>
		<timestamp>Thu Apr 30 19:04:50 2020</timestamp>
		<arg name='path'>c:\windows\system32\vcruntime140.dll</arg>
		<arg name='addr1'>0x7ffe07960000</arg>
		<arg name='addr2'>0x7ffe07976fff</arg>
	</msg>
	<!-- Module loaded c:\windows\system32\imm32.dll, address range [0x00007ffe22270000-0x00007ffe2229dfff], minimal analysis -->
	<msg id='16' source='mc'>
		<type>MODULE_LOAD_NO_ANALYSIS</type>
		<severity>INFO</severity>
		<timestamp>Thu Apr 30 19:04:50 2020</timestamp>
		<arg name='path'>c:\windows\system32\imm32.dll</arg>
		<arg name='addr1'>0x7ffe22270000</arg>
		<arg name='addr2'>0x7ffe2229dfff</arg>
	</msg>
	<!-- Module loaded c:\program files (x86)\intelswtools\inspector 2019\bin64\runtime\libittnotify.dll, address range [0x00007ffde3c70000-0x00007ffde3ca3fff], minimal analysis -->
	<msg id='17' source='mc'>
		<type>MODULE_LOAD_NO_ANALYSIS</type>
		<severity>INFO</severity>
		<timestamp>Thu Apr 30 19:04:51 2020</timestamp>
		<arg name='path'>c:\program files (x86)\intelswtools\inspector 2019\bin64\runtime\libittnotify.dll</arg>
		<arg name='addr1'>0x7ffde3c70000</arg>
		<arg name='addr2'>0x7ffde3ca3fff</arg>
	</msg>
	<!-- DIAG: 2 -->
	<!-- Module loaded c:\windows\system32\kernel.appcore.dll, address range [0x00007ffe20880000-0x00007ffe20890fff] -->
	<msg id='18' source='mc'>
		<type>MODULE_LOAD</type>
		<severity>INFO</severity>
		<timestamp>Thu Apr 30 19:04:53 2020</timestamp>
		<arg name='path'>c:\windows\system32\kernel.appcore.dll</arg>
		<arg name='addr1'>0x7ffe20880000</arg>
		<arg name='addr2'>0x7ffe20890fff</arg>
	</msg>
	<!-- Module loaded c:\windows\system32\msvcrt.dll, address range [0x00007ffe221d0000-0x00007ffe2226dfff], minimal analysis -->
	<msg id='19' source='mc'>
		<type>MODULE_LOAD_NO_ANALYSIS</type>
		<severity>INFO</severity>
		<timestamp>Thu Apr 30 19:04:53 2020</timestamp>
		<arg name='path'>c:\windows\system32\msvcrt.dll</arg>
		<arg name='addr1'>0x7ffe221d0000</arg>
		<arg name='addr2'>0x7ffe2226dfff</arg>
	</msg>
	<!-- Module loaded c:\windows\system32\rpcrt4.dll, address range [0x00007ffe22c10000-0x00007ffe22d2ffff], minimal analysis -->
	<msg id='20' source='mc'>
		<type>MODULE_LOAD_NO_ANALYSIS</type>
		<severity>INFO</severity>
		<timestamp>Thu Apr 30 19:04:53 2020</timestamp>
		<arg name='path'>c:\windows\system32\rpcrt4.dll</arg>
		<arg name='addr1'>0x7ffe22c10000</arg>
		<arg name='addr2'>0x7ffe22d2ffff</arg>
	</msg>
	<!-- DIAG: 3 -->
	<!-- DIAG: 4 -->
	<!-- DIAG: 5 -->
	<!-- DIAG: 6 -->
	<!-- DIAG: 7 -->
	<!-- DIAG: 8 -->
	<!-- DIAG: 9 -->
	<!-- DIAG: 10 -->
	<!-- DIAG: 11 -->
	<!-- DIAG: 12 -->
	<!-- Process e:\univer\5_kurs\2_semeetr\ips\lesson_5\x64\release\lesson_5.exe exited with code 0. Leak analysis starting - this may take a while. -->
	<msg id='21' source='mc'>
		<type>PROCESS_COMPLETE</type>
		<severity>INFO</severity>
		<timestamp>Thu Apr 30 19:04:56 2020</timestamp>
		<arg name='path'>e:\univer\5_kurs\2_semeetr\ips\lesson_5\x64\release\lesson_5.exe</arg>
		<arg name='code'>0</arg>
	</msg>
	<!-- DIAG: 13 -->
	<!-- DIAG: 14 -->
	<!-- DIAG: 15 -->
	<!-- DIAG: 16 -->
	<!-- DIAG: 17 -->
	<!-- DIAG: 18 -->
	<!-- Analysis completed for e:\univer\5_kurs\2_semeetr\ips\lesson_5\x64\release\lesson_5.exe -->
	<msg id='22' source='mc'>
		<type>ANALYSIS_COMPLETE</type>
		<severity>INFO</severity>
		<timestamp>Thu Apr 30 19:04:56 2020</timestamp>
		<arg name='path'>e:\univer\5_kurs\2_semeetr\ips\lesson_5\x64\release\lesson_5.exe</arg>
	</msg>