
14536 : 0x33d15a89c45 : 1 : spill_jit_data :  Jit agent is not initialized
14536 : 0x33d15a8f289 : 2 : ittapi_config_mask_get :  --itt-config mask to be applied: 55
14536 : 0x33d15a8f303 : 2 : ittapi_config_apply_per_lib :  ITTAPI function instrumented: __itt_domain_createA
14536 : 0x33d15a8f319 : 2 : ittapi_config_apply_per_lib :  ITTAPI function instrumented: __itt_domain_createW
14536 : 0x33d15a8f32c : 2 : ittapi_config_apply_per_lib :  ITTAPI function instrumented: __itt_string_handle_createA
14536 : 0x33d15a8f33c : 2 : ittapi_config_apply_per_lib :  ITTAPI function instrumented: __itt_string_handle_createW
14536 : 0x33d15a8f34d : 2 : ittapi_config_apply_per_lib :  ITTAPI function instrumented: __itt_counter_createA
14536 : 0x33d15a8f35c : 2 : ittapi_config_apply_per_lib :  ITTAPI function instrumented: __itt_counter_createW
14536 : 0x33d15a8f36b : 2 : ittapi_config_apply_per_lib :  ITTAPI function instrumented: __itt_counter_create_typedA
14536 : 0x33d15a8f37c : 2 : ittapi_config_apply_per_lib :  ITTAPI function instrumented: __itt_counter_create_typedW
14536 : 0x33d15a8fe46 : 2 : ittapi_config_apply_per_lib :  ITTAPI function instrumented: __itt_pause
14536 : 0x33d15a8fe6b : 2 : ittapi_config_apply_per_lib :  ITTAPI function instrumented: __itt_resume
14536 : 0x33d15a8fe7e : 2 : ittapi_config_apply_per_lib :  ITTAPI function instrumented: __itt_thread_set_nameA
14536 : 0x33d15a8fe90 : 2 : ittapi_config_apply_per_lib :  ITTAPI function instrumented: __itt_thread_set_nameW
14536 : 0x33d15a8fea0 : 2 : ittapi_config_apply_per_lib :  ITTAPI function instrumented: __itt_thread_ignore
14536 : 0x33d15a8feb1 : 2 : ittapi_config_apply_per_lib :  ITTAPI function instrumented: __itt_thr_name_setA
14536 : 0x33d15a8fec1 : 2 : ittapi_config_apply_per_lib :  ITTAPI function instrumented: __itt_thr_name_setW
14536 : 0x33d15a8fed2 : 2 : ittapi_config_apply_per_lib :  ITTAPI function instrumented: __itt_thr_ignore
14536 : 0x33d15a8fef0 : 2 : ittapi_config_apply_per_lib :  ITTAPI function not implemented: __itt_enable_attach
14536 : 0x33d15a8ff02 : 2 : ittapi_config_apply_per_lib :  ITTAPI function instrumented: __itt_detach
14536 : 0x33d15a8ff81 : 2 : ittapi_config_apply_per_lib :  ITTAPI function NOT instrumented (not matched by --itt-config option): __itt_sync_createA

14536 : 0x33d15a8ffb8 : 2 : ittapi_config_apply_per_lib :  ITTAPI function NOT instrumented (not matched by --itt-config option): __itt_sync_createW

14536 : 0x33d15a8ffc8 : 2 : ittapi_config_apply_per_lib :  ITTAPI function NOT instrumented (not matched by --itt-config option): __itt_sync_renameA

14536 : 0x33d15a8ffd8 : 2 : ittapi_config_apply_per_lib :  ITTAPI function NOT instrumented (not matched by --itt-config option): __itt_sync_renameW

14536 : 0x33d15a8ffe8 : 2 : ittapi_config_apply_per_lib :  ITTAPI function NOT instrumented (not matched by --itt-config option): __itt_sync_destroy

14536 : 0x33d15a8fff7 : 2 : ittapi_config_apply_per_lib :  ITTAPI function NOT instrumented (not matched by --itt-config option): __itt_sync_prepare

14536 : 0x33d15a90006 : 2 : ittapi_config_apply_per_lib :  ITTAPI function NOT instrumented (not matched by --itt-config option): __itt_sync_cancel

14536 : 0x33d15a90016 : 2 : ittapi_config_apply_per_lib :  ITTAPI function NOT instrumented (not matched by --itt-config option): __itt_sync_acquired

14536 : 0x33d15a90027 : 2 : ittapi_config_apply_per_lib :  ITTAPI function NOT instrumented (not matched by --itt-config option): __itt_sync_releasing

14536 : 0x33d15a90040 : 2 : ittapi_config_apply_per_lib :  ITTAPI function not implemented: __itt_suppress_push
14536 : 0x33d15a90078 : 2 : ittapi_config_apply_per_lib :  ITTAPI function not implemented: __itt_suppress_pop
14536 : 0x33d15a9008b : 2 : ittapi_config_apply_per_lib :  ITTAPI function not implemented: __itt_suppress_mark_range
14536 : 0x33d15a9009d : 2 : ittapi_config_apply_per_lib :  ITTAPI function not implemented: __itt_suppress_clear_range
14536 : 0x33d15a900aa : 2 : ittapi_config_apply_per_lib :  ITTAPI function NOT instrumented (not matched by --itt-config option): __itt_sync_prepare

14536 : 0x33d15a900ba : 2 : ittapi_config_apply_per_lib :  ITTAPI function NOT instrumented (not matched by --itt-config option): __itt_sync_cancel

14536 : 0x33d15a900c9 : 2 : ittapi_config_apply_per_lib :  ITTAPI function NOT instrumented (not matched by --itt-config option): __itt_sync_acquired

14536 : 0x33d15a900d9 : 2 : ittapi_config_apply_per_lib :  ITTAPI function NOT instrumented (not matched by --itt-config option): __itt_sync_releasing

14536 : 0x33d15a900ef : 2 : ittapi_config_apply_per_lib :  ITTAPI function not implemented: __itt_model_site_begin
14536 : 0x33d15a90100 : 2 : ittapi_config_apply_per_lib :  ITTAPI function not implemented: __itt_model_site_end
14536 : 0x33d15a90110 : 2 : ittapi_config_apply_per_lib :  ITTAPI function not implemented: __itt_model_task_begin
14536 : 0x33d15a9022d : 2 : ittapi_config_apply_per_lib :  ITTAPI function not implemented: __itt_model_task_end
14536 : 0x33d15a90242 : 2 : ittapi_config_apply_per_lib :  ITTAPI function not implemented: __itt_model_lock_acquire
14536 : 0x33d15a90253 : 2 : ittapi_config_apply_per_lib :  ITTAPI function not implemented: __itt_model_lock_release
14536 : 0x33d15a90264 : 2 : ittapi_config_apply_per_lib :  ITTAPI function not implemented: __itt_model_record_allocation
14536 : 0x33d15a90275 : 2 : ittapi_config_apply_per_lib :  ITTAPI function not implemented: __itt_model_record_deallocation
14536 : 0x33d15a90287 : 2 : ittapi_config_apply_per_lib :  ITTAPI function not implemented: __itt_model_induction_uses
14536 : 0x33d15a90297 : 2 : ittapi_config_apply_per_lib :  ITTAPI function not implemented: __itt_model_reduction_uses
14536 : 0x33d15a902a8 : 2 : ittapi_config_apply_per_lib :  ITTAPI function not implemented: __itt_model_observe_uses
14536 : 0x33d15a902b9 : 2 : ittapi_config_apply_per_lib :  ITTAPI function not implemented: __itt_model_clear_uses
14536 : 0x33d15a902c9 : 2 : ittapi_config_apply_per_lib :  ITTAPI function not implemented: __itt_model_site_beginW
14536 : 0x33d15a9030f : 2 : ittapi_config_apply_per_lib :  ITTAPI function not implemented: __itt_model_task_beginW
14536 : 0x33d15a90320 : 2 : ittapi_config_apply_per_lib :  ITTAPI function not implemented: __itt_model_iteration_taskW
14536 : 0x33d15a90331 : 2 : ittapi_config_apply_per_lib :  ITTAPI function not implemented: __itt_model_site_beginA
14536 : 0x33d15a90342 : 2 : ittapi_config_apply_per_lib :  ITTAPI function not implemented: __itt_model_site_beginAL
14536 : 0x33d15a90352 : 2 : ittapi_config_apply_per_lib :  ITTAPI function not implemented: __itt_model_task_beginA
14536 : 0x33d15a90362 : 2 : ittapi_config_apply_per_lib :  ITTAPI function not implemented: __itt_model_task_beginAL
14536 : 0x33d15a90373 : 2 : ittapi_config_apply_per_lib :  ITTAPI function not implemented: __itt_model_iteration_taskA
14536 : 0x33d15a90383 : 2 : ittapi_config_apply_per_lib :  ITTAPI function not implemented: __itt_model_iteration_taskAL
14536 : 0x33d15a90393 : 2 : ittapi_config_apply_per_lib :  ITTAPI function not implemented: __itt_model_site_end_2
14536 : 0x33d15a903a3 : 2 : ittapi_config_apply_per_lib :  ITTAPI function not implemented: __itt_model_task_end_2
14536 : 0x33d15a903d2 : 2 : ittapi_config_apply_per_lib :  ITTAPI function not implemented: __itt_model_lock_acquire_2
14536 : 0x33d15a903e4 : 2 : ittapi_config_apply_per_lib :  ITTAPI function not implemented: __itt_model_lock_release_2
14536 : 0x33d15a903f4 : 2 : ittapi_config_apply_per_lib :  ITTAPI function not implemented: __itt_model_aggregate_task
14536 : 0x33d15a90405 : 2 : ittapi_config_apply_per_lib :  ITTAPI function not implemented: __itt_model_disable_push
14536 : 0x33d15a90414 : 2 : ittapi_config_apply_per_lib :  ITTAPI function not implemented: __itt_model_disable_pop
14536 : 0x33d15a90426 : 2 : ittapi_config_apply_per_lib :  ITTAPI function instrumented: __itt_heap_function_createA
14536 : 0x33d15a90437 : 2 : ittapi_config_apply_per_lib :  ITTAPI function instrumented: __itt_heap_function_createW
14536 : 0x33d15a90448 : 2 : ittapi_config_apply_per_lib :  ITTAPI function instrumented: __itt_heap_allocate_begin
14536 : 0x33d15a90459 : 2 : ittapi_config_apply_per_lib :  ITTAPI function instrumented: __itt_heap_allocate_end
14536 : 0x33d15a90469 : 2 : ittapi_config_apply_per_lib :  ITTAPI function instrumented: __itt_heap_free_begin
14536 : 0x33d15a904a0 : 2 : ittapi_config_apply_per_lib :  ITTAPI function instrumented: __itt_heap_free_end
14536 : 0x33d15a904b0 : 2 : ittapi_config_apply_per_lib :  ITTAPI function instrumented: __itt_heap_reallocate_begin
14536 : 0x33d15a904c0 : 2 : ittapi_config_apply_per_lib :  ITTAPI function instrumented: __itt_heap_reallocate_end
14536 : 0x33d15a904d2 : 2 : ittapi_config_apply_per_lib :  ITTAPI function not implemented: __itt_heap_internal_access_begin
14536 : 0x33d15a904e3 : 2 : ittapi_config_apply_per_lib :  ITTAPI function not implemented: __itt_heap_internal_access_end
14536 : 0x33d15a904f4 : 2 : ittapi_config_apply_per_lib :  ITTAPI function not implemented: __itt_heap_record_memory_growth_begin
14536 : 0x33d15a90507 : 2 : ittapi_config_apply_per_lib :  ITTAPI function not implemented: __itt_heap_record_memory_growth_end
14536 : 0x33d15a90519 : 2 : ittapi_config_apply_per_lib :  ITTAPI function not implemented: __itt_heap_reset_detection
14536 : 0x33d15a90529 : 2 : ittapi_config_apply_per_lib :  ITTAPI function not implemented: __itt_heap_record
14536 : 0x33d15a9053a : 2 : ittapi_config_apply_per_lib :  ITTAPI function not implemented: __itt_id_create
14536 : 0x33d15a9056e : 2 : ittapi_config_apply_per_lib :  ITTAPI function not implemented: __itt_id_destroy
14536 : 0x33d15a9057e : 2 : ittapi_config_apply_per_lib :  ITTAPI function instrumented: __itt_get_timestamp
14536 : 0x33d15a9058e : 2 : ittapi_config_apply_per_lib :  ITTAPI function not implemented: __itt_region_begin
14536 : 0x33d15a9059f : 2 : ittapi_config_apply_per_lib :  ITTAPI function not implemented: __itt_region_end
14536 : 0x33d15a905af : 2 : ittapi_config_apply_per_lib :  ITTAPI function instrumented: __itt_frame_begin_v3
14536 : 0x33d15a905bf : 2 : ittapi_config_apply_per_lib :  ITTAPI function instrumented: __itt_frame_end_v3
14536 : 0x33d15a905cf : 2 : ittapi_config_apply_per_lib :  ITTAPI function instrumented: __itt_frame_submit_v3
14536 : 0x33d15a905e0 : 2 : ittapi_config_apply_per_lib :  ITTAPI function not implemented: __itt_task_group
14536 : 0x33d15a905f0 : 2 : ittapi_config_apply_per_lib :  ITTAPI function instrumented: __itt_task_begin
14536 : 0x33d15a90600 : 2 : ittapi_config_apply_per_lib :  ITTAPI function instrumented: __itt_task_begin_fn
14536 : 0x33d15a9062f : 2 : ittapi_config_apply_per_lib :  ITTAPI function instrumented: __itt_task_end
14536 : 0x33d15a90641 : 2 : ittapi_config_apply_per_lib :  ITTAPI function not implemented: __itt_counter_inc_v3
14536 : 0x33d15a90652 : 2 : ittapi_config_apply_per_lib :  ITTAPI function not implemented: __itt_counter_inc_delta_v3
14536 : 0x33d15a90664 : 2 : ittapi_config_apply_per_lib :  ITTAPI function not implemented: __itt_counter_dec_v3
14536 : 0x33d15a90675 : 2 : ittapi_config_apply_per_lib :  ITTAPI function not implemented: __itt_counter_dec_delta_v3
14536 : 0x33d15a90686 : 2 : ittapi_config_apply_per_lib :  ITTAPI function not implemented: __itt_marker
14536 : 0x33d15a90694 : 2 : ittapi_config_apply_per_lib :  ITTAPI function instrumented: __itt_metadata_add
14536 : 0x33d15a906a5 : 2 : ittapi_config_apply_per_lib :  ITTAPI function not implemented: __itt_metadata_str_addA
14536 : 0x33d15a906b5 : 2 : ittapi_config_apply_per_lib :  ITTAPI function not implemented: __itt_metadata_str_addW
14536 : 0x33d15a906c6 : 2 : ittapi_config_apply_per_lib :  ITTAPI function not implemented: __itt_relation_add_to_current
14536 : 0x33d15a906f5 : 2 : ittapi_config_apply_per_lib :  ITTAPI function not implemented: __itt_relation_add
14536 : 0x33d15a90706 : 2 : ittapi_config_apply_per_lib :  ITTAPI function instrumented: __itt_event_createA
14536 : 0x33d15a90716 : 2 : ittapi_config_apply_per_lib :  ITTAPI function instrumented: __itt_event_createW
14536 : 0x33d15a90726 : 2 : ittapi_config_apply_per_lib :  ITTAPI function instrumented: __itt_event_start
14536 : 0x33d15a90736 : 2 : ittapi_config_apply_per_lib :  ITTAPI function instrumented: __itt_event_end
14536 : 0x33d15a90742 : 2 : ittapi_config_apply_per_lib :  ITTAPI function NOT instrumented (not matched by --itt-config option): __itt_sync_set_nameA

14536 : 0x33d15a90751 : 2 : ittapi_config_apply_per_lib :  ITTAPI function NOT instrumented (not matched by --itt-config option): __itt_sync_set_nameW

14536 : 0x33d15a90761 : 2 : ittapi_config_apply_per_lib :  ITTAPI function NOT instrumented (not matched by --itt-config option): __itt_notify_sync_nameA

14536 : 0x33d15a90771 : 2 : ittapi_config_apply_per_lib :  ITTAPI function NOT instrumented (not matched by --itt-config option): __itt_notify_sync_nameW

14536 : 0x33d15a90781 : 2 : ittapi_config_apply_per_lib :  ITTAPI function NOT instrumented (not matched by --itt-config option): __itt_notify_sync_prepare

14536 : 0x33d15a907b7 : 2 : ittapi_config_apply_per_lib :  ITTAPI function NOT instrumented (not matched by --itt-config option): __itt_notify_sync_cancel

14536 : 0x33d15a907c7 : 2 : ittapi_config_apply_per_lib :  ITTAPI function NOT instrumented (not matched by --itt-config option): __itt_notify_sync_acquired

14536 : 0x33d15a907d8 : 2 : ittapi_config_apply_per_lib :  ITTAPI function NOT instrumented (not matched by --itt-config option): __itt_notify_sync_releasing

14536 : 0x33d15a907ed : 2 : ittapi_config_apply_per_lib :  ITTAPI function not implemented: __itt_memory_read
14536 : 0x33d15a907fd : 2 : ittapi_config_apply_per_lib :  ITTAPI function not implemented: __itt_memory_write
14536 : 0x33d15a9080e : 2 : ittapi_config_apply_per_lib :  ITTAPI function not implemented: __itt_memory_update
14536 : 0x33d15a9081f : 2 : ittapi_config_apply_per_lib :  ITTAPI function not implemented: __itt_state_get
14536 : 0x33d15a9082f : 2 : ittapi_config_apply_per_lib :  ITTAPI function not implemented: __itt_state_set
14536 : 0x33d15a9083f : 2 : ittapi_config_apply_per_lib :  ITTAPI function not implemented: __itt_obj_mode_set
14536 : 0x33d15a9084f : 2 : ittapi_config_apply_per_lib :  ITTAPI function not implemented: __itt_thr_mode_set
14536 : 0x33d15a90883 : 2 : ittapi_config_apply_per_lib :  ITTAPI function instrumented: __itt_frame_createA
14536 : 0x33d15a90892 : 2 : ittapi_config_apply_per_lib :  ITTAPI function instrumented: __itt_frame_createW
14536 : 0x33d15a908a2 : 2 : ittapi_config_apply_per_lib :  ITTAPI function instrumented: __itt_frame_begin
14536 : 0x33d15a908b2 : 2 : ittapi_config_apply_per_lib :  ITTAPI function instrumented: __itt_frame_end
14536 : 0x33d15a908c3 : 2 : ittapi_config_apply_per_lib :  ITTAPI function not implemented: __itt_counter_destroy
14536 : 0x33d15a908d3 : 2 : ittapi_config_apply_per_lib :  ITTAPI function instrumented: __itt_counter_inc
14536 : 0x33d15a908e3 : 2 : ittapi_config_apply_per_lib :  ITTAPI function instrumented: __itt_counter_inc_delta
14536 : 0x33d15a908f2 : 2 : ittapi_config_apply_per_lib :  ITTAPI function instrumented: __itt_counter_dec
14536 : 0x33d15a90901 : 2 : ittapi_config_apply_per_lib :  ITTAPI function instrumented: __itt_counter_dec_delta
14536 : 0x33d15a90911 : 2 : ittapi_config_apply_per_lib :  ITTAPI function instrumented: __itt_counter_set_value
14536 : 0x33d15a90942 : 2 : ittapi_config_apply_per_lib :  ITTAPI function not implemented: __itt_counter_set_value_ex
14536 : 0x33d15a90953 : 2 : ittapi_config_apply_per_lib :  ITTAPI function not implemented: __itt_mark_createA
14536 : 0x33d15a90962 : 2 : ittapi_config_apply_per_lib :  ITTAPI function not implemented: __itt_mark_createW
14536 : 0x33d15a90973 : 2 : ittapi_config_apply_per_lib :  ITTAPI function not implemented: __itt_markA
14536 : 0x33d15a90982 : 2 : ittapi_config_apply_per_lib :  ITTAPI function not implemented: __itt_markW
14536 : 0x33d15a90992 : 2 : ittapi_config_apply_per_lib :  ITTAPI function not implemented: __itt_mark_off
14536 : 0x33d15a909a2 : 2 : ittapi_config_apply_per_lib :  ITTAPI function not implemented: __itt_mark_globalA
14536 : 0x33d15a909b2 : 2 : ittapi_config_apply_per_lib :  ITTAPI function not implemented: __itt_mark_globalW
14536 : 0x33d15a909c3 : 2 : ittapi_config_apply_per_lib :  ITTAPI function not implemented: __itt_mark_global_off
14536 : 0x33d15a909d4 : 2 : ittapi_config_apply_per_lib :  ITTAPI function instrumented: __itt_stack_caller_create
14536 : 0x33d15a90aab : 2 : ittapi_config_apply_per_lib :  ITTAPI function instrumented: __itt_stack_caller_destroy
14536 : 0x33d15a90abe : 2 : ittapi_config_apply_per_lib :  ITTAPI function instrumented: __itt_stack_callee_enter
14536 : 0x33d15a90acf : 2 : ittapi_config_apply_per_lib :  ITTAPI function instrumented: __itt_stack_callee_leave
14536 : 0x33d15a90ae0 : 2 : ittapi_config_apply_per_lib :  ITTAPI function not implemented: __itt_clock_domain_create
14536 : 0x33d15a90af2 : 2 : ittapi_config_apply_per_lib :  ITTAPI function not implemented: __itt_clock_domain_reset
14536 : 0x33d15a90b02 : 2 : ittapi_config_apply_per_lib :  ITTAPI function not implemented: __itt_id_create_ex
14536 : 0x33d15a90b13 : 2 : ittapi_config_apply_per_lib :  ITTAPI function not implemented: __itt_id_destroy_ex
14536 : 0x33d15a90b24 : 2 : ittapi_config_apply_per_lib :  ITTAPI function not implemented: __itt_task_begin_ex
14536 : 0x33d15a90b36 : 2 : ittapi_config_apply_per_lib :  ITTAPI function not implemented: __itt_task_begin_fn_ex
14536 : 0x33d15a90b48 : 2 : ittapi_config_apply_per_lib :  ITTAPI function not implemented: __itt_task_end_ex
14536 : 0x33d15a90b89 : 2 : ittapi_config_apply_per_lib :  ITTAPI function instrumented: __itt_task_begin_overlapped
14536 : 0x33d15a90b9b : 2 : ittapi_config_apply_per_lib :  ITTAPI function not implemented: __itt_task_begin_overlapped_ex
14536 : 0x33d15a90bab : 2 : ittapi_config_apply_per_lib :  ITTAPI function instrumented: __itt_task_end_overlapped
14536 : 0x33d15a90bbc : 2 : ittapi_config_apply_per_lib :  ITTAPI function not implemented: __itt_task_end_overlapped_ex
14536 : 0x33d15a90bcd : 2 : ittapi_config_apply_per_lib :  ITTAPI function not implemented: __itt_marker_ex
14536 : 0x33d15a90bdd : 2 : ittapi_config_apply_per_lib :  ITTAPI function not implemented: __itt_metadata_add_with_scope
14536 : 0x33d15a90bee : 2 : ittapi_config_apply_per_lib :  ITTAPI function not implemented: __itt_metadata_str_add_with_scopeA
14536 : 0x33d15a90c00 : 2 : ittapi_config_apply_per_lib :  ITTAPI function not implemented: __itt_metadata_str_add_with_scopeW
14536 : 0x33d15a90c11 : 2 : ittapi_config_apply_per_lib :  ITTAPI function not implemented: __itt_relation_add_to_current_ex
14536 : 0x33d15a90c22 : 2 : ittapi_config_apply_per_lib :  ITTAPI function not implemented: __itt_relation_add_ex
14536 : 0x33d15a90c51 : 2 : ittapi_config_apply_per_lib :  ITTAPI function not implemented: __itt_track_group_create
14536 : 0x33d15a90c62 : 2 : ittapi_config_apply_per_lib :  ITTAPI function not implemented: __itt_track_create
14536 : 0x33d15a90c73 : 2 : ittapi_config_apply_per_lib :  ITTAPI function not implemented: __itt_set_track
14536 : 0x33d15a90c82 : 2 : ittapi_config_apply_per_lib :  ITTAPI function instrumented: __itt_api_version
14536 : 0x33d15a90c92 : 2 : ittapi_config_apply_per_lib :  ITTAPI function not implemented: __itt_av_saveA
14536 : 0x33d15a90ca3 : 2 : ittapi_config_apply_per_lib :  ITTAPI function not implemented: __itt_av_saveW
14536 : 0x33d15a90cb2 : 2 : ittapi_config_apply_per_lib :  ITTAPI function instrumented: __itt_module_loadA
14536 : 0x33d15a90cc2 : 2 : ittapi_config_apply_per_lib :  ITTAPI function instrumented: __itt_module_loadW