
29260 : 0x32ca23b9cdf : 1 : spill_jit_data :  Jit agent is not initialized
29260 : 0x32ca23be60e : 2 : ittapi_config_mask_get :  --itt-config mask to be applied: 55
29260 : 0x32ca23be6a4 : 2 : ittapi_config_apply_per_lib :  ITTAPI function instrumented: __itt_domain_createA
29260 : 0x32ca23be6bd : 2 : ittapi_config_apply_per_lib :  ITTAPI function instrumented: __itt_domain_createW
29260 : 0x32ca23be6d1 : 2 : ittapi_config_apply_per_lib :  ITTAPI function instrumented: __itt_string_handle_createA
29260 : 0x32ca23be6e1 : 2 : ittapi_config_apply_per_lib :  ITTAPI function instrumented: __itt_string_handle_createW
29260 : 0x32ca23be6f2 : 2 : ittapi_config_apply_per_lib :  ITTAPI function instrumented: __itt_counter_createA
29260 : 0x32ca23be703 : 2 : ittapi_config_apply_per_lib :  ITTAPI function instrumented: __itt_counter_createW
29260 : 0x32ca23be714 : 2 : ittapi_config_apply_per_lib :  ITTAPI function instrumented: __itt_counter_create_typedA
29260 : 0x32ca23be726 : 2 : ittapi_config_apply_per_lib :  ITTAPI function instrumented: __itt_counter_create_typedW
29260 : 0x32ca23beb14 : 2 : ittapi_config_apply_per_lib :  ITTAPI function instrumented: __itt_pause
29260 : 0x32ca23beb30 : 2 : ittapi_config_apply_per_lib :  ITTAPI function instrumented: __itt_resume
29260 : 0x32ca23beb41 : 2 : ittapi_config_apply_per_lib :  ITTAPI function instrumented: __itt_thread_set_nameA
29260 : 0x32ca23beb53 : 2 : ittapi_config_apply_per_lib :  ITTAPI function instrumented: __itt_thread_set_nameW
29260 : 0x32ca23beb63 : 2 : ittapi_config_apply_per_lib :  ITTAPI function instrumented: __itt_thread_ignore
29260 : 0x32ca23beb73 : 2 : ittapi_config_apply_per_lib :  ITTAPI function instrumented: __itt_thr_name_setA
29260 : 0x32ca23beb82 : 2 : ittapi_config_apply_per_lib :  ITTAPI function instrumented: __itt_thr_name_setW
29260 : 0x32ca23beb95 : 2 : ittapi_config_apply_per_lib :  ITTAPI function instrumented: __itt_thr_ignore
29260 : 0x32ca23bebb0 : 2 : ittapi_config_apply_per_lib :  ITTAPI function not implemented: __itt_enable_attach
29260 : 0x32ca23bebc3 : 2 : ittapi_config_apply_per_lib :  ITTAPI function instrumented: __itt_detach
29260 : 0x32ca23bec30 : 2 : ittapi_config_apply_per_lib :  ITTAPI function NOT instrumented (not matched by --itt-config option): __itt_sync_createA

29260 : 0x32ca23bec8b : 2 : ittapi_config_apply_per_lib :  ITTAPI function NOT instrumented (not matched by --itt-config option): __itt_sync_createW

29260 : 0x32ca23bec9d : 2 : ittapi_config_apply_per_lib :  ITTAPI function NOT instrumented (not matched by --itt-config option): __itt_sync_renameA

29260 : 0x32ca23becac : 2 : ittapi_config_apply_per_lib :  ITTAPI function NOT instrumented (not matched by --itt-config option): __itt_sync_renameW

29260 : 0x32ca23becbd : 2 : ittapi_config_apply_per_lib :  ITTAPI function NOT instrumented (not matched by --itt-config option): __itt_sync_destroy

29260 : 0x32ca23beccc : 2 : ittapi_config_apply_per_lib :  ITTAPI function NOT instrumented (not matched by --itt-config option): __itt_sync_prepare

29260 : 0x32ca23becdb : 2 : ittapi_config_apply_per_lib :  ITTAPI function NOT instrumented (not matched by --itt-config option): __itt_sync_cancel

29260 : 0x32ca23beceb : 2 : ittapi_config_apply_per_lib :  ITTAPI function NOT instrumented (not matched by --itt-config option): __itt_sync_acquired

29260 : 0x32ca23becfa : 2 : ittapi_config_apply_per_lib :  ITTAPI function NOT instrumented (not matched by --itt-config option): __itt_sync_releasing

29260 : 0x32ca23bed16 : 2 : ittapi_config_apply_per_lib :  ITTAPI function not implemented: __itt_suppress_push
29260 : 0x32ca23bed54 : 2 : ittapi_config_apply_per_lib :  ITTAPI function not implemented: __itt_suppress_pop
29260 : 0x32ca23bed69 : 2 : ittapi_config_apply_per_lib :  ITTAPI function not implemented: __itt_suppress_mark_range
29260 : 0x32ca23bed7a : 2 : ittapi_config_apply_per_lib :  ITTAPI function not implemented: __itt_suppress_clear_range
29260 : 0x32ca23bed87 : 2 : ittapi_config_apply_per_lib :  ITTAPI function NOT instrumented (not matched by --itt-config option): __itt_sync_prepare

29260 : 0x32ca23bed96 : 2 : ittapi_config_apply_per_lib :  ITTAPI function NOT instrumented (not matched by --itt-config option): __itt_sync_cancel

29260 : 0x32ca23beda6 : 2 : ittapi_config_apply_per_lib :  ITTAPI function NOT instrumented (not matched by --itt-config option): __itt_sync_acquired

29260 : 0x32ca23bedb6 : 2 : ittapi_config_apply_per_lib :  ITTAPI function NOT instrumented (not matched by --itt-config option): __itt_sync_releasing

29260 : 0x32ca23bedcc : 2 : ittapi_config_apply_per_lib :  ITTAPI function not implemented: __itt_model_site_begin
29260 : 0x32ca23beddd : 2 : ittapi_config_apply_per_lib :  ITTAPI function not implemented: __itt_model_site_end
29260 : 0x32ca23beded : 2 : ittapi_config_apply_per_lib :  ITTAPI function not implemented: __itt_model_task_begin
29260 : 0x32ca23bef00 : 2 : ittapi_config_apply_per_lib :  ITTAPI function not implemented: __itt_model_task_end
29260 : 0x32ca23bef15 : 2 : ittapi_config_apply_per_lib :  ITTAPI function not implemented: __itt_model_lock_acquire
29260 : 0x32ca23bef26 : 2 : ittapi_config_apply_per_lib :  ITTAPI function not implemented: __itt_model_lock_release
29260 : 0x32ca23bef37 : 2 : ittapi_config_apply_per_lib :  ITTAPI function not implemented: __itt_model_record_allocation
29260 : 0x32ca23bef48 : 2 : ittapi_config_apply_per_lib :  ITTAPI function not implemented: __itt_model_record_deallocation
29260 : 0x32ca23bef5a : 2 : ittapi_config_apply_per_lib :  ITTAPI function not implemented: __itt_model_induction_uses
29260 : 0x32ca23bef6a : 2 : ittapi_config_apply_per_lib :  ITTAPI function not implemented: __itt_model_reduction_uses
29260 : 0x32ca23bef7b : 2 : ittapi_config_apply_per_lib :  ITTAPI function not implemented: __itt_model_observe_uses
29260 : 0x32ca23bef8c : 2 : ittapi_config_apply_per_lib :  ITTAPI function not implemented: __itt_model_clear_uses
29260 : 0x32ca23bef9c : 2 : ittapi_config_apply_per_lib :  ITTAPI function not implemented: __itt_model_site_beginW
29260 : 0x32ca23befe8 : 2 : ittapi_config_apply_per_lib :  ITTAPI function not implemented: __itt_model_task_beginW
29260 : 0x32ca23beffa : 2 : ittapi_config_apply_per_lib :  ITTAPI function not implemented: __itt_model_iteration_taskW
29260 : 0x32ca23bf00a : 2 : ittapi_config_apply_per_lib :  ITTAPI function not implemented: __itt_model_site_beginA
29260 : 0x32ca23bf01c : 2 : ittapi_config_apply_per_lib :  ITTAPI function not implemented: __itt_model_site_beginAL
29260 : 0x32ca23bf02c : 2 : ittapi_config_apply_per_lib :  ITTAPI function not implemented: __itt_model_task_beginA
29260 : 0x32ca23bf03d : 2 : ittapi_config_apply_per_lib :  ITTAPI function not implemented: __itt_model_task_beginAL
29260 : 0x32ca23bf04d : 2 : ittapi_config_apply_per_lib :  ITTAPI function not implemented: __itt_model_iteration_taskA
29260 : 0x32ca23bf05e : 2 : ittapi_config_apply_per_lib :  ITTAPI function not implemented: __itt_model_iteration_taskAL
29260 : 0x32ca23bf06e : 2 : ittapi_config_apply_per_lib :  ITTAPI function not implemented: __itt_model_site_end_2
29260 : 0x32ca23bf07e : 2 : ittapi_config_apply_per_lib :  ITTAPI function not implemented: __itt_model_task_end_2
29260 : 0x32ca23bf0af : 2 : ittapi_config_apply_per_lib :  ITTAPI function not implemented: __itt_model_lock_acquire_2
29260 : 0x32ca23bf0c1 : 2 : ittapi_config_apply_per_lib :  ITTAPI function not implemented: __itt_model_lock_release_2
29260 : 0x32ca23bf0d2 : 2 : ittapi_config_apply_per_lib :  ITTAPI function not implemented: __itt_model_aggregate_task
29260 : 0x32ca23bf0e3 : 2 : ittapi_config_apply_per_lib :  ITTAPI function not implemented: __itt_model_disable_push
29260 : 0x32ca23bf0f3 : 2 : ittapi_config_apply_per_lib :  ITTAPI function not implemented: __itt_model_disable_pop
29260 : 0x32ca23bf104 : 2 : ittapi_config_apply_per_lib :  ITTAPI function instrumented: __itt_heap_function_createA
29260 : 0x32ca23bf115 : 2 : ittapi_config_apply_per_lib :  ITTAPI function instrumented: __itt_heap_function_createW
29260 : 0x32ca23bf126 : 2 : ittapi_config_apply_per_lib :  ITTAPI function instrumented: __itt_heap_allocate_begin
29260 : 0x32ca23bf136 : 2 : ittapi_config_apply_per_lib :  ITTAPI function instrumented: __itt_heap_allocate_end
29260 : 0x32ca23bf147 : 2 : ittapi_config_apply_per_lib :  ITTAPI function instrumented: __itt_heap_free_begin
29260 : 0x32ca23bf242 : 2 : ittapi_config_apply_per_lib :  ITTAPI function instrumented: __itt_heap_free_end
29260 : 0x32ca23bf255 : 2 : ittapi_config_apply_per_lib :  ITTAPI function instrumented: __itt_heap_reallocate_begin
29260 : 0x32ca23bf265 : 2 : ittapi_config_apply_per_lib :  ITTAPI function instrumented: __itt_heap_reallocate_end
29260 : 0x32ca23bf278 : 2 : ittapi_config_apply_per_lib :  ITTAPI function not implemented: __itt_heap_internal_access_begin
29260 : 0x32ca23bf289 : 2 : ittapi_config_apply_per_lib :  ITTAPI function not implemented: __itt_heap_internal_access_end
29260 : 0x32ca23bf29b : 2 : ittapi_config_apply_per_lib :  ITTAPI function not implemented: __itt_heap_record_memory_growth_begin
29260 : 0x32ca23bf2ad : 2 : ittapi_config_apply_per_lib :  ITTAPI function not implemented: __itt_heap_record_memory_growth_end
29260 : 0x32ca23bf2bf : 2 : ittapi_config_apply_per_lib :  ITTAPI function not implemented: __itt_heap_reset_detection
29260 : 0x32ca23bf2d0 : 2 : ittapi_config_apply_per_lib :  ITTAPI function not implemented: __itt_heap_record
29260 : 0x32ca23bf2e1 : 2 : ittapi_config_apply_per_lib :  ITTAPI function not implemented: __itt_id_create
29260 : 0x32ca23bf32a : 2 : ittapi_config_apply_per_lib :  ITTAPI function not implemented: __itt_id_destroy
29260 : 0x32ca23bf33b : 2 : ittapi_config_apply_per_lib :  ITTAPI function instrumented: __itt_get_timestamp
29260 : 0x32ca23bf34c : 2 : ittapi_config_apply_per_lib :  ITTAPI function not implemented: __itt_region_begin
29260 : 0x32ca23bf35c : 2 : ittapi_config_apply_per_lib :  ITTAPI function not implemented: __itt_region_end
29260 : 0x32ca23bf36d : 2 : ittapi_config_apply_per_lib :  ITTAPI function instrumented: __itt_frame_begin_v3
29260 : 0x32ca23bf37d : 2 : ittapi_config_apply_per_lib :  ITTAPI function instrumented: __itt_frame_end_v3
29260 : 0x32ca23bf38e : 2 : ittapi_config_apply_per_lib :  ITTAPI function instrumented: __itt_frame_submit_v3
29260 : 0x32ca23bf39f : 2 : ittapi_config_apply_per_lib :  ITTAPI function not implemented: __itt_task_group
29260 : 0x32ca23bf3af : 2 : ittapi_config_apply_per_lib :  ITTAPI function instrumented: __itt_task_begin
29260 : 0x32ca23bf3bf : 2 : ittapi_config_apply_per_lib :  ITTAPI function instrumented: __itt_task_begin_fn
29260 : 0x32ca23bf3f0 : 2 : ittapi_config_apply_per_lib :  ITTAPI function instrumented: __itt_task_end
29260 : 0x32ca23bf402 : 2 : ittapi_config_apply_per_lib :  ITTAPI function not implemented: __itt_counter_inc_v3
29260 : 0x32ca23bf413 : 2 : ittapi_config_apply_per_lib :  ITTAPI function not implemented: __itt_counter_inc_delta_v3
29260 : 0x32ca23bf425 : 2 : ittapi_config_apply_per_lib :  ITTAPI function not implemented: __itt_counter_dec_v3
29260 : 0x32ca23bf436 : 2 : ittapi_config_apply_per_lib :  ITTAPI function not implemented: __itt_counter_dec_delta_v3
29260 : 0x32ca23bf447 : 2 : ittapi_config_apply_per_lib :  ITTAPI function not implemented: __itt_marker
29260 : 0x32ca23bf456 : 2 : ittapi_config_apply_per_lib :  ITTAPI function instrumented: __itt_metadata_add
29260 : 0x32ca23bf466 : 2 : ittapi_config_apply_per_lib :  ITTAPI function not implemented: __itt_metadata_str_addA
29260 : 0x32ca23bf477 : 2 : ittapi_config_apply_per_lib :  ITTAPI function not implemented: __itt_metadata_str_addW
29260 : 0x32ca23bf488 : 2 : ittapi_config_apply_per_lib :  ITTAPI function not implemented: __itt_relation_add_to_current
29260 : 0x32ca23bf4b8 : 2 : ittapi_config_apply_per_lib :  ITTAPI function not implemented: __itt_relation_add
29260 : 0x32ca23bf4c9 : 2 : ittapi_config_apply_per_lib :  ITTAPI function instrumented: __itt_event_createA
29260 : 0x32ca23bf4d9 : 2 : ittapi_config_apply_per_lib :  ITTAPI function instrumented: __itt_event_createW
29260 : 0x32ca23bf4e9 : 2 : ittapi_config_apply_per_lib :  ITTAPI function instrumented: __itt_event_start
29260 : 0x32ca23bf4f9 : 2 : ittapi_config_apply_per_lib :  ITTAPI function instrumented: __itt_event_end
29260 : 0x32ca23bf505 : 2 : ittapi_config_apply_per_lib :  ITTAPI function NOT instrumented (not matched by --itt-config option): __itt_sync_set_nameA

29260 : 0x32ca23bf514 : 2 : ittapi_config_apply_per_lib :  ITTAPI function NOT instrumented (not matched by --itt-config option): __itt_sync_set_nameW

29260 : 0x32ca23bf524 : 2 : ittapi_config_apply_per_lib :  ITTAPI function NOT instrumented (not matched by --itt-config option): __itt_notify_sync_nameA

29260 : 0x32ca23bf533 : 2 : ittapi_config_apply_per_lib :  ITTAPI function NOT instrumented (not matched by --itt-config option): __itt_notify_sync_nameW

29260 : 0x32ca23bf543 : 2 : ittapi_config_apply_per_lib :  ITTAPI function NOT instrumented (not matched by --itt-config option): __itt_notify_sync_prepare

29260 : 0x32ca23bf57d : 2 : ittapi_config_apply_per_lib :  ITTAPI function NOT instrumented (not matched by --itt-config option): __itt_notify_sync_cancel

29260 : 0x32ca23bf58d : 2 : ittapi_config_apply_per_lib :  ITTAPI function NOT instrumented (not matched by --itt-config option): __itt_notify_sync_acquired

29260 : 0x32ca23bf59e : 2 : ittapi_config_apply_per_lib :  ITTAPI function NOT instrumented (not matched by --itt-config option): __itt_notify_sync_releasing

29260 : 0x32ca23bf5b3 : 2 : ittapi_config_apply_per_lib :  ITTAPI function not implemented: __itt_memory_read
29260 : 0x32ca23bf5c4 : 2 : ittapi_config_apply_per_lib :  ITTAPI function not implemented: __itt_memory_write
29260 : 0x32ca23bf5d5 : 2 : ittapi_config_apply_per_lib :  ITTAPI function not implemented: __itt_memory_update
29260 : 0x32ca23bf5e6 : 2 : ittapi_config_apply_per_lib :  ITTAPI function not implemented: __itt_state_get
29260 : 0x32ca23bf5f9 : 2 : ittapi_config_apply_per_lib :  ITTAPI function not implemented: __itt_state_set
29260 : 0x32ca23bf60a : 2 : ittapi_config_apply_per_lib :  ITTAPI function not implemented: __itt_obj_mode_set
29260 : 0x32ca23bf61b : 2 : ittapi_config_apply_per_lib :  ITTAPI function not implemented: __itt_thr_mode_set
29260 : 0x32ca23bf650 : 2 : ittapi_config_apply_per_lib :  ITTAPI function instrumented: __itt_frame_createA
29260 : 0x32ca23bf660 : 2 : ittapi_config_apply_per_lib :  ITTAPI function instrumented: __itt_frame_createW
29260 : 0x32ca23bf670 : 2 : ittapi_config_apply_per_lib :  ITTAPI function instrumented: __itt_frame_begin
29260 : 0x32ca23bf680 : 2 : ittapi_config_apply_per_lib :  ITTAPI function instrumented: __itt_frame_end
29260 : 0x32ca23bf691 : 2 : ittapi_config_apply_per_lib :  ITTAPI function not implemented: __itt_counter_destroy
29260 : 0x32ca23bf6a3 : 2 : ittapi_config_apply_per_lib :  ITTAPI function instrumented: __itt_counter_inc
29260 : 0x32ca23bf6b3 : 2 : ittapi_config_apply_per_lib :  ITTAPI function instrumented: __itt_counter_inc_delta
29260 : 0x32ca23bf6c2 : 2 : ittapi_config_apply_per_lib :  ITTAPI function instrumented: __itt_counter_dec
29260 : 0x32ca23bf6d2 : 2 : ittapi_config_apply_per_lib :  ITTAPI function instrumented: __itt_counter_dec_delta
29260 : 0x32ca23bf6e2 : 2 : ittapi_config_apply_per_lib :  ITTAPI function instrumented: __itt_counter_set_value
29260 : 0x32ca23bf712 : 2 : ittapi_config_apply_per_lib :  ITTAPI function not implemented: __itt_counter_set_value_ex
29260 : 0x32ca23bf723 : 2 : ittapi_config_apply_per_lib :  ITTAPI function not implemented: __itt_mark_createA
29260 : 0x32ca23bf733 : 2 : ittapi_config_apply_per_lib :  ITTAPI function not implemented: __itt_mark_createW
29260 : 0x32ca23bf744 : 2 : ittapi_config_apply_per_lib :  ITTAPI function not implemented: __itt_markA
29260 : 0x32ca23bf754 : 2 : ittapi_config_apply_per_lib :  ITTAPI function not implemented: __itt_markW
29260 : 0x32ca23bf764 : 2 : ittapi_config_apply_per_lib :  ITTAPI function not implemented: __itt_mark_off
29260 : 0x32ca23bf774 : 2 : ittapi_config_apply_per_lib :  ITTAPI function not implemented: __itt_mark_globalA
29260 : 0x32ca23bf784 : 2 : ittapi_config_apply_per_lib :  ITTAPI function not implemented: __itt_mark_globalW
29260 : 0x32ca23bf794 : 2 : ittapi_config_apply_per_lib :  ITTAPI function not implemented: __itt_mark_global_off
29260 : 0x32ca23bf7a5 : 2 : ittapi_config_apply_per_lib :  ITTAPI function instrumented: __itt_stack_caller_create
29260 : 0x32ca23bf7df : 2 : ittapi_config_apply_per_lib :  ITTAPI function instrumented: __itt_stack_caller_destroy
29260 : 0x32ca23bf7f0 : 2 : ittapi_config_apply_per_lib :  ITTAPI function instrumented: __itt_stack_callee_enter
29260 : 0x32ca23bf800 : 2 : ittapi_config_apply_per_lib :  ITTAPI function instrumented: __itt_stack_callee_leave
29260 : 0x32ca23bf811 : 2 : ittapi_config_apply_per_lib :  ITTAPI function not implemented: __itt_clock_domain_create
29260 : 0x32ca23bf822 : 2 : ittapi_config_apply_per_lib :  ITTAPI function not implemented: __itt_clock_domain_reset
29260 : 0x32ca23bf833 : 2 : ittapi_config_apply_per_lib :  ITTAPI function not implemented: __itt_id_create_ex
29260 : 0x32ca23bf843 : 2 : ittapi_config_apply_per_lib :  ITTAPI function not implemented: __itt_id_destroy_ex
29260 : 0x32ca23bf854 : 2 : ittapi_config_apply_per_lib :  ITTAPI function not implemented: __itt_task_begin_ex
29260 : 0x32ca23bf865 : 2 : ittapi_config_apply_per_lib :  ITTAPI function not implemented: __itt_task_begin_fn_ex
29260 : 0x32ca23bf877 : 2 : ittapi_config_apply_per_lib :  ITTAPI function not implemented: __itt_task_end_ex
29260 : 0x32ca23bf8ae : 2 : ittapi_config_apply_per_lib :  ITTAPI function instrumented: __itt_task_begin_overlapped
29260 : 0x32ca23bf8c0 : 2 : ittapi_config_apply_per_lib :  ITTAPI function not implemented: __itt_task_begin_overlapped_ex
29260 : 0x32ca23bf8d1 : 2 : ittapi_config_apply_per_lib :  ITTAPI function instrumented: __itt_task_end_overlapped
29260 : 0x32ca23bf8e1 : 2 : ittapi_config_apply_per_lib :  ITTAPI function not implemented: __itt_task_end_overlapped_ex
29260 : 0x32ca23bf8f2 : 2 : ittapi_config_apply_per_lib :  ITTAPI function not implemented: __itt_marker_ex
29260 : 0x32ca23bf902 : 2 : ittapi_config_apply_per_lib :  ITTAPI function not implemented: __itt_metadata_add_with_scope
29260 : 0x32ca23bf913 : 2 : ittapi_config_apply_per_lib :  ITTAPI function not implemented: __itt_metadata_str_add_with_scopeA
29260 : 0x32ca23bf925 : 2 : ittapi_config_apply_per_lib :  ITTAPI function not implemented: __itt_metadata_str_add_with_scopeW
29260 : 0x32ca23bf937 : 2 : ittapi_config_apply_per_lib :  ITTAPI function not implemented: __itt_relation_add_to_current_ex
29260 : 0x32ca23bf948 : 2 : ittapi_config_apply_per_lib :  ITTAPI function not implemented: __itt_relation_add_ex
29260 : 0x32ca23bf979 : 2 : ittapi_config_apply_per_lib :  ITTAPI function not implemented: __itt_track_group_create
29260 : 0x32ca23bf98a : 2 : ittapi_config_apply_per_lib :  ITTAPI function not implemented: __itt_track_create
29260 : 0x32ca23bf99b : 2 : ittapi_config_apply_per_lib :  ITTAPI function not implemented: __itt_set_track
29260 : 0x32ca23bf9aa : 2 : ittapi_config_apply_per_lib :  ITTAPI function instrumented: __itt_api_version
29260 : 0x32ca23bf9ba : 2 : ittapi_config_apply_per_lib :  ITTAPI function not implemented: __itt_av_saveA
29260 : 0x32ca23bf9cb : 2 : ittapi_config_apply_per_lib :  ITTAPI function not implemented: __itt_av_saveW
29260 : 0x32ca23bf9db : 2 : ittapi_config_apply_per_lib :  ITTAPI function instrumented: __itt_module_loadA
29260 : 0x32ca23bf9eb : 2 : ittapi_config_apply_per_lib :  ITTAPI function instrumented: __itt_module_loadW