<?xml version="1.0" encoding="utf-8"?>
<log version="1.0" tool="runtool">

<msg id="1" tool="runtool">
  <type>log-start</type>
  <arg>2020/04/30 19:21:33</arg>
</msg>
<msg id="2" tool="runtool">
  <type>collector-starts</type>
</msg>
<msg id="3" tool="runtool">
  <type>marker-file</type>
  <arg>E:\Univer\5_kurs\2_semeetr\IPS\Lesson_5\My Inspector Results - Lesson_5\r002mi2\r002mi2.inspxe</arg>
</msg>
<msg id="4" tool="mc">
  <type>EXEC_OF_INTEREST</type>
  <arg>e:\univer\5_kurs\2_semeetr\ips\lesson_5\x64\release\lesson_5.exe</arg>
  <arg>16304</arg>
  <severity>INFO</severity>
  <timestamp>Thu Apr 30 19:21:34 2020</timestamp>
</msg>
<msg id="5" tool="mc">
  <type>MODULE_LOAD</type>
  <arg>e:\univer\5_kurs\2_semeetr\ips\lesson_5\x64\release\lesson_5.exe</arg>
  <arg>0x7ff6925a0000</arg>
  <arg>0x7ff6925b1fff</arg>
  <severity>INFO</severity>
  <timestamp>Thu Apr 30 19:21:34 2020</timestamp>
</msg>
<msg id="6" tool="mc">
  <type>MODULE_LOAD</type>
  <arg>c:\windows\system32\kernelbase.dll</arg>
  <arg>0x7ffe20940000</arg>
  <arg>0x7ffe20be2fff</arg>
  <severity>INFO</severity>
  <timestamp>Thu Apr 30 19:21:34 2020</timestamp>
</msg>
<msg id="7" tool="mc">
  <type>MODULE_LOAD</type>
  <arg>c:\windows\system32\kernel32.dll</arg>
  <arg>0x7ffe22d50000</arg>
  <arg>0x7ffe22e01fff</arg>
  <severity>INFO</severity>
  <timestamp>Thu Apr 30 19:21:34 2020</timestamp>
</msg>
<msg id="8" tool="mc">
  <type>MODULE_LOAD</type>
  <arg>c:\windows\system32\ntdll.dll</arg>
  <arg>0x7ffe239e0000</arg>
  <arg>0x7ffe23bcffff</arg>
  <severity>INFO</severity>
  <timestamp>Thu Apr 30 19:21:34 2020</timestamp>
</msg>
<msg id="9" tool="mc">
  <type>MODULE_LOAD</type>
  <arg>c:\windows\system32\ucrtbase.dll</arg>
  <arg>0x7ffe21900000</arg>
  <arg>0x7ffe219f9fff</arg>
  <severity>INFO</severity>
  <timestamp>Thu Apr 30 19:21:35 2020</timestamp>
</msg>
<msg id="10" tool="mc">
  <type>MODULE_LOAD</type>
  <arg>c:\windows\system32\vcruntime140.dll</arg>
  <arg>0x7ffe07960000</arg>
  <arg>0x7ffe07976fff</arg>
  <severity>INFO</severity>
  <timestamp>Thu Apr 30 19:21:35 2020</timestamp>
</msg>
<msg id="11" tool="mc">
  <type>MODULE_LOAD</type>
  <arg>c:\windows\system32\msvcp140.dll</arg>
  <arg>0x7ffe083b0000</arg>
  <arg>0x7ffe08448fff</arg>
  <severity>INFO</severity>
  <timestamp>Thu Apr 30 19:21:35 2020</timestamp>
</msg>
<msg id="12" tool="mc">
  <type>MODULE_LOAD_NO_ANALYSIS</type>
  <arg>c:\program files (x86)\intelswtools\compilers_and_libraries_2019\windows\redist\intel64\compiler\cilkrts20.dll</arg>
  <arg>0x7ffdf02d0000</arg>
  <arg>0x7ffdf0322fff</arg>
  <severity>INFO</severity>
  <timestamp>Thu Apr 30 19:21:35 2020</timestamp>
</msg>
<msg id="13" tool="mc">
  <type>MODULE_LOAD_NO_ANALYSIS</type>
  <arg>c:\windows\system32\user32.dll</arg>
  <arg>0x7ffe22ec0000</arg>
  <arg>0x7ffe23053fff</arg>
  <severity>INFO</severity>
  <timestamp>Thu Apr 30 19:21:36 2020</timestamp>
</msg>
<msg id="14" tool="mc">
  <type>MODULE_LOAD</type>
  <arg>c:\windows\system32\win32u.dll</arg>
  <arg>0x7ffe21a00000</arg>
  <arg>0x7ffe21a20fff</arg>
  <severity>INFO</severity>
  <timestamp>Thu Apr 30 19:21:36 2020</timestamp>
</msg>
<msg id="15" tool="mc">
  <type>MODULE_LOAD</type>
  <arg>c:\windows\system32\gdi32.dll</arg>
  <arg>0x7ffe226a0000</arg>
  <arg>0x7ffe226c5fff</arg>
  <severity>INFO</severity>
  <timestamp>Thu Apr 30 19:21:36 2020</timestamp>
</msg>
<msg id="16" tool="mc">
  <type>MODULE_LOAD_NO_ANALYSIS</type>
  <arg>c:\windows\system32\gdi32full.dll</arg>
  <arg>0x7ffe20bf0000</arg>
  <arg>0x7ffe20d83fff</arg>
  <severity>INFO</severity>
  <timestamp>Thu Apr 30 19:21:36 2020</timestamp>
</msg>
<msg id="17" tool="mc">
  <type>MODULE_LOAD</type>
  <arg>c:\windows\system32\msvcp_win.dll</arg>
  <arg>0x7ffe20de0000</arg>
  <arg>0x7ffe20e7dfff</arg>
  <severity>INFO</severity>
  <timestamp>Thu Apr 30 19:21:36 2020</timestamp>
</msg>
<msg id="18" tool="mc">
  <type>MODULE_LOAD_NO_ANALYSIS</type>
  <arg>c:\windows\system32\imm32.dll</arg>
  <arg>0x7ffe22270000</arg>
  <arg>0x7ffe2229dfff</arg>
  <severity>INFO</severity>
  <timestamp>Thu Apr 30 19:21:37 2020</timestamp>
</msg>
<msg id="19" tool="mc">
  <type>MODULE_LOAD_NO_ANALYSIS</type>
  <arg>c:\program files (x86)\intelswtools\inspector 2019\bin64\runtime\libittnotify.dll</arg>
  <arg>0x7ffdf0290000</arg>
  <arg>0x7ffdf02c3fff</arg>
  <severity>INFO</severity>
  <timestamp>Thu Apr 30 19:21:38 2020</timestamp>
</msg>
<msg id="20" tool="mc">
  <type>HEARTBEAT</type>
  <arg>25700,8672,24040,1268</arg>
  <arg>0,1,1,1</arg>
  <arg>250541,1489,7003,691</arg>
  <severity>INFO</severity>
  <timestamp>Thu Apr 30 19:21:39 2020</timestamp>
</msg>
<msg id="21" tool="mc">
  <type>HEARTBEAT</type>
  <arg>25700,8672,24040,1268</arg>
  <arg>0,1,1,1</arg>
  <arg>6014134,0,0,0</arg>
  <severity>INFO</severity>
  <timestamp>Thu Apr 30 19:21:40 2020</timestamp>
</msg>
<msg id="22" tool="mc">
  <type>HEARTBEAT</type>
  <arg>25700,8672,24040,1268</arg>
  <arg>0,1,1,1</arg>
  <arg>7332898,0,0,0</arg>
  <severity>INFO</severity>
  <timestamp>Thu Apr 30 19:21:41 2020</timestamp>
</msg>
<msg id="23" tool="mc">
  <type>HEARTBEAT</type>
  <arg>25700,8672,24040,1268</arg>
  <arg>0,1,1,1</arg>
  <arg>7330637,0,0,0</arg>
  <severity>INFO</severity>
  <timestamp>Thu Apr 30 19:21:42 2020</timestamp>
</msg>
<msg id="24" tool="mc">
  <type>HEARTBEAT</type>
  <arg>25700,8672,24040,1268</arg>
  <arg>0,1,1,1</arg>
  <arg>7295774,0,0,0</arg>
  <severity>INFO</severity>
  <timestamp>Thu Apr 30 19:21:43 2020</timestamp>
</msg>
<msg id="25" tool="mc">
  <type>HEARTBEAT</type>
  <arg>25700,8672,24040,1268</arg>
  <arg>0,1,1,1</arg>
  <arg>7382647,0,0,0</arg>
  <severity>INFO</severity>
  <timestamp>Thu Apr 30 19:21:44 2020</timestamp>
</msg>
<msg id="26" tool="mc">
  <type>HEARTBEAT</type>
  <arg>25700,8672,24040,1268</arg>
  <arg>0,1,1,1</arg>
  <arg>7350946,0,0,0</arg>
  <severity>INFO</severity>
  <timestamp>Thu Apr 30 19:21:45 2020</timestamp>
</msg>
<msg id="27" tool="mc">
  <type>HEARTBEAT</type>
  <arg>25700,8672,24040,1268</arg>
  <arg>0,1,1,1</arg>
  <arg>7413714,0,0,0</arg>
  <severity>INFO</severity>
  <timestamp>Thu Apr 30 19:21:46 2020</timestamp>
</msg>
<msg id="28" tool="mc">
  <type>HEARTBEAT</type>
  <arg>25700,8672,24040,1268</arg>
  <arg>0,1,1,1</arg>
  <arg>7382107,0,0,0</arg>
  <severity>INFO</severity>
  <timestamp>Thu Apr 30 19:21:47 2020</timestamp>
</msg>
<msg id="29" tool="mc">
  <type>HEARTBEAT</type>
  <arg>25700,8672,24040,1268</arg>
  <arg>0,1,1,1</arg>
  <arg>7351018,0,0,0</arg>
  <severity>INFO</severity>
  <timestamp>Thu Apr 30 19:21:48 2020</timestamp>
</msg>
<msg id="30" tool="mc">
  <type>HEARTBEAT</type>
  <arg>25700,8672,24040,1268</arg>
  <arg>0,1,1,1</arg>
  <arg>7331859,0,0,0</arg>
  <severity>INFO</severity>
  <timestamp>Thu Apr 30 19:21:49 2020</timestamp>
</msg>
<msg id="31" tool="mc">
  <type>HEARTBEAT</type>
  <arg>25700,8672,24040,1268</arg>
  <arg>0,1,1,1</arg>
  <arg>7357114,0,0,0</arg>
  <severity>INFO</severity>
  <timestamp>Thu Apr 30 19:21:50 2020</timestamp>
</msg>
<msg id="32" tool="mc">
  <type>HEARTBEAT</type>
  <arg>25700,8672,24040,1268</arg>
  <arg>0,1,1,1</arg>
  <arg>7370266,0,0,0</arg>
  <severity>INFO</severity>
  <timestamp>Thu Apr 30 19:21:51 2020</timestamp>
</msg>
<msg id="33" tool="mc">
  <type>HEARTBEAT</type>
  <arg>25700,8672,24040,1268</arg>
  <arg>0,1,1,1</arg>
  <arg>7357962,0,0,0</arg>
  <severity>INFO</severity>
  <timestamp>Thu Apr 30 19:21:52 2020</timestamp>
</msg>
<msg id="34" tool="mc">
  <type>HEARTBEAT</type>
  <arg>25700,8672,24040,1268</arg>
  <arg>0,1,1,1</arg>
  <arg>7359029,0,0,0</arg>
  <severity>INFO</severity>
  <timestamp>Thu Apr 30 19:21:53 2020</timestamp>
</msg>
<msg id="35" tool="mc">
  <type>HEARTBEAT</type>
  <arg>25700,8672,24040,1268</arg>
  <arg>0,1,1,1</arg>
  <arg>7329784,0,0,0</arg>
  <severity>INFO</severity>
  <timestamp>Thu Apr 30 19:21:54 2020</timestamp>
</msg>
<msg id="36" tool="mc">
  <type>HEARTBEAT</type>
  <arg>25700,8672,24040,1268</arg>
  <arg>0,1,1,1</arg>
  <arg>7344953,0,0,0</arg>
  <severity>INFO</severity>
  <timestamp>Thu Apr 30 19:21:55 2020</timestamp>
</msg>
<msg id="37" tool="mc">
  <type>HEARTBEAT</type>
  <arg>25700,8672,24040,1268</arg>
  <arg>0,1,1,1</arg>
  <arg>7329911,0,0,0</arg>
  <severity>INFO</severity>
  <timestamp>Thu Apr 30 19:21:56 2020</timestamp>
</msg>
<msg id="38" tool="mc">
  <type>HEARTBEAT</type>
  <arg>25700,8672,24040,1268</arg>
  <arg>0,1,1,1</arg>
  <arg>7373378,0,0,0</arg>
  <severity>INFO</severity>
  <timestamp>Thu Apr 30 19:21:57 2020</timestamp>
</msg>
<msg id="39" tool="mc">
  <type>HEARTBEAT</type>
  <arg>25700,8672,24040,1268</arg>
  <arg>0,1,1,1</arg>
  <arg>7315414,0,0,0</arg>
  <severity>INFO</severity>
  <timestamp>Thu Apr 30 19:21:58 2020</timestamp>
</msg>
<msg id="40" tool="mc">
  <type>HEARTBEAT</type>
  <arg>25700,8672,24040,1268</arg>
  <arg>0,1,1,1</arg>
  <arg>7358057,0,0,0</arg>
  <severity>INFO</severity>
  <timestamp>Thu Apr 30 19:21:59 2020</timestamp>
</msg>
<msg id="41" tool="mc">
  <type>HEARTBEAT</type>
  <arg>25700,8672,24040,1268</arg>
  <arg>0,1,1,1</arg>
  <arg>7058667,0,0,0</arg>
  <severity>INFO</severity>
  <timestamp>Thu Apr 30 19:22:00 2020</timestamp>
</msg>
<msg id="42" tool="mc">
  <type>HEARTBEAT</type>
  <arg>25700,8672,24040,1268</arg>
  <arg>0,1,1,1</arg>
  <arg>7258760,0,0,0</arg>
  <severity>INFO</severity>
  <timestamp>Thu Apr 30 19:22:01 2020</timestamp>
</msg>
<msg id="43" tool="mc">
  <type>HEARTBEAT</type>
  <arg>25700,8672,24040,1268</arg>
  <arg>0,1,1,1</arg>
  <arg>7344092,0,0,0</arg>
  <severity>INFO</severity>
  <timestamp>Thu Apr 30 19:22:02 2020</timestamp>
</msg>
<msg id="44" tool="mc">
  <type>HEARTBEAT</type>
  <arg>25700,8672,24040,1268</arg>
  <arg>0,1,1,1</arg>
  <arg>7315192,0,0,0</arg>
  <severity>INFO</severity>
  <timestamp>Thu Apr 30 19:22:03 2020</timestamp>
</msg>
<msg id="45" tool="mc">
  <type>HEARTBEAT</type>
  <arg>25700,8672,24040,1268</arg>
  <arg>0,1,1,1</arg>
  <arg>7238346,0,0,0</arg>
  <severity>INFO</severity>
  <timestamp>Thu Apr 30 19:22:04 2020</timestamp>
</msg>
<msg id="46" tool="mc">
  <type>HEARTBEAT</type>
  <arg>25700,8672,24040,1268</arg>
  <arg>0,1,1,1</arg>
  <arg>7316922,0,0,0</arg>
  <severity>INFO</severity>
  <timestamp>Thu Apr 30 19:22:05 2020</timestamp>
</msg>
<msg id="47" tool="mc">
  <type>HEARTBEAT</type>
  <arg>25700,8672,24040,1268</arg>
  <arg>0,1,1,1</arg>
  <arg>7238863,0,0,0</arg>
  <severity>INFO</severity>
  <timestamp>Thu Apr 30 19:22:06 2020</timestamp>
</msg>
<msg id="48" tool="mc">
  <type>HEARTBEAT</type>
  <arg>25700,8672,24040,1268</arg>
  <arg>0,1,1,1</arg>
  <arg>7250278,0,0,0</arg>
  <severity>INFO</severity>
  <timestamp>Thu Apr 30 19:22:07 2020</timestamp>
</msg>
<msg id="49" tool="mc">
  <type>HEARTBEAT</type>
  <arg>25700,8672,24040,1268</arg>
  <arg>0,1,1,1</arg>
  <arg>7295095,0,0,0</arg>
  <severity>INFO</severity>
  <timestamp>Thu Apr 30 19:22:08 2020</timestamp>
</msg>
<msg id="50" tool="mc">
  <type>HEARTBEAT</type>
  <arg>25700,8672,24040,1268</arg>
  <arg>0,1,1,1</arg>
  <arg>7255910,0,0,0</arg>
  <severity>INFO</severity>
  <timestamp>Thu Apr 30 19:22:09 2020</timestamp>
</msg>
<msg id="51" tool="mc">
  <type>HEARTBEAT</type>
  <arg>25700,8672,24040,1268</arg>
  <arg>0,1,1,1</arg>
  <arg>7359175,0,0,0</arg>
  <severity>INFO</severity>
  <timestamp>Thu Apr 30 19:22:10 2020</timestamp>
</msg>
<msg id="52" tool="mc">
  <type>HEARTBEAT</type>
  <arg>25700,8672,24040,1268</arg>
  <arg>0,1,1,1</arg>
  <arg>7278398,0,0,0</arg>
  <severity>INFO</severity>
  <timestamp>Thu Apr 30 19:22:11 2020</timestamp>
</msg>
<msg id="53" tool="mc">
  <type>HEARTBEAT</type>
  <arg>25700,8672,24040,1268</arg>
  <arg>0,1,1,1</arg>
  <arg>7386386,0,0,0</arg>
  <severity>INFO</severity>
  <timestamp>Thu Apr 30 19:22:12 2020</timestamp>
</msg>
<msg id="54" tool="mc">
  <type>HEARTBEAT</type>
  <arg>25700,8672,24040,1268</arg>
  <arg>0,1,1,1</arg>
  <arg>7285589,0,0,0</arg>
  <severity>INFO</severity>
  <timestamp>Thu Apr 30 19:22:13 2020</timestamp>
</msg>
<msg id="55" tool="mc">
  <type>HEARTBEAT</type>
  <arg>25700,8672,24040,1268</arg>
  <arg>0,1,1,1</arg>
  <arg>7324433,0,0,0</arg>
  <severity>INFO</severity>
  <timestamp>Thu Apr 30 19:22:14 2020</timestamp>
</msg>
<msg id="56" tool="mc">
  <type>HEARTBEAT</type>
  <arg>25700,8672,24040,1268</arg>
  <arg>0,1,1,1</arg>
  <arg>7409389,0,0,0</arg>
  <severity>INFO</severity>
  <timestamp>Thu Apr 30 19:22:15 2020</timestamp>
</msg>
<msg id="57" tool="mc">
  <type>HEARTBEAT</type>
  <arg>25700,8672,24040,1268</arg>
  <arg>0,1,1,1</arg>
  <arg>7353097,0,0,0</arg>
  <severity>INFO</severity>
  <timestamp>Thu Apr 30 19:22:16 2020</timestamp>
</msg>
<msg id="58" tool="mc">
  <type>HEARTBEAT</type>
  <arg>25700,8672,24040,1268</arg>
  <arg>0,1,1,1</arg>
  <arg>7301860,0,0,0</arg>
  <severity>INFO</severity>
  <timestamp>Thu Apr 30 19:22:17 2020</timestamp>
</msg>
<msg id="59" tool="mc">
  <type>HEARTBEAT</type>
  <arg>25700,8672,24040,1268</arg>
  <arg>0,1,1,1</arg>
  <arg>7303198,0,0,0</arg>
  <severity>INFO</severity>
  <timestamp>Thu Apr 30 19:22:18 2020</timestamp>
</msg>
<msg id="60" tool="mc">
  <type>HEARTBEAT</type>
  <arg>25700,8672,24040,1268</arg>
  <arg>0,1,1,1</arg>
  <arg>7316868,0,0,0</arg>
  <severity>INFO</severity>
  <timestamp>Thu Apr 30 19:22:19 2020</timestamp>
</msg>
<msg id="61" tool="mc">
  <type>HEARTBEAT</type>
  <arg>25700,8672,24040,1268</arg>
  <arg>0,1,1,1</arg>
  <arg>7293378,0,0,0</arg>
  <severity>INFO</severity>
  <timestamp>Thu Apr 30 19:22:20 2020</timestamp>
</msg>
<msg id="62" tool="mc">
  <type>HEARTBEAT</type>
  <arg>25700,8672,24040,1268</arg>
  <arg>0,1,1,1</arg>
  <arg>7246115,0,0,0</arg>
  <severity>INFO</severity>
  <timestamp>Thu Apr 30 19:22:21 2020</timestamp>
</msg>
<msg id="63" tool="mc">
  <type>HEARTBEAT</type>
  <arg>25700,8672,24040,1268</arg>
  <arg>0,1,1,1</arg>
  <arg>7000305,0,0,0</arg>
  <severity>INFO</severity>
  <timestamp>Thu Apr 30 19:22:22 2020</timestamp>
</msg>
<msg id="64" tool="mc">
  <type>HEARTBEAT</type>
  <arg>25700,8672,24040,1268</arg>
  <arg>0,1,1,1</arg>
  <arg>7126133,0,0,0</arg>
  <severity>INFO</severity>
  <timestamp>Thu Apr 30 19:22:23 2020</timestamp>
</msg>
<msg id="65" tool="mc">
  <type>HEARTBEAT</type>
  <arg>25700,8672,24040,1268</arg>
  <arg>0,1,1,1</arg>
  <arg>7086299,0,0,0</arg>
  <severity>INFO</severity>
  <timestamp>Thu Apr 30 19:22:24 2020</timestamp>
</msg>
<msg id="66" tool="mc">
  <type>HEARTBEAT</type>
  <arg>25700,8672,24040,1268</arg>
  <arg>0,1,1,1</arg>
  <arg>6970661,0,0,0</arg>
  <severity>INFO</severity>
  <timestamp>Thu Apr 30 19:22:25 2020</timestamp>
</msg>
<msg id="67" tool="mc">
  <type>HEARTBEAT</type>
  <arg>25700,8672,24040,1268</arg>
  <arg>0,1,1,1</arg>
  <arg>7219351,0,0,0</arg>
  <severity>INFO</severity>
  <timestamp>Thu Apr 30 19:22:26 2020</timestamp>
</msg>
<msg id="68" tool="mc">
  <type>HEARTBEAT</type>
  <arg>25700,8672,24040,1268</arg>
  <arg>0,1,1,1</arg>
  <arg>7338852,0,0,0</arg>
  <severity>INFO</severity>
  <timestamp>Thu Apr 30 19:22:27 2020</timestamp>
</msg>
<msg id="69" tool="mc">
  <type>HEARTBEAT</type>
  <arg>25700,8672,24040,1268</arg>
  <arg>0,1,1,1</arg>
  <arg>7233576,0,0,0</arg>
  <severity>INFO</severity>
  <timestamp>Thu Apr 30 19:22:28 2020</timestamp>
</msg>
<msg id="70" tool="mc">
  <type>HEARTBEAT</type>
  <arg>25700,8672,24040,1268</arg>
  <arg>0,1,1,1</arg>
  <arg>7291664,0,0,0</arg>
  <severity>INFO</severity>
  <timestamp>Thu Apr 30 19:22:29 2020</timestamp>
</msg>
<msg id="71" tool="mc">
  <type>HEARTBEAT</type>
  <arg>25700,8672,24040,1268</arg>
  <arg>0,1,1,1</arg>
  <arg>7346377,0,0,0</arg>
  <severity>INFO</severity>
  <timestamp>Thu Apr 30 19:22:30 2020</timestamp>
</msg>
<msg id="72" tool="mc">
  <type>HEARTBEAT</type>
  <arg>25700,8672,24040,1268</arg>
  <arg>0,1,1,1</arg>
  <arg>7276121,0,0,0</arg>
  <severity>INFO</severity>
  <timestamp>Thu Apr 30 19:22:31 2020</timestamp>
</msg>
<msg id="73" tool="mc">
  <type>HEARTBEAT</type>
  <arg>25700,8672,24040,1268</arg>
  <arg>0,1,1,1</arg>
  <arg>7295664,0,0,0</arg>
  <severity>INFO</severity>
  <timestamp>Thu Apr 30 19:22:32 2020</timestamp>
</msg>
<msg id="74" tool="mc">
  <type>HEARTBEAT</type>
  <arg>25700,8672,24040,1268</arg>
  <arg>0,1,1,1</arg>
  <arg>7273921,0,0,0</arg>
  <severity>INFO</severity>
  <timestamp>Thu Apr 30 19:22:33 2020</timestamp>
</msg>
<msg id="75" tool="mc">
  <type>HEARTBEAT</type>
  <arg>25700,8672,24040,1268</arg>
  <arg>0,1,1,1</arg>
  <arg>7293711,0,0,0</arg>
  <severity>INFO</severity>
  <timestamp>Thu Apr 30 19:22:34 2020</timestamp>
</msg>
<msg id="76" tool="mc">
  <type>HEARTBEAT</type>
  <arg>25700</arg>
  <arg>0</arg>
  <arg>7313406</arg>
  <severity>INFO</severity>
  <timestamp>Thu Apr 30 19:22:35 2020</timestamp>
</msg>
<msg id="77" tool="mc">
  <type>HEARTBEAT</type>
  <arg>25700</arg>
  <arg>0</arg>
  <arg>7302594</arg>
  <severity>INFO</severity>
  <timestamp>Thu Apr 30 19:22:36 2020</timestamp>
</msg>
<msg id="78" tool="mc">
  <type>HEARTBEAT</type>
  <arg>25700</arg>
  <arg>0</arg>
  <arg>7356225</arg>
  <severity>INFO</severity>
  <timestamp>Thu Apr 30 19:22:37 2020</timestamp>
</msg>
<msg id="79" tool="mc">
  <type>HEARTBEAT</type>
  <arg>25700</arg>
  <arg>0</arg>
  <arg>7304831</arg>
  <severity>INFO</severity>
  <timestamp>Thu Apr 30 19:22:38 2020</timestamp>
</msg>
<msg id="80" tool="mc">
  <type>HEARTBEAT</type>
  <arg>25700</arg>
  <arg>0</arg>
  <arg>7387092</arg>
  <severity>INFO</severity>
  <timestamp>Thu Apr 30 19:22:39 2020</timestamp>
</msg>
<msg id="81" tool="mc">
  <type>HEARTBEAT</type>
  <arg>25700</arg>
  <arg>0</arg>
  <arg>7289588</arg>
  <severity>INFO</severity>
  <timestamp>Thu Apr 30 19:22:40 2020</timestamp>
</msg>
<msg id="82" tool="mc">
  <type>HEARTBEAT</type>
  <arg>25700</arg>
  <arg>0</arg>
  <arg>7345406</arg>
  <severity>INFO</severity>
  <timestamp>Thu Apr 30 19:22:41 2020</timestamp>
</msg>
<msg id="83" tool="mc">
  <type>HEARTBEAT</type>
  <arg>25700</arg>
  <arg>0</arg>
  <arg>7272972</arg>
  <severity>INFO</severity>
  <timestamp>Thu Apr 30 19:22:42 2020</timestamp>
</msg>
<msg id="84" tool="mc">
  <type>HEARTBEAT</type>
  <arg>25700</arg>
  <arg>0</arg>
  <arg>7332600</arg>
  <severity>INFO</severity>
  <timestamp>Thu Apr 30 19:22:43 2020</timestamp>
</msg>
<msg id="85" tool="mc">
  <type>HEARTBEAT</type>
  <arg>25700</arg>
  <arg>0</arg>
  <arg>7367147</arg>
  <severity>INFO</severity>
  <timestamp>Thu Apr 30 19:22:44 2020</timestamp>
</msg>
<msg id="86" tool="mc">
  <type>HEARTBEAT</type>
  <arg>25700</arg>
  <arg>0</arg>
  <arg>7373989</arg>
  <severity>INFO</severity>
  <timestamp>Thu Apr 30 19:22:45 2020</timestamp>
</msg>
<msg id="87" tool="mc">
  <type>HEARTBEAT</type>
  <arg>25700</arg>
  <arg>0</arg>
  <arg>7288272</arg>
  <severity>INFO</severity>
  <timestamp>Thu Apr 30 19:22:46 2020</timestamp>
</msg>
<msg id="88" tool="mc">
  <type>HEARTBEAT</type>
  <arg>25700</arg>
  <arg>0</arg>
  <arg>7280311</arg>
  <severity>INFO</severity>
  <timestamp>Thu Apr 30 19:22:47 2020</timestamp>
</msg>
<msg id="89" tool="mc">
  <type>HEARTBEAT</type>
  <arg>25700</arg>
  <arg>0</arg>
  <arg>7336270</arg>
  <severity>INFO</severity>
  <timestamp>Thu Apr 30 19:22:48 2020</timestamp>
</msg>
<msg id="90" tool="mc">
  <type>HEARTBEAT</type>
  <arg>25700</arg>
  <arg>0</arg>
  <arg>7311400</arg>
  <severity>INFO</severity>
  <timestamp>Thu Apr 30 19:22:49 2020</timestamp>
</msg>
<msg id="91" tool="mc">
  <type>HEARTBEAT</type>
  <arg>25700</arg>
  <arg>0</arg>
  <arg>7376500</arg>
  <severity>INFO</severity>
  <timestamp>Thu Apr 30 19:22:50 2020</timestamp>
</msg>
<msg id="92" tool="mc">
  <type>HEARTBEAT</type>
  <arg>25700</arg>
  <arg>0</arg>
  <arg>7376231</arg>
  <severity>INFO</severity>
  <timestamp>Thu Apr 30 19:22:51 2020</timestamp>
</msg>
<msg id="93" tool="mc">
  <type>HEARTBEAT</type>
  <arg>25700</arg>
  <arg>0</arg>
  <arg>7358406</arg>
  <severity>INFO</severity>
  <timestamp>Thu Apr 30 19:22:52 2020</timestamp>
</msg>
<msg id="94" tool="mc">
  <type>HEARTBEAT</type>
  <arg>25700</arg>
  <arg>0</arg>
  <arg>7291797</arg>
  <severity>INFO</severity>
  <timestamp>Thu Apr 30 19:22:53 2020</timestamp>
</msg>
<msg id="95" tool="mc">
  <type>HEARTBEAT</type>
  <arg>25700</arg>
  <arg>0</arg>
  <arg>7240418</arg>
  <severity>INFO</severity>
  <timestamp>Thu Apr 30 19:22:54 2020</timestamp>
</msg>
<msg id="96" tool="mc">
  <type>HEARTBEAT</type>
  <arg>25700</arg>
  <arg>0</arg>
  <arg>6788742</arg>
  <severity>INFO</severity>
  <timestamp>Thu Apr 30 19:22:55 2020</timestamp>
</msg>
<msg id="97" tool="mc">
  <type>HEARTBEAT</type>
  <arg>25700</arg>
  <arg>0</arg>
  <arg>7133915</arg>
  <severity>INFO</severity>
  <timestamp>Thu Apr 30 19:22:56 2020</timestamp>
</msg>
<msg id="98" tool="mc">
  <type>HEARTBEAT</type>
  <arg>25700</arg>
  <arg>0</arg>
  <arg>7370852</arg>
  <severity>INFO</severity>
  <timestamp>Thu Apr 30 19:22:57 2020</timestamp>
</msg>
<msg id="99" tool="mc">
  <type>HEARTBEAT</type>
  <arg>25700</arg>
  <arg>0</arg>
  <arg>6898419</arg>
  <severity>INFO</severity>
  <timestamp>Thu Apr 30 19:22:58 2020</timestamp>
</msg>
<msg id="100" tool="mc">
  <type>HEARTBEAT</type>
  <arg>25700</arg>
  <arg>0</arg>
  <arg>6952058</arg>
  <severity>INFO</severity>
  <timestamp>Thu Apr 30 19:22:59 2020</timestamp>
</msg>
<msg id="101" tool="mc">
  <type>HEARTBEAT</type>
  <arg>25700</arg>
  <arg>0</arg>
  <arg>7329904</arg>
  <severity>INFO</severity>
  <timestamp>Thu Apr 30 19:23:00 2020</timestamp>
</msg>
<msg id="102" tool="mc">
  <type>HEARTBEAT</type>
  <arg>25700</arg>
  <arg>0</arg>
  <arg>6950603</arg>
  <severity>INFO</severity>
  <timestamp>Thu Apr 30 19:23:01 2020</timestamp>
</msg>
<msg id="103" tool="mc">
  <type>HEARTBEAT</type>
  <arg>25700</arg>
  <arg>0</arg>
  <arg>7384978</arg>
  <severity>INFO</severity>
  <timestamp>Thu Apr 30 19:23:02 2020</timestamp>
</msg>
<msg id="104" tool="mc">
  <type>HEARTBEAT</type>
  <arg>25700</arg>
  <arg>0</arg>
  <arg>7336968</arg>
  <severity>INFO</severity>
  <timestamp>Thu Apr 30 19:23:03 2020</timestamp>
</msg>
<msg id="105" tool="mc">
  <type>HEARTBEAT</type>
  <arg>25700</arg>
  <arg>0</arg>
  <arg>7283110</arg>
  <severity>INFO</severity>
  <timestamp>Thu Apr 30 19:23:04 2020</timestamp>
</msg>
<msg id="106" tool="mc">
  <type>HEARTBEAT</type>
  <arg>25700</arg>
  <arg>0</arg>
  <arg>7308012</arg>
  <severity>INFO</severity>
  <timestamp>Thu Apr 30 19:23:05 2020</timestamp>
</msg>
<msg id="107" tool="mc">
  <type>HEARTBEAT</type>
  <arg>25700</arg>
  <arg>0</arg>
  <arg>7273161</arg>
  <severity>INFO</severity>
  <timestamp>Thu Apr 30 19:23:06 2020</timestamp>
</msg>
<msg id="108" tool="mc">
  <type>HEARTBEAT</type>
  <arg>25700</arg>
  <arg>0</arg>
  <arg>7348324</arg>
  <severity>INFO</severity>
  <timestamp>Thu Apr 30 19:23:07 2020</timestamp>
</msg>
<msg id="109" tool="mc">
  <type>HEARTBEAT</type>
  <arg>25700</arg>
  <arg>0</arg>
  <arg>7340408</arg>
  <severity>INFO</severity>
  <timestamp>Thu Apr 30 19:23:08 2020</timestamp>
</msg>
<msg id="110" tool="mc">
  <type>HEARTBEAT</type>
  <arg>25700</arg>
  <arg>0</arg>
  <arg>7308114</arg>
  <severity>INFO</severity>
  <timestamp>Thu Apr 30 19:23:09 2020</timestamp>
</msg>
<msg id="111" tool="mc">
  <type>HEARTBEAT</type>
  <arg>25700</arg>
  <arg>0</arg>
  <arg>7387580</arg>
  <severity>INFO</severity>
  <timestamp>Thu Apr 30 19:23:10 2020</timestamp>
</msg>
<msg id="112" tool="mc">
  <type>HEARTBEAT</type>
  <arg>25700</arg>
  <arg>0</arg>
  <arg>7305169</arg>
  <severity>INFO</severity>
  <timestamp>Thu Apr 30 19:23:11 2020</timestamp>
</msg>
<msg id="113" tool="mc">
  <type>HEARTBEAT</type>
  <arg>25700</arg>
  <arg>0</arg>
  <arg>7305650</arg>
  <severity>INFO</severity>
  <timestamp>Thu Apr 30 19:23:12 2020</timestamp>
</msg>
<msg id="114" tool="mc">
  <type>HEARTBEAT</type>
  <arg>25700</arg>
  <arg>0</arg>
  <arg>7260266</arg>
  <severity>INFO</severity>
  <timestamp>Thu Apr 30 19:23:13 2020</timestamp>
</msg>
<msg id="115" tool="mc">
  <type>HEARTBEAT</type>
  <arg>25700</arg>
  <arg>0</arg>
  <arg>7318531</arg>
  <severity>INFO</severity>
  <timestamp>Thu Apr 30 19:23:14 2020</timestamp>
</msg>
<msg id="116" tool="mc">
  <type>HEARTBEAT</type>
  <arg>25700</arg>
  <arg>0</arg>
  <arg>7381534</arg>
  <severity>INFO</severity>
  <timestamp>Thu Apr 30 19:23:15 2020</timestamp>
</msg>
<msg id="117" tool="mc">
  <type>HEARTBEAT</type>
  <arg>25700</arg>
  <arg>0</arg>
  <arg>7394502</arg>
  <severity>INFO</severity>
  <timestamp>Thu Apr 30 19:23:16 2020</timestamp>
</msg>
<msg id="118" tool="mc">
  <type>HEARTBEAT</type>
  <arg>25700</arg>
  <arg>0</arg>
  <arg>7354040</arg>
  <severity>INFO</severity>
  <timestamp>Thu Apr 30 19:23:17 2020</timestamp>
</msg>
<msg id="119" tool="mc">
  <type>HEARTBEAT</type>
  <arg>25700</arg>
  <arg>0</arg>
  <arg>7371152</arg>
  <severity>INFO</severity>
  <timestamp>Thu Apr 30 19:23:18 2020</timestamp>
</msg>
<msg id="120" tool="mc">
  <type>HEARTBEAT</type>
  <arg>25700</arg>
  <arg>0</arg>
  <arg>7337772</arg>
  <severity>INFO</severity>
  <timestamp>Thu Apr 30 19:23:19 2020</timestamp>
</msg>
<msg id="121" tool="mc">
  <type>HEARTBEAT</type>
  <arg>25700</arg>
  <arg>0</arg>
  <arg>7351200</arg>
  <severity>INFO</severity>
  <timestamp>Thu Apr 30 19:23:20 2020</timestamp>
</msg>
<msg id="122" tool="mc">
  <type>HEARTBEAT</type>
  <arg>25700</arg>
  <arg>0</arg>
  <arg>7328026</arg>
  <severity>INFO</severity>
  <timestamp>Thu Apr 30 19:23:21 2020</timestamp>
</msg>
<msg id="123" tool="mc">
  <type>HEARTBEAT</type>
  <arg>25700</arg>
  <arg>0</arg>
  <arg>7332564</arg>
  <severity>INFO</severity>
  <timestamp>Thu Apr 30 19:23:22 2020</timestamp>
</msg>
<msg id="124" tool="mc">
  <type>HEARTBEAT</type>
  <arg>25700</arg>
  <arg>0</arg>
  <arg>7309414</arg>
  <severity>INFO</severity>
  <timestamp>Thu Apr 30 19:23:23 2020</timestamp>
</msg>
<msg id="125" tool="mc">
  <type>HEARTBEAT</type>
  <arg>25700</arg>
  <arg>0</arg>
  <arg>7315689</arg>
  <severity>INFO</severity>
  <timestamp>Thu Apr 30 19:23:24 2020</timestamp>
</msg>
<msg id="126" tool="mc">
  <type>HEARTBEAT</type>
  <arg>25700</arg>
  <arg>0</arg>
  <arg>7329983</arg>
  <severity>INFO</severity>
  <timestamp>Thu Apr 30 19:23:25 2020</timestamp>
</msg>
<msg id="127" tool="mc">
  <type>HEARTBEAT</type>
  <arg>25700</arg>
  <arg>0</arg>
  <arg>7349239</arg>
  <severity>INFO</severity>
  <timestamp>Thu Apr 30 19:23:26 2020</timestamp>
</msg>
<msg id="128" tool="mc">
  <type>HEARTBEAT</type>
  <arg>25700</arg>
  <arg>0</arg>
  <arg>7308889</arg>
  <severity>INFO</severity>
  <timestamp>Thu Apr 30 19:23:27 2020</timestamp>
</msg>
<msg id="129" tool="mc">
  <type>HEARTBEAT</type>
  <arg>25700</arg>
  <arg>0</arg>
  <arg>7359913</arg>
  <severity>INFO</severity>
  <timestamp>Thu Apr 30 19:23:28 2020</timestamp>
</msg>
<msg id="130" tool="mc">
  <type>HEARTBEAT</type>
  <arg>25700</arg>
  <arg>0</arg>
  <arg>7387179</arg>
  <severity>INFO</severity>
  <timestamp>Thu Apr 30 19:23:29 2020</timestamp>
</msg>
<msg id="131" tool="mc">
  <type>HEARTBEAT</type>
  <arg>25700</arg>
  <arg>0</arg>
  <arg>7319107</arg>
  <severity>INFO</severity>
  <timestamp>Thu Apr 30 19:23:30 2020</timestamp>
</msg>
<msg id="132" tool="mc">
  <type>HEARTBEAT</type>
  <arg>25700</arg>
  <arg>0</arg>
  <arg>7332045</arg>
  <severity>INFO</severity>
  <timestamp>Thu Apr 30 19:23:31 2020</timestamp>
</msg>
<msg id="133" tool="mc">
  <type>HEARTBEAT</type>
  <arg>25700</arg>
  <arg>0</arg>
  <arg>7352710</arg>
  <severity>INFO</severity>
  <timestamp>Thu Apr 30 19:23:32 2020</timestamp>
</msg>
<msg id="134" tool="mc">
  <type>HEARTBEAT</type>
  <arg>25700</arg>
  <arg>0</arg>
  <arg>7366475</arg>
  <severity>INFO</severity>
  <timestamp>Thu Apr 30 19:23:33 2020</timestamp>
</msg>
<msg id="135" tool="mc">
  <type>HEARTBEAT</type>
  <arg>25700</arg>
  <arg>0</arg>
  <arg>7360546</arg>
  <severity>INFO</severity>
  <timestamp>Thu Apr 30 19:23:34 2020</timestamp>
</msg>
<msg id="136" tool="mc">
  <type>HEARTBEAT</type>
  <arg>25700</arg>
  <arg>0</arg>
  <arg>7253584</arg>
  <severity>INFO</severity>
  <timestamp>Thu Apr 30 19:23:35 2020</timestamp>
</msg>
<msg id="137" tool="mc">
  <type>HEARTBEAT</type>
  <arg>25700</arg>
  <arg>0</arg>
  <arg>7287697</arg>
  <severity>INFO</severity>
  <timestamp>Thu Apr 30 19:23:36 2020</timestamp>
</msg>
<msg id="138" tool="mc">
  <type>HEARTBEAT</type>
  <arg>25700</arg>
  <arg>0</arg>
  <arg>7359726</arg>
  <severity>INFO</severity>
  <timestamp>Thu Apr 30 19:23:37 2020</timestamp>
</msg>
<msg id="139" tool="mc">
  <type>HEARTBEAT</type>
  <arg>25700</arg>
  <arg>0</arg>
  <arg>7231514</arg>
  <severity>INFO</severity>
  <timestamp>Thu Apr 30 19:23:38 2020</timestamp>
</msg>
<msg id="140" tool="mc">
  <type>HEARTBEAT</type>
  <arg>25700</arg>
  <arg>0</arg>
  <arg>7357558</arg>
  <severity>INFO</severity>
  <timestamp>Thu Apr 30 19:23:39 2020</timestamp>
</msg>
<msg id="141" tool="mc">
  <type>HEARTBEAT</type>
  <arg>25700</arg>
  <arg>0</arg>
  <arg>7358351</arg>
  <severity>INFO</severity>
  <timestamp>Thu Apr 30 19:23:40 2020</timestamp>
</msg>
<msg id="142" tool="mc">
  <type>HEARTBEAT</type>
  <arg>25700</arg>
  <arg>0</arg>
  <arg>7315868</arg>
  <severity>INFO</severity>
  <timestamp>Thu Apr 30 19:23:41 2020</timestamp>
</msg>
<msg id="143" tool="mc">
  <type>HEARTBEAT</type>
  <arg>25700</arg>
  <arg>0</arg>
  <arg>7352062</arg>
  <severity>INFO</severity>
  <timestamp>Thu Apr 30 19:23:42 2020</timestamp>
</msg>
<msg id="144" tool="mc">
  <type>HEARTBEAT</type>
  <arg>25700</arg>
  <arg>0</arg>
  <arg>7332527</arg>
  <severity>INFO</severity>
  <timestamp>Thu Apr 30 19:23:43 2020</timestamp>
</msg>
<msg id="145" tool="mc">
  <type>HEARTBEAT</type>
  <arg>25700</arg>
  <arg>0</arg>
  <arg>7299691</arg>
  <severity>INFO</severity>
  <timestamp>Thu Apr 30 19:23:44 2020</timestamp>
</msg>
<msg id="146" tool="mc">
  <type>HEARTBEAT</type>
  <arg>25700</arg>
  <arg>0</arg>
  <arg>7319909</arg>
  <severity>INFO</severity>
  <timestamp>Thu Apr 30 19:23:45 2020</timestamp>
</msg>
<msg id="147" tool="mc">
  <type>HEARTBEAT</type>
  <arg>25700</arg>
  <arg>0</arg>
  <arg>7276339</arg>
  <severity>INFO</severity>
  <timestamp>Thu Apr 30 19:23:46 2020</timestamp>
</msg>
<msg id="148" tool="mc">
  <type>HEARTBEAT</type>
  <arg>25700</arg>
  <arg>0</arg>
  <arg>7383062</arg>
  <severity>INFO</severity>
  <timestamp>Thu Apr 30 19:23:47 2020</timestamp>
</msg>
<msg id="149" tool="mc">
  <type>HEARTBEAT</type>
  <arg>25700</arg>
  <arg>0</arg>
  <arg>7359584</arg>
  <severity>INFO</severity>
  <timestamp>Thu Apr 30 19:23:48 2020</timestamp>
</msg>
<msg id="150" tool="mc">
  <type>HEARTBEAT</type>
  <arg>25700</arg>
  <arg>0</arg>
  <arg>7309627</arg>
  <severity>INFO</severity>
  <timestamp>Thu Apr 30 19:23:49 2020</timestamp>
</msg>
<msg id="151" tool="mc">
  <type>HEARTBEAT</type>
  <arg>25700</arg>
  <arg>0</arg>
  <arg>7320644</arg>
  <severity>INFO</severity>
  <timestamp>Thu Apr 30 19:23:50 2020</timestamp>
</msg>
<msg id="152" tool="mc">
  <type>HEARTBEAT</type>
  <arg>25700</arg>
  <arg>0</arg>
  <arg>7350164</arg>
  <severity>INFO</severity>
  <timestamp>Thu Apr 30 19:23:51 2020</timestamp>
</msg>
<msg id="153" tool="mc">
  <type>HEARTBEAT</type>
  <arg>25700</arg>
  <arg>0</arg>
  <arg>7323822</arg>
  <severity>INFO</severity>
  <timestamp>Thu Apr 30 19:23:52 2020</timestamp>
</msg>
<msg id="154" tool="mc">
  <type>HEARTBEAT</type>
  <arg>25700</arg>
  <arg>0</arg>
  <arg>7352091</arg>
  <severity>INFO</severity>
  <timestamp>Thu Apr 30 19:23:53 2020</timestamp>
</msg>
<msg id="155" tool="mc">
  <type>HEARTBEAT</type>
  <arg>25700</arg>
  <arg>0</arg>
  <arg>7305121</arg>
  <severity>INFO</severity>
  <timestamp>Thu Apr 30 19:23:54 2020</timestamp>
</msg>
<msg id="156" tool="mc">
  <type>HEARTBEAT</type>
  <arg>25700</arg>
  <arg>0</arg>
  <arg>7317126</arg>
  <severity>INFO</severity>
  <timestamp>Thu Apr 30 19:23:55 2020</timestamp>
</msg>
<msg id="157" tool="mc">
  <type>HEARTBEAT</type>
  <arg>25700</arg>
  <arg>0</arg>
  <arg>7393857</arg>
  <severity>INFO</severity>
  <timestamp>Thu Apr 30 19:23:56 2020</timestamp>
</msg>
<msg id="158" tool="mc">
  <type>HEARTBEAT</type>
  <arg>25700</arg>
  <arg>0</arg>
  <arg>7266188</arg>
  <severity>INFO</severity>
  <timestamp>Thu Apr 30 19:23:57 2020</timestamp>
</msg>
<msg id="159" tool="mc">
  <type>HEARTBEAT</type>
  <arg>25700</arg>
  <arg>0</arg>
  <arg>7342529</arg>
  <severity>INFO</severity>
  <timestamp>Thu Apr 30 19:23:58 2020</timestamp>
</msg>
<msg id="160" tool="mc">
  <type>HEARTBEAT</type>
  <arg>25700</arg>
  <arg>0</arg>
  <arg>7087311</arg>
  <severity>INFO</severity>
  <timestamp>Thu Apr 30 19:23:59 2020</timestamp>
</msg>
<msg id="161" tool="mc">
  <type>HEARTBEAT</type>
  <arg>25700</arg>
  <arg>0</arg>
  <arg>7155655</arg>
  <severity>INFO</severity>
  <timestamp>Thu Apr 30 19:24:00 2020</timestamp>
</msg>
<msg id="162" tool="mc">
  <type>HEARTBEAT</type>
  <arg>25700</arg>
  <arg>0</arg>
  <arg>6862088</arg>
  <severity>INFO</severity>
  <timestamp>Thu Apr 30 19:24:01 2020</timestamp>
</msg>
<msg id="163" tool="mc">
  <type>HEARTBEAT</type>
  <arg>25700</arg>
  <arg>0</arg>
  <arg>7214371</arg>
  <severity>INFO</severity>
  <timestamp>Thu Apr 30 19:24:02 2020</timestamp>
</msg>
<msg id="164" tool="mc">
  <type>HEARTBEAT</type>
  <arg>25700</arg>
  <arg>0</arg>
  <arg>7157302</arg>
  <severity>INFO</severity>
  <timestamp>Thu Apr 30 19:24:03 2020</timestamp>
</msg>
<msg id="165" tool="mc">
  <type>HEARTBEAT</type>
  <arg>25700</arg>
  <arg>0</arg>
  <arg>7055332</arg>
  <severity>INFO</severity>
  <timestamp>Thu Apr 30 19:24:04 2020</timestamp>
</msg>
<msg id="166" tool="mc">
  <type>HEARTBEAT</type>
  <arg>25700</arg>
  <arg>0</arg>
  <arg>7204198</arg>
  <severity>INFO</severity>
  <timestamp>Thu Apr 30 19:24:05 2020</timestamp>
</msg>
<msg id="167" tool="mc">
  <type>HEARTBEAT</type>
  <arg>25700</arg>
  <arg>0</arg>
  <arg>7298417</arg>
  <severity>INFO</severity>
  <timestamp>Thu Apr 30 19:24:06 2020</timestamp>
</msg>
<msg id="168" tool="mc">
  <type>HEARTBEAT</type>
  <arg>25700</arg>
  <arg>0</arg>
  <arg>7250813</arg>
  <severity>INFO</severity>
  <timestamp>Thu Apr 30 19:24:07 2020</timestamp>
</msg>
<msg id="169" tool="mc">
  <type>HEARTBEAT</type>
  <arg>25700</arg>
  <arg>0</arg>
  <arg>7252327</arg>
  <severity>INFO</severity>
  <timestamp>Thu Apr 30 19:24:08 2020</timestamp>
</msg>
<msg id="170" tool="mc">
  <type>HEARTBEAT</type>
  <arg>25700</arg>
  <arg>0</arg>
  <arg>7178393</arg>
  <severity>INFO</severity>
  <timestamp>Thu Apr 30 19:24:09 2020</timestamp>
</msg>
<msg id="171" tool="mc">
  <type>HEARTBEAT</type>
  <arg>25700</arg>
  <arg>0</arg>
  <arg>7218452</arg>
  <severity>INFO</severity>
  <timestamp>Thu Apr 30 19:24:10 2020</timestamp>
</msg>
<msg id="172" tool="mc">
  <type>MODULE_LOAD</type>
  <arg>c:\windows\system32\kernel.appcore.dll</arg>
  <arg>0x7ffe20880000</arg>
  <arg>0x7ffe20890fff</arg>
  <severity>INFO</severity>
  <timestamp>Thu Apr 30 19:24:11 2020</timestamp>
</msg>
<msg id="173" tool="mc">
  <type>MODULE_LOAD</type>
  <arg>c:\windows\system32\msvcrt.dll</arg>
  <arg>0x7ffe221d0000</arg>
  <arg>0x7ffe2226dfff</arg>
  <severity>INFO</severity>
  <timestamp>Thu Apr 30 19:24:11 2020</timestamp>
</msg>
<msg id="174" tool="mc">
  <type>MODULE_LOAD</type>
  <arg>c:\windows\system32\rpcrt4.dll</arg>
  <arg>0x7ffe22c10000</arg>
  <arg>0x7ffe22d2ffff</arg>
  <severity>INFO</severity>
  <timestamp>Thu Apr 30 19:24:11 2020</timestamp>
</msg>
<msg id="175" tool="mc">
  <type>HEARTBEAT</type>
  <arg>25700,23936,23568,7672,29980</arg>
  <arg>1,0,1,1,0</arg>
  <arg>442590,3921,204,58,371</arg>
  <severity>INFO</severity>
  <timestamp>Thu Apr 30 19:24:11 2020</timestamp>
</msg>
<msg id="176" tool="mc">
  <type>HEARTBEAT</type>
  <arg>25700,23568,7672,29980</arg>
  <arg>1,1,1,0</arg>
  <arg>28,0,0,0</arg>
  <severity>INFO</severity>
  <timestamp>Thu Apr 30 19:24:12 2020</timestamp>
</msg>
<msg id="177" tool="mc">
  <type>HEARTBEAT</type>
  <arg>25700,23568,7672,29980</arg>
  <arg>1,1,1,0</arg>
  <arg>0,0,0,0</arg>
  <severity>INFO</severity>
  <timestamp>Thu Apr 30 19:24:13 2020</timestamp>
</msg>
<msg id="178" tool="mc">
  <type>HEARTBEAT</type>
  <arg>25700,23568,7672,29980</arg>
  <arg>1,1,1,0</arg>
  <arg>0,0,0,0</arg>
  <severity>INFO</severity>
  <timestamp>Thu Apr 30 19:24:14 2020</timestamp>
</msg>
<msg id="179" tool="mc">
  <type>HEARTBEAT</type>
  <arg>25700,23568,7672,29980</arg>
  <arg>1,1,1,0</arg>
  <arg>0,0,0,0</arg>
  <severity>INFO</severity>
  <timestamp>Thu Apr 30 19:24:15 2020</timestamp>
</msg>
<msg id="180" tool="mc">
  <type>HEARTBEAT</type>
  <arg>25700,23568,7672,29980</arg>
  <arg>1,1,1,0</arg>
  <arg>0,0,0,0</arg>
  <severity>INFO</severity>
  <timestamp>Thu Apr 30 19:24:16 2020</timestamp>
</msg>
<msg id="181" tool="mc">
  <type>HEARTBEAT</type>
  <arg>25700,23568,7672,29980</arg>
  <arg>1,1,1,0</arg>
  <arg>0,0,0,0</arg>
  <severity>INFO</severity>
  <timestamp>Thu Apr 30 19:24:17 2020</timestamp>
</msg>
<msg id="182" tool="mc">
  <type>HEARTBEAT</type>
  <arg>25700,23568,7672,29980</arg>
  <arg>1,1,1,0</arg>
  <arg>0,0,0,0</arg>
  <severity>INFO</severity>
  <timestamp>Thu Apr 30 19:24:18 2020</timestamp>
</msg>
<msg id="183" tool="mc">
  <type>HEARTBEAT</type>
  <arg>25700,23568,7672</arg>
  <arg>0,1,1</arg>
  <arg>69531,0,0</arg>
  <severity>INFO</severity>
  <timestamp>Thu Apr 30 19:24:19 2020</timestamp>
</msg>
<msg id="184" tool="mc">
  <type>HEARTBEAT</type>
  <arg>25700,23568,7672</arg>
  <arg>0,1,1</arg>
  <arg>9295,0,0</arg>
  <severity>INFO</severity>
  <timestamp>Thu Apr 30 19:24:20 2020</timestamp>
</msg>
<msg id="185" tool="mc">
  <type>HEARTBEAT</type>
  <arg>25700,23568,7672</arg>
  <arg>0,1,1</arg>
  <arg>9102,0,0</arg>
  <severity>INFO</severity>
  <timestamp>Thu Apr 30 19:24:21 2020</timestamp>
</msg>
<msg id="186" tool="mc">
  <type>HEARTBEAT</type>
  <arg>25700,23568,7672</arg>
  <arg>0,1,1</arg>
  <arg>8856,0,0</arg>
  <severity>INFO</severity>
  <timestamp>Thu Apr 30 19:24:22 2020</timestamp>
</msg>
<msg id="187" tool="mc">
  <type>HEARTBEAT</type>
  <arg>25700,23568,7672</arg>
  <arg>0,1,1</arg>
  <arg>9410,0,0</arg>
  <severity>INFO</severity>
  <timestamp>Thu Apr 30 19:24:23 2020</timestamp>
</msg>
<msg id="188" tool="mc">
  <type>HEARTBEAT</type>
  <arg>25700,23568,7672</arg>
  <arg>0,1,1</arg>
  <arg>8954,0,0</arg>
  <severity>INFO</severity>
  <timestamp>Thu Apr 30 19:24:24 2020</timestamp>
</msg>
<msg id="189" tool="mc">
  <type>HEARTBEAT</type>
  <arg>25700,23568,7672</arg>
  <arg>0,1,1</arg>
  <arg>9211,0,0</arg>
  <severity>INFO</severity>
  <timestamp>Thu Apr 30 19:24:25 2020</timestamp>
</msg>
<msg id="190" tool="mc">
  <type>HEARTBEAT</type>
  <arg>25700,23568,7672</arg>
  <arg>0,1,1</arg>
  <arg>9468,0,0</arg>
  <severity>INFO</severity>
  <timestamp>Thu Apr 30 19:24:26 2020</timestamp>
</msg>
<msg id="191" tool="mc">
  <type>HEARTBEAT</type>
  <arg>25700,23568,7672</arg>
  <arg>0,1,1</arg>
  <arg>4086959,0,0</arg>
  <severity>INFO</severity>
  <timestamp>Thu Apr 30 19:24:27 2020</timestamp>
</msg>
<msg id="192" tool="mc">
  <type>HEARTBEAT</type>
  <arg>25700,23568,7672</arg>
  <arg>0,1,1</arg>
  <arg>7743325,0,0</arg>
  <severity>INFO</severity>
  <timestamp>Thu Apr 30 19:24:28 2020</timestamp>
</msg>
<msg id="193" tool="mc">
  <type>HEARTBEAT</type>
  <arg>25700,23568,7672</arg>
  <arg>0,1,1</arg>
  <arg>7815214,0,0</arg>
  <severity>INFO</severity>
  <timestamp>Thu Apr 30 19:24:29 2020</timestamp>
</msg>
<msg id="194" tool="mc">
  <type>HEARTBEAT</type>
  <arg>25700,23568,7672</arg>
  <arg>0,1,1</arg>
  <arg>7680494,0,0</arg>
  <severity>INFO</severity>
  <timestamp>Thu Apr 30 19:24:30 2020</timestamp>
</msg>
<msg id="195" tool="mc">
  <type>HEARTBEAT</type>
  <arg>25700,23568,7672</arg>
  <arg>0,1,1</arg>
  <arg>7771711,0,0</arg>
  <severity>INFO</severity>
  <timestamp>Thu Apr 30 19:24:31 2020</timestamp>
</msg>
<msg id="196" tool="mc">
  <type>HEARTBEAT</type>
  <arg>25700,23568,7672</arg>
  <arg>0,1,1</arg>
  <arg>7802847,0,0</arg>
  <severity>INFO</severity>
  <timestamp>Thu Apr 30 19:24:32 2020</timestamp>
</msg>
<msg id="197" tool="mc">
  <type>HEARTBEAT</type>
  <arg>25700,23568,7672</arg>
  <arg>0,1,1</arg>
  <arg>7763196,0,0</arg>
  <severity>INFO</severity>
  <timestamp>Thu Apr 30 19:24:33 2020</timestamp>
</msg>
<msg id="198" tool="mc">
  <type>HEARTBEAT</type>
  <arg>25700,23568,7672</arg>
  <arg>0,1,1</arg>
  <arg>7615528,0,0</arg>
  <severity>INFO</severity>
  <timestamp>Thu Apr 30 19:24:34 2020</timestamp>
</msg>
<msg id="199" tool="mc">
  <type>HEARTBEAT</type>
  <arg>25700,23568,7672</arg>
  <arg>0,1,1</arg>
  <arg>7698258,0,0</arg>
  <severity>INFO</severity>
  <timestamp>Thu Apr 30 19:24:35 2020</timestamp>
</msg>
<msg id="200" tool="mc">
  <type>HEARTBEAT</type>
  <arg>25700,23568,7672</arg>
  <arg>0,1,1</arg>
  <arg>7710589,0,0</arg>
  <severity>INFO</severity>
  <timestamp>Thu Apr 30 19:24:36 2020</timestamp>
</msg>
<msg id="201" tool="mc">
  <type>HEARTBEAT</type>
  <arg>25700,23568,7672</arg>
  <arg>0,1,1</arg>
  <arg>7703670,0,0</arg>
  <severity>INFO</severity>
  <timestamp>Thu Apr 30 19:24:37 2020</timestamp>
</msg>
<msg id="202" tool="mc">
  <type>HEARTBEAT</type>
  <arg>25700,23568,7672</arg>
  <arg>0,1,1</arg>
  <arg>7343881,0,0</arg>
  <severity>INFO</severity>
  <timestamp>Thu Apr 30 19:24:38 2020</timestamp>
</msg>
<msg id="203" tool="mc">
  <type>HEARTBEAT</type>
  <arg>25700,23568,7672</arg>
  <arg>0,1,1</arg>
  <arg>7675127,0,0</arg>
  <severity>INFO</severity>
  <timestamp>Thu Apr 30 19:24:39 2020</timestamp>
</msg>
<msg id="204" tool="mc">
  <type>HEARTBEAT</type>
  <arg>25700,23568,7672</arg>
  <arg>0,1,1</arg>
  <arg>7684191,0,0</arg>
  <severity>INFO</severity>
  <timestamp>Thu Apr 30 19:24:40 2020</timestamp>
</msg>
<msg id="205" tool="mc">
  <type>HEARTBEAT</type>
  <arg>25700,23568,7672</arg>
  <arg>0,1,1</arg>
  <arg>7740973,0,0</arg>
  <severity>INFO</severity>
  <timestamp>Thu Apr 30 19:24:41 2020</timestamp>
</msg>
<msg id="206" tool="mc">
  <type>HEARTBEAT</type>
  <arg>25700,23568,7672</arg>
  <arg>0,1,1</arg>
  <arg>7658284,0,0</arg>
  <severity>INFO</severity>
  <timestamp>Thu Apr 30 19:24:42 2020</timestamp>
</msg>
<msg id="207" tool="mc">
  <type>HEARTBEAT</type>
  <arg>25700,23568,7672</arg>
  <arg>0,1,1</arg>
  <arg>7729420,0,0</arg>
  <severity>INFO</severity>
  <timestamp>Thu Apr 30 19:24:43 2020</timestamp>
</msg>
<msg id="208" tool="mc">
  <type>HEARTBEAT</type>
  <arg>25700,23568,7672</arg>
  <arg>0,1,1</arg>
  <arg>7688966,0,0</arg>
  <severity>INFO</severity>
  <timestamp>Thu Apr 30 19:24:44 2020</timestamp>
</msg>
<msg id="209" tool="mc">
  <type>HEARTBEAT</type>
  <arg>25700,23568,7672</arg>
  <arg>0,1,1</arg>
  <arg>7689028,0,0</arg>
  <severity>INFO</severity>
  <timestamp>Thu Apr 30 19:24:45 2020</timestamp>
</msg>
<msg id="210" tool="mc">
  <type>HEARTBEAT</type>
  <arg>25700,23568,7672</arg>
  <arg>0,1,1</arg>
  <arg>7619786,0,0</arg>
  <severity>INFO</severity>
  <timestamp>Thu Apr 30 19:24:46 2020</timestamp>
</msg>
<msg id="211" tool="mc">
  <type>HEARTBEAT</type>
  <arg>25700,23568,7672</arg>
  <arg>0,1,1</arg>
  <arg>7691538,0,0</arg>
  <severity>INFO</severity>
  <timestamp>Thu Apr 30 19:24:47 2020</timestamp>
</msg>
<msg id="212" tool="mc">
  <type>HEARTBEAT</type>
  <arg>25700,23568,7672</arg>
  <arg>0,1,1</arg>
  <arg>7680319,0,0</arg>
  <severity>INFO</severity>
  <timestamp>Thu Apr 30 19:24:48 2020</timestamp>
</msg>
<msg id="213" tool="mc">
  <type>HEARTBEAT</type>
  <arg>25700,23568,7672</arg>
  <arg>0,1,1</arg>
  <arg>7717330,0,0</arg>
  <severity>INFO</severity>
  <timestamp>Thu Apr 30 19:24:49 2020</timestamp>
</msg>
<msg id="214" tool="mc">
  <type>HEARTBEAT</type>
  <arg>25700,23568,7672</arg>
  <arg>0,1,1</arg>
  <arg>7761940,0,0</arg>
  <severity>INFO</severity>
  <timestamp>Thu Apr 30 19:24:50 2020</timestamp>
</msg>
<msg id="215" tool="mc">
  <type>HEARTBEAT</type>
  <arg>25700,23568,7672</arg>
  <arg>0,1,1</arg>
  <arg>7737269,0,0</arg>
  <severity>INFO</severity>
  <timestamp>Thu Apr 30 19:24:51 2020</timestamp>
</msg>
<msg id="216" tool="mc">
  <type>HEARTBEAT</type>
  <arg>25700,23568,7672</arg>
  <arg>0,1,1</arg>
  <arg>7774739,0,0</arg>
  <severity>INFO</severity>
  <timestamp>Thu Apr 30 19:24:52 2020</timestamp>
</msg>
<msg id="217" tool="mc">
  <type>HEARTBEAT</type>
  <arg>25700,23568,7672</arg>
  <arg>0,1,1</arg>
  <arg>7723153,0,0</arg>
  <severity>INFO</severity>
  <timestamp>Thu Apr 30 19:24:53 2020</timestamp>
</msg>
<msg id="218" tool="mc">
  <type>HEARTBEAT</type>
  <arg>25700,23568,7672</arg>
  <arg>0,1,1</arg>
  <arg>7628601,0,0</arg>
  <severity>INFO</severity>
  <timestamp>Thu Apr 30 19:24:54 2020</timestamp>
</msg>
<msg id="219" tool="mc">
  <type>HEARTBEAT</type>
  <arg>25700,23568,7672</arg>
  <arg>0,1,1</arg>
  <arg>7687465,0,0</arg>
  <severity>INFO</severity>
  <timestamp>Thu Apr 30 19:24:55 2020</timestamp>
</msg>
<msg id="220" tool="mc">
  <type>HEARTBEAT</type>
  <arg>25700,23568,7672</arg>
  <arg>0,1,1</arg>
  <arg>6744322,0,0</arg>
  <severity>INFO</severity>
  <timestamp>Thu Apr 30 19:24:56 2020</timestamp>
</msg>
<msg id="221" tool="mc">
  <type>HEARTBEAT</type>
  <arg>25700,23568,7672</arg>
  <arg>0,1,1</arg>
  <arg>5920637,0,0</arg>
  <severity>INFO</severity>
  <timestamp>Thu Apr 30 19:24:57 2020</timestamp>
</msg>
<msg id="222" tool="mc">
  <type>HEARTBEAT</type>
  <arg>25700,23568,7672</arg>
  <arg>0,1,1</arg>
  <arg>7411816,0,0</arg>
  <severity>INFO</severity>
  <timestamp>Thu Apr 30 19:24:58 2020</timestamp>
</msg>
<msg id="223" tool="mc">
  <type>HEARTBEAT</type>
  <arg>25700,23568,7672</arg>
  <arg>0,1,1</arg>
  <arg>7627967,0,0</arg>
  <severity>INFO</severity>
  <timestamp>Thu Apr 30 19:24:59 2020</timestamp>
</msg>
<msg id="224" tool="mc">
  <type>HEARTBEAT</type>
  <arg>25700,23568,7672</arg>
  <arg>0,1,1</arg>
  <arg>6541960,0,0</arg>
  <severity>INFO</severity>
  <timestamp>Thu Apr 30 19:25:00 2020</timestamp>
</msg>
<msg id="225" tool="mc">
  <type>HEARTBEAT</type>
  <arg>25700,23568,7672</arg>
  <arg>0,1,1</arg>
  <arg>5850577,0,0</arg>
  <severity>INFO</severity>
  <timestamp>Thu Apr 30 19:25:01 2020</timestamp>
</msg>
<msg id="226" tool="mc">
  <type>HEARTBEAT</type>
  <arg>25700,23568,7672</arg>
  <arg>0,1,1</arg>
  <arg>7810972,0,0</arg>
  <severity>INFO</severity>
  <timestamp>Thu Apr 30 19:25:02 2020</timestamp>
</msg>
<msg id="227" tool="mc">
  <type>HEARTBEAT</type>
  <arg>25700,23568,7672</arg>
  <arg>0,1,1</arg>
  <arg>7815832,0,0</arg>
  <severity>INFO</severity>
  <timestamp>Thu Apr 30 19:25:03 2020</timestamp>
</msg>
<msg id="228" tool="mc">
  <type>HEARTBEAT</type>
  <arg>25700,23568,7672</arg>
  <arg>0,1,1</arg>
  <arg>7795694,0,0</arg>
  <severity>INFO</severity>
  <timestamp>Thu Apr 30 19:25:04 2020</timestamp>
</msg>
<msg id="229" tool="mc">
  <type>HEARTBEAT</type>
  <arg>25700</arg>
  <arg>0</arg>
  <arg>7809124</arg>
  <severity>INFO</severity>
  <timestamp>Thu Apr 30 19:25:05 2020</timestamp>
</msg>
<msg id="230" tool="mc">
  <type>HEARTBEAT</type>
  <arg>25700</arg>
  <arg>0</arg>
  <arg>7808121</arg>
  <severity>INFO</severity>
  <timestamp>Thu Apr 30 19:25:06 2020</timestamp>
</msg>
<msg id="231" tool="mc">
  <type>HEARTBEAT</type>
  <arg>25700</arg>
  <arg>0</arg>
  <arg>7813423</arg>
  <severity>INFO</severity>
  <timestamp>Thu Apr 30 19:25:07 2020</timestamp>
</msg>
<msg id="232" tool="mc">
  <type>HEARTBEAT</type>
  <arg>25700</arg>
  <arg>0</arg>
  <arg>7732717</arg>
  <severity>INFO</severity>
  <timestamp>Thu Apr 30 19:25:08 2020</timestamp>
</msg>
<msg id="233" tool="mc">
  <type>HEARTBEAT</type>
  <arg>25700</arg>
  <arg>0</arg>
  <arg>7818455</arg>
  <severity>INFO</severity>
  <timestamp>Thu Apr 30 19:25:09 2020</timestamp>
</msg>
<msg id="234" tool="mc">
  <type>HEARTBEAT</type>
  <arg>25700</arg>
  <arg>0</arg>
  <arg>7830850</arg>
  <severity>INFO</severity>
  <timestamp>Thu Apr 30 19:25:10 2020</timestamp>
</msg>
<msg id="235" tool="mc">
  <type>HEARTBEAT</type>
  <arg>25700</arg>
  <arg>0</arg>
  <arg>7880609</arg>
  <severity>INFO</severity>
  <timestamp>Thu Apr 30 19:25:11 2020</timestamp>
</msg>
<msg id="236" tool="mc">
  <type>HEARTBEAT</type>
  <arg>25700</arg>
  <arg>0</arg>
  <arg>7830369</arg>
  <severity>INFO</severity>
  <timestamp>Thu Apr 30 19:25:12 2020</timestamp>
</msg>
<msg id="237" tool="mc">
  <type>HEARTBEAT</type>
  <arg>25700</arg>
  <arg>0</arg>
  <arg>7814751</arg>
  <severity>INFO</severity>
  <timestamp>Thu Apr 30 19:25:13 2020</timestamp>
</msg>
<msg id="238" tool="mc">
  <type>HEARTBEAT</type>
  <arg>25700</arg>
  <arg>0</arg>
  <arg>7879312</arg>
  <severity>INFO</severity>
  <timestamp>Thu Apr 30 19:25:14 2020</timestamp>
</msg>
<msg id="239" tool="mc">
  <type>HEARTBEAT</type>
  <arg>25700</arg>
  <arg>0</arg>
  <arg>7855414</arg>
  <severity>INFO</severity>
  <timestamp>Thu Apr 30 19:25:15 2020</timestamp>
</msg>
<msg id="240" tool="mc">
  <type>HEARTBEAT</type>
  <arg>25700</arg>
  <arg>0</arg>
  <arg>7836766</arg>
  <severity>INFO</severity>
  <timestamp>Thu Apr 30 19:25:16 2020</timestamp>
</msg>
<msg id="241" tool="mc">
  <type>HEARTBEAT</type>
  <arg>25700</arg>
  <arg>0</arg>
  <arg>7792953</arg>
  <severity>INFO</severity>
  <timestamp>Thu Apr 30 19:25:17 2020</timestamp>
</msg>
<msg id="242" tool="mc">
  <type>HEARTBEAT</type>
  <arg>25700</arg>
  <arg>0</arg>
  <arg>7825128</arg>
  <severity>INFO</severity>
  <timestamp>Thu Apr 30 19:25:18 2020</timestamp>
</msg>
<msg id="243" tool="mc">
  <type>HEARTBEAT</type>
  <arg>25700</arg>
  <arg>0</arg>
  <arg>7811129</arg>
  <severity>INFO</severity>
  <timestamp>Thu Apr 30 19:25:19 2020</timestamp>
</msg>
<msg id="244" tool="mc">
  <type>HEARTBEAT</type>
  <arg>25700</arg>
  <arg>0</arg>
  <arg>7827850</arg>
  <severity>INFO</severity>
  <timestamp>Thu Apr 30 19:25:20 2020</timestamp>
</msg>
<msg id="245" tool="mc">
  <type>HEARTBEAT</type>
  <arg>25700</arg>
  <arg>0</arg>
  <arg>7670584</arg>
  <severity>INFO</severity>
  <timestamp>Thu Apr 30 19:25:21 2020</timestamp>
</msg>
<msg id="246" tool="mc">
  <type>HEARTBEAT</type>
  <arg>25700</arg>
  <arg>0</arg>
  <arg>7763141</arg>
  <severity>INFO</severity>
  <timestamp>Thu Apr 30 19:25:22 2020</timestamp>
</msg>
<msg id="247" tool="mc">
  <type>HEARTBEAT</type>
  <arg>25700</arg>
  <arg>0</arg>
  <arg>7684577</arg>
  <severity>INFO</severity>
  <timestamp>Thu Apr 30 19:25:23 2020</timestamp>
</msg>
<msg id="248" tool="mc">
  <type>HEARTBEAT</type>
  <arg>25700</arg>
  <arg>0</arg>
  <arg>7659899</arg>
  <severity>INFO</severity>
  <timestamp>Thu Apr 30 19:25:24 2020</timestamp>
</msg>
<msg id="249" tool="mc">
  <type>HEARTBEAT</type>
  <arg>25700</arg>
  <arg>0</arg>
  <arg>7843034</arg>
  <severity>INFO</severity>
  <timestamp>Thu Apr 30 19:25:25 2020</timestamp>
</msg>
<msg id="250" tool="mc">
  <type>HEARTBEAT</type>
  <arg>25700</arg>
  <arg>0</arg>
  <arg>7302311</arg>
  <severity>INFO</severity>
  <timestamp>Thu Apr 30 19:25:26 2020</timestamp>
</msg>
<msg id="251" tool="mc">
  <type>HEARTBEAT</type>
  <arg>25700</arg>
  <arg>0</arg>
  <arg>6994793</arg>
  <severity>INFO</severity>
  <timestamp>Thu Apr 30 19:25:27 2020</timestamp>
</msg>
<msg id="252" tool="mc">
  <type>HEARTBEAT</type>
  <arg>25700</arg>
  <arg>0</arg>
  <arg>7262034</arg>
  <severity>INFO</severity>
  <timestamp>Thu Apr 30 19:25:28 2020</timestamp>
</msg>
<msg id="253" tool="mc">
  <type>HEARTBEAT</type>
  <arg>25700</arg>
  <arg>0</arg>
  <arg>7302417</arg>
  <severity>INFO</severity>
  <timestamp>Thu Apr 30 19:25:29 2020</timestamp>
</msg>
<msg id="254" tool="mc">
  <type>HEARTBEAT</type>
  <arg>25700</arg>
  <arg>0</arg>
  <arg>7522797</arg>
  <severity>INFO</severity>
  <timestamp>Thu Apr 30 19:25:30 2020</timestamp>
</msg>
<msg id="255" tool="mc">
  <type>HEARTBEAT</type>
  <arg>25700</arg>
  <arg>0</arg>
  <arg>7450170</arg>
  <severity>INFO</severity>
  <timestamp>Thu Apr 30 19:25:31 2020</timestamp>
</msg>
<msg id="256" tool="mc">
  <type>HEARTBEAT</type>
  <arg>25700</arg>
  <arg>0</arg>
  <arg>6912977</arg>
  <severity>INFO</severity>
  <timestamp>Thu Apr 30 19:25:32 2020</timestamp>
</msg>
<msg id="257" tool="mc">
  <type>HEARTBEAT</type>
  <arg>25700</arg>
  <arg>0</arg>
  <arg>7534793</arg>
  <severity>INFO</severity>
  <timestamp>Thu Apr 30 19:25:33 2020</timestamp>
</msg>
<msg id="258" tool="mc">
  <type>HEARTBEAT</type>
  <arg>25700</arg>
  <arg>0</arg>
  <arg>7614324</arg>
  <severity>INFO</severity>
  <timestamp>Thu Apr 30 19:25:34 2020</timestamp>
</msg>
<msg id="259" tool="mc">
  <type>HEARTBEAT</type>
  <arg>25700</arg>
  <arg>0</arg>
  <arg>7537699</arg>
  <severity>INFO</severity>
  <timestamp>Thu Apr 30 19:25:35 2020</timestamp>
</msg>
<msg id="260" tool="mc">
  <type>HEARTBEAT</type>
  <arg>25700</arg>
  <arg>0</arg>
  <arg>7587320</arg>
  <severity>INFO</severity>
  <timestamp>Thu Apr 30 19:25:36 2020</timestamp>
</msg>
<msg id="261" tool="mc">
  <type>HEARTBEAT</type>
  <arg>25700</arg>
  <arg>0</arg>
  <arg>7453752</arg>
  <severity>INFO</severity>
  <timestamp>Thu Apr 30 19:25:37 2020</timestamp>
</msg>
<msg id="262" tool="mc">
  <type>HEARTBEAT</type>
  <arg>25700</arg>
  <arg>0</arg>
  <arg>7430509</arg>
  <severity>INFO</severity>
  <timestamp>Thu Apr 30 19:25:38 2020</timestamp>
</msg>
<msg id="263" tool="mc">
  <type>HEARTBEAT</type>
  <arg>25700</arg>
  <arg>0</arg>
  <arg>6635572</arg>
  <severity>INFO</severity>
  <timestamp>Thu Apr 30 19:25:39 2020</timestamp>
</msg>
<msg id="264" tool="mc">
  <type>HEARTBEAT</type>
  <arg>25700</arg>
  <arg>0</arg>
  <arg>7083646</arg>
  <severity>INFO</severity>
  <timestamp>Thu Apr 30 19:25:40 2020</timestamp>
</msg>
<msg id="265" tool="mc">
  <type>HEARTBEAT</type>
  <arg>25700</arg>
  <arg>0</arg>
  <arg>7369307</arg>
  <severity>INFO</severity>
  <timestamp>Thu Apr 30 19:25:41 2020</timestamp>
</msg>
<msg id="266" tool="mc">
  <type>HEARTBEAT</type>
  <arg>25700</arg>
  <arg>0</arg>
  <arg>7347417</arg>
  <severity>INFO</severity>
  <timestamp>Thu Apr 30 19:25:42 2020</timestamp>
</msg>
<msg id="267" tool="mc">
  <type>HEARTBEAT</type>
  <arg>25700</arg>
  <arg>0</arg>
  <arg>7343800</arg>
  <severity>INFO</severity>
  <timestamp>Thu Apr 30 19:25:43 2020</timestamp>
</msg>
<msg id="268" tool="mc">
  <type>HEARTBEAT</type>
  <arg>25700</arg>
  <arg>0</arg>
  <arg>6338292</arg>
  <severity>INFO</severity>
  <timestamp>Thu Apr 30 19:25:44 2020</timestamp>
</msg>
<msg id="269" tool="mc">
  <type>HEARTBEAT</type>
  <arg>25700</arg>
  <arg>0</arg>
  <arg>6685844</arg>
  <severity>INFO</severity>
  <timestamp>Thu Apr 30 19:25:45 2020</timestamp>
</msg>
<msg id="270" tool="mc">
  <type>HEARTBEAT</type>
  <arg>25700</arg>
  <arg>0</arg>
  <arg>6145632</arg>
  <severity>INFO</severity>
  <timestamp>Thu Apr 30 19:25:46 2020</timestamp>
</msg>
<msg id="271" tool="mc">
  <type>HEARTBEAT</type>
  <arg>25700</arg>
  <arg>0</arg>
  <arg>6468259</arg>
  <severity>INFO</severity>
  <timestamp>Thu Apr 30 19:25:47 2020</timestamp>
</msg>
<msg id="272" tool="mc">
  <type>HEARTBEAT</type>
  <arg>25700</arg>
  <arg>0</arg>
  <arg>7445671</arg>
  <severity>INFO</severity>
  <timestamp>Thu Apr 30 19:25:48 2020</timestamp>
</msg>
<msg id="273" tool="mc">
  <type>HEARTBEAT</type>
  <arg>25700</arg>
  <arg>0</arg>
  <arg>7569969</arg>
  <severity>INFO</severity>
  <timestamp>Thu Apr 30 19:25:49 2020</timestamp>
</msg>
<msg id="274" tool="mc">
  <type>HEARTBEAT</type>
  <arg>25700</arg>
  <arg>0</arg>
  <arg>7587365</arg>
  <severity>INFO</severity>
  <timestamp>Thu Apr 30 19:25:50 2020</timestamp>
</msg>
<msg id="275" tool="mc">
  <type>HEARTBEAT</type>
  <arg>25700</arg>
  <arg>0</arg>
  <arg>7111622</arg>
  <severity>INFO</severity>
  <timestamp>Thu Apr 30 19:25:51 2020</timestamp>
</msg>
<msg id="276" tool="mc">
  <type>HEARTBEAT</type>
  <arg>25700</arg>
  <arg>0</arg>
  <arg>7265615</arg>
  <severity>INFO</severity>
  <timestamp>Thu Apr 30 19:25:52 2020</timestamp>
</msg>
<msg id="277" tool="mc">
  <type>HEARTBEAT</type>
  <arg>25700</arg>
  <arg>0</arg>
  <arg>6686486</arg>
  <severity>INFO</severity>
  <timestamp>Thu Apr 30 19:25:53 2020</timestamp>
</msg>
<msg id="278" tool="mc">
  <type>HEARTBEAT</type>
  <arg>25700</arg>
  <arg>0</arg>
  <arg>7430373</arg>
  <severity>INFO</severity>
  <timestamp>Thu Apr 30 19:25:54 2020</timestamp>
</msg>
<msg id="279" tool="mc">
  <type>HEARTBEAT</type>
  <arg>25700</arg>
  <arg>0</arg>
  <arg>7605494</arg>
  <severity>INFO</severity>
  <timestamp>Thu Apr 30 19:25:55 2020</timestamp>
</msg>
<msg id="280" tool="mc">
  <type>HEARTBEAT</type>
  <arg>25700</arg>
  <arg>0</arg>
  <arg>7644598</arg>
  <severity>INFO</severity>
  <timestamp>Thu Apr 30 19:25:56 2020</timestamp>
</msg>
<msg id="281" tool="mc">
  <type>HEARTBEAT</type>
  <arg>25700</arg>
  <arg>0</arg>
  <arg>7459144</arg>
  <severity>INFO</severity>
  <timestamp>Thu Apr 30 19:25:57 2020</timestamp>
</msg>
<msg id="282" tool="mc">
  <type>HEARTBEAT</type>
  <arg>25700</arg>
  <arg>0</arg>
  <arg>7580753</arg>
  <severity>INFO</severity>
  <timestamp>Thu Apr 30 19:25:58 2020</timestamp>
</msg>
<msg id="283" tool="mc">
  <type>HEARTBEAT</type>
  <arg>25700</arg>
  <arg>0</arg>
  <arg>7348985</arg>
  <severity>INFO</severity>
  <timestamp>Thu Apr 30 19:25:59 2020</timestamp>
</msg>
<msg id="284" tool="mc">
  <type>HEARTBEAT</type>
  <arg>25700</arg>
  <arg>0</arg>
  <arg>7253699</arg>
  <severity>INFO</severity>
  <timestamp>Thu Apr 30 19:26:00 2020</timestamp>
</msg>
<msg id="285" tool="mc">
  <type>HEARTBEAT</type>
  <arg>25700</arg>
  <arg>0</arg>
  <arg>7571609</arg>
  <severity>INFO</severity>
  <timestamp>Thu Apr 30 19:26:01 2020</timestamp>
</msg>
<msg id="286" tool="mc">
  <type>HEARTBEAT</type>
  <arg>25700</arg>
  <arg>0</arg>
  <arg>7610673</arg>
  <severity>INFO</severity>
  <timestamp>Thu Apr 30 19:26:02 2020</timestamp>
</msg>
<msg id="287" tool="mc">
  <type>HEARTBEAT</type>
  <arg>25700</arg>
  <arg>0</arg>
  <arg>7632427</arg>
  <severity>INFO</severity>
  <timestamp>Thu Apr 30 19:26:03 2020</timestamp>
</msg>
<msg id="288" tool="mc">
  <type>HEARTBEAT</type>
  <arg>25700</arg>
  <arg>0</arg>
  <arg>7575003</arg>
  <severity>INFO</severity>
  <timestamp>Thu Apr 30 19:26:04 2020</timestamp>
</msg>
<msg id="289" tool="mc">
  <type>HEARTBEAT</type>
  <arg>25700</arg>
  <arg>0</arg>
  <arg>7624242</arg>
  <severity>INFO</severity>
  <timestamp>Thu Apr 30 19:26:05 2020</timestamp>
</msg>
<msg id="290" tool="mc">
  <type>HEARTBEAT</type>
  <arg>25700</arg>
  <arg>0</arg>
  <arg>7443766</arg>
  <severity>INFO</severity>
  <timestamp>Thu Apr 30 19:26:06 2020</timestamp>
</msg>
<msg id="291" tool="mc">
  <type>HEARTBEAT</type>
  <arg>25700</arg>
  <arg>0</arg>
  <arg>7555960</arg>
  <severity>INFO</severity>
  <timestamp>Thu Apr 30 19:26:07 2020</timestamp>
</msg>
<msg id="292" tool="mc">
  <type>HEARTBEAT</type>
  <arg>25700</arg>
  <arg>0</arg>
  <arg>7569638</arg>
  <severity>INFO</severity>
  <timestamp>Thu Apr 30 19:26:08 2020</timestamp>
</msg>
<msg id="293" tool="mc">
  <type>HEARTBEAT</type>
  <arg>25700</arg>
  <arg>0</arg>
  <arg>7472287</arg>
  <severity>INFO</severity>
  <timestamp>Thu Apr 30 19:26:09 2020</timestamp>
</msg>
<msg id="294" tool="mc">
  <type>HEARTBEAT</type>
  <arg>25700</arg>
  <arg>0</arg>
  <arg>7593390</arg>
  <severity>INFO</severity>
  <timestamp>Thu Apr 30 19:26:10 2020</timestamp>
</msg>
<msg id="295" tool="mc">
  <type>HEARTBEAT</type>
  <arg>25700</arg>
  <arg>0</arg>
  <arg>7579222</arg>
  <severity>INFO</severity>
  <timestamp>Thu Apr 30 19:26:11 2020</timestamp>
</msg>
<msg id="296" tool="mc">
  <type>HEARTBEAT</type>
  <arg>25700</arg>
  <arg>0</arg>
  <arg>7462630</arg>
  <severity>INFO</severity>
  <timestamp>Thu Apr 30 19:26:12 2020</timestamp>
</msg>
<msg id="297" tool="mc">
  <type>HEARTBEAT</type>
  <arg>25700</arg>
  <arg>0</arg>
  <arg>7511924</arg>
  <severity>INFO</severity>
  <timestamp>Thu Apr 30 19:26:13 2020</timestamp>
</msg>
<msg id="298" tool="mc">
  <type>HEARTBEAT</type>
  <arg>25700</arg>
  <arg>0</arg>
  <arg>7374205</arg>
  <severity>INFO</severity>
  <timestamp>Thu Apr 30 19:26:14 2020</timestamp>
</msg>
<msg id="299" tool="mc">
  <type>HEARTBEAT</type>
  <arg>25700</arg>
  <arg>0</arg>
  <arg>6578910</arg>
  <severity>INFO</severity>
  <timestamp>Thu Apr 30 19:26:15 2020</timestamp>
</msg>
<msg id="300" tool="mc">
  <type>HEARTBEAT</type>
  <arg>25700</arg>
  <arg>0</arg>
  <arg>7167383</arg>
  <severity>INFO</severity>
  <timestamp>Thu Apr 30 19:26:16 2020</timestamp>
</msg>
<msg id="301" tool="mc">
  <type>HEARTBEAT</type>
  <arg>25700</arg>
  <arg>0</arg>
  <arg>7065064</arg>
  <severity>INFO</severity>
  <timestamp>Thu Apr 30 19:26:17 2020</timestamp>
</msg>
<msg id="302" tool="mc">
  <type>HEARTBEAT</type>
  <arg>25700</arg>
  <arg>0</arg>
  <arg>6796830</arg>
  <severity>INFO</severity>
  <timestamp>Thu Apr 30 19:26:18 2020</timestamp>
</msg>
<msg id="303" tool="mc">
  <type>HEARTBEAT</type>
  <arg>25700</arg>
  <arg>0</arg>
  <arg>6510753</arg>
  <severity>INFO</severity>
  <timestamp>Thu Apr 30 19:26:19 2020</timestamp>
</msg>
<msg id="304" tool="mc">
  <type>HEARTBEAT</type>
  <arg>25700</arg>
  <arg>0</arg>
  <arg>6359173</arg>
  <severity>INFO</severity>
  <timestamp>Thu Apr 30 19:26:20 2020</timestamp>
</msg>
<msg id="305" tool="mc">
  <type>HEARTBEAT</type>
  <arg>25700</arg>
  <arg>0</arg>
  <arg>6763916</arg>
  <severity>INFO</severity>
  <timestamp>Thu Apr 30 19:26:21 2020</timestamp>
</msg>
<msg id="306" tool="mc">
  <type>HEARTBEAT</type>
  <arg>25700</arg>
  <arg>0</arg>
  <arg>7472019</arg>
  <severity>INFO</severity>
  <timestamp>Thu Apr 30 19:26:22 2020</timestamp>
</msg>
<msg id="307" tool="mc">
  <type>HEARTBEAT</type>
  <arg>25700</arg>
  <arg>0</arg>
  <arg>7747532</arg>
  <severity>INFO</severity>
  <timestamp>Thu Apr 30 19:26:23 2020</timestamp>
</msg>
<msg id="308" tool="mc">
  <type>HEARTBEAT</type>
  <arg>25700</arg>
  <arg>0</arg>
  <arg>7365634</arg>
  <severity>INFO</severity>
  <timestamp>Thu Apr 30 19:26:24 2020</timestamp>
</msg>
<msg id="309" tool="mc">
  <type>HEARTBEAT</type>
  <arg>25700</arg>
  <arg>0</arg>
  <arg>7412549</arg>
  <severity>INFO</severity>
  <timestamp>Thu Apr 30 19:26:25 2020</timestamp>
</msg>
<msg id="310" tool="mc">
  <type>HEARTBEAT</type>
  <arg>25700</arg>
  <arg>0</arg>
  <arg>6995739</arg>
  <severity>INFO</severity>
  <timestamp>Thu Apr 30 19:26:26 2020</timestamp>
</msg>
<msg id="311" tool="mc">
  <type>HEARTBEAT</type>
  <arg>25700</arg>
  <arg>0</arg>
  <arg>7619620</arg>
  <severity>INFO</severity>
  <timestamp>Thu Apr 30 19:26:27 2020</timestamp>
</msg>
<msg id="312" tool="mc">
  <type>HEARTBEAT</type>
  <arg>25700</arg>
  <arg>0</arg>
  <arg>7612851</arg>
  <severity>INFO</severity>
  <timestamp>Thu Apr 30 19:26:28 2020</timestamp>
</msg>
<msg id="313" tool="mc">
  <type>HEARTBEAT</type>
  <arg>25700</arg>
  <arg>0</arg>
  <arg>7593946</arg>
  <severity>INFO</severity>
  <timestamp>Thu Apr 30 19:26:29 2020</timestamp>
</msg>
<msg id="314" tool="mc">
  <type>HEARTBEAT</type>
  <arg>25700</arg>
  <arg>0</arg>
  <arg>7693790</arg>
  <severity>INFO</severity>
  <timestamp>Thu Apr 30 19:26:30 2020</timestamp>
</msg>
<msg id="315" tool="mc">
  <type>HEARTBEAT</type>
  <arg>25700</arg>
  <arg>0</arg>
  <arg>7648469</arg>
  <severity>INFO</severity>
  <timestamp>Thu Apr 30 19:26:31 2020</timestamp>
</msg>
<msg id="316" tool="mc">
  <type>HEARTBEAT</type>
  <arg>25700</arg>
  <arg>0</arg>
  <arg>7697253</arg>
  <severity>INFO</severity>
  <timestamp>Thu Apr 30 19:26:32 2020</timestamp>
</msg>
<msg id="317" tool="mc">
  <type>HEARTBEAT</type>
  <arg>25700</arg>
  <arg>0</arg>
  <arg>7631994</arg>
  <severity>INFO</severity>
  <timestamp>Thu Apr 30 19:26:33 2020</timestamp>
</msg>
<msg id="318" tool="mc">
  <type>HEARTBEAT</type>
  <arg>25700</arg>
  <arg>0</arg>
  <arg>7630116</arg>
  <severity>INFO</severity>
  <timestamp>Thu Apr 30 19:26:34 2020</timestamp>
</msg>
<msg id="319" tool="mc">
  <type>HEARTBEAT</type>
  <arg>25700</arg>
  <arg>0</arg>
  <arg>7410521</arg>
  <severity>INFO</severity>
  <timestamp>Thu Apr 30 19:26:35 2020</timestamp>
</msg>
<msg id="320" tool="mc">
  <type>HEARTBEAT</type>
  <arg>25700</arg>
  <arg>0</arg>
  <arg>7699378</arg>
  <severity>INFO</severity>
  <timestamp>Thu Apr 30 19:26:36 2020</timestamp>
</msg>
<msg id="321" tool="mc">
  <type>HEARTBEAT</type>
  <arg>25700</arg>
  <arg>0</arg>
  <arg>7453353</arg>
  <severity>INFO</severity>
  <timestamp>Thu Apr 30 19:26:37 2020</timestamp>
</msg>
<msg id="322" tool="mc">
  <type>HEARTBEAT</type>
  <arg>25700</arg>
  <arg>0</arg>
  <arg>5460672</arg>
  <severity>INFO</severity>
  <timestamp>Thu Apr 30 19:26:38 2020</timestamp>
</msg>
<msg id="323" tool="mc">
  <type>HEARTBEAT</type>
  <arg>25700</arg>
  <arg>0</arg>
  <arg>5827030</arg>
  <severity>INFO</severity>
  <timestamp>Thu Apr 30 19:26:39 2020</timestamp>
</msg>
<msg id="324" tool="mc">
  <type>HEARTBEAT</type>
  <arg>25700</arg>
  <arg>0</arg>
  <arg>5695389</arg>
  <severity>INFO</severity>
  <timestamp>Thu Apr 30 19:26:40 2020</timestamp>
</msg>
<msg id="325" tool="mc">
  <type>HEARTBEAT</type>
  <arg>25700</arg>
  <arg>0</arg>
  <arg>5778081</arg>
  <severity>INFO</severity>
  <timestamp>Thu Apr 30 19:26:41 2020</timestamp>
</msg>
<msg id="326" tool="mc">
  <type>HEARTBEAT</type>
  <arg>25700</arg>
  <arg>0</arg>
  <arg>5711558</arg>
  <severity>INFO</severity>
  <timestamp>Thu Apr 30 19:26:42 2020</timestamp>
</msg>
<msg id="327" tool="mc">
  <type>HEARTBEAT</type>
  <arg>25700</arg>
  <arg>0</arg>
  <arg>6025090</arg>
  <severity>INFO</severity>
  <timestamp>Thu Apr 30 19:26:43 2020</timestamp>
</msg>
<msg id="328" tool="mc">
  <type>HEARTBEAT</type>
  <arg>25700</arg>
  <arg>0</arg>
  <arg>6122726</arg>
  <severity>INFO</severity>
  <timestamp>Thu Apr 30 19:26:44 2020</timestamp>
</msg>
<msg id="329" tool="mc">
  <type>HEARTBEAT</type>
  <arg>25700</arg>
  <arg>0</arg>
  <arg>6038017</arg>
  <severity>INFO</severity>
  <timestamp>Thu Apr 30 19:26:45 2020</timestamp>
</msg>
<msg id="330" tool="mc">
  <type>HEARTBEAT</type>
  <arg>25700</arg>
  <arg>0</arg>
  <arg>5993495</arg>
  <severity>INFO</severity>
  <timestamp>Thu Apr 30 19:26:46 2020</timestamp>
</msg>
<msg id="331" tool="mc">
  <type>HEARTBEAT</type>
  <arg>25700</arg>
  <arg>0</arg>
  <arg>5870342</arg>
  <severity>INFO</severity>
  <timestamp>Thu Apr 30 19:26:47 2020</timestamp>
</msg>
<msg id="332" tool="mc">
  <type>HEARTBEAT</type>
  <arg>25700</arg>
  <arg>0</arg>
  <arg>6120959</arg>
  <severity>INFO</severity>
  <timestamp>Thu Apr 30 19:26:48 2020</timestamp>
</msg>
<msg id="333" tool="mc">
  <type>HEARTBEAT</type>
  <arg>25700</arg>
  <arg>0</arg>
  <arg>6193939</arg>
  <severity>INFO</severity>
  <timestamp>Thu Apr 30 19:26:49 2020</timestamp>
</msg>
<msg id="334" tool="mc">
  <type>HEARTBEAT</type>
  <arg>25700</arg>
  <arg>0</arg>
  <arg>6162475</arg>
  <severity>INFO</severity>
  <timestamp>Thu Apr 30 19:26:50 2020</timestamp>
</msg>
<msg id="335" tool="mc">
  <type>HEARTBEAT</type>
  <arg>25700</arg>
  <arg>0</arg>
  <arg>5879016</arg>
  <severity>INFO</severity>
  <timestamp>Thu Apr 30 19:26:51 2020</timestamp>
</msg>
<msg id="336" tool="mc">
  <type>HEARTBEAT</type>
  <arg>25700</arg>
  <arg>0</arg>
  <arg>5288327</arg>
  <severity>INFO</severity>
  <timestamp>Thu Apr 30 19:26:52 2020</timestamp>
</msg>
<msg id="337" tool="mc">
  <type>HEARTBEAT</type>
  <arg>25700</arg>
  <arg>0</arg>
  <arg>5081238</arg>
  <severity>INFO</severity>
  <timestamp>Thu Apr 30 19:26:53 2020</timestamp>
</msg>
<msg id="338" tool="mc">
  <type>HEARTBEAT</type>
  <arg>25700</arg>
  <arg>0</arg>
  <arg>5391388</arg>
  <severity>INFO</severity>
  <timestamp>Thu Apr 30 19:26:54 2020</timestamp>
</msg>
<msg id="339" tool="mc">
  <type>HEARTBEAT</type>
  <arg>25700</arg>
  <arg>0</arg>
  <arg>5975822</arg>
  <severity>INFO</severity>
  <timestamp>Thu Apr 30 19:26:55 2020</timestamp>
</msg>
<msg id="340" tool="mc">
  <type>HEARTBEAT</type>
  <arg>25700</arg>
  <arg>0</arg>
  <arg>6004977</arg>
  <severity>INFO</severity>
  <timestamp>Thu Apr 30 19:26:56 2020</timestamp>
</msg>
<msg id="341" tool="mc">
  <type>HEARTBEAT</type>
  <arg>25700</arg>
  <arg>0</arg>
  <arg>5953628</arg>
  <severity>INFO</severity>
  <timestamp>Thu Apr 30 19:26:57 2020</timestamp>
</msg>
<msg id="342" tool="mc">
  <type>HEARTBEAT</type>
  <arg>25700</arg>
  <arg>0</arg>
  <arg>6218765</arg>
  <severity>INFO</severity>
  <timestamp>Thu Apr 30 19:26:58 2020</timestamp>
</msg>
<msg id="343" tool="mc">
  <type>HEARTBEAT</type>
  <arg>25700</arg>
  <arg>0</arg>
  <arg>6235597</arg>
  <severity>INFO</severity>
  <timestamp>Thu Apr 30 19:26:59 2020</timestamp>
</msg>
<msg id="344" tool="mc">
  <type>HEARTBEAT</type>
  <arg>25700</arg>
  <arg>0</arg>
  <arg>6147526</arg>
  <severity>INFO</severity>
  <timestamp>Thu Apr 30 19:27:00 2020</timestamp>
</msg>
<msg id="345" tool="mc">
  <type>HEARTBEAT</type>
  <arg>25700</arg>
  <arg>0</arg>
  <arg>6230458</arg>
  <severity>INFO</severity>
  <timestamp>Thu Apr 30 19:27:01 2020</timestamp>
</msg>
<msg id="346" tool="mc">
  <type>HEARTBEAT</type>
  <arg>25700</arg>
  <arg>0</arg>
  <arg>6219997</arg>
  <severity>INFO</severity>
  <timestamp>Thu Apr 30 19:27:02 2020</timestamp>
</msg>
<msg id="347" tool="mc">
  <type>HEARTBEAT</type>
  <arg>25700</arg>
  <arg>0</arg>
  <arg>6169192</arg>
  <severity>INFO</severity>
  <timestamp>Thu Apr 30 19:27:03 2020</timestamp>
</msg>
<msg id="348" tool="mc">
  <type>HEARTBEAT</type>
  <arg>25700</arg>
  <arg>0</arg>
  <arg>6094912</arg>
  <severity>INFO</severity>
  <timestamp>Thu Apr 30 19:27:04 2020</timestamp>
</msg>
<msg id="349" tool="mc">
  <type>HEARTBEAT</type>
  <arg>25700</arg>
  <arg>0</arg>
  <arg>6168822</arg>
  <severity>INFO</severity>
  <timestamp>Thu Apr 30 19:27:05 2020</timestamp>
</msg>
<msg id="350" tool="mc">
  <type>HEARTBEAT</type>
  <arg>25700</arg>
  <arg>0</arg>
  <arg>6190421</arg>
  <severity>INFO</severity>
  <timestamp>Thu Apr 30 19:27:06 2020</timestamp>
</msg>
<msg id="351" tool="mc">
  <type>HEARTBEAT</type>
  <arg>25700</arg>
  <arg>0</arg>
  <arg>6168930</arg>
  <severity>INFO</severity>
  <timestamp>Thu Apr 30 19:27:07 2020</timestamp>
</msg>
<msg id="352" tool="mc">
  <type>HEARTBEAT</type>
  <arg>25700</arg>
  <arg>0</arg>
  <arg>6159272</arg>
  <severity>INFO</severity>
  <timestamp>Thu Apr 30 19:27:08 2020</timestamp>
</msg>
<msg id="353" tool="mc">
  <type>HEARTBEAT</type>
  <arg>25700</arg>
  <arg>0</arg>
  <arg>6113400</arg>
  <severity>INFO</severity>
  <timestamp>Thu Apr 30 19:27:09 2020</timestamp>
</msg>
<msg id="354" tool="mc">
  <type>HEARTBEAT</type>
  <arg>25700</arg>
  <arg>0</arg>
  <arg>6188594</arg>
  <severity>INFO</severity>
  <timestamp>Thu Apr 30 19:27:10 2020</timestamp>
</msg>
<msg id="355" tool="mc">
  <type>HEARTBEAT</type>
  <arg>25700</arg>
  <arg>0</arg>
  <arg>6151871</arg>
  <severity>INFO</severity>
  <timestamp>Thu Apr 30 19:27:11 2020</timestamp>
</msg>
<msg id="356" tool="mc">
  <type>HEARTBEAT</type>
  <arg>25700</arg>
  <arg>0</arg>
  <arg>6215163</arg>
  <severity>INFO</severity>
  <timestamp>Thu Apr 30 19:27:12 2020</timestamp>
</msg>
<msg id="357" tool="mc">
  <type>HEARTBEAT</type>
  <arg>25700</arg>
  <arg>0</arg>
  <arg>6146380</arg>
  <severity>INFO</severity>
  <timestamp>Thu Apr 30 19:27:13 2020</timestamp>
</msg>
<msg id="358" tool="mc">
  <type>HEARTBEAT</type>
  <arg>25700</arg>
  <arg>0</arg>
  <arg>6170013</arg>
  <severity>INFO</severity>
  <timestamp>Thu Apr 30 19:27:14 2020</timestamp>
</msg>
<msg id="359" tool="mc">
  <type>HEARTBEAT</type>
  <arg>25700</arg>
  <arg>0</arg>
  <arg>6174608</arg>
  <severity>INFO</severity>
  <timestamp>Thu Apr 30 19:27:15 2020</timestamp>
</msg>
<msg id="360" tool="mc">
  <type>HEARTBEAT</type>
  <arg>25700</arg>
  <arg>0</arg>
  <arg>6206511</arg>
  <severity>INFO</severity>
  <timestamp>Thu Apr 30 19:27:16 2020</timestamp>
</msg>
<msg id="361" tool="mc">
  <type>HEARTBEAT</type>
  <arg>25700</arg>
  <arg>0</arg>
  <arg>6128569</arg>
  <severity>INFO</severity>
  <timestamp>Thu Apr 30 19:27:17 2020</timestamp>
</msg>
<msg id="362" tool="mc">
  <type>HEARTBEAT</type>
  <arg>25700</arg>
  <arg>0</arg>
  <arg>6181514</arg>
  <severity>INFO</severity>
  <timestamp>Thu Apr 30 19:27:18 2020</timestamp>
</msg>
<msg id="363" tool="mc">
  <type>HEARTBEAT</type>
  <arg>25700</arg>
  <arg>0</arg>
  <arg>6203613</arg>
  <severity>INFO</severity>
  <timestamp>Thu Apr 30 19:27:19 2020</timestamp>
</msg>
<msg id="364" tool="mc">
  <type>HEARTBEAT</type>
  <arg>25700</arg>
  <arg>0</arg>
  <arg>6160491</arg>
  <severity>INFO</severity>
  <timestamp>Thu Apr 30 19:27:20 2020</timestamp>
</msg>
<msg id="365" tool="mc">
  <type>HEARTBEAT</type>
  <arg>25700</arg>
  <arg>0</arg>
  <arg>6191658</arg>
  <severity>INFO</severity>
  <timestamp>Thu Apr 30 19:27:21 2020</timestamp>
</msg>
<msg id="366" tool="mc">
  <type>HEARTBEAT</type>
  <arg>25700</arg>
  <arg>0</arg>
  <arg>6184542</arg>
  <severity>INFO</severity>
  <timestamp>Thu Apr 30 19:27:22 2020</timestamp>
</msg>
<msg id="367" tool="mc">
  <type>HEARTBEAT</type>
  <arg>25700</arg>
  <arg>0</arg>
  <arg>6215639</arg>
  <severity>INFO</severity>
  <timestamp>Thu Apr 30 19:27:23 2020</timestamp>
</msg>
<msg id="368" tool="mc">
  <type>HEARTBEAT</type>
  <arg>25700</arg>
  <arg>0</arg>
  <arg>6201985</arg>
  <severity>INFO</severity>
  <timestamp>Thu Apr 30 19:27:24 2020</timestamp>
</msg>
<msg id="369" tool="mc">
  <type>HEARTBEAT</type>
  <arg>25700</arg>
  <arg>0</arg>
  <arg>6172954</arg>
  <severity>INFO</severity>
  <timestamp>Thu Apr 30 19:27:25 2020</timestamp>
</msg>
<msg id="370" tool="mc">
  <type>HEARTBEAT</type>
  <arg>25700</arg>
  <arg>0</arg>
  <arg>6070881</arg>
  <severity>INFO</severity>
  <timestamp>Thu Apr 30 19:27:26 2020</timestamp>
</msg>
<msg id="371" tool="mc">
  <type>HEARTBEAT</type>
  <arg>25700</arg>
  <arg>0</arg>
  <arg>6089787</arg>
  <severity>INFO</severity>
  <timestamp>Thu Apr 30 19:27:27 2020</timestamp>
</msg>
<msg id="372" tool="mc">
  <type>HEARTBEAT</type>
  <arg>25700</arg>
  <arg>0</arg>
  <arg>5781747</arg>
  <severity>INFO</severity>
  <timestamp>Thu Apr 30 19:27:28 2020</timestamp>
</msg>
<msg id="373" tool="mc">
  <type>HEARTBEAT</type>
  <arg>25700</arg>
  <arg>0</arg>
  <arg>5815264</arg>
  <severity>INFO</severity>
  <timestamp>Thu Apr 30 19:27:29 2020</timestamp>
</msg>
<msg id="374" tool="mc">
  <type>HEARTBEAT</type>
  <arg>25700</arg>
  <arg>0</arg>
  <arg>5913572</arg>
  <severity>INFO</severity>
  <timestamp>Thu Apr 30 19:27:30 2020</timestamp>
</msg>
<msg id="375" tool="mc">
  <type>HEARTBEAT</type>
  <arg>25700</arg>
  <arg>0</arg>
  <arg>5843240</arg>
  <severity>INFO</severity>
  <timestamp>Thu Apr 30 19:27:31 2020</timestamp>
</msg>
<msg id="376" tool="mc">
  <type>HEARTBEAT</type>
  <arg>25700</arg>
  <arg>0</arg>
  <arg>6023247</arg>
  <severity>INFO</severity>
  <timestamp>Thu Apr 30 19:27:32 2020</timestamp>
</msg>
<msg id="377" tool="mc">
  <type>HEARTBEAT</type>
  <arg>25700</arg>
  <arg>0</arg>
  <arg>5945721</arg>
  <severity>INFO</severity>
  <timestamp>Thu Apr 30 19:27:33 2020</timestamp>
</msg>
<msg id="378" tool="mc">
  <type>HEARTBEAT</type>
  <arg>25700</arg>
  <arg>0</arg>
  <arg>5749650</arg>
  <severity>INFO</severity>
  <timestamp>Thu Apr 30 19:27:34 2020</timestamp>
</msg>
<msg id="379" tool="mc">
  <type>HEARTBEAT</type>
  <arg>25700</arg>
  <arg>0</arg>
  <arg>5958514</arg>
  <severity>INFO</severity>
  <timestamp>Thu Apr 30 19:27:35 2020</timestamp>
</msg>
<msg id="380" tool="mc">
  <type>HEARTBEAT</type>
  <arg>25700</arg>
  <arg>0</arg>
  <arg>6240921</arg>
  <severity>INFO</severity>
  <timestamp>Thu Apr 30 19:27:36 2020</timestamp>
</msg>
<msg id="381" tool="mc">
  <type>HEARTBEAT</type>
  <arg>25700</arg>
  <arg>0</arg>
  <arg>6181893</arg>
  <severity>INFO</severity>
  <timestamp>Thu Apr 30 19:27:37 2020</timestamp>
</msg>
<msg id="382" tool="mc">
  <type>HEARTBEAT</type>
  <arg>25700</arg>
  <arg>0</arg>
  <arg>5897562</arg>
  <severity>INFO</severity>
  <timestamp>Thu Apr 30 19:27:38 2020</timestamp>
</msg>
<msg id="383" tool="mc">
  <type>HEARTBEAT</type>
  <arg>25700</arg>
  <arg>0</arg>
  <arg>6070389</arg>
  <severity>INFO</severity>
  <timestamp>Thu Apr 30 19:27:39 2020</timestamp>
</msg>
<msg id="384" tool="mc">
  <type>HEARTBEAT</type>
  <arg>25700</arg>
  <arg>0</arg>
  <arg>6026509</arg>
  <severity>INFO</severity>
  <timestamp>Thu Apr 30 19:27:40 2020</timestamp>
</msg>
<msg id="385" tool="mc">
  <type>HEARTBEAT</type>
  <arg>25700</arg>
  <arg>0</arg>
  <arg>6081502</arg>
  <severity>INFO</severity>
  <timestamp>Thu Apr 30 19:27:41 2020</timestamp>
</msg>
<msg id="386" tool="mc">
  <type>HEARTBEAT</type>
  <arg>25700</arg>
  <arg>0</arg>
  <arg>6154315</arg>
  <severity>INFO</severity>
  <timestamp>Thu Apr 30 19:27:42 2020</timestamp>
</msg>
<msg id="387" tool="mc">
  <type>HEARTBEAT</type>
  <arg>25700</arg>
  <arg>0</arg>
  <arg>6175902</arg>
  <severity>INFO</severity>
  <timestamp>Thu Apr 30 19:27:43 2020</timestamp>
</msg>
<msg id="388" tool="mc">
  <type>HEARTBEAT</type>
  <arg>25700</arg>
  <arg>0</arg>
  <arg>6122806</arg>
  <severity>INFO</severity>
  <timestamp>Thu Apr 30 19:27:44 2020</timestamp>
</msg>
<msg id="389" tool="mc">
  <type>HEARTBEAT</type>
  <arg>25700</arg>
  <arg>0</arg>
  <arg>6212312</arg>
  <severity>INFO</severity>
  <timestamp>Thu Apr 30 19:27:45 2020</timestamp>
</msg>
<msg id="390" tool="mc">
  <type>HEARTBEAT</type>
  <arg>25700</arg>
  <arg>0</arg>
  <arg>6127029</arg>
  <severity>INFO</severity>
  <timestamp>Thu Apr 30 19:27:46 2020</timestamp>
</msg>
<msg id="391" tool="mc">
  <type>HEARTBEAT</type>
  <arg>25700</arg>
  <arg>0</arg>
  <arg>6119649</arg>
  <severity>INFO</severity>
  <timestamp>Thu Apr 30 19:27:47 2020</timestamp>
</msg>
<msg id="392" tool="mc">
  <type>HEARTBEAT</type>
  <arg>25700</arg>
  <arg>0</arg>
  <arg>6257729</arg>
  <severity>INFO</severity>
  <timestamp>Thu Apr 30 19:27:48 2020</timestamp>
</msg>
<msg id="393" tool="mc">
  <type>HEARTBEAT</type>
  <arg>25700</arg>
  <arg>0</arg>
  <arg>6140152</arg>
  <severity>INFO</severity>
  <timestamp>Thu Apr 30 19:27:49 2020</timestamp>
</msg>
<msg id="394" tool="mc">
  <type>HEARTBEAT</type>
  <arg>25700</arg>
  <arg>0</arg>
  <arg>6171888</arg>
  <severity>INFO</severity>
  <timestamp>Thu Apr 30 19:27:50 2020</timestamp>
</msg>
<msg id="395" tool="mc">
  <type>HEARTBEAT</type>
  <arg>25700</arg>
  <arg>0</arg>
  <arg>6293471</arg>
  <severity>INFO</severity>
  <timestamp>Thu Apr 30 19:27:51 2020</timestamp>
</msg>
<msg id="396" tool="mc">
  <type>HEARTBEAT</type>
  <arg>25700</arg>
  <arg>0</arg>
  <arg>6185400</arg>
  <severity>INFO</severity>
  <timestamp>Thu Apr 30 19:27:52 2020</timestamp>
</msg>
<msg id="397" tool="mc">
  <type>HEARTBEAT</type>
  <arg>25700</arg>
  <arg>0</arg>
  <arg>6141465</arg>
  <severity>INFO</severity>
  <timestamp>Thu Apr 30 19:27:53 2020</timestamp>
</msg>
<msg id="398" tool="mc">
  <type>HEARTBEAT</type>
  <arg>25700</arg>
  <arg>0</arg>
  <arg>6192020</arg>
  <severity>INFO</severity>
  <timestamp>Thu Apr 30 19:27:54 2020</timestamp>
</msg>
<msg id="399" tool="mc">
  <type>HEARTBEAT</type>
  <arg>25700</arg>
  <arg>0</arg>
  <arg>6135101</arg>
  <severity>INFO</severity>
  <timestamp>Thu Apr 30 19:27:55 2020</timestamp>
</msg>
<msg id="400" tool="mc">
  <type>HEARTBEAT</type>
  <arg>25700</arg>
  <arg>0</arg>
  <arg>5954813</arg>
  <severity>INFO</severity>
  <timestamp>Thu Apr 30 19:27:57 2020</timestamp>
</msg>
<msg id="401" tool="mc">
  <type>HEARTBEAT</type>
  <arg>25700</arg>
  <arg>0</arg>
  <arg>5923159</arg>
  <severity>INFO</severity>
  <timestamp>Thu Apr 30 19:27:58 2020</timestamp>
</msg>
<msg id="402" tool="mc">
  <type>HEARTBEAT</type>
  <arg>25700</arg>
  <arg>0</arg>
  <arg>6057620</arg>
  <severity>INFO</severity>
  <timestamp>Thu Apr 30 19:27:59 2020</timestamp>
</msg>
<msg id="403" tool="mc">
  <type>HEARTBEAT</type>
  <arg>25700</arg>
  <arg>0</arg>
  <arg>5953846</arg>
  <severity>INFO</severity>
  <timestamp>Thu Apr 30 19:28:00 2020</timestamp>
</msg>
<msg id="404" tool="mc">
  <type>HEARTBEAT</type>
  <arg>25700</arg>
  <arg>0</arg>
  <arg>5626419</arg>
  <severity>INFO</severity>
  <timestamp>Thu Apr 30 19:28:01 2020</timestamp>
</msg>
<msg id="405" tool="mc">
  <type>HEARTBEAT</type>
  <arg>25700</arg>
  <arg>0</arg>
  <arg>5778965</arg>
  <severity>INFO</severity>
  <timestamp>Thu Apr 30 19:28:02 2020</timestamp>
</msg>
<msg id="406" tool="mc">
  <type>HEARTBEAT</type>
  <arg>25700</arg>
  <arg>0</arg>
  <arg>6174356</arg>
  <severity>INFO</severity>
  <timestamp>Thu Apr 30 19:28:03 2020</timestamp>
</msg>
<msg id="407" tool="mc">
  <type>HEARTBEAT</type>
  <arg>25700</arg>
  <arg>0</arg>
  <arg>6206952</arg>
  <severity>INFO</severity>
  <timestamp>Thu Apr 30 19:28:04 2020</timestamp>
</msg>
<msg id="408" tool="mc">
  <type>HEARTBEAT</type>
  <arg>25700</arg>
  <arg>0</arg>
  <arg>6166319</arg>
  <severity>INFO</severity>
  <timestamp>Thu Apr 30 19:28:05 2020</timestamp>
</msg>
<msg id="409" tool="mc">
  <type>HEARTBEAT</type>
  <arg>25700</arg>
  <arg>0</arg>
  <arg>6144574</arg>
  <severity>INFO</severity>
  <timestamp>Thu Apr 30 19:28:06 2020</timestamp>
</msg>
<msg id="410" tool="mc">
  <type>HEARTBEAT</type>
  <arg>25700</arg>
  <arg>0</arg>
  <arg>6117317</arg>
  <severity>INFO</severity>
  <timestamp>Thu Apr 30 19:28:07 2020</timestamp>
</msg>
<msg id="411" tool="mc">
  <type>HEARTBEAT</type>
  <arg>25700</arg>
  <arg>0</arg>
  <arg>6146027</arg>
  <severity>INFO</severity>
  <timestamp>Thu Apr 30 19:28:08 2020</timestamp>
</msg>
<msg id="412" tool="mc">
  <type>HEARTBEAT</type>
  <arg>25700</arg>
  <arg>0</arg>
  <arg>6090354</arg>
  <severity>INFO</severity>
  <timestamp>Thu Apr 30 19:28:09 2020</timestamp>
</msg>
<msg id="413" tool="mc">
  <type>HEARTBEAT</type>
  <arg>25700</arg>
  <arg>0</arg>
  <arg>6195082</arg>
  <severity>INFO</severity>
  <timestamp>Thu Apr 30 19:28:10 2020</timestamp>
</msg>
<msg id="414" tool="mc">
  <type>HEARTBEAT</type>
  <arg>25700</arg>
  <arg>0</arg>
  <arg>6185797</arg>
  <severity>INFO</severity>
  <timestamp>Thu Apr 30 19:28:11 2020</timestamp>
</msg>
<msg id="415" tool="mc">
  <type>HEARTBEAT</type>
  <arg>25700</arg>
  <arg>0</arg>
  <arg>6189204</arg>
  <severity>INFO</severity>
  <timestamp>Thu Apr 30 19:28:12 2020</timestamp>
</msg>
<msg id="416" tool="mc">
  <type>HEARTBEAT</type>
  <arg>25700</arg>
  <arg>0</arg>
  <arg>6162228</arg>
  <severity>INFO</severity>
  <timestamp>Thu Apr 30 19:28:13 2020</timestamp>
</msg>
<msg id="417" tool="mc">
  <type>HEARTBEAT</type>
  <arg>25700</arg>
  <arg>0</arg>
  <arg>6067253</arg>
  <severity>INFO</severity>
  <timestamp>Thu Apr 30 19:28:14 2020</timestamp>
</msg>
<msg id="418" tool="mc">
  <type>HEARTBEAT</type>
  <arg>25700</arg>
  <arg>0</arg>
  <arg>6169059</arg>
  <severity>INFO</severity>
  <timestamp>Thu Apr 30 19:28:15 2020</timestamp>
</msg>
<msg id="419" tool="mc">
  <type>HEARTBEAT</type>
  <arg>25700</arg>
  <arg>0</arg>
  <arg>6214849</arg>
  <severity>INFO</severity>
  <timestamp>Thu Apr 30 19:28:16 2020</timestamp>
</msg>
<msg id="420" tool="mc">
  <type>HEARTBEAT</type>
  <arg>25700</arg>
  <arg>0</arg>
  <arg>6169383</arg>
  <severity>INFO</severity>
  <timestamp>Thu Apr 30 19:28:17 2020</timestamp>
</msg>
<msg id="421" tool="mc">
  <type>HEARTBEAT</type>
  <arg>25700</arg>
  <arg>0</arg>
  <arg>6164225</arg>
  <severity>INFO</severity>
  <timestamp>Thu Apr 30 19:28:18 2020</timestamp>
</msg>
<msg id="422" tool="mc">
  <type>HEARTBEAT</type>
  <arg>25700</arg>
  <arg>0</arg>
  <arg>6213979</arg>
  <severity>INFO</severity>
  <timestamp>Thu Apr 30 19:28:19 2020</timestamp>
</msg>
<msg id="423" tool="mc">
  <type>HEARTBEAT</type>
  <arg>25700</arg>
  <arg>0</arg>
  <arg>6131920</arg>
  <severity>INFO</severity>
  <timestamp>Thu Apr 30 19:28:20 2020</timestamp>
</msg>
<msg id="424" tool="mc">
  <type>HEARTBEAT</type>
  <arg>25700</arg>
  <arg>0</arg>
  <arg>6046360</arg>
  <severity>INFO</severity>
  <timestamp>Thu Apr 30 19:28:21 2020</timestamp>
</msg>
<msg id="425" tool="mc">
  <type>HEARTBEAT</type>
  <arg>25700</arg>
  <arg>0</arg>
  <arg>6136139</arg>
  <severity>INFO</severity>
  <timestamp>Thu Apr 30 19:28:22 2020</timestamp>
</msg>
<msg id="426" tool="mc">
  <type>HEARTBEAT</type>
  <arg>25700</arg>
  <arg>0</arg>
  <arg>6197321</arg>
  <severity>INFO</severity>
  <timestamp>Thu Apr 30 19:28:23 2020</timestamp>
</msg>
<msg id="427" tool="mc">
  <type>HEARTBEAT</type>
  <arg>25700</arg>
  <arg>0</arg>
  <arg>6065469</arg>
  <severity>INFO</severity>
  <timestamp>Thu Apr 30 19:28:24 2020</timestamp>
</msg>
<msg id="428" tool="mc">
  <type>HEARTBEAT</type>
  <arg>25700</arg>
  <arg>0</arg>
  <arg>6171344</arg>
  <severity>INFO</severity>
  <timestamp>Thu Apr 30 19:28:25 2020</timestamp>
</msg>
<msg id="429" tool="mc">
  <type>HEARTBEAT</type>
  <arg>25700</arg>
  <arg>0</arg>
  <arg>6213960</arg>
  <severity>INFO</severity>
  <timestamp>Thu Apr 30 19:28:26 2020</timestamp>
</msg>
<msg id="430" tool="mc">
  <type>HEARTBEAT</type>
  <arg>25700</arg>
  <arg>0</arg>
  <arg>6204251</arg>
  <severity>INFO</severity>
  <timestamp>Thu Apr 30 19:28:27 2020</timestamp>
</msg>
<msg id="431" tool="mc">
  <type>HEARTBEAT</type>
  <arg>25700</arg>
  <arg>0</arg>
  <arg>6172739</arg>
  <severity>INFO</severity>
  <timestamp>Thu Apr 30 19:28:28 2020</timestamp>
</msg>
<msg id="432" tool="mc">
  <type>HEARTBEAT</type>
  <arg>25700</arg>
  <arg>0</arg>
  <arg>6119480</arg>
  <severity>INFO</severity>
  <timestamp>Thu Apr 30 19:28:29 2020</timestamp>
</msg>
<msg id="433" tool="mc">
  <type>HEARTBEAT</type>
  <arg>25700</arg>
  <arg>0</arg>
  <arg>6206722</arg>
  <severity>INFO</severity>
  <timestamp>Thu Apr 30 19:28:30 2020</timestamp>
</msg>
<msg id="434" tool="mc">
  <type>HEARTBEAT</type>
  <arg>25700</arg>
  <arg>0</arg>
  <arg>6039698</arg>
  <severity>INFO</severity>
  <timestamp>Thu Apr 30 19:28:31 2020</timestamp>
</msg>
<msg id="435" tool="mc">
  <type>HEARTBEAT</type>
  <arg>25700</arg>
  <arg>0</arg>
  <arg>5953668</arg>
  <severity>INFO</severity>
  <timestamp>Thu Apr 30 19:28:32 2020</timestamp>
</msg>
<msg id="436" tool="mc">
  <type>HEARTBEAT</type>
  <arg>25700</arg>
  <arg>0</arg>
  <arg>6073971</arg>
  <severity>INFO</severity>
  <timestamp>Thu Apr 30 19:28:33 2020</timestamp>
</msg>
<msg id="437" tool="mc">
  <type>HEARTBEAT</type>
  <arg>25700</arg>
  <arg>0</arg>
  <arg>6023699</arg>
  <severity>INFO</severity>
  <timestamp>Thu Apr 30 19:28:34 2020</timestamp>
</msg>
<msg id="438" tool="mc">
  <type>HEARTBEAT</type>
  <arg>25700</arg>
  <arg>0</arg>
  <arg>6143031</arg>
  <severity>INFO</severity>
  <timestamp>Thu Apr 30 19:28:35 2020</timestamp>
</msg>
<msg id="439" tool="mc">
  <type>HEARTBEAT</type>
  <arg>25700</arg>
  <arg>0</arg>
  <arg>6154142</arg>
  <severity>INFO</severity>
  <timestamp>Thu Apr 30 19:28:36 2020</timestamp>
</msg>
<msg id="440" tool="mc">
  <type>HEARTBEAT</type>
  <arg>25700</arg>
  <arg>0</arg>
  <arg>6141355</arg>
  <severity>INFO</severity>
  <timestamp>Thu Apr 30 19:28:37 2020</timestamp>
</msg>
<msg id="441" tool="mc">
  <type>HEARTBEAT</type>
  <arg>25700</arg>
  <arg>0</arg>
  <arg>6206163</arg>
  <severity>INFO</severity>
  <timestamp>Thu Apr 30 19:28:38 2020</timestamp>
</msg>
<msg id="442" tool="mc">
  <type>HEARTBEAT</type>
  <arg>25700</arg>
  <arg>0</arg>
  <arg>6169440</arg>
  <severity>INFO</severity>
  <timestamp>Thu Apr 30 19:28:39 2020</timestamp>
</msg>
<msg id="443" tool="mc">
  <type>HEARTBEAT</type>
  <arg>25700</arg>
  <arg>0</arg>
  <arg>6195438</arg>
  <severity>INFO</severity>
  <timestamp>Thu Apr 30 19:28:40 2020</timestamp>
</msg>
<msg id="444" tool="mc">
  <type>HEARTBEAT</type>
  <arg>25700</arg>
  <arg>0</arg>
  <arg>6194071</arg>
  <severity>INFO</severity>
  <timestamp>Thu Apr 30 19:28:41 2020</timestamp>
</msg>
<msg id="445" tool="mc">
  <type>HEARTBEAT</type>
  <arg>25700</arg>
  <arg>0</arg>
  <arg>6107195</arg>
  <severity>INFO</severity>
  <timestamp>Thu Apr 30 19:28:42 2020</timestamp>
</msg>
<msg id="446" tool="mc">
  <type>HEARTBEAT</type>
  <arg>25700</arg>
  <arg>0</arg>
  <arg>6166853</arg>
  <severity>INFO</severity>
  <timestamp>Thu Apr 30 19:28:43 2020</timestamp>
</msg>
<msg id="447" tool="mc">
  <type>HEARTBEAT</type>
  <arg>25700</arg>
  <arg>0</arg>
  <arg>6193724</arg>
  <severity>INFO</severity>
  <timestamp>Thu Apr 30 19:28:44 2020</timestamp>
</msg>
<msg id="448" tool="mc">
  <type>HEARTBEAT</type>
  <arg>25700</arg>
  <arg>0</arg>
  <arg>6164497</arg>
  <severity>INFO</severity>
  <timestamp>Thu Apr 30 19:28:45 2020</timestamp>
</msg>
<msg id="449" tool="mc">
  <type>HEARTBEAT</type>
  <arg>25700</arg>
  <arg>0</arg>
  <arg>6194918</arg>
  <severity>INFO</severity>
  <timestamp>Thu Apr 30 19:28:46 2020</timestamp>
</msg>
<msg id="450" tool="mc">
  <type>HEARTBEAT</type>
  <arg>25700</arg>
  <arg>0</arg>
  <arg>6204240</arg>
  <severity>INFO</severity>
  <timestamp>Thu Apr 30 19:28:47 2020</timestamp>
</msg>
<msg id="451" tool="mc">
  <type>HEARTBEAT</type>
  <arg>25700</arg>
  <arg>0</arg>
  <arg>6140008</arg>
  <severity>INFO</severity>
  <timestamp>Thu Apr 30 19:28:48 2020</timestamp>
</msg>
<msg id="452" tool="mc">
  <type>HEARTBEAT</type>
  <arg>25700</arg>
  <arg>0</arg>
  <arg>6186723</arg>
  <severity>INFO</severity>
  <timestamp>Thu Apr 30 19:28:49 2020</timestamp>
</msg>
<msg id="453" tool="mc">
  <type>HEARTBEAT</type>
  <arg>25700</arg>
  <arg>0</arg>
  <arg>6195484</arg>
  <severity>INFO</severity>
  <timestamp>Thu Apr 30 19:28:50 2020</timestamp>
</msg>
<msg id="454" tool="mc">
  <type>HEARTBEAT</type>
  <arg>25700</arg>
  <arg>0</arg>
  <arg>6151406</arg>
  <severity>INFO</severity>
  <timestamp>Thu Apr 30 19:28:51 2020</timestamp>
</msg>
<msg id="455" tool="mc">
  <type>HEARTBEAT</type>
  <arg>25700</arg>
  <arg>0</arg>
  <arg>6051752</arg>
  <severity>INFO</severity>
  <timestamp>Thu Apr 30 19:28:52 2020</timestamp>
</msg>
<msg id="456" tool="mc">
  <type>HEARTBEAT</type>
  <arg>25700</arg>
  <arg>0</arg>
  <arg>6208137</arg>
  <severity>INFO</severity>
  <timestamp>Thu Apr 30 19:28:53 2020</timestamp>
</msg>
<msg id="457" tool="mc">
  <type>HEARTBEAT</type>
  <arg>25700</arg>
  <arg>0</arg>
  <arg>6201978</arg>
  <severity>INFO</severity>
  <timestamp>Thu Apr 30 19:28:54 2020</timestamp>
</msg>
<msg id="458" tool="mc">
  <type>HEARTBEAT</type>
  <arg>25700</arg>
  <arg>0</arg>
  <arg>6237375</arg>
  <severity>INFO</severity>
  <timestamp>Thu Apr 30 19:28:55 2020</timestamp>
</msg>
<msg id="459" tool="mc">
  <type>HEARTBEAT</type>
  <arg>25700</arg>
  <arg>0</arg>
  <arg>6189646</arg>
  <severity>INFO</severity>
  <timestamp>Thu Apr 30 19:28:56 2020</timestamp>
</msg>
<msg id="460" tool="mc">
  <type>HEARTBEAT</type>
  <arg>25700</arg>
  <arg>0</arg>
  <arg>6176435</arg>
  <severity>INFO</severity>
  <timestamp>Thu Apr 30 19:28:57 2020</timestamp>
</msg>
<msg id="461" tool="mc">
  <type>HEARTBEAT</type>
  <arg>25700</arg>
  <arg>0</arg>
  <arg>5979236</arg>
  <severity>INFO</severity>
  <timestamp>Thu Apr 30 19:28:58 2020</timestamp>
</msg>
<msg id="462" tool="mc">
  <type>HEARTBEAT</type>
  <arg>25700</arg>
  <arg>0</arg>
  <arg>6166030</arg>
  <severity>INFO</severity>
  <timestamp>Thu Apr 30 19:28:59 2020</timestamp>
</msg>
<msg id="463" tool="mc">
  <type>HEARTBEAT</type>
  <arg>25700</arg>
  <arg>0</arg>
  <arg>6164049</arg>
  <severity>INFO</severity>
  <timestamp>Thu Apr 30 19:29:00 2020</timestamp>
</msg>
<msg id="464" tool="mc">
  <type>HEARTBEAT</type>
  <arg>25700</arg>
  <arg>0</arg>
  <arg>6151936</arg>
  <severity>INFO</severity>
  <timestamp>Thu Apr 30 19:29:01 2020</timestamp>
</msg>
<msg id="465" tool="mc">
  <type>HEARTBEAT</type>
  <arg>25700</arg>
  <arg>0</arg>
  <arg>6146026</arg>
  <severity>INFO</severity>
  <timestamp>Thu Apr 30 19:29:02 2020</timestamp>
</msg>
<msg id="466" tool="mc">
  <type>HEARTBEAT</type>
  <arg>25700</arg>
  <arg>0</arg>
  <arg>6191498</arg>
  <severity>INFO</severity>
  <timestamp>Thu Apr 30 19:29:03 2020</timestamp>
</msg>
<msg id="467" tool="mc">
  <type>HEARTBEAT</type>
  <arg>25700</arg>
  <arg>0</arg>
  <arg>6168936</arg>
  <severity>INFO</severity>
  <timestamp>Thu Apr 30 19:29:04 2020</timestamp>
</msg>
<msg id="468" tool="mc">
  <type>HEARTBEAT</type>
  <arg>25700</arg>
  <arg>0</arg>
  <arg>6234150</arg>
  <severity>INFO</severity>
  <timestamp>Thu Apr 30 19:29:05 2020</timestamp>
</msg>
<msg id="469" tool="mc">
  <type>HEARTBEAT</type>
  <arg>25700</arg>
  <arg>0</arg>
  <arg>6052565</arg>
  <severity>INFO</severity>
  <timestamp>Thu Apr 30 19:29:06 2020</timestamp>
</msg>
<msg id="470" tool="mc">
  <type>HEARTBEAT</type>
  <arg>25700</arg>
  <arg>0</arg>
  <arg>5771413</arg>
  <severity>INFO</severity>
  <timestamp>Thu Apr 30 19:29:07 2020</timestamp>
</msg>
<msg id="471" tool="mc">
  <type>HEARTBEAT</type>
  <arg>25700</arg>
  <arg>0</arg>
  <arg>5997308</arg>
  <severity>INFO</severity>
  <timestamp>Thu Apr 30 19:29:08 2020</timestamp>
</msg>
<msg id="472" tool="mc">
  <type>HEARTBEAT</type>
  <arg>25700</arg>
  <arg>0</arg>
  <arg>5833028</arg>
  <severity>INFO</severity>
  <timestamp>Thu Apr 30 19:29:09 2020</timestamp>
</msg>
<msg id="473" tool="mc">
  <type>HEARTBEAT</type>
  <arg>25700</arg>
  <arg>0</arg>
  <arg>5886182</arg>
  <severity>INFO</severity>
  <timestamp>Thu Apr 30 19:29:10 2020</timestamp>
</msg>
<msg id="474" tool="mc">
  <type>HEARTBEAT</type>
  <arg>25700</arg>
  <arg>0</arg>
  <arg>5734311</arg>
  <severity>INFO</severity>
  <timestamp>Thu Apr 30 19:29:11 2020</timestamp>
</msg>
<msg id="475" tool="mc">
  <type>HEARTBEAT</type>
  <arg>25700</arg>
  <arg>0</arg>
  <arg>5745884</arg>
  <severity>INFO</severity>
  <timestamp>Thu Apr 30 19:29:12 2020</timestamp>
</msg>
<msg id="476" tool="mc">
  <type>HEARTBEAT</type>
  <arg>25700</arg>
  <arg>0</arg>
  <arg>6090442</arg>
  <severity>INFO</severity>
  <timestamp>Thu Apr 30 19:29:13 2020</timestamp>
</msg>
<msg id="477" tool="mc">
  <type>HEARTBEAT</type>
  <arg>25700</arg>
  <arg>0</arg>
  <arg>5361421</arg>
  <severity>INFO</severity>
  <timestamp>Thu Apr 30 19:29:14 2020</timestamp>
</msg>
<msg id="478" tool="mc">
  <type>HEARTBEAT</type>
  <arg>25700</arg>
  <arg>0</arg>
  <arg>5265957</arg>
  <severity>INFO</severity>
  <timestamp>Thu Apr 30 19:29:15 2020</timestamp>
</msg>
<msg id="479" tool="mc">
  <type>HEARTBEAT</type>
  <arg>25700</arg>
  <arg>0</arg>
  <arg>5616687</arg>
  <severity>INFO</severity>
  <timestamp>Thu Apr 30 19:29:16 2020</timestamp>
</msg>
<msg id="480" tool="mc">
  <type>HEARTBEAT</type>
  <arg>25700</arg>
  <arg>0</arg>
  <arg>6194053</arg>
  <severity>INFO</severity>
  <timestamp>Thu Apr 30 19:29:17 2020</timestamp>
</msg>
<msg id="481" tool="mc">
  <type>HEARTBEAT</type>
  <arg>25700</arg>
  <arg>0</arg>
  <arg>5890246</arg>
  <severity>INFO</severity>
  <timestamp>Thu Apr 30 19:29:18 2020</timestamp>
</msg>
<msg id="482" tool="mc">
  <type>HEARTBEAT</type>
  <arg>25700</arg>
  <arg>0</arg>
  <arg>6021600</arg>
  <severity>INFO</severity>
  <timestamp>Thu Apr 30 19:29:19 2020</timestamp>
</msg>
<msg id="483" tool="mc">
  <type>HEARTBEAT</type>
  <arg>25700</arg>
  <arg>0</arg>
  <arg>6118859</arg>
  <severity>INFO</severity>
  <timestamp>Thu Apr 30 19:29:20 2020</timestamp>
</msg>
<msg id="484" tool="mc">
  <type>HEARTBEAT</type>
  <arg>25700</arg>
  <arg>0</arg>
  <arg>5997235</arg>
  <severity>INFO</severity>
  <timestamp>Thu Apr 30 19:29:21 2020</timestamp>
</msg>
<msg id="485" tool="mc">
  <type>PROCESS_COMPLETE</type>
  <arg>e:\univer\5_kurs\2_semeetr\ips\lesson_5\x64\release\lesson_5.exe</arg>
  <arg>0</arg>
  <severity>INFO</severity>
  <timestamp>Thu Apr 30 19:29:22 2020</timestamp>
</msg>
<msg id="486" tool="mc">
  <type>MODULE_UNLOAD</type>
  <arg>E:\Univer\5_kurs\2_semeetr\IPS\Lesson_5\x64\Release\Lesson_5.exe</arg>
  <severity>INFO</severity>
  <timestamp>Thu Apr 30 19:29:22 2020</timestamp>
</msg>
<msg id="487" tool="mc">
  <type>MODULE_UNLOAD</type>
  <arg>C:\WINDOWS\System32\KERNELBASE.dll</arg>
  <severity>INFO</severity>
  <timestamp>Thu Apr 30 19:29:22 2020</timestamp>
</msg>
<msg id="488" tool="mc">
  <type>MODULE_UNLOAD</type>
  <arg>C:\WINDOWS\System32\KERNEL32.DLL</arg>
  <severity>INFO</severity>
  <timestamp>Thu Apr 30 19:29:22 2020</timestamp>
</msg>
<msg id="489" tool="mc">
  <type>MODULE_UNLOAD</type>
  <arg>C:\WINDOWS\SYSTEM32\ntdll.dll</arg>
  <severity>INFO</severity>
  <timestamp>Thu Apr 30 19:29:22 2020</timestamp>
</msg>
<msg id="490" tool="mc">
  <type>MODULE_UNLOAD</type>
  <arg>C:\WINDOWS\System32\ucrtbase.dll</arg>
  <severity>INFO</severity>
  <timestamp>Thu Apr 30 19:29:22 2020</timestamp>
</msg>
<msg id="491" tool="mc">
  <type>MODULE_UNLOAD</type>
  <arg>C:\WINDOWS\SYSTEM32\VCRUNTIME140.dll</arg>
  <severity>INFO</severity>
  <timestamp>Thu Apr 30 19:29:22 2020</timestamp>
</msg>
<msg id="492" tool="mc">
  <type>MODULE_UNLOAD</type>
  <arg>C:\WINDOWS\SYSTEM32\MSVCP140.dll</arg>
  <severity>INFO</severity>
  <timestamp>Thu Apr 30 19:29:22 2020</timestamp>
</msg>
<msg id="493" tool="mc">
  <type>MODULE_UNLOAD</type>
  <arg>C:\Program Files (x86)\IntelSWTools\compilers_and_libraries_2019\windows\redist\intel64\compiler\cilkrts20.dll</arg>
  <severity>INFO</severity>
  <timestamp>Thu Apr 30 19:29:22 2020</timestamp>
</msg>
<msg id="494" tool="mc">
  <type>MODULE_UNLOAD</type>
  <arg>C:\WINDOWS\System32\USER32.dll</arg>
  <severity>INFO</severity>
  <timestamp>Thu Apr 30 19:29:22 2020</timestamp>
</msg>
<msg id="495" tool="mc">
  <type>MODULE_UNLOAD</type>
  <arg>C:\WINDOWS\System32\win32u.dll</arg>
  <severity>INFO</severity>
  <timestamp>Thu Apr 30 19:29:22 2020</timestamp>
</msg>
<msg id="496" tool="mc">
  <type>MODULE_UNLOAD</type>
  <arg>C:\WINDOWS\System32\GDI32.dll</arg>
  <severity>INFO</severity>
  <timestamp>Thu Apr 30 19:29:22 2020</timestamp>
</msg>
<msg id="497" tool="mc">
  <type>MODULE_UNLOAD</type>
  <arg>C:\WINDOWS\System32\gdi32full.dll</arg>
  <severity>INFO</severity>
  <timestamp>Thu Apr 30 19:29:22 2020</timestamp>
</msg>
<msg id="498" tool="mc">
  <type>MODULE_UNLOAD</type>
  <arg>C:\WINDOWS\System32\msvcp_win.dll</arg>
  <severity>INFO</severity>
  <timestamp>Thu Apr 30 19:29:22 2020</timestamp>
</msg>
<msg id="499" tool="mc">
  <type>MODULE_UNLOAD</type>
  <arg>C:\WINDOWS\System32\IMM32.DLL</arg>
  <severity>INFO</severity>
  <timestamp>Thu Apr 30 19:29:22 2020</timestamp>
</msg>
<msg id="500" tool="mc">
  <type>MODULE_UNLOAD</type>
  <arg>C:\Program Files (x86)\IntelSWTools\Inspector 2019\bin64\runtime\libittnotify.dll</arg>
  <severity>INFO</severity>
  <timestamp>Thu Apr 30 19:29:22 2020</timestamp>
</msg>
<msg id="501" tool="mc">
  <type>MODULE_UNLOAD</type>
  <arg>C:\WINDOWS\System32\kernel.appcore.dll</arg>
  <severity>INFO</severity>
  <timestamp>Thu Apr 30 19:29:22 2020</timestamp>
</msg>
<msg id="502" tool="mc">
  <type>MODULE_UNLOAD</type>
  <arg>C:\WINDOWS\System32\msvcrt.dll</arg>
  <severity>INFO</severity>
  <timestamp>Thu Apr 30 19:29:22 2020</timestamp>
</msg>
<msg id="503" tool="mc">
  <type>MODULE_UNLOAD</type>
  <arg>C:\WINDOWS\System32\RPCRT4.dll</arg>
  <severity>INFO</severity>
  <timestamp>Thu Apr 30 19:29:22 2020</timestamp>
</msg>
<msg id="504" tool="mc">
  <type>ANALYSIS_COMPLETE</type>
  <arg>e:\univer\5_kurs\2_semeetr\ips\lesson_5\x64\release\lesson_5.exe</arg>
  <severity>INFO</severity>
  <timestamp>Thu Apr 30 19:29:22 2020</timestamp>
</msg>
<msg id="505" tool="runtool">
  <type>app-exit-code</type>
  <arg>0</arg>
</msg>
<msg id="506" tool="runtool">
  <type>marker-file</type>
  <arg>E:\Univer\5_kurs\2_semeetr\IPS\Lesson_5\My Inspector Results - Lesson_5\r002mi2\r002mi2.inspxe</arg>
</msg>
<msg id="507" tool="runtool">
  <type>collector-done</type>
</msg>
<msg id="508" tool="runtool">
  <type>log-end</type>
  <arg>2020/04/30 19:29:26</arg>
</msg>

</log>

