
20656 : 0x174675f48bf : 1 : spill_jit_data :  Jit agent is not initialized
20656 : 0x174675fac83 : 2 : ittapi_config_mask_get :  --itt-config mask to be applied: 55
20656 : 0x174675fad68 : 2 : ittapi_config_apply_per_lib :  ITTAPI function instrumented: __itt_domain_createA
20656 : 0x174675fad98 : 2 : ittapi_config_apply_per_lib :  ITTAPI function instrumented: __itt_domain_createW
20656 : 0x174675fadcf : 2 : ittapi_config_apply_per_lib :  ITTAPI function instrumented: __itt_string_handle_createA
20656 : 0x174675fadeb : 2 : ittapi_config_apply_per_lib :  ITTAPI function instrumented: __itt_string_handle_createW
20656 : 0x174675fae02 : 2 : ittapi_config_apply_per_lib :  ITTAPI function instrumented: __itt_counter_createA
20656 : 0x174675fae14 : 2 : ittapi_config_apply_per_lib :  ITTAPI function instrumented: __itt_counter_createW
20656 : 0x174675fae2a : 2 : ittapi_config_apply_per_lib :  ITTAPI function instrumented: __itt_counter_create_typedA
20656 : 0x174675fae3e : 2 : ittapi_config_apply_per_lib :  ITTAPI function instrumented: __itt_counter_create_typedW
20656 : 0x174675fb4f0 : 2 : ittapi_config_apply_per_lib :  ITTAPI function instrumented: __itt_pause
20656 : 0x174675fb51f : 2 : ittapi_config_apply_per_lib :  ITTAPI function instrumented: __itt_resume
20656 : 0x174675fb536 : 2 : ittapi_config_apply_per_lib :  ITTAPI function instrumented: __itt_thread_set_nameA
20656 : 0x174675fb550 : 2 : ittapi_config_apply_per_lib :  ITTAPI function instrumented: __itt_thread_set_nameW
20656 : 0x174675fb567 : 2 : ittapi_config_apply_per_lib :  ITTAPI function instrumented: __itt_thread_ignore
20656 : 0x174675fb57a : 2 : ittapi_config_apply_per_lib :  ITTAPI function instrumented: __itt_thr_name_setA
20656 : 0x174675fb58c : 2 : ittapi_config_apply_per_lib :  ITTAPI function instrumented: __itt_thr_name_setW
20656 : 0x174675fb5a3 : 2 : ittapi_config_apply_per_lib :  ITTAPI function instrumented: __itt_thr_ignore
20656 : 0x174675fb5dd : 2 : ittapi_config_apply_per_lib :  ITTAPI function not implemented: __itt_enable_attach
20656 : 0x174675fb5f3 : 2 : ittapi_config_apply_per_lib :  ITTAPI function instrumented: __itt_detach
20656 : 0x174675fb6da : 2 : ittapi_config_apply_per_lib :  ITTAPI function NOT instrumented (not matched by --itt-config option): __itt_sync_createA

20656 : 0x174675fb782 : 2 : ittapi_config_apply_per_lib :  ITTAPI function NOT instrumented (not matched by --itt-config option): __itt_sync_createW

20656 : 0x174675fb798 : 2 : ittapi_config_apply_per_lib :  ITTAPI function NOT instrumented (not matched by --itt-config option): __itt_sync_renameA

20656 : 0x174675fb7a9 : 2 : ittapi_config_apply_per_lib :  ITTAPI function NOT instrumented (not matched by --itt-config option): __itt_sync_renameW

20656 : 0x174675fb7b9 : 2 : ittapi_config_apply_per_lib :  ITTAPI function NOT instrumented (not matched by --itt-config option): __itt_sync_destroy

20656 : 0x174675fb7cb : 2 : ittapi_config_apply_per_lib :  ITTAPI function NOT instrumented (not matched by --itt-config option): __itt_sync_prepare

20656 : 0x174675fb7db : 2 : ittapi_config_apply_per_lib :  ITTAPI function NOT instrumented (not matched by --itt-config option): __itt_sync_cancel

20656 : 0x174675fb7ec : 2 : ittapi_config_apply_per_lib :  ITTAPI function NOT instrumented (not matched by --itt-config option): __itt_sync_acquired

20656 : 0x174675fb7fb : 2 : ittapi_config_apply_per_lib :  ITTAPI function NOT instrumented (not matched by --itt-config option): __itt_sync_releasing

20656 : 0x174675fb823 : 2 : ittapi_config_apply_per_lib :  ITTAPI function not implemented: __itt_suppress_push
20656 : 0x174675fb905 : 2 : ittapi_config_apply_per_lib :  ITTAPI function not implemented: __itt_suppress_pop
20656 : 0x174675fb91b : 2 : ittapi_config_apply_per_lib :  ITTAPI function not implemented: __itt_suppress_mark_range
20656 : 0x174675fb92d : 2 : ittapi_config_apply_per_lib :  ITTAPI function not implemented: __itt_suppress_clear_range
20656 : 0x174675fb93c : 2 : ittapi_config_apply_per_lib :  ITTAPI function NOT instrumented (not matched by --itt-config option): __itt_sync_prepare

20656 : 0x174675fb9ae : 2 : ittapi_config_apply_per_lib :  ITTAPI function NOT instrumented (not matched by --itt-config option): __itt_sync_cancel

20656 : 0x174675fb9be : 2 : ittapi_config_apply_per_lib :  ITTAPI function NOT instrumented (not matched by --itt-config option): __itt_sync_acquired

20656 : 0x174675fb9cd : 2 : ittapi_config_apply_per_lib :  ITTAPI function NOT instrumented (not matched by --itt-config option): __itt_sync_releasing

20656 : 0x174675fb9ea : 2 : ittapi_config_apply_per_lib :  ITTAPI function not implemented: __itt_model_site_begin
20656 : 0x174675fb9ff : 2 : ittapi_config_apply_per_lib :  ITTAPI function not implemented: __itt_model_site_end
20656 : 0x174675fba16 : 2 : ittapi_config_apply_per_lib :  ITTAPI function not implemented: __itt_model_task_begin
20656 : 0x174675fbc9f : 2 : ittapi_config_apply_per_lib :  ITTAPI function not implemented: __itt_model_task_end
20656 : 0x174675fbcba : 2 : ittapi_config_apply_per_lib :  ITTAPI function not implemented: __itt_model_lock_acquire
20656 : 0x174675fbccb : 2 : ittapi_config_apply_per_lib :  ITTAPI function not implemented: __itt_model_lock_release
20656 : 0x174675fbcdd : 2 : ittapi_config_apply_per_lib :  ITTAPI function not implemented: __itt_model_record_allocation
20656 : 0x174675fbcef : 2 : ittapi_config_apply_per_lib :  ITTAPI function not implemented: __itt_model_record_deallocation
20656 : 0x174675fbd01 : 2 : ittapi_config_apply_per_lib :  ITTAPI function not implemented: __itt_model_induction_uses
20656 : 0x174675fbd12 : 2 : ittapi_config_apply_per_lib :  ITTAPI function not implemented: __itt_model_reduction_uses
20656 : 0x174675fbd23 : 2 : ittapi_config_apply_per_lib :  ITTAPI function not implemented: __itt_model_observe_uses
20656 : 0x174675fbd34 : 2 : ittapi_config_apply_per_lib :  ITTAPI function not implemented: __itt_model_clear_uses
20656 : 0x174675fbda0 : 2 : ittapi_config_apply_per_lib :  ITTAPI function not implemented: __itt_model_site_beginW
20656 : 0x174675fbdf6 : 2 : ittapi_config_apply_per_lib :  ITTAPI function not implemented: __itt_model_task_beginW
20656 : 0x174675fbe08 : 2 : ittapi_config_apply_per_lib :  ITTAPI function not implemented: __itt_model_iteration_taskW
20656 : 0x174675fbe19 : 2 : ittapi_config_apply_per_lib :  ITTAPI function not implemented: __itt_model_site_beginA
20656 : 0x174675fbe29 : 2 : ittapi_config_apply_per_lib :  ITTAPI function not implemented: __itt_model_site_beginAL
20656 : 0x174675fbe3a : 2 : ittapi_config_apply_per_lib :  ITTAPI function not implemented: __itt_model_task_beginA
20656 : 0x174675fbe4b : 2 : ittapi_config_apply_per_lib :  ITTAPI function not implemented: __itt_model_task_beginAL
20656 : 0x174675fbe5b : 2 : ittapi_config_apply_per_lib :  ITTAPI function not implemented: __itt_model_iteration_taskA
20656 : 0x174675fbe6c : 2 : ittapi_config_apply_per_lib :  ITTAPI function not implemented: __itt_model_iteration_taskAL
20656 : 0x174675fbee5 : 2 : ittapi_config_apply_per_lib :  ITTAPI function not implemented: __itt_model_site_end_2
20656 : 0x174675fbef6 : 2 : ittapi_config_apply_per_lib :  ITTAPI function not implemented: __itt_model_task_end_2
20656 : 0x174675fbf29 : 2 : ittapi_config_apply_per_lib :  ITTAPI function not implemented: __itt_model_lock_acquire_2
20656 : 0x174675fbf98 : 2 : ittapi_config_apply_per_lib :  ITTAPI function not implemented: __itt_model_lock_release_2
20656 : 0x174675fbfa9 : 2 : ittapi_config_apply_per_lib :  ITTAPI function not implemented: __itt_model_aggregate_task
20656 : 0x174675fbfb9 : 2 : ittapi_config_apply_per_lib :  ITTAPI function not implemented: __itt_model_disable_push
20656 : 0x174675fbfc9 : 2 : ittapi_config_apply_per_lib :  ITTAPI function not implemented: __itt_model_disable_pop
20656 : 0x174675fbfdb : 2 : ittapi_config_apply_per_lib :  ITTAPI function instrumented: __itt_heap_function_createA
20656 : 0x174675fbfeb : 2 : ittapi_config_apply_per_lib :  ITTAPI function instrumented: __itt_heap_function_createW
20656 : 0x174675fbffc : 2 : ittapi_config_apply_per_lib :  ITTAPI function instrumented: __itt_heap_allocate_begin
20656 : 0x174675fc00d : 2 : ittapi_config_apply_per_lib :  ITTAPI function instrumented: __itt_heap_allocate_end
20656 : 0x174675fc01d : 2 : ittapi_config_apply_per_lib :  ITTAPI function instrumented: __itt_heap_free_begin
20656 : 0x174675fc059 : 2 : ittapi_config_apply_per_lib :  ITTAPI function instrumented: __itt_heap_free_end
20656 : 0x174675fc068 : 2 : ittapi_config_apply_per_lib :  ITTAPI function instrumented: __itt_heap_reallocate_begin
20656 : 0x174675fc079 : 2 : ittapi_config_apply_per_lib :  ITTAPI function instrumented: __itt_heap_reallocate_end
20656 : 0x174675fc08a : 2 : ittapi_config_apply_per_lib :  ITTAPI function not implemented: __itt_heap_internal_access_begin
20656 : 0x174675fc09b : 2 : ittapi_config_apply_per_lib :  ITTAPI function not implemented: __itt_heap_internal_access_end
20656 : 0x174675fc0ac : 2 : ittapi_config_apply_per_lib :  ITTAPI function not implemented: __itt_heap_record_memory_growth_begin
20656 : 0x174675fc0be : 2 : ittapi_config_apply_per_lib :  ITTAPI function not implemented: __itt_heap_record_memory_growth_end
20656 : 0x174675fc0d0 : 2 : ittapi_config_apply_per_lib :  ITTAPI function not implemented: __itt_heap_reset_detection
20656 : 0x174675fc0e0 : 2 : ittapi_config_apply_per_lib :  ITTAPI function not implemented: __itt_heap_record
20656 : 0x174675fc0f1 : 2 : ittapi_config_apply_per_lib :  ITTAPI function not implemented: __itt_id_create
20656 : 0x174675fc12b : 2 : ittapi_config_apply_per_lib :  ITTAPI function not implemented: __itt_id_destroy
20656 : 0x174675fc13c : 2 : ittapi_config_apply_per_lib :  ITTAPI function instrumented: __itt_get_timestamp
20656 : 0x174675fc14d : 2 : ittapi_config_apply_per_lib :  ITTAPI function not implemented: __itt_region_begin
20656 : 0x174675fc15c : 2 : ittapi_config_apply_per_lib :  ITTAPI function not implemented: __itt_region_end
20656 : 0x174675fc16c : 2 : ittapi_config_apply_per_lib :  ITTAPI function instrumented: __itt_frame_begin_v3
20656 : 0x174675fc17d : 2 : ittapi_config_apply_per_lib :  ITTAPI function instrumented: __itt_frame_end_v3
20656 : 0x174675fc18d : 2 : ittapi_config_apply_per_lib :  ITTAPI function instrumented: __itt_frame_submit_v3
20656 : 0x174675fc19e : 2 : ittapi_config_apply_per_lib :  ITTAPI function not implemented: __itt_task_group
20656 : 0x174675fc1af : 2 : ittapi_config_apply_per_lib :  ITTAPI function instrumented: __itt_task_begin
20656 : 0x174675fc1be : 2 : ittapi_config_apply_per_lib :  ITTAPI function instrumented: __itt_task_begin_fn
20656 : 0x174675fc1f3 : 2 : ittapi_config_apply_per_lib :  ITTAPI function instrumented: __itt_task_end
20656 : 0x174675fc205 : 2 : ittapi_config_apply_per_lib :  ITTAPI function not implemented: __itt_counter_inc_v3
20656 : 0x174675fc216 : 2 : ittapi_config_apply_per_lib :  ITTAPI function not implemented: __itt_counter_inc_delta_v3
20656 : 0x174675fc228 : 2 : ittapi_config_apply_per_lib :  ITTAPI function not implemented: __itt_counter_dec_v3
20656 : 0x174675fc239 : 2 : ittapi_config_apply_per_lib :  ITTAPI function not implemented: __itt_counter_dec_delta_v3
20656 : 0x174675fc249 : 2 : ittapi_config_apply_per_lib :  ITTAPI function not implemented: __itt_marker
20656 : 0x174675fc258 : 2 : ittapi_config_apply_per_lib :  ITTAPI function instrumented: __itt_metadata_add
20656 : 0x174675fc267 : 2 : ittapi_config_apply_per_lib :  ITTAPI function not implemented: __itt_metadata_str_addA
20656 : 0x174675fc278 : 2 : ittapi_config_apply_per_lib :  ITTAPI function not implemented: __itt_metadata_str_addW
20656 : 0x174675fc288 : 2 : ittapi_config_apply_per_lib :  ITTAPI function not implemented: __itt_relation_add_to_current
20656 : 0x174675fc2b7 : 2 : ittapi_config_apply_per_lib :  ITTAPI function not implemented: __itt_relation_add
20656 : 0x174675fc2c8 : 2 : ittapi_config_apply_per_lib :  ITTAPI function instrumented: __itt_event_createA
20656 : 0x174675fc2d7 : 2 : ittapi_config_apply_per_lib :  ITTAPI function instrumented: __itt_event_createW
20656 : 0x174675fc2e6 : 2 : ittapi_config_apply_per_lib :  ITTAPI function instrumented: __itt_event_start
20656 : 0x174675fc2f6 : 2 : ittapi_config_apply_per_lib :  ITTAPI function instrumented: __itt_event_end
20656 : 0x174675fc301 : 2 : ittapi_config_apply_per_lib :  ITTAPI function NOT instrumented (not matched by --itt-config option): __itt_sync_set_nameA

20656 : 0x174675fc310 : 2 : ittapi_config_apply_per_lib :  ITTAPI function NOT instrumented (not matched by --itt-config option): __itt_sync_set_nameW

20656 : 0x174675fc320 : 2 : ittapi_config_apply_per_lib :  ITTAPI function NOT instrumented (not matched by --itt-config option): __itt_notify_sync_nameA

20656 : 0x174675fc32f : 2 : ittapi_config_apply_per_lib :  ITTAPI function NOT instrumented (not matched by --itt-config option): __itt_notify_sync_nameW

20656 : 0x174675fc33f : 2 : ittapi_config_apply_per_lib :  ITTAPI function NOT instrumented (not matched by --itt-config option): __itt_notify_sync_prepare

20656 : 0x174675fc375 : 2 : ittapi_config_apply_per_lib :  ITTAPI function NOT instrumented (not matched by --itt-config option): __itt_notify_sync_cancel

20656 : 0x174675fc385 : 2 : ittapi_config_apply_per_lib :  ITTAPI function NOT instrumented (not matched by --itt-config option): __itt_notify_sync_acquired

20656 : 0x174675fc396 : 2 : ittapi_config_apply_per_lib :  ITTAPI function NOT instrumented (not matched by --itt-config option): __itt_notify_sync_releasing

20656 : 0x174675fc3ac : 2 : ittapi_config_apply_per_lib :  ITTAPI function not implemented: __itt_memory_read
20656 : 0x174675fc3bd : 2 : ittapi_config_apply_per_lib :  ITTAPI function not implemented: __itt_memory_write
20656 : 0x174675fc3cd : 2 : ittapi_config_apply_per_lib :  ITTAPI function not implemented: __itt_memory_update
20656 : 0x174675fc3de : 2 : ittapi_config_apply_per_lib :  ITTAPI function not implemented: __itt_state_get
20656 : 0x174675fc3ee : 2 : ittapi_config_apply_per_lib :  ITTAPI function not implemented: __itt_state_set
20656 : 0x174675fc3fe : 2 : ittapi_config_apply_per_lib :  ITTAPI function not implemented: __itt_obj_mode_set
20656 : 0x174675fc40f : 2 : ittapi_config_apply_per_lib :  ITTAPI function not implemented: __itt_thr_mode_set
20656 : 0x174675fc447 : 2 : ittapi_config_apply_per_lib :  ITTAPI function instrumented: __itt_frame_createA
20656 : 0x174675fc4b8 : 2 : ittapi_config_apply_per_lib :  ITTAPI function instrumented: __itt_frame_createW
20656 : 0x174675fc4c9 : 2 : ittapi_config_apply_per_lib :  ITTAPI function instrumented: __itt_frame_begin
20656 : 0x174675fc4d9 : 2 : ittapi_config_apply_per_lib :  ITTAPI function instrumented: __itt_frame_end
20656 : 0x174675fc4ec : 2 : ittapi_config_apply_per_lib :  ITTAPI function not implemented: __itt_counter_destroy
20656 : 0x174675fc4fc : 2 : ittapi_config_apply_per_lib :  ITTAPI function instrumented: __itt_counter_inc
20656 : 0x174675fc50c : 2 : ittapi_config_apply_per_lib :  ITTAPI function instrumented: __itt_counter_inc_delta
20656 : 0x174675fc51c : 2 : ittapi_config_apply_per_lib :  ITTAPI function instrumented: __itt_counter_dec
20656 : 0x174675fc52b : 2 : ittapi_config_apply_per_lib :  ITTAPI function instrumented: __itt_counter_dec_delta
20656 : 0x174675fc53b : 2 : ittapi_config_apply_per_lib :  ITTAPI function instrumented: __itt_counter_set_value
20656 : 0x174675fc56e : 2 : ittapi_config_apply_per_lib :  ITTAPI function not implemented: __itt_counter_set_value_ex
20656 : 0x174675fc580 : 2 : ittapi_config_apply_per_lib :  ITTAPI function not implemented: __itt_mark_createA
20656 : 0x174675fc591 : 2 : ittapi_config_apply_per_lib :  ITTAPI function not implemented: __itt_mark_createW
20656 : 0x174675fc5a2 : 2 : ittapi_config_apply_per_lib :  ITTAPI function not implemented: __itt_markA
20656 : 0x174675fc5b2 : 2 : ittapi_config_apply_per_lib :  ITTAPI function not implemented: __itt_markW
20656 : 0x174675fc5c2 : 2 : ittapi_config_apply_per_lib :  ITTAPI function not implemented: __itt_mark_off
20656 : 0x174675fc5d3 : 2 : ittapi_config_apply_per_lib :  ITTAPI function not implemented: __itt_mark_globalA
20656 : 0x174675fc5e3 : 2 : ittapi_config_apply_per_lib :  ITTAPI function not implemented: __itt_mark_globalW
20656 : 0x174675fc5f3 : 2 : ittapi_config_apply_per_lib :  ITTAPI function not implemented: __itt_mark_global_off
20656 : 0x174675fc605 : 2 : ittapi_config_apply_per_lib :  ITTAPI function instrumented: __itt_stack_caller_create
20656 : 0x174675fc77e : 2 : ittapi_config_apply_per_lib :  ITTAPI function instrumented: __itt_stack_caller_destroy
20656 : 0x174675fc792 : 2 : ittapi_config_apply_per_lib :  ITTAPI function instrumented: __itt_stack_callee_enter
20656 : 0x174675fc7a2 : 2 : ittapi_config_apply_per_lib :  ITTAPI function instrumented: __itt_stack_callee_leave
20656 : 0x174675fc7b4 : 2 : ittapi_config_apply_per_lib :  ITTAPI function not implemented: __itt_clock_domain_create
20656 : 0x174675fc7c4 : 2 : ittapi_config_apply_per_lib :  ITTAPI function not implemented: __itt_clock_domain_reset
20656 : 0x174675fc7d4 : 2 : ittapi_config_apply_per_lib :  ITTAPI function not implemented: __itt_id_create_ex
20656 : 0x174675fc7e5 : 2 : ittapi_config_apply_per_lib :  ITTAPI function not implemented: __itt_id_destroy_ex
20656 : 0x174675fc7f6 : 2 : ittapi_config_apply_per_lib :  ITTAPI function not implemented: __itt_task_begin_ex
20656 : 0x174675fc807 : 2 : ittapi_config_apply_per_lib :  ITTAPI function not implemented: __itt_task_begin_fn_ex
20656 : 0x174675fc819 : 2 : ittapi_config_apply_per_lib :  ITTAPI function not implemented: __itt_task_end_ex
20656 : 0x174675fc8b0 : 2 : ittapi_config_apply_per_lib :  ITTAPI function instrumented: __itt_task_begin_overlapped
20656 : 0x174675fc8c1 : 2 : ittapi_config_apply_per_lib :  ITTAPI function not implemented: __itt_task_begin_overlapped_ex
20656 : 0x174675fc8d0 : 2 : ittapi_config_apply_per_lib :  ITTAPI function instrumented: __itt_task_end_overlapped
20656 : 0x174675fc8e0 : 2 : ittapi_config_apply_per_lib :  ITTAPI function not implemented: __itt_task_end_overlapped_ex
20656 : 0x174675fc8f0 : 2 : ittapi_config_apply_per_lib :  ITTAPI function not implemented: __itt_marker_ex
20656 : 0x174675fc961 : 2 : ittapi_config_apply_per_lib :  ITTAPI function not implemented: __itt_metadata_add_with_scope
20656 : 0x174675fc971 : 2 : ittapi_config_apply_per_lib :  ITTAPI function not implemented: __itt_metadata_str_add_with_scopeA
20656 : 0x174675fc983 : 2 : ittapi_config_apply_per_lib :  ITTAPI function not implemented: __itt_metadata_str_add_with_scopeW
20656 : 0x174675fc994 : 2 : ittapi_config_apply_per_lib :  ITTAPI function not implemented: __itt_relation_add_to_current_ex
20656 : 0x174675fc9a5 : 2 : ittapi_config_apply_per_lib :  ITTAPI function not implemented: __itt_relation_add_ex
20656 : 0x174675fca34 : 2 : ittapi_config_apply_per_lib :  ITTAPI function not implemented: __itt_track_group_create
20656 : 0x174675fca45 : 2 : ittapi_config_apply_per_lib :  ITTAPI function not implemented: __itt_track_create
20656 : 0x174675fca56 : 2 : ittapi_config_apply_per_lib :  ITTAPI function not implemented: __itt_set_track
20656 : 0x174675fca66 : 2 : ittapi_config_apply_per_lib :  ITTAPI function instrumented: __itt_api_version
20656 : 0x174675fca76 : 2 : ittapi_config_apply_per_lib :  ITTAPI function not implemented: __itt_av_saveA
20656 : 0x174675fca87 : 2 : ittapi_config_apply_per_lib :  ITTAPI function not implemented: __itt_av_saveW
20656 : 0x174675fca97 : 2 : ittapi_config_apply_per_lib :  ITTAPI function instrumented: __itt_module_loadA
20656 : 0x174675fcaa6 : 2 : ittapi_config_apply_per_lib :  ITTAPI function instrumented: __itt_module_loadW