e:\univer\5_kurs\2_semeetr\ips\lesson_5\x64\release\task_for_lecture5.obj
c:\users\nikits~1\appdata\local\temp\lnk{8388bb32-bbb9-4f70-88d3-981277b527c6}.tmp
c:\users\nikits~1\appdata\local\temp\lnk{d9242962-7daa-4fd2-a49b-13055d70f2b4}.tmp
c:\users\nikits~1\appdata\local\temp\lnk{d1f7f8a2-d332-4005-ad96-dcd534630ab4}.tmp
c:\users\nikits~1\appdata\local\temp\lnk{df2541d2-4fba-4df3-97e1-920f2a97fe31}.tmp
c:\users\nikits~1\appdata\local\temp\lnk{82ee2859-5155-4327-b3a5-ba7b2e89c659}.tmp
c:\users\nikits~1\appdata\local\temp\lnk{ff84e289-dcbd-4b7e-a9e7-360857681295}.tmp
c:\users\nikits~1\appdata\local\temp\lnk{4dfdb850-8f5e-4926-9687-ea19461f1259}.tmp
c:\users\nikits~1\appdata\local\temp\lnk{70ccd7d9-322f-4ed2-a29a-03444e776a80}.tmp
c:\users\nikits~1\appdata\local\temp\lnk{422b459c-5028-4015-ad1e-15f3d8323f8b}.tmp
c:\users\nikits~1\appdata\local\temp\lnk{cdd4bcf0-d516-4a42-ab13-c2f74116a38c}.tmp
c:\users\nikits~1\appdata\local\temp\lnk{2ecd3de0-c885-4bc9-992d-1715ff1ba89f}.tmp
c:\users\nikits~1\appdata\local\temp\lnk{a37983d0-3087-49f2-a749-64770ffe22c5}.tmp
c:\users\nikits~1\appdata\local\temp\lnk{7c16fcd0-d887-4f2b-9d7c-3da7f9ba23f0}.tmp
c:\users\nikits~1\appdata\local\temp\lnk{b76f4fdb-8caf-45cb-a2eb-2b0fe0166403}.tmp
c:\users\nikits~1\appdata\local\temp\lnk{62d7822e-f080-4fa7-af7d-0a49660702fb}.tmp
c:\users\nikits~1\appdata\local\temp\lnk{409262d8-2c8c-4473-a537-7c61064a58e5}.tmp
c:\users\nikits~1\appdata\local\temp\lnk{48786cc9-5b8a-4928-bb39-c3a91767e3cd}.tmp
c:\users\nikits~1\appdata\local\temp\lnk{b87c096b-06a0-4ef7-bca0-22128f3dddcd}.tmp
c:\users\nikits~1\appdata\local\temp\lnk{18031b23-9106-4a30-95c9-66e4ede190c2}.tmp
c:\users\nikits~1\appdata\local\temp\lnk{ce8ab150-0d2f-4c8c-8f1b-164736d267b0}.tmp
c:\users\nikits~1\appdata\local\temp\lnk{28aeee30-3275-4803-83cf-4454887f4b3c}.tmp
c:\users\nikits~1\appdata\local\temp\lnk{0331036e-a1db-4801-8f81-d4db84f9383f}.tmp
c:\users\nikits~1\appdata\local\temp\lnk{19d9c9b4-8a87-4495-99cb-0df5784a044c}.tmp
c:\users\nikits~1\appdata\local\temp\lnk{80d4c780-4eb4-479f-acb3-da51135caad8}.tmp
c:\users\nikits~1\appdata\local\temp\lnk{30427922-a29e-4320-add7-259147513c23}.tmp
c:\users\nikits~1\appdata\local\temp\lnk{2d68ef39-3524-4776-bc42-cec70cc660d7}.tmp
c:\users\nikits~1\appdata\local\temp\lnk{99cb7eca-64eb-412d-87a9-fecdbe6717ba}.tmp
e:\univer\5_kurs\2_semeetr\ips\lesson_5\x64\release\lesson_5.exe
e:\univer\5_kurs\2_semeetr\ips\lesson_5\x64\release\lesson_5.pdb
e:\univer\5_kurs\2_semeetr\ips\lesson_5\x64\release\vc141.pdb
e:\univer\5_kurs\2_semeetr\ips\lesson_5\x64\release\lesson_5.tlog\cl.command.1.tlog
e:\univer\5_kurs\2_semeetr\ips\lesson_5\x64\release\lesson_5.tlog\icl-mcpcom.read.1.tlog
e:\univer\5_kurs\2_semeetr\ips\lesson_5\x64\release\lesson_5.tlog\icl-mcpcom.write.1.tlog
e:\univer\5_kurs\2_semeetr\ips\lesson_5\x64\release\lesson_5.tlog\icl.command.1.tlog
e:\univer\5_kurs\2_semeetr\ips\lesson_5\x64\release\lesson_5.tlog\icl.read.1.tlog
e:\univer\5_kurs\2_semeetr\ips\lesson_5\x64\release\lesson_5.tlog\icl.write.1.tlog
e:\univer\5_kurs\2_semeetr\ips\lesson_5\x64\release\lesson_5.tlog\xilink-link-cvtres.read.1.tlog
e:\univer\5_kurs\2_semeetr\ips\lesson_5\x64\release\lesson_5.tlog\xilink-link-cvtres.write.1.tlog
e:\univer\5_kurs\2_semeetr\ips\lesson_5\x64\release\lesson_5.tlog\xilink-link-rc.read.1.tlog
e:\univer\5_kurs\2_semeetr\ips\lesson_5\x64\release\lesson_5.tlog\xilink-link-rc.write.1.tlog
e:\univer\5_kurs\2_semeetr\ips\lesson_5\x64\release\lesson_5.tlog\xilink-link.read.1.tlog
e:\univer\5_kurs\2_semeetr\ips\lesson_5\x64\release\lesson_5.tlog\xilink-link.write.1.tlog
e:\univer\5_kurs\2_semeetr\ips\lesson_5\x64\release\lesson_5.tlog\xilink-mcpcom.read.1.tlog
e:\univer\5_kurs\2_semeetr\ips\lesson_5\x64\release\lesson_5.tlog\xilink-mcpcom.write.1.tlog
e:\univer\5_kurs\2_semeetr\ips\lesson_5\x64\release\lesson_5.tlog\xilink.command.1.tlog
e:\univer\5_kurs\2_semeetr\ips\lesson_5\x64\release\lesson_5.tlog\xilink.read.1.tlog
e:\univer\5_kurs\2_semeetr\ips\lesson_5\x64\release\lesson_5.tlog\xilink.write.1.tlog
