<?xml version="1.0" encoding="UTF-8"?>
<feedback>
 <message severity="info">Analysis started...</message>
 <nop/>
 <message severity="info">Result file: E:\Univer\5_kurs\2_semeetr\IPS\Lesson_5\My Inspector Results - Lesson_5\r007ti3\r007ti3.inspxe </message>
 <nop/>
 <message severity="info">Found target process e:\univer\5_kurs\2_semeetr\ips\lesson_5\x64\release\lesson_5.exe (PID = 7648). Analysis started... </message>
 <nop/>
 <message severity="info">Loaded module: e:\univer\5_kurs\2_semeetr\ips\lesson_5\x64\release\lesson_5.exe. </message>
 <nop/>
 <message severity="info">Loaded module: c:\windows\system32\kernelbase.dll. </message>
 <nop/>
 <message severity="info">Loaded module: c:\windows\system32\kernel32.dll. </message>
 <nop/>
 <message severity="info">Loaded module: c:\windows\system32\ntdll.dll. </message>
 <nop/>
 <message severity="info">Loaded module: c:\windows\system32\ucrtbase.dll. </message>
 <nop/>
 <message severity="info">Loaded module: c:\windows\system32\vcruntime140.dll. </message>
 <nop/>
 <message severity="info">Loaded module: c:\windows\system32\msvcp140.dll. </message>
 <nop/>
 <message severity="info">Loaded module: c:\program files (x86)\intelswtools\compilers_and_libraries_2019\windows\redist\intel64\compiler\cilkrts20.dll. </message>
 <nop/>
 <message severity="info">Loaded module: c:\windows\system32\user32.dll. </message>
 <nop/>
 <message severity="info">Loaded module: c:\windows\system32\win32u.dll. </message>
 <nop/>
 <message severity="info">Loaded module: c:\windows\system32\gdi32.dll. </message>
 <nop/>
 <message severity="info">Loaded module: c:\windows\system32\gdi32full.dll. </message>
 <nop/>
 <message severity="info">Loaded module: c:\windows\system32\msvcp_win.dll. </message>
 <nop/>
 <message severity="info">Loaded module: c:\windows\system32\imm32.dll. </message>
 <nop/>
 <message severity="info">Loaded module: c:\program files (x86)\intelswtools\inspector 2019\bin64\runtime\libittnotify.dll. </message>
 <nop/>
 <message severity="info">Loaded module: c:\windows\system32\kernel.appcore.dll. </message>
 <nop/>
 <message severity="info">Loaded module: c:\windows\system32\msvcrt.dll. </message>
 <nop/>
 <message severity="info">Loaded module: c:\windows\system32\rpcrt4.dll. </message>
 <nop/>
 <message severity="warning">One or more threads in the application accessed the stack of another thread. This may indicate one or more bugs in your application. Setting the Inspector to detect data races on stack accesses and running another analysis may help you locate these and other bugs.</message>
 <nop/>
 <message severity="warning">Inspector does not support the Microsoft Parallel Patterns Library and may report false positives. Refer to the product release notes. </message>
 <nop/>
 <message severity="info">Unloaded module: e:\univer\5_kurs\2_semeetr\ips\lesson_5\x64\release\lesson_5.exe. </message>
 <nop/>
 <message severity="info">Unloaded module: c:\windows\system32\kernelbase.dll. </message>
 <nop/>
 <message severity="info">Unloaded module: c:\windows\system32\kernel32.dll. </message>
 <nop/>
 <message severity="info">Unloaded module: c:\windows\system32\ntdll.dll. </message>
 <nop/>
 <message severity="info">Unloaded module: c:\windows\system32\ucrtbase.dll. </message>
 <nop/>
 <message severity="info">Unloaded module: c:\windows\system32\vcruntime140.dll. </message>
 <nop/>
 <message severity="info">Unloaded module: c:\windows\system32\msvcp140.dll. </message>
 <nop/>
 <message severity="info">Unloaded module: c:\program files (x86)\intelswtools\compilers_and_libraries_2019\windows\redist\intel64\compiler\cilkrts20.dll. </message>
 <nop/>
 <message severity="info">Unloaded module: c:\windows\system32\user32.dll. </message>
 <nop/>
 <message severity="info">Unloaded module: c:\windows\system32\win32u.dll. </message>
 <nop/>
 <message severity="info">Unloaded module: c:\windows\system32\gdi32.dll. </message>
 <nop/>
 <message severity="info">Unloaded module: c:\windows\system32\gdi32full.dll. </message>
 <nop/>
 <message severity="info">Unloaded module: c:\windows\system32\msvcp_win.dll. </message>
 <nop/>
 <message severity="info">Unloaded module: c:\windows\system32\imm32.dll. </message>
 <nop/>
 <message severity="info">Unloaded module: c:\program files (x86)\intelswtools\inspector 2019\bin64\runtime\libittnotify.dll. </message>
 <nop/>
 <message severity="info">Unloaded module: c:\windows\system32\kernel.appcore.dll. </message>
 <nop/>
 <message severity="info">Unloaded module: c:\windows\system32\msvcrt.dll. </message>
 <nop/>
 <message severity="info">Unloaded module: c:\windows\system32\rpcrt4.dll. </message>
 <nop/>
 <message severity="info">Process e:\univer\5_kurs\2_semeetr\ips\lesson_5\x64\release\lesson_5.exe (PID = 7648) has terminated. </message>
 <nop/>
 <message severity="info">Application exit code: 0 </message>
 <nop/>
 <message severity="info">Result file: E:\Univer\5_kurs\2_semeetr\IPS\Lesson_5\My Inspector Results - Lesson_5\r007ti3\r007ti3.inspxe </message>
 <nop/>
 <message severity="info">Analysis completed</message>
 <nop/>
</feedback>
