<?xml version="1.0" encoding="utf-8"?>
<log version="1.0" tool="runtool">

<msg id="1" tool="runtool">
  <type>log-start</type>
  <arg>2020/04/30 19:40:08</arg>
</msg>
<msg id="2" tool="runtool">
  <type>collector-starts</type>
</msg>
<msg id="3" tool="runtool">
  <type>marker-file</type>
  <arg>E:\Univer\5_kurs\2_semeetr\IPS\Lesson_5\My Inspector Results - Lesson_5\r003mi3\r003mi3.inspxe</arg>
</msg>
<msg id="4" tool="mc">
  <type>EXEC_OF_INTEREST</type>
  <arg>e:\univer\5_kurs\2_semeetr\ips\lesson_5\x64\release\lesson_5.exe</arg>
  <arg>18480</arg>
  <severity>INFO</severity>
  <timestamp>Thu Apr 30 19:40:09 2020</timestamp>
</msg>
<msg id="5" tool="mc">
  <type>MODULE_LOAD</type>
  <arg>e:\univer\5_kurs\2_semeetr\ips\lesson_5\x64\release\lesson_5.exe</arg>
  <arg>0x7ff6fdc90000</arg>
  <arg>0x7ff6fdca1fff</arg>
  <severity>INFO</severity>
  <timestamp>Thu Apr 30 19:40:09 2020</timestamp>
</msg>
<msg id="6" tool="mc">
  <type>MODULE_LOAD</type>
  <arg>c:\windows\system32\kernelbase.dll</arg>
  <arg>0x7ffe20940000</arg>
  <arg>0x7ffe20be2fff</arg>
  <severity>INFO</severity>
  <timestamp>Thu Apr 30 19:40:09 2020</timestamp>
</msg>
<msg id="7" tool="mc">
  <type>MODULE_LOAD</type>
  <arg>c:\windows\system32\kernel32.dll</arg>
  <arg>0x7ffe22d50000</arg>
  <arg>0x7ffe22e01fff</arg>
  <severity>INFO</severity>
  <timestamp>Thu Apr 30 19:40:09 2020</timestamp>
</msg>
<msg id="8" tool="mc">
  <type>MODULE_LOAD</type>
  <arg>c:\windows\system32\ntdll.dll</arg>
  <arg>0x7ffe239e0000</arg>
  <arg>0x7ffe23bcffff</arg>
  <severity>INFO</severity>
  <timestamp>Thu Apr 30 19:40:09 2020</timestamp>
</msg>
<msg id="9" tool="mc">
  <type>MODULE_LOAD</type>
  <arg>c:\windows\system32\ucrtbase.dll</arg>
  <arg>0x7ffe21900000</arg>
  <arg>0x7ffe219f9fff</arg>
  <severity>INFO</severity>
  <timestamp>Thu Apr 30 19:40:10 2020</timestamp>
</msg>
<msg id="10" tool="mc">
  <type>MODULE_LOAD</type>
  <arg>c:\windows\system32\vcruntime140.dll</arg>
  <arg>0x7ffe07960000</arg>
  <arg>0x7ffe07976fff</arg>
  <severity>INFO</severity>
  <timestamp>Thu Apr 30 19:40:10 2020</timestamp>
</msg>
<msg id="11" tool="mc">
  <type>MODULE_LOAD</type>
  <arg>c:\windows\system32\msvcp140.dll</arg>
  <arg>0x7ffe083b0000</arg>
  <arg>0x7ffe08448fff</arg>
  <severity>INFO</severity>
  <timestamp>Thu Apr 30 19:40:10 2020</timestamp>
</msg>
<msg id="12" tool="mc">
  <type>MODULE_LOAD_NO_ANALYSIS</type>
  <arg>c:\program files (x86)\intelswtools\compilers_and_libraries_2019\windows\redist\intel64\compiler\cilkrts20.dll</arg>
  <arg>0x7ffdb6e80000</arg>
  <arg>0x7ffdb6ed2fff</arg>
  <severity>INFO</severity>
  <timestamp>Thu Apr 30 19:40:10 2020</timestamp>
</msg>
<msg id="13" tool="mc">
  <type>MODULE_LOAD_NO_ANALYSIS</type>
  <arg>c:\windows\system32\user32.dll</arg>
  <arg>0x7ffe22ec0000</arg>
  <arg>0x7ffe23053fff</arg>
  <severity>INFO</severity>
  <timestamp>Thu Apr 30 19:40:11 2020</timestamp>
</msg>
<msg id="14" tool="mc">
  <type>MODULE_LOAD</type>
  <arg>c:\windows\system32\win32u.dll</arg>
  <arg>0x7ffe21a00000</arg>
  <arg>0x7ffe21a20fff</arg>
  <severity>INFO</severity>
  <timestamp>Thu Apr 30 19:40:11 2020</timestamp>
</msg>
<msg id="15" tool="mc">
  <type>MODULE_LOAD</type>
  <arg>c:\windows\system32\gdi32.dll</arg>
  <arg>0x7ffe226a0000</arg>
  <arg>0x7ffe226c5fff</arg>
  <severity>INFO</severity>
  <timestamp>Thu Apr 30 19:40:11 2020</timestamp>
</msg>
<msg id="16" tool="mc">
  <type>MODULE_LOAD_NO_ANALYSIS</type>
  <arg>c:\windows\system32\gdi32full.dll</arg>
  <arg>0x7ffe20bf0000</arg>
  <arg>0x7ffe20d83fff</arg>
  <severity>INFO</severity>
  <timestamp>Thu Apr 30 19:40:11 2020</timestamp>
</msg>
<msg id="17" tool="mc">
  <type>MODULE_LOAD</type>
  <arg>c:\windows\system32\msvcp_win.dll</arg>
  <arg>0x7ffe20de0000</arg>
  <arg>0x7ffe20e7dfff</arg>
  <severity>INFO</severity>
  <timestamp>Thu Apr 30 19:40:11 2020</timestamp>
</msg>
<msg id="18" tool="mc">
  <type>MODULE_LOAD_NO_ANALYSIS</type>
  <arg>c:\windows\system32\imm32.dll</arg>
  <arg>0x7ffe22270000</arg>
  <arg>0x7ffe2229dfff</arg>
  <severity>INFO</severity>
  <timestamp>Thu Apr 30 19:40:12 2020</timestamp>
</msg>
<msg id="19" tool="mc">
  <type>MODULE_LOAD_NO_ANALYSIS</type>
  <arg>c:\program files (x86)\intelswtools\inspector 2019\bin64\runtime\libittnotify.dll</arg>
  <arg>0x7ffde3c70000</arg>
  <arg>0x7ffde3ca3fff</arg>
  <severity>INFO</severity>
  <timestamp>Thu Apr 30 19:40:13 2020</timestamp>
</msg>
<msg id="20" tool="mc">
  <type>HEARTBEAT</type>
  <arg>22992,20300,16736,25040</arg>
  <arg>0,1,1,1</arg>
  <arg>206415,1498,7152,726</arg>
  <severity>INFO</severity>
  <timestamp>Thu Apr 30 19:40:14 2020</timestamp>
</msg>
<msg id="21" tool="mc">
  <type>HEARTBEAT</type>
  <arg>22992,20300,16736,25040</arg>
  <arg>0,1,1,1</arg>
  <arg>4202264,0,0,0</arg>
  <severity>INFO</severity>
  <timestamp>Thu Apr 30 19:40:15 2020</timestamp>
</msg>
<msg id="22" tool="mc">
  <type>HEARTBEAT</type>
  <arg>22992,20300,16736,25040</arg>
  <arg>0,1,1,1</arg>
  <arg>4147756,0,0,0</arg>
  <severity>INFO</severity>
  <timestamp>Thu Apr 30 19:40:16 2020</timestamp>
</msg>
<msg id="23" tool="mc">
  <type>HEARTBEAT</type>
  <arg>22992,20300,16736,25040</arg>
  <arg>0,1,1,1</arg>
  <arg>6450598,0,0,0</arg>
  <severity>INFO</severity>
  <timestamp>Thu Apr 30 19:40:17 2020</timestamp>
</msg>
<msg id="24" tool="mc">
  <type>HEARTBEAT</type>
  <arg>22992,20300,16736,25040</arg>
  <arg>0,1,1,1</arg>
  <arg>6345367,0,0,0</arg>
  <severity>INFO</severity>
  <timestamp>Thu Apr 30 19:40:18 2020</timestamp>
</msg>
<msg id="25" tool="mc">
  <type>HEARTBEAT</type>
  <arg>22992,20300,16736,25040</arg>
  <arg>0,1,1,1</arg>
  <arg>7206756,0,0,0</arg>
  <severity>INFO</severity>
  <timestamp>Thu Apr 30 19:40:19 2020</timestamp>
</msg>
<msg id="26" tool="mc">
  <type>HEARTBEAT</type>
  <arg>22992,20300,16736,25040</arg>
  <arg>0,1,1,1</arg>
  <arg>7045920,0,0,0</arg>
  <severity>INFO</severity>
  <timestamp>Thu Apr 30 19:40:20 2020</timestamp>
</msg>
<msg id="27" tool="mc">
  <type>HEARTBEAT</type>
  <arg>22992,20300,16736,25040</arg>
  <arg>0,1,1,1</arg>
  <arg>7115080,0,0,0</arg>
  <severity>INFO</severity>
  <timestamp>Thu Apr 30 19:40:21 2020</timestamp>
</msg>
<msg id="28" tool="mc">
  <type>HEARTBEAT</type>
  <arg>22992,20300,16736,25040</arg>
  <arg>0,1,1,1</arg>
  <arg>7139842,0,0,0</arg>
  <severity>INFO</severity>
  <timestamp>Thu Apr 30 19:40:22 2020</timestamp>
</msg>
<msg id="29" tool="mc">
  <type>HEARTBEAT</type>
  <arg>22992,20300,16736,25040</arg>
  <arg>0,1,1,1</arg>
  <arg>7092135,0,0,0</arg>
  <severity>INFO</severity>
  <timestamp>Thu Apr 30 19:40:23 2020</timestamp>
</msg>
<msg id="30" tool="mc">
  <type>HEARTBEAT</type>
  <arg>22992,20300,16736,25040</arg>
  <arg>0,1,1,1</arg>
  <arg>7150987,0,0,0</arg>
  <severity>INFO</severity>
  <timestamp>Thu Apr 30 19:40:24 2020</timestamp>
</msg>
<msg id="31" tool="mc">
  <type>HEARTBEAT</type>
  <arg>22992,20300,16736,25040</arg>
  <arg>0,1,1,1</arg>
  <arg>7132469,0,0,0</arg>
  <severity>INFO</severity>
  <timestamp>Thu Apr 30 19:40:25 2020</timestamp>
</msg>
<msg id="32" tool="mc">
  <type>HEARTBEAT</type>
  <arg>22992,20300,16736,25040</arg>
  <arg>0,1,1,1</arg>
  <arg>6233418,0,0,0</arg>
  <severity>INFO</severity>
  <timestamp>Thu Apr 30 19:40:26 2020</timestamp>
</msg>
<msg id="33" tool="mc">
  <type>HEARTBEAT</type>
  <arg>22992,20300,16736,25040</arg>
  <arg>0,1,1,1</arg>
  <arg>6283673,0,0,0</arg>
  <severity>INFO</severity>
  <timestamp>Thu Apr 30 19:40:27 2020</timestamp>
</msg>
<msg id="34" tool="mc">
  <type>HEARTBEAT</type>
  <arg>22992,20300,16736,25040</arg>
  <arg>0,1,1,1</arg>
  <arg>6610692,0,0,0</arg>
  <severity>INFO</severity>
  <timestamp>Thu Apr 30 19:40:28 2020</timestamp>
</msg>
<msg id="35" tool="mc">
  <type>HEARTBEAT</type>
  <arg>22992,20300,16736,25040</arg>
  <arg>0,1,1,1</arg>
  <arg>7071812,0,0,0</arg>
  <severity>INFO</severity>
  <timestamp>Thu Apr 30 19:40:29 2020</timestamp>
</msg>
<msg id="36" tool="mc">
  <type>HEARTBEAT</type>
  <arg>22992,20300,16736,25040</arg>
  <arg>0,1,1,1</arg>
  <arg>6679131,0,0,0</arg>
  <severity>INFO</severity>
  <timestamp>Thu Apr 30 19:40:30 2020</timestamp>
</msg>
<msg id="37" tool="mc">
  <type>HEARTBEAT</type>
  <arg>22992,20300,16736,25040</arg>
  <arg>0,1,1,1</arg>
  <arg>6504762,0,0,0</arg>
  <severity>INFO</severity>
  <timestamp>Thu Apr 30 19:40:31 2020</timestamp>
</msg>
<msg id="38" tool="mc">
  <type>HEARTBEAT</type>
  <arg>22992,20300,16736,25040</arg>
  <arg>0,1,1,1</arg>
  <arg>6831264,0,0,0</arg>
  <severity>INFO</severity>
  <timestamp>Thu Apr 30 19:40:32 2020</timestamp>
</msg>
<msg id="39" tool="mc">
  <type>HEARTBEAT</type>
  <arg>22992,20300,16736,25040</arg>
  <arg>0,1,1,1</arg>
  <arg>7254476,0,0,0</arg>
  <severity>INFO</severity>
  <timestamp>Thu Apr 30 19:40:33 2020</timestamp>
</msg>
<msg id="40" tool="mc">
  <type>HEARTBEAT</type>
  <arg>22992,20300,16736,25040</arg>
  <arg>0,1,1,1</arg>
  <arg>7259189,0,0,0</arg>
  <severity>INFO</severity>
  <timestamp>Thu Apr 30 19:40:34 2020</timestamp>
</msg>
<msg id="41" tool="mc">
  <type>HEARTBEAT</type>
  <arg>22992,20300,16736,25040</arg>
  <arg>0,1,1,1</arg>
  <arg>7278342,0,0,0</arg>
  <severity>INFO</severity>
  <timestamp>Thu Apr 30 19:40:35 2020</timestamp>
</msg>
<msg id="42" tool="mc">
  <type>HEARTBEAT</type>
  <arg>22992,20300,16736,25040</arg>
  <arg>0,1,1,1</arg>
  <arg>7306493,0,0,0</arg>
  <severity>INFO</severity>
  <timestamp>Thu Apr 30 19:40:36 2020</timestamp>
</msg>
<msg id="43" tool="mc">
  <type>HEARTBEAT</type>
  <arg>22992,20300,16736,25040</arg>
  <arg>0,1,1,1</arg>
  <arg>7282251,0,0,0</arg>
  <severity>INFO</severity>
  <timestamp>Thu Apr 30 19:40:37 2020</timestamp>
</msg>
<msg id="44" tool="mc">
  <type>HEARTBEAT</type>
  <arg>22992,20300,16736,25040</arg>
  <arg>0,1,1,1</arg>
  <arg>7273475,0,0,0</arg>
  <severity>INFO</severity>
  <timestamp>Thu Apr 30 19:40:38 2020</timestamp>
</msg>
<msg id="45" tool="mc">
  <type>HEARTBEAT</type>
  <arg>22992,20300,16736,25040</arg>
  <arg>0,1,1,1</arg>
  <arg>7293476,0,0,0</arg>
  <severity>INFO</severity>
  <timestamp>Thu Apr 30 19:40:39 2020</timestamp>
</msg>
<msg id="46" tool="mc">
  <type>HEARTBEAT</type>
  <arg>22992,20300,16736,25040</arg>
  <arg>0,1,1,1</arg>
  <arg>7165739,0,0,0</arg>
  <severity>INFO</severity>
  <timestamp>Thu Apr 30 19:40:40 2020</timestamp>
</msg>
<msg id="47" tool="mc">
  <type>HEARTBEAT</type>
  <arg>22992,20300,16736,25040</arg>
  <arg>0,1,1,1</arg>
  <arg>7252170,0,0,0</arg>
  <severity>INFO</severity>
  <timestamp>Thu Apr 30 19:40:41 2020</timestamp>
</msg>
<msg id="48" tool="mc">
  <type>HEARTBEAT</type>
  <arg>22992,20300,16736,25040</arg>
  <arg>0,1,1,1</arg>
  <arg>7178165,0,0,0</arg>
  <severity>INFO</severity>
  <timestamp>Thu Apr 30 19:40:42 2020</timestamp>
</msg>
<msg id="49" tool="mc">
  <type>HEARTBEAT</type>
  <arg>22992,20300,16736,25040</arg>
  <arg>0,1,1,1</arg>
  <arg>7194494,0,0,0</arg>
  <severity>INFO</severity>
  <timestamp>Thu Apr 30 19:40:43 2020</timestamp>
</msg>
<msg id="50" tool="mc">
  <type>HEARTBEAT</type>
  <arg>22992,20300,16736,25040</arg>
  <arg>0,1,1,1</arg>
  <arg>7095558,0,0,0</arg>
  <severity>INFO</severity>
  <timestamp>Thu Apr 30 19:40:44 2020</timestamp>
</msg>
<msg id="51" tool="mc">
  <type>HEARTBEAT</type>
  <arg>22992,20300,16736,25040</arg>
  <arg>0,1,1,1</arg>
  <arg>6992641,0,0,0</arg>
  <severity>INFO</severity>
  <timestamp>Thu Apr 30 19:40:45 2020</timestamp>
</msg>
<msg id="52" tool="mc">
  <type>HEARTBEAT</type>
  <arg>22992,20300,16736,25040</arg>
  <arg>0,1,1,1</arg>
  <arg>6843583,0,0,0</arg>
  <severity>INFO</severity>
  <timestamp>Thu Apr 30 19:40:46 2020</timestamp>
</msg>
<msg id="53" tool="mc">
  <type>HEARTBEAT</type>
  <arg>22992,20300,16736,25040</arg>
  <arg>0,1,1,1</arg>
  <arg>6490548,0,0,0</arg>
  <severity>INFO</severity>
  <timestamp>Thu Apr 30 19:40:47 2020</timestamp>
</msg>
<msg id="54" tool="mc">
  <type>HEARTBEAT</type>
  <arg>22992,20300,16736,25040</arg>
  <arg>0,1,1,1</arg>
  <arg>7226631,0,0,0</arg>
  <severity>INFO</severity>
  <timestamp>Thu Apr 30 19:40:48 2020</timestamp>
</msg>
<msg id="55" tool="mc">
  <type>HEARTBEAT</type>
  <arg>22992,20300,16736,25040</arg>
  <arg>0,1,1,1</arg>
  <arg>7172010,0,0,0</arg>
  <severity>INFO</severity>
  <timestamp>Thu Apr 30 19:40:49 2020</timestamp>
</msg>
<msg id="56" tool="mc">
  <type>HEARTBEAT</type>
  <arg>22992,20300,16736,25040</arg>
  <arg>0,1,1,1</arg>
  <arg>7213308,0,0,0</arg>
  <severity>INFO</severity>
  <timestamp>Thu Apr 30 19:40:50 2020</timestamp>
</msg>
<msg id="57" tool="mc">
  <type>HEARTBEAT</type>
  <arg>22992,20300,16736,25040</arg>
  <arg>0,1,1,1</arg>
  <arg>6921800,0,0,0</arg>
  <severity>INFO</severity>
  <timestamp>Thu Apr 30 19:40:51 2020</timestamp>
</msg>
<msg id="58" tool="mc">
  <type>HEARTBEAT</type>
  <arg>22992,20300,16736,25040</arg>
  <arg>0,1,1,1</arg>
  <arg>7123347,0,0,0</arg>
  <severity>INFO</severity>
  <timestamp>Thu Apr 30 19:40:52 2020</timestamp>
</msg>
<msg id="59" tool="mc">
  <type>HEARTBEAT</type>
  <arg>22992,20300,16736,25040</arg>
  <arg>0,1,1,1</arg>
  <arg>7150532,0,0,0</arg>
  <severity>INFO</severity>
  <timestamp>Thu Apr 30 19:40:53 2020</timestamp>
</msg>
<msg id="60" tool="mc">
  <type>HEARTBEAT</type>
  <arg>22992,20300,16736,25040</arg>
  <arg>0,1,1,1</arg>
  <arg>7042147,0,0,0</arg>
  <severity>INFO</severity>
  <timestamp>Thu Apr 30 19:40:54 2020</timestamp>
</msg>
<msg id="61" tool="mc">
  <type>HEARTBEAT</type>
  <arg>22992,20300,16736,25040</arg>
  <arg>0,1,1,1</arg>
  <arg>7140137,0,0,0</arg>
  <severity>INFO</severity>
  <timestamp>Thu Apr 30 19:40:55 2020</timestamp>
</msg>
<msg id="62" tool="mc">
  <type>HEARTBEAT</type>
  <arg>22992,20300,16736,25040</arg>
  <arg>0,1,1,1</arg>
  <arg>7182431,0,0,0</arg>
  <severity>INFO</severity>
  <timestamp>Thu Apr 30 19:40:56 2020</timestamp>
</msg>
<msg id="63" tool="mc">
  <type>HEARTBEAT</type>
  <arg>22992,20300,16736,25040</arg>
  <arg>0,1,1,1</arg>
  <arg>7113122,0,0,0</arg>
  <severity>INFO</severity>
  <timestamp>Thu Apr 30 19:40:57 2020</timestamp>
</msg>
<msg id="64" tool="mc">
  <type>HEARTBEAT</type>
  <arg>22992,20300,16736,25040</arg>
  <arg>0,1,1,1</arg>
  <arg>7123862,0,0,0</arg>
  <severity>INFO</severity>
  <timestamp>Thu Apr 30 19:40:58 2020</timestamp>
</msg>
<msg id="65" tool="mc">
  <type>HEARTBEAT</type>
  <arg>22992,20300,16736,25040</arg>
  <arg>0,1,1,1</arg>
  <arg>6606755,0,0,0</arg>
  <severity>INFO</severity>
  <timestamp>Thu Apr 30 19:40:59 2020</timestamp>
</msg>
<msg id="66" tool="mc">
  <type>HEARTBEAT</type>
  <arg>22992,20300,16736,25040</arg>
  <arg>0,1,1,1</arg>
  <arg>7191811,0,0,0</arg>
  <severity>INFO</severity>
  <timestamp>Thu Apr 30 19:41:00 2020</timestamp>
</msg>
<msg id="67" tool="mc">
  <type>HEARTBEAT</type>
  <arg>22992,20300,16736,25040</arg>
  <arg>0,1,1,1</arg>
  <arg>7182793,0,0,0</arg>
  <severity>INFO</severity>
  <timestamp>Thu Apr 30 19:41:01 2020</timestamp>
</msg>
<msg id="68" tool="mc">
  <type>HEARTBEAT</type>
  <arg>22992,20300,16736,25040</arg>
  <arg>0,1,1,1</arg>
  <arg>7148955,0,0,0</arg>
  <severity>INFO</severity>
  <timestamp>Thu Apr 30 19:41:02 2020</timestamp>
</msg>
<msg id="69" tool="mc">
  <type>HEARTBEAT</type>
  <arg>22992,20300,16736,25040</arg>
  <arg>0,1,1,1</arg>
  <arg>7200911,0,0,0</arg>
  <severity>INFO</severity>
  <timestamp>Thu Apr 30 19:41:03 2020</timestamp>
</msg>
<msg id="70" tool="mc">
  <type>HEARTBEAT</type>
  <arg>22992,20300,16736,25040</arg>
  <arg>0,1,1,1</arg>
  <arg>7215883,0,0,0</arg>
  <severity>INFO</severity>
  <timestamp>Thu Apr 30 19:41:04 2020</timestamp>
</msg>
<msg id="71" tool="mc">
  <type>HEARTBEAT</type>
  <arg>22992,20300,16736,25040</arg>
  <arg>0,1,1,1</arg>
  <arg>7089402,0,0,0</arg>
  <severity>INFO</severity>
  <timestamp>Thu Apr 30 19:41:05 2020</timestamp>
</msg>
<msg id="72" tool="mc">
  <type>HEARTBEAT</type>
  <arg>22992,20300,16736,25040</arg>
  <arg>0,1,1,1</arg>
  <arg>6678061,0,0,0</arg>
  <severity>INFO</severity>
  <timestamp>Thu Apr 30 19:41:06 2020</timestamp>
</msg>
<msg id="73" tool="mc">
  <type>HEARTBEAT</type>
  <arg>22992,20300,16736,25040</arg>
  <arg>0,1,1,1</arg>
  <arg>7124691,0,0,0</arg>
  <severity>INFO</severity>
  <timestamp>Thu Apr 30 19:41:07 2020</timestamp>
</msg>
<msg id="74" tool="mc">
  <type>HEARTBEAT</type>
  <arg>22992,20300,16736,25040</arg>
  <arg>0,1,1,1</arg>
  <arg>6954227,0,0,0</arg>
  <severity>INFO</severity>
  <timestamp>Thu Apr 30 19:41:08 2020</timestamp>
</msg>
<msg id="75" tool="mc">
  <type>HEARTBEAT</type>
  <arg>22992,20300,16736,25040</arg>
  <arg>0,1,1,1</arg>
  <arg>6480961,0,0,0</arg>
  <severity>INFO</severity>
  <timestamp>Thu Apr 30 19:41:09 2020</timestamp>
</msg>
<msg id="76" tool="mc">
  <type>HEARTBEAT</type>
  <arg>22992</arg>
  <arg>0</arg>
  <arg>7034979</arg>
  <severity>INFO</severity>
  <timestamp>Thu Apr 30 19:41:10 2020</timestamp>
</msg>
<msg id="77" tool="mc">
  <type>HEARTBEAT</type>
  <arg>22992</arg>
  <arg>0</arg>
  <arg>6947228</arg>
  <severity>INFO</severity>
  <timestamp>Thu Apr 30 19:41:11 2020</timestamp>
</msg>
<msg id="78" tool="mc">
  <type>HEARTBEAT</type>
  <arg>22992</arg>
  <arg>0</arg>
  <arg>7061689</arg>
  <severity>INFO</severity>
  <timestamp>Thu Apr 30 19:41:12 2020</timestamp>
</msg>
<msg id="79" tool="mc">
  <type>HEARTBEAT</type>
  <arg>22992</arg>
  <arg>0</arg>
  <arg>7126678</arg>
  <severity>INFO</severity>
  <timestamp>Thu Apr 30 19:41:13 2020</timestamp>
</msg>
<msg id="80" tool="mc">
  <type>HEARTBEAT</type>
  <arg>22992</arg>
  <arg>0</arg>
  <arg>7248803</arg>
  <severity>INFO</severity>
  <timestamp>Thu Apr 30 19:41:14 2020</timestamp>
</msg>
<msg id="81" tool="mc">
  <type>HEARTBEAT</type>
  <arg>22992</arg>
  <arg>0</arg>
  <arg>7287196</arg>
  <severity>INFO</severity>
  <timestamp>Thu Apr 30 19:41:15 2020</timestamp>
</msg>
<msg id="82" tool="mc">
  <type>HEARTBEAT</type>
  <arg>22992</arg>
  <arg>0</arg>
  <arg>7326030</arg>
  <severity>INFO</severity>
  <timestamp>Thu Apr 30 19:41:16 2020</timestamp>
</msg>
<msg id="83" tool="mc">
  <type>HEARTBEAT</type>
  <arg>22992</arg>
  <arg>0</arg>
  <arg>7215541</arg>
  <severity>INFO</severity>
  <timestamp>Thu Apr 30 19:41:17 2020</timestamp>
</msg>
<msg id="84" tool="mc">
  <type>HEARTBEAT</type>
  <arg>22992</arg>
  <arg>0</arg>
  <arg>7033929</arg>
  <severity>INFO</severity>
  <timestamp>Thu Apr 30 19:41:18 2020</timestamp>
</msg>
<msg id="85" tool="mc">
  <type>HEARTBEAT</type>
  <arg>22992</arg>
  <arg>0</arg>
  <arg>7081652</arg>
  <severity>INFO</severity>
  <timestamp>Thu Apr 30 19:41:19 2020</timestamp>
</msg>
<msg id="86" tool="mc">
  <type>HEARTBEAT</type>
  <arg>22992</arg>
  <arg>0</arg>
  <arg>6754982</arg>
  <severity>INFO</severity>
  <timestamp>Thu Apr 30 19:41:20 2020</timestamp>
</msg>
<msg id="87" tool="mc">
  <type>HEARTBEAT</type>
  <arg>22992</arg>
  <arg>0</arg>
  <arg>6975980</arg>
  <severity>INFO</severity>
  <timestamp>Thu Apr 30 19:41:21 2020</timestamp>
</msg>
<msg id="88" tool="mc">
  <type>HEARTBEAT</type>
  <arg>22992</arg>
  <arg>0</arg>
  <arg>7088507</arg>
  <severity>INFO</severity>
  <timestamp>Thu Apr 30 19:41:22 2020</timestamp>
</msg>
<msg id="89" tool="mc">
  <type>HEARTBEAT</type>
  <arg>22992</arg>
  <arg>0</arg>
  <arg>6958957</arg>
  <severity>INFO</severity>
  <timestamp>Thu Apr 30 19:41:23 2020</timestamp>
</msg>
<msg id="90" tool="mc">
  <type>HEARTBEAT</type>
  <arg>22992</arg>
  <arg>0</arg>
  <arg>7305395</arg>
  <severity>INFO</severity>
  <timestamp>Thu Apr 30 19:41:24 2020</timestamp>
</msg>
<msg id="91" tool="mc">
  <type>HEARTBEAT</type>
  <arg>22992</arg>
  <arg>0</arg>
  <arg>7066110</arg>
  <severity>INFO</severity>
  <timestamp>Thu Apr 30 19:41:25 2020</timestamp>
</msg>
<msg id="92" tool="mc">
  <type>HEARTBEAT</type>
  <arg>22992</arg>
  <arg>0</arg>
  <arg>6629957</arg>
  <severity>INFO</severity>
  <timestamp>Thu Apr 30 19:41:26 2020</timestamp>
</msg>
<msg id="93" tool="mc">
  <type>HEARTBEAT</type>
  <arg>22992</arg>
  <arg>0</arg>
  <arg>6743491</arg>
  <severity>INFO</severity>
  <timestamp>Thu Apr 30 19:41:27 2020</timestamp>
</msg>
<msg id="94" tool="mc">
  <type>HEARTBEAT</type>
  <arg>22992</arg>
  <arg>0</arg>
  <arg>7167731</arg>
  <severity>INFO</severity>
  <timestamp>Thu Apr 30 19:41:28 2020</timestamp>
</msg>
<msg id="95" tool="mc">
  <type>HEARTBEAT</type>
  <arg>22992</arg>
  <arg>0</arg>
  <arg>7137597</arg>
  <severity>INFO</severity>
  <timestamp>Thu Apr 30 19:41:29 2020</timestamp>
</msg>
<msg id="96" tool="mc">
  <type>HEARTBEAT</type>
  <arg>22992</arg>
  <arg>0</arg>
  <arg>6452530</arg>
  <severity>INFO</severity>
  <timestamp>Thu Apr 30 19:41:30 2020</timestamp>
</msg>
<msg id="97" tool="mc">
  <type>HEARTBEAT</type>
  <arg>22992</arg>
  <arg>0</arg>
  <arg>6968374</arg>
  <severity>INFO</severity>
  <timestamp>Thu Apr 30 19:41:31 2020</timestamp>
</msg>
<msg id="98" tool="mc">
  <type>HEARTBEAT</type>
  <arg>22992</arg>
  <arg>0</arg>
  <arg>7061108</arg>
  <severity>INFO</severity>
  <timestamp>Thu Apr 30 19:41:32 2020</timestamp>
</msg>
<msg id="99" tool="mc">
  <type>HEARTBEAT</type>
  <arg>22992</arg>
  <arg>0</arg>
  <arg>7247697</arg>
  <severity>INFO</severity>
  <timestamp>Thu Apr 30 19:41:33 2020</timestamp>
</msg>
<msg id="100" tool="mc">
  <type>HEARTBEAT</type>
  <arg>22992</arg>
  <arg>0</arg>
  <arg>7088732</arg>
  <severity>INFO</severity>
  <timestamp>Thu Apr 30 19:41:34 2020</timestamp>
</msg>
<msg id="101" tool="mc">
  <type>HEARTBEAT</type>
  <arg>22992</arg>
  <arg>0</arg>
  <arg>7220959</arg>
  <severity>INFO</severity>
  <timestamp>Thu Apr 30 19:41:35 2020</timestamp>
</msg>
<msg id="102" tool="mc">
  <type>HEARTBEAT</type>
  <arg>22992</arg>
  <arg>0</arg>
  <arg>7240369</arg>
  <severity>INFO</severity>
  <timestamp>Thu Apr 30 19:41:36 2020</timestamp>
</msg>
<msg id="103" tool="mc">
  <type>HEARTBEAT</type>
  <arg>22992</arg>
  <arg>0</arg>
  <arg>7030973</arg>
  <severity>INFO</severity>
  <timestamp>Thu Apr 30 19:41:37 2020</timestamp>
</msg>
<msg id="104" tool="mc">
  <type>HEARTBEAT</type>
  <arg>22992</arg>
  <arg>0</arg>
  <arg>7104640</arg>
  <severity>INFO</severity>
  <timestamp>Thu Apr 30 19:41:38 2020</timestamp>
</msg>
<msg id="105" tool="mc">
  <type>HEARTBEAT</type>
  <arg>22992</arg>
  <arg>0</arg>
  <arg>7173234</arg>
  <severity>INFO</severity>
  <timestamp>Thu Apr 30 19:41:39 2020</timestamp>
</msg>
<msg id="106" tool="mc">
  <type>HEARTBEAT</type>
  <arg>22992</arg>
  <arg>0</arg>
  <arg>7073703</arg>
  <severity>INFO</severity>
  <timestamp>Thu Apr 30 19:41:40 2020</timestamp>
</msg>
<msg id="107" tool="mc">
  <type>HEARTBEAT</type>
  <arg>22992</arg>
  <arg>0</arg>
  <arg>7097759</arg>
  <severity>INFO</severity>
  <timestamp>Thu Apr 30 19:41:41 2020</timestamp>
</msg>
<msg id="108" tool="mc">
  <type>HEARTBEAT</type>
  <arg>22992</arg>
  <arg>0</arg>
  <arg>7315105</arg>
  <severity>INFO</severity>
  <timestamp>Thu Apr 30 19:41:42 2020</timestamp>
</msg>
<msg id="109" tool="mc">
  <type>HEARTBEAT</type>
  <arg>22992</arg>
  <arg>0</arg>
  <arg>7165749</arg>
  <severity>INFO</severity>
  <timestamp>Thu Apr 30 19:41:43 2020</timestamp>
</msg>
<msg id="110" tool="mc">
  <type>HEARTBEAT</type>
  <arg>22992</arg>
  <arg>0</arg>
  <arg>7175564</arg>
  <severity>INFO</severity>
  <timestamp>Thu Apr 30 19:41:44 2020</timestamp>
</msg>
<msg id="111" tool="mc">
  <type>HEARTBEAT</type>
  <arg>22992</arg>
  <arg>0</arg>
  <arg>7284133</arg>
  <severity>INFO</severity>
  <timestamp>Thu Apr 30 19:41:45 2020</timestamp>
</msg>
<msg id="112" tool="mc">
  <type>HEARTBEAT</type>
  <arg>22992</arg>
  <arg>0</arg>
  <arg>7012684</arg>
  <severity>INFO</severity>
  <timestamp>Thu Apr 30 19:41:46 2020</timestamp>
</msg>
<msg id="113" tool="mc">
  <type>HEARTBEAT</type>
  <arg>22992</arg>
  <arg>0</arg>
  <arg>7148020</arg>
  <severity>INFO</severity>
  <timestamp>Thu Apr 30 19:41:47 2020</timestamp>
</msg>
<msg id="114" tool="mc">
  <type>HEARTBEAT</type>
  <arg>22992</arg>
  <arg>0</arg>
  <arg>7199327</arg>
  <severity>INFO</severity>
  <timestamp>Thu Apr 30 19:41:48 2020</timestamp>
</msg>
<msg id="115" tool="mc">
  <type>HEARTBEAT</type>
  <arg>22992</arg>
  <arg>0</arg>
  <arg>7141341</arg>
  <severity>INFO</severity>
  <timestamp>Thu Apr 30 19:41:49 2020</timestamp>
</msg>
<msg id="116" tool="mc">
  <type>HEARTBEAT</type>
  <arg>22992</arg>
  <arg>0</arg>
  <arg>7247391</arg>
  <severity>INFO</severity>
  <timestamp>Thu Apr 30 19:41:50 2020</timestamp>
</msg>
<msg id="117" tool="mc">
  <type>HEARTBEAT</type>
  <arg>22992</arg>
  <arg>0</arg>
  <arg>7288987</arg>
  <severity>INFO</severity>
  <timestamp>Thu Apr 30 19:41:51 2020</timestamp>
</msg>
<msg id="118" tool="mc">
  <type>HEARTBEAT</type>
  <arg>22992</arg>
  <arg>0</arg>
  <arg>7243207</arg>
  <severity>INFO</severity>
  <timestamp>Thu Apr 30 19:41:52 2020</timestamp>
</msg>
<msg id="119" tool="mc">
  <type>HEARTBEAT</type>
  <arg>22992</arg>
  <arg>0</arg>
  <arg>7271943</arg>
  <severity>INFO</severity>
  <timestamp>Thu Apr 30 19:41:53 2020</timestamp>
</msg>
<msg id="120" tool="mc">
  <type>HEARTBEAT</type>
  <arg>22992</arg>
  <arg>0</arg>
  <arg>7259244</arg>
  <severity>INFO</severity>
  <timestamp>Thu Apr 30 19:41:54 2020</timestamp>
</msg>
<msg id="121" tool="mc">
  <type>HEARTBEAT</type>
  <arg>22992</arg>
  <arg>0</arg>
  <arg>7209782</arg>
  <severity>INFO</severity>
  <timestamp>Thu Apr 30 19:41:55 2020</timestamp>
</msg>
<msg id="122" tool="mc">
  <type>HEARTBEAT</type>
  <arg>22992</arg>
  <arg>0</arg>
  <arg>7226600</arg>
  <severity>INFO</severity>
  <timestamp>Thu Apr 30 19:41:56 2020</timestamp>
</msg>
<msg id="123" tool="mc">
  <type>HEARTBEAT</type>
  <arg>22992</arg>
  <arg>0</arg>
  <arg>7261564</arg>
  <severity>INFO</severity>
  <timestamp>Thu Apr 30 19:41:57 2020</timestamp>
</msg>
<msg id="124" tool="mc">
  <type>HEARTBEAT</type>
  <arg>22992</arg>
  <arg>0</arg>
  <arg>7215399</arg>
  <severity>INFO</severity>
  <timestamp>Thu Apr 30 19:41:58 2020</timestamp>
</msg>
<msg id="125" tool="mc">
  <type>HEARTBEAT</type>
  <arg>22992</arg>
  <arg>0</arg>
  <arg>7145208</arg>
  <severity>INFO</severity>
  <timestamp>Thu Apr 30 19:41:59 2020</timestamp>
</msg>
<msg id="126" tool="mc">
  <type>HEARTBEAT</type>
  <arg>22992</arg>
  <arg>0</arg>
  <arg>7070810</arg>
  <severity>INFO</severity>
  <timestamp>Thu Apr 30 19:42:00 2020</timestamp>
</msg>
<msg id="127" tool="mc">
  <type>HEARTBEAT</type>
  <arg>22992</arg>
  <arg>0</arg>
  <arg>7147470</arg>
  <severity>INFO</severity>
  <timestamp>Thu Apr 30 19:42:01 2020</timestamp>
</msg>
<msg id="128" tool="mc">
  <type>HEARTBEAT</type>
  <arg>22992</arg>
  <arg>0</arg>
  <arg>6477136</arg>
  <severity>INFO</severity>
  <timestamp>Thu Apr 30 19:42:02 2020</timestamp>
</msg>
<msg id="129" tool="mc">
  <type>HEARTBEAT</type>
  <arg>22992</arg>
  <arg>0</arg>
  <arg>7152664</arg>
  <severity>INFO</severity>
  <timestamp>Thu Apr 30 19:42:03 2020</timestamp>
</msg>
<msg id="130" tool="mc">
  <type>HEARTBEAT</type>
  <arg>22992</arg>
  <arg>0</arg>
  <arg>7102071</arg>
  <severity>INFO</severity>
  <timestamp>Thu Apr 30 19:42:04 2020</timestamp>
</msg>
<msg id="131" tool="mc">
  <type>HEARTBEAT</type>
  <arg>22992</arg>
  <arg>0</arg>
  <arg>6714034</arg>
  <severity>INFO</severity>
  <timestamp>Thu Apr 30 19:42:05 2020</timestamp>
</msg>
<msg id="132" tool="mc">
  <type>HEARTBEAT</type>
  <arg>22992</arg>
  <arg>0</arg>
  <arg>6996726</arg>
  <severity>INFO</severity>
  <timestamp>Thu Apr 30 19:42:06 2020</timestamp>
</msg>
<msg id="133" tool="mc">
  <type>HEARTBEAT</type>
  <arg>22992</arg>
  <arg>0</arg>
  <arg>6987006</arg>
  <severity>INFO</severity>
  <timestamp>Thu Apr 30 19:42:07 2020</timestamp>
</msg>
<msg id="134" tool="mc">
  <type>HEARTBEAT</type>
  <arg>22992</arg>
  <arg>0</arg>
  <arg>6920513</arg>
  <severity>INFO</severity>
  <timestamp>Thu Apr 30 19:42:08 2020</timestamp>
</msg>
<msg id="135" tool="mc">
  <type>HEARTBEAT</type>
  <arg>22992</arg>
  <arg>0</arg>
  <arg>7145767</arg>
  <severity>INFO</severity>
  <timestamp>Thu Apr 30 19:42:09 2020</timestamp>
</msg>
<msg id="136" tool="mc">
  <type>HEARTBEAT</type>
  <arg>22992</arg>
  <arg>0</arg>
  <arg>7289786</arg>
  <severity>INFO</severity>
  <timestamp>Thu Apr 30 19:42:10 2020</timestamp>
</msg>
<msg id="137" tool="mc">
  <type>HEARTBEAT</type>
  <arg>22992</arg>
  <arg>0</arg>
  <arg>7267168</arg>
  <severity>INFO</severity>
  <timestamp>Thu Apr 30 19:42:11 2020</timestamp>
</msg>
<msg id="138" tool="mc">
  <type>HEARTBEAT</type>
  <arg>22992</arg>
  <arg>0</arg>
  <arg>7311048</arg>
  <severity>INFO</severity>
  <timestamp>Thu Apr 30 19:42:12 2020</timestamp>
</msg>
<msg id="139" tool="mc">
  <type>HEARTBEAT</type>
  <arg>22992</arg>
  <arg>0</arg>
  <arg>6824367</arg>
  <severity>INFO</severity>
  <timestamp>Thu Apr 30 19:42:13 2020</timestamp>
</msg>
<msg id="140" tool="mc">
  <type>HEARTBEAT</type>
  <arg>22992</arg>
  <arg>0</arg>
  <arg>7210348</arg>
  <severity>INFO</severity>
  <timestamp>Thu Apr 30 19:42:14 2020</timestamp>
</msg>
<msg id="141" tool="mc">
  <type>HEARTBEAT</type>
  <arg>22992</arg>
  <arg>0</arg>
  <arg>7310113</arg>
  <severity>INFO</severity>
  <timestamp>Thu Apr 30 19:42:15 2020</timestamp>
</msg>
<msg id="142" tool="mc">
  <type>HEARTBEAT</type>
  <arg>22992</arg>
  <arg>0</arg>
  <arg>7269126</arg>
  <severity>INFO</severity>
  <timestamp>Thu Apr 30 19:42:16 2020</timestamp>
</msg>
<msg id="143" tool="mc">
  <type>HEARTBEAT</type>
  <arg>22992</arg>
  <arg>0</arg>
  <arg>7259363</arg>
  <severity>INFO</severity>
  <timestamp>Thu Apr 30 19:42:17 2020</timestamp>
</msg>
<msg id="144" tool="mc">
  <type>HEARTBEAT</type>
  <arg>22992</arg>
  <arg>0</arg>
  <arg>7225565</arg>
  <severity>INFO</severity>
  <timestamp>Thu Apr 30 19:42:18 2020</timestamp>
</msg>
<msg id="145" tool="mc">
  <type>HEARTBEAT</type>
  <arg>22992</arg>
  <arg>0</arg>
  <arg>7256024</arg>
  <severity>INFO</severity>
  <timestamp>Thu Apr 30 19:42:19 2020</timestamp>
</msg>
<msg id="146" tool="mc">
  <type>HEARTBEAT</type>
  <arg>22992</arg>
  <arg>0</arg>
  <arg>7249298</arg>
  <severity>INFO</severity>
  <timestamp>Thu Apr 30 19:42:20 2020</timestamp>
</msg>
<msg id="147" tool="mc">
  <type>HEARTBEAT</type>
  <arg>22992</arg>
  <arg>0</arg>
  <arg>7351338</arg>
  <severity>INFO</severity>
  <timestamp>Thu Apr 30 19:42:21 2020</timestamp>
</msg>
<msg id="148" tool="mc">
  <type>HEARTBEAT</type>
  <arg>22992</arg>
  <arg>0</arg>
  <arg>7228018</arg>
  <severity>INFO</severity>
  <timestamp>Thu Apr 30 19:42:22 2020</timestamp>
</msg>
<msg id="149" tool="mc">
  <type>HEARTBEAT</type>
  <arg>22992</arg>
  <arg>0</arg>
  <arg>7262420</arg>
  <severity>INFO</severity>
  <timestamp>Thu Apr 30 19:42:23 2020</timestamp>
</msg>
<msg id="150" tool="mc">
  <type>HEARTBEAT</type>
  <arg>22992</arg>
  <arg>0</arg>
  <arg>7207444</arg>
  <severity>INFO</severity>
  <timestamp>Thu Apr 30 19:42:24 2020</timestamp>
</msg>
<msg id="151" tool="mc">
  <type>HEARTBEAT</type>
  <arg>22992</arg>
  <arg>0</arg>
  <arg>7306565</arg>
  <severity>INFO</severity>
  <timestamp>Thu Apr 30 19:42:25 2020</timestamp>
</msg>
<msg id="152" tool="mc">
  <type>HEARTBEAT</type>
  <arg>22992</arg>
  <arg>0</arg>
  <arg>7228051</arg>
  <severity>INFO</severity>
  <timestamp>Thu Apr 30 19:42:26 2020</timestamp>
</msg>
<msg id="153" tool="mc">
  <type>HEARTBEAT</type>
  <arg>22992</arg>
  <arg>0</arg>
  <arg>7285559</arg>
  <severity>INFO</severity>
  <timestamp>Thu Apr 30 19:42:27 2020</timestamp>
</msg>
<msg id="154" tool="mc">
  <type>HEARTBEAT</type>
  <arg>22992</arg>
  <arg>0</arg>
  <arg>7257085</arg>
  <severity>INFO</severity>
  <timestamp>Thu Apr 30 19:42:28 2020</timestamp>
</msg>
<msg id="155" tool="mc">
  <type>HEARTBEAT</type>
  <arg>22992</arg>
  <arg>0</arg>
  <arg>7338722</arg>
  <severity>INFO</severity>
  <timestamp>Thu Apr 30 19:42:29 2020</timestamp>
</msg>
<msg id="156" tool="mc">
  <type>HEARTBEAT</type>
  <arg>22992</arg>
  <arg>0</arg>
  <arg>7306859</arg>
  <severity>INFO</severity>
  <timestamp>Thu Apr 30 19:42:30 2020</timestamp>
</msg>
<msg id="157" tool="mc">
  <type>HEARTBEAT</type>
  <arg>22992</arg>
  <arg>0</arg>
  <arg>7253111</arg>
  <severity>INFO</severity>
  <timestamp>Thu Apr 30 19:42:31 2020</timestamp>
</msg>
<msg id="158" tool="mc">
  <type>HEARTBEAT</type>
  <arg>22992</arg>
  <arg>0</arg>
  <arg>7179347</arg>
  <severity>INFO</severity>
  <timestamp>Thu Apr 30 19:42:32 2020</timestamp>
</msg>
<msg id="159" tool="mc">
  <type>HEARTBEAT</type>
  <arg>22992</arg>
  <arg>0</arg>
  <arg>7267673</arg>
  <severity>INFO</severity>
  <timestamp>Thu Apr 30 19:42:33 2020</timestamp>
</msg>
<msg id="160" tool="mc">
  <type>HEARTBEAT</type>
  <arg>22992</arg>
  <arg>0</arg>
  <arg>7234729</arg>
  <severity>INFO</severity>
  <timestamp>Thu Apr 30 19:42:34 2020</timestamp>
</msg>
<msg id="161" tool="mc">
  <type>HEARTBEAT</type>
  <arg>22992</arg>
  <arg>0</arg>
  <arg>7267178</arg>
  <severity>INFO</severity>
  <timestamp>Thu Apr 30 19:42:35 2020</timestamp>
</msg>
<msg id="162" tool="mc">
  <type>HEARTBEAT</type>
  <arg>22992</arg>
  <arg>0</arg>
  <arg>7221925</arg>
  <severity>INFO</severity>
  <timestamp>Thu Apr 30 19:42:36 2020</timestamp>
</msg>
<msg id="163" tool="mc">
  <type>HEARTBEAT</type>
  <arg>22992</arg>
  <arg>0</arg>
  <arg>7180052</arg>
  <severity>INFO</severity>
  <timestamp>Thu Apr 30 19:42:37 2020</timestamp>
</msg>
<msg id="164" tool="mc">
  <type>HEARTBEAT</type>
  <arg>22992</arg>
  <arg>0</arg>
  <arg>7199274</arg>
  <severity>INFO</severity>
  <timestamp>Thu Apr 30 19:42:38 2020</timestamp>
</msg>
<msg id="165" tool="mc">
  <type>HEARTBEAT</type>
  <arg>22992</arg>
  <arg>0</arg>
  <arg>7040914</arg>
  <severity>INFO</severity>
  <timestamp>Thu Apr 30 19:42:39 2020</timestamp>
</msg>
<msg id="166" tool="mc">
  <type>HEARTBEAT</type>
  <arg>22992</arg>
  <arg>0</arg>
  <arg>7046381</arg>
  <severity>INFO</severity>
  <timestamp>Thu Apr 30 19:42:40 2020</timestamp>
</msg>
<msg id="167" tool="mc">
  <type>HEARTBEAT</type>
  <arg>22992</arg>
  <arg>0</arg>
  <arg>6721344</arg>
  <severity>INFO</severity>
  <timestamp>Thu Apr 30 19:42:41 2020</timestamp>
</msg>
<msg id="168" tool="mc">
  <type>HEARTBEAT</type>
  <arg>22992</arg>
  <arg>0</arg>
  <arg>7274383</arg>
  <severity>INFO</severity>
  <timestamp>Thu Apr 30 19:42:42 2020</timestamp>
</msg>
<msg id="169" tool="mc">
  <type>HEARTBEAT</type>
  <arg>22992</arg>
  <arg>0</arg>
  <arg>7157804</arg>
  <severity>INFO</severity>
  <timestamp>Thu Apr 30 19:42:43 2020</timestamp>
</msg>
<msg id="170" tool="mc">
  <type>HEARTBEAT</type>
  <arg>22992</arg>
  <arg>0</arg>
  <arg>5854117</arg>
  <severity>INFO</severity>
  <timestamp>Thu Apr 30 19:42:44 2020</timestamp>
</msg>
<msg id="171" tool="mc">
  <type>HEARTBEAT</type>
  <arg>22992</arg>
  <arg>0</arg>
  <arg>6769043</arg>
  <severity>INFO</severity>
  <timestamp>Thu Apr 30 19:42:45 2020</timestamp>
</msg>
<msg id="172" tool="mc">
  <type>HEARTBEAT</type>
  <arg>22992</arg>
  <arg>0</arg>
  <arg>6008578</arg>
  <severity>INFO</severity>
  <timestamp>Thu Apr 30 19:42:46 2020</timestamp>
</msg>
<msg id="173" tool="mc">
  <type>HEARTBEAT</type>
  <arg>22992</arg>
  <arg>0</arg>
  <arg>6579328</arg>
  <severity>INFO</severity>
  <timestamp>Thu Apr 30 19:42:47 2020</timestamp>
</msg>
<msg id="174" tool="mc">
  <type>HEARTBEAT</type>
  <arg>22992</arg>
  <arg>0</arg>
  <arg>5897271</arg>
  <severity>INFO</severity>
  <timestamp>Thu Apr 30 19:42:48 2020</timestamp>
</msg>
<msg id="175" tool="mc">
  <type>HEARTBEAT</type>
  <arg>22992</arg>
  <arg>0</arg>
  <arg>6867909</arg>
  <severity>INFO</severity>
  <timestamp>Thu Apr 30 19:42:49 2020</timestamp>
</msg>
<msg id="176" tool="mc">
  <type>HEARTBEAT</type>
  <arg>22992</arg>
  <arg>0</arg>
  <arg>7063851</arg>
  <severity>INFO</severity>
  <timestamp>Thu Apr 30 19:42:50 2020</timestamp>
</msg>
<msg id="177" tool="mc">
  <type>MODULE_LOAD</type>
  <arg>c:\windows\system32\kernel.appcore.dll</arg>
  <arg>0x7ffe20880000</arg>
  <arg>0x7ffe20890fff</arg>
  <severity>INFO</severity>
  <timestamp>Thu Apr 30 19:42:51 2020</timestamp>
</msg>
<msg id="178" tool="mc">
  <type>MODULE_LOAD</type>
  <arg>c:\windows\system32\msvcrt.dll</arg>
  <arg>0x7ffe221d0000</arg>
  <arg>0x7ffe2226dfff</arg>
  <severity>INFO</severity>
  <timestamp>Thu Apr 30 19:42:51 2020</timestamp>
</msg>
<msg id="179" tool="mc">
  <type>MODULE_LOAD</type>
  <arg>c:\windows\system32\rpcrt4.dll</arg>
  <arg>0x7ffe22c10000</arg>
  <arg>0x7ffe22d2ffff</arg>
  <severity>INFO</severity>
  <timestamp>Thu Apr 30 19:42:51 2020</timestamp>
</msg>
<msg id="180" tool="mc">
  <type>HEARTBEAT</type>
  <arg>22992,10072,26376,18880</arg>
  <arg>1,0,1,1</arg>
  <arg>4591858,3063,224,82</arg>
  <severity>INFO</severity>
  <timestamp>Thu Apr 30 19:42:51 2020</timestamp>
</msg>
<msg id="181" tool="mc">
  <type>HEARTBEAT</type>
  <arg>22992,10072,26376,18880,19084</arg>
  <arg>1,0,1,1,0</arg>
  <arg>117,1108,0,0,372</arg>
  <severity>INFO</severity>
  <timestamp>Thu Apr 30 19:42:52 2020</timestamp>
</msg>
<msg id="182" tool="mc">
  <type>HEARTBEAT</type>
  <arg>22992,26376,18880,19084</arg>
  <arg>1,1,1,0</arg>
  <arg>28,0,0,0</arg>
  <severity>INFO</severity>
  <timestamp>Thu Apr 30 19:42:53 2020</timestamp>
</msg>
<msg id="183" tool="mc">
  <type>HEARTBEAT</type>
  <arg>22992,26376,18880,19084</arg>
  <arg>1,1,1,0</arg>
  <arg>0,0,0,0</arg>
  <severity>INFO</severity>
  <timestamp>Thu Apr 30 19:42:54 2020</timestamp>
</msg>
<msg id="184" tool="mc">
  <type>HEARTBEAT</type>
  <arg>22992,26376,18880,19084</arg>
  <arg>1,1,1,0</arg>
  <arg>0,0,0,0</arg>
  <severity>INFO</severity>
  <timestamp>Thu Apr 30 19:42:55 2020</timestamp>
</msg>
<msg id="185" tool="mc">
  <type>HEARTBEAT</type>
  <arg>22992,26376,18880,19084</arg>
  <arg>1,1,1,0</arg>
  <arg>0,0,0,0</arg>
  <severity>INFO</severity>
  <timestamp>Thu Apr 30 19:42:56 2020</timestamp>
</msg>
<msg id="186" tool="mc">
  <type>HEARTBEAT</type>
  <arg>22992,26376,18880,19084</arg>
  <arg>1,1,1,0</arg>
  <arg>0,0,0,0</arg>
  <severity>INFO</severity>
  <timestamp>Thu Apr 30 19:42:57 2020</timestamp>
</msg>
<msg id="187" tool="mc">
  <type>HEARTBEAT</type>
  <arg>22992,26376,18880,19084</arg>
  <arg>1,1,1,0</arg>
  <arg>0,0,0,0</arg>
  <severity>INFO</severity>
  <timestamp>Thu Apr 30 19:42:58 2020</timestamp>
</msg>
<msg id="188" tool="mc">
  <type>HEARTBEAT</type>
  <arg>22992,26376,18880,19084</arg>
  <arg>1,1,1,0</arg>
  <arg>0,0,0,0</arg>
  <severity>INFO</severity>
  <timestamp>Thu Apr 30 19:42:59 2020</timestamp>
</msg>
<msg id="189" tool="mc">
  <type>HEARTBEAT</type>
  <arg>22992,26376,18880,19084</arg>
  <arg>1,1,1,0</arg>
  <arg>0,0,0,0</arg>
  <severity>INFO</severity>
  <timestamp>Thu Apr 30 19:43:00 2020</timestamp>
</msg>
<msg id="190" tool="mc">
  <type>HEARTBEAT</type>
  <arg>22992,26376,18880</arg>
  <arg>0,1,1</arg>
  <arg>70098,0,0</arg>
  <severity>INFO</severity>
  <timestamp>Thu Apr 30 19:43:01 2020</timestamp>
</msg>
<msg id="191" tool="mc">
  <type>HEARTBEAT</type>
  <arg>22992,26376,18880</arg>
  <arg>0,1,1</arg>
  <arg>11005,0,0</arg>
  <severity>INFO</severity>
  <timestamp>Thu Apr 30 19:43:02 2020</timestamp>
</msg>
<msg id="192" tool="mc">
  <type>HEARTBEAT</type>
  <arg>22992,26376,18880</arg>
  <arg>0,1,1</arg>
  <arg>10556,0,0</arg>
  <severity>INFO</severity>
  <timestamp>Thu Apr 30 19:43:03 2020</timestamp>
</msg>
<msg id="193" tool="mc">
  <type>HEARTBEAT</type>
  <arg>22992,26376,18880</arg>
  <arg>0,1,1</arg>
  <arg>10095,0,0</arg>
  <severity>INFO</severity>
  <timestamp>Thu Apr 30 19:43:04 2020</timestamp>
</msg>
<msg id="194" tool="mc">
  <type>HEARTBEAT</type>
  <arg>22992,26376,18880</arg>
  <arg>0,1,1</arg>
  <arg>10445,0,0</arg>
  <severity>INFO</severity>
  <timestamp>Thu Apr 30 19:43:05 2020</timestamp>
</msg>
<msg id="195" tool="mc">
  <type>HEARTBEAT</type>
  <arg>22992,26376,18880</arg>
  <arg>0,1,1</arg>
  <arg>10146,0,0</arg>
  <severity>INFO</severity>
  <timestamp>Thu Apr 30 19:43:06 2020</timestamp>
</msg>
<msg id="196" tool="mc">
  <type>HEARTBEAT</type>
  <arg>22992,26376,18880</arg>
  <arg>0,1,1</arg>
  <arg>10630,0,0</arg>
  <severity>INFO</severity>
  <timestamp>Thu Apr 30 19:43:07 2020</timestamp>
</msg>
<msg id="197" tool="mc">
  <type>HEARTBEAT</type>
  <arg>22992,26376,18880</arg>
  <arg>0,1,1</arg>
  <arg>4117665,0,0</arg>
  <severity>INFO</severity>
  <timestamp>Thu Apr 30 19:43:08 2020</timestamp>
</msg>
<msg id="198" tool="mc">
  <type>HEARTBEAT</type>
  <arg>22992,26376,18880</arg>
  <arg>0,1,1</arg>
  <arg>8093308,0,0</arg>
  <severity>INFO</severity>
  <timestamp>Thu Apr 30 19:43:09 2020</timestamp>
</msg>
<msg id="199" tool="mc">
  <type>HEARTBEAT</type>
  <arg>22992,26376,18880</arg>
  <arg>0,1,1</arg>
  <arg>8113618,0,0</arg>
  <severity>INFO</severity>
  <timestamp>Thu Apr 30 19:43:10 2020</timestamp>
</msg>
<msg id="200" tool="mc">
  <type>HEARTBEAT</type>
  <arg>22992,26376,18880</arg>
  <arg>0,1,1</arg>
  <arg>8067277,0,0</arg>
  <severity>INFO</severity>
  <timestamp>Thu Apr 30 19:43:11 2020</timestamp>
</msg>
<msg id="201" tool="mc">
  <type>HEARTBEAT</type>
  <arg>22992,26376,18880</arg>
  <arg>0,1,1</arg>
  <arg>7874288,0,0</arg>
  <severity>INFO</severity>
  <timestamp>Thu Apr 30 19:43:12 2020</timestamp>
</msg>
<msg id="202" tool="mc">
  <type>HEARTBEAT</type>
  <arg>22992,26376,18880</arg>
  <arg>0,1,1</arg>
  <arg>7902621,0,0</arg>
  <severity>INFO</severity>
  <timestamp>Thu Apr 30 19:43:13 2020</timestamp>
</msg>
<msg id="203" tool="mc">
  <type>HEARTBEAT</type>
  <arg>22992,26376,18880</arg>
  <arg>0,1,1</arg>
  <arg>8064949,0,0</arg>
  <severity>INFO</severity>
  <timestamp>Thu Apr 30 19:43:14 2020</timestamp>
</msg>
<msg id="204" tool="mc">
  <type>HEARTBEAT</type>
  <arg>22992,26376,18880</arg>
  <arg>0,1,1</arg>
  <arg>8005361,0,0</arg>
  <severity>INFO</severity>
  <timestamp>Thu Apr 30 19:43:15 2020</timestamp>
</msg>
<msg id="205" tool="mc">
  <type>HEARTBEAT</type>
  <arg>22992,26376,18880</arg>
  <arg>0,1,1</arg>
  <arg>8066605,0,0</arg>
  <severity>INFO</severity>
  <timestamp>Thu Apr 30 19:43:16 2020</timestamp>
</msg>
<msg id="206" tool="mc">
  <type>HEARTBEAT</type>
  <arg>22992,26376,18880</arg>
  <arg>0,1,1</arg>
  <arg>8132036,0,0</arg>
  <severity>INFO</severity>
  <timestamp>Thu Apr 30 19:43:17 2020</timestamp>
</msg>
<msg id="207" tool="mc">
  <type>HEARTBEAT</type>
  <arg>22992,26376,18880</arg>
  <arg>0,1,1</arg>
  <arg>7739023,0,0</arg>
  <severity>INFO</severity>
  <timestamp>Thu Apr 30 19:43:18 2020</timestamp>
</msg>
<msg id="208" tool="mc">
  <type>HEARTBEAT</type>
  <arg>22992,26376,18880</arg>
  <arg>0,1,1</arg>
  <arg>7392456,0,0</arg>
  <severity>INFO</severity>
  <timestamp>Thu Apr 30 19:43:19 2020</timestamp>
</msg>
<msg id="209" tool="mc">
  <type>HEARTBEAT</type>
  <arg>22992,26376,18880</arg>
  <arg>0,1,1</arg>
  <arg>6594646,0,0</arg>
  <severity>INFO</severity>
  <timestamp>Thu Apr 30 19:43:20 2020</timestamp>
</msg>
<msg id="210" tool="mc">
  <type>HEARTBEAT</type>
  <arg>22992,26376,18880</arg>
  <arg>0,1,1</arg>
  <arg>7164609,0,0</arg>
  <severity>INFO</severity>
  <timestamp>Thu Apr 30 19:43:21 2020</timestamp>
</msg>
<msg id="211" tool="mc">
  <type>HEARTBEAT</type>
  <arg>22992,26376,18880</arg>
  <arg>0,1,1</arg>
  <arg>7609100,0,0</arg>
  <severity>INFO</severity>
  <timestamp>Thu Apr 30 19:43:22 2020</timestamp>
</msg>
<msg id="212" tool="mc">
  <type>HEARTBEAT</type>
  <arg>22992,26376,18880</arg>
  <arg>0,1,1</arg>
  <arg>7918832,0,0</arg>
  <severity>INFO</severity>
  <timestamp>Thu Apr 30 19:43:23 2020</timestamp>
</msg>
<msg id="213" tool="mc">
  <type>HEARTBEAT</type>
  <arg>22992,26376,18880</arg>
  <arg>0,1,1</arg>
  <arg>7832816,0,0</arg>
  <severity>INFO</severity>
  <timestamp>Thu Apr 30 19:43:24 2020</timestamp>
</msg>
<msg id="214" tool="mc">
  <type>HEARTBEAT</type>
  <arg>22992,26376,18880</arg>
  <arg>0,1,1</arg>
  <arg>7996062,0,0</arg>
  <severity>INFO</severity>
  <timestamp>Thu Apr 30 19:43:25 2020</timestamp>
</msg>
<msg id="215" tool="mc">
  <type>HEARTBEAT</type>
  <arg>22992,26376,18880</arg>
  <arg>0,1,1</arg>
  <arg>7898302,0,0</arg>
  <severity>INFO</severity>
  <timestamp>Thu Apr 30 19:43:26 2020</timestamp>
</msg>
<msg id="216" tool="mc">
  <type>HEARTBEAT</type>
  <arg>22992,26376,18880</arg>
  <arg>0,1,1</arg>
  <arg>7779955,0,0</arg>
  <severity>INFO</severity>
  <timestamp>Thu Apr 30 19:43:27 2020</timestamp>
</msg>
<msg id="217" tool="mc">
  <type>HEARTBEAT</type>
  <arg>22992,26376,18880</arg>
  <arg>0,1,1</arg>
  <arg>7617447,0,0</arg>
  <severity>INFO</severity>
  <timestamp>Thu Apr 30 19:43:28 2020</timestamp>
</msg>
<msg id="218" tool="mc">
  <type>HEARTBEAT</type>
  <arg>22992,26376,18880</arg>
  <arg>0,1,1</arg>
  <arg>7442145,0,0</arg>
  <severity>INFO</severity>
  <timestamp>Thu Apr 30 19:43:29 2020</timestamp>
</msg>
<msg id="219" tool="mc">
  <type>HEARTBEAT</type>
  <arg>22992,26376,18880</arg>
  <arg>0,1,1</arg>
  <arg>7842543,0,0</arg>
  <severity>INFO</severity>
  <timestamp>Thu Apr 30 19:43:30 2020</timestamp>
</msg>
<msg id="220" tool="mc">
  <type>HEARTBEAT</type>
  <arg>22992,26376,18880</arg>
  <arg>0,1,1</arg>
  <arg>6986057,0,0</arg>
  <severity>INFO</severity>
  <timestamp>Thu Apr 30 19:43:31 2020</timestamp>
</msg>
<msg id="221" tool="mc">
  <type>HEARTBEAT</type>
  <arg>22992,26376,18880</arg>
  <arg>0,1,1</arg>
  <arg>7843954,0,0</arg>
  <severity>INFO</severity>
  <timestamp>Thu Apr 30 19:43:32 2020</timestamp>
</msg>
<msg id="222" tool="mc">
  <type>HEARTBEAT</type>
  <arg>22992,26376,18880</arg>
  <arg>0,1,1</arg>
  <arg>7597896,0,0</arg>
  <severity>INFO</severity>
  <timestamp>Thu Apr 30 19:43:33 2020</timestamp>
</msg>
<msg id="223" tool="mc">
  <type>HEARTBEAT</type>
  <arg>22992,26376,18880</arg>
  <arg>0,1,1</arg>
  <arg>7624376,0,0</arg>
  <severity>INFO</severity>
  <timestamp>Thu Apr 30 19:43:34 2020</timestamp>
</msg>
<msg id="224" tool="mc">
  <type>HEARTBEAT</type>
  <arg>22992,26376,18880</arg>
  <arg>0,1,1</arg>
  <arg>8000923,0,0</arg>
  <severity>INFO</severity>
  <timestamp>Thu Apr 30 19:43:35 2020</timestamp>
</msg>
<msg id="225" tool="mc">
  <type>HEARTBEAT</type>
  <arg>22992,26376,18880</arg>
  <arg>0,1,1</arg>
  <arg>7785421,0,0</arg>
  <severity>INFO</severity>
  <timestamp>Thu Apr 30 19:43:36 2020</timestamp>
</msg>
<msg id="226" tool="mc">
  <type>HEARTBEAT</type>
  <arg>22992,26376,18880</arg>
  <arg>0,1,1</arg>
  <arg>7492019,0,0</arg>
  <severity>INFO</severity>
  <timestamp>Thu Apr 30 19:43:37 2020</timestamp>
</msg>
<msg id="227" tool="mc">
  <type>HEARTBEAT</type>
  <arg>22992,26376,18880</arg>
  <arg>0,1,1</arg>
  <arg>7939565,0,0</arg>
  <severity>INFO</severity>
  <timestamp>Thu Apr 30 19:43:38 2020</timestamp>
</msg>
<msg id="228" tool="mc">
  <type>HEARTBEAT</type>
  <arg>22992</arg>
  <arg>0</arg>
  <arg>7880950</arg>
  <severity>INFO</severity>
  <timestamp>Thu Apr 30 19:43:39 2020</timestamp>
</msg>
<msg id="229" tool="mc">
  <type>HEARTBEAT</type>
  <arg>22992</arg>
  <arg>0</arg>
  <arg>7632698</arg>
  <severity>INFO</severity>
  <timestamp>Thu Apr 30 19:43:40 2020</timestamp>
</msg>
<msg id="230" tool="mc">
  <type>HEARTBEAT</type>
  <arg>22992</arg>
  <arg>0</arg>
  <arg>8026294</arg>
  <severity>INFO</severity>
  <timestamp>Thu Apr 30 19:43:41 2020</timestamp>
</msg>
<msg id="231" tool="mc">
  <type>HEARTBEAT</type>
  <arg>22992</arg>
  <arg>0</arg>
  <arg>8078384</arg>
  <severity>INFO</severity>
  <timestamp>Thu Apr 30 19:43:42 2020</timestamp>
</msg>
<msg id="232" tool="mc">
  <type>HEARTBEAT</type>
  <arg>22992</arg>
  <arg>0</arg>
  <arg>8094831</arg>
  <severity>INFO</severity>
  <timestamp>Thu Apr 30 19:43:43 2020</timestamp>
</msg>
<msg id="233" tool="mc">
  <type>HEARTBEAT</type>
  <arg>22992</arg>
  <arg>0</arg>
  <arg>8001405</arg>
  <severity>INFO</severity>
  <timestamp>Thu Apr 30 19:43:44 2020</timestamp>
</msg>
<msg id="234" tool="mc">
  <type>HEARTBEAT</type>
  <arg>22992</arg>
  <arg>0</arg>
  <arg>7857341</arg>
  <severity>INFO</severity>
  <timestamp>Thu Apr 30 19:43:45 2020</timestamp>
</msg>
<msg id="235" tool="mc">
  <type>HEARTBEAT</type>
  <arg>22992</arg>
  <arg>0</arg>
  <arg>7619845</arg>
  <severity>INFO</severity>
  <timestamp>Thu Apr 30 19:43:46 2020</timestamp>
</msg>
<msg id="236" tool="mc">
  <type>HEARTBEAT</type>
  <arg>22992</arg>
  <arg>0</arg>
  <arg>7895736</arg>
  <severity>INFO</severity>
  <timestamp>Thu Apr 30 19:43:47 2020</timestamp>
</msg>
<msg id="237" tool="mc">
  <type>HEARTBEAT</type>
  <arg>22992</arg>
  <arg>0</arg>
  <arg>7058938</arg>
  <severity>INFO</severity>
  <timestamp>Thu Apr 30 19:43:48 2020</timestamp>
</msg>
<msg id="238" tool="mc">
  <type>HEARTBEAT</type>
  <arg>22992</arg>
  <arg>0</arg>
  <arg>7886457</arg>
  <severity>INFO</severity>
  <timestamp>Thu Apr 30 19:43:49 2020</timestamp>
</msg>
<msg id="239" tool="mc">
  <type>HEARTBEAT</type>
  <arg>22992</arg>
  <arg>0</arg>
  <arg>7880125</arg>
  <severity>INFO</severity>
  <timestamp>Thu Apr 30 19:43:50 2020</timestamp>
</msg>
<msg id="240" tool="mc">
  <type>HEARTBEAT</type>
  <arg>22992</arg>
  <arg>0</arg>
  <arg>7733278</arg>
  <severity>INFO</severity>
  <timestamp>Thu Apr 30 19:43:51 2020</timestamp>
</msg>
<msg id="241" tool="mc">
  <type>HEARTBEAT</type>
  <arg>22992</arg>
  <arg>0</arg>
  <arg>7935617</arg>
  <severity>INFO</severity>
  <timestamp>Thu Apr 30 19:43:52 2020</timestamp>
</msg>
<msg id="242" tool="mc">
  <type>HEARTBEAT</type>
  <arg>22992</arg>
  <arg>0</arg>
  <arg>7900009</arg>
  <severity>INFO</severity>
  <timestamp>Thu Apr 30 19:43:53 2020</timestamp>
</msg>
<msg id="243" tool="mc">
  <type>HEARTBEAT</type>
  <arg>22992</arg>
  <arg>0</arg>
  <arg>7921616</arg>
  <severity>INFO</severity>
  <timestamp>Thu Apr 30 19:43:54 2020</timestamp>
</msg>
<msg id="244" tool="mc">
  <type>HEARTBEAT</type>
  <arg>22992</arg>
  <arg>0</arg>
  <arg>7798146</arg>
  <severity>INFO</severity>
  <timestamp>Thu Apr 30 19:43:55 2020</timestamp>
</msg>
<msg id="245" tool="mc">
  <type>HEARTBEAT</type>
  <arg>22992</arg>
  <arg>0</arg>
  <arg>8001298</arg>
  <severity>INFO</severity>
  <timestamp>Thu Apr 30 19:43:56 2020</timestamp>
</msg>
<msg id="246" tool="mc">
  <type>HEARTBEAT</type>
  <arg>22992</arg>
  <arg>0</arg>
  <arg>8002066</arg>
  <severity>INFO</severity>
  <timestamp>Thu Apr 30 19:43:57 2020</timestamp>
</msg>
<msg id="247" tool="mc">
  <type>HEARTBEAT</type>
  <arg>22992</arg>
  <arg>0</arg>
  <arg>8032863</arg>
  <severity>INFO</severity>
  <timestamp>Thu Apr 30 19:43:58 2020</timestamp>
</msg>
<msg id="248" tool="mc">
  <type>HEARTBEAT</type>
  <arg>22992</arg>
  <arg>0</arg>
  <arg>7831310</arg>
  <severity>INFO</severity>
  <timestamp>Thu Apr 30 19:43:59 2020</timestamp>
</msg>
<msg id="249" tool="mc">
  <type>HEARTBEAT</type>
  <arg>22992</arg>
  <arg>0</arg>
  <arg>7983427</arg>
  <severity>INFO</severity>
  <timestamp>Thu Apr 30 19:44:00 2020</timestamp>
</msg>
<msg id="250" tool="mc">
  <type>HEARTBEAT</type>
  <arg>22992</arg>
  <arg>0</arg>
  <arg>8045624</arg>
  <severity>INFO</severity>
  <timestamp>Thu Apr 30 19:44:01 2020</timestamp>
</msg>
<msg id="251" tool="mc">
  <type>HEARTBEAT</type>
  <arg>22992</arg>
  <arg>0</arg>
  <arg>8000993</arg>
  <severity>INFO</severity>
  <timestamp>Thu Apr 30 19:44:02 2020</timestamp>
</msg>
<msg id="252" tool="mc">
  <type>HEARTBEAT</type>
  <arg>22992</arg>
  <arg>0</arg>
  <arg>8068044</arg>
  <severity>INFO</severity>
  <timestamp>Thu Apr 30 19:44:03 2020</timestamp>
</msg>
<msg id="253" tool="mc">
  <type>HEARTBEAT</type>
  <arg>22992</arg>
  <arg>0</arg>
  <arg>8009277</arg>
  <severity>INFO</severity>
  <timestamp>Thu Apr 30 19:44:04 2020</timestamp>
</msg>
<msg id="254" tool="mc">
  <type>HEARTBEAT</type>
  <arg>22992</arg>
  <arg>0</arg>
  <arg>7826511</arg>
  <severity>INFO</severity>
  <timestamp>Thu Apr 30 19:44:05 2020</timestamp>
</msg>
<msg id="255" tool="mc">
  <type>HEARTBEAT</type>
  <arg>22992</arg>
  <arg>0</arg>
  <arg>8043459</arg>
  <severity>INFO</severity>
  <timestamp>Thu Apr 30 19:44:06 2020</timestamp>
</msg>
<msg id="256" tool="mc">
  <type>HEARTBEAT</type>
  <arg>22992</arg>
  <arg>0</arg>
  <arg>8048881</arg>
  <severity>INFO</severity>
  <timestamp>Thu Apr 30 19:44:07 2020</timestamp>
</msg>
<msg id="257" tool="mc">
  <type>HEARTBEAT</type>
  <arg>22992</arg>
  <arg>0</arg>
  <arg>8036433</arg>
  <severity>INFO</severity>
  <timestamp>Thu Apr 30 19:44:08 2020</timestamp>
</msg>
<msg id="258" tool="mc">
  <type>HEARTBEAT</type>
  <arg>22992</arg>
  <arg>0</arg>
  <arg>8104289</arg>
  <severity>INFO</severity>
  <timestamp>Thu Apr 30 19:44:09 2020</timestamp>
</msg>
<msg id="259" tool="mc">
  <type>HEARTBEAT</type>
  <arg>22992</arg>
  <arg>0</arg>
  <arg>8039174</arg>
  <severity>INFO</severity>
  <timestamp>Thu Apr 30 19:44:10 2020</timestamp>
</msg>
<msg id="260" tool="mc">
  <type>HEARTBEAT</type>
  <arg>22992</arg>
  <arg>0</arg>
  <arg>8026270</arg>
  <severity>INFO</severity>
  <timestamp>Thu Apr 30 19:44:11 2020</timestamp>
</msg>
<msg id="261" tool="mc">
  <type>HEARTBEAT</type>
  <arg>22992</arg>
  <arg>0</arg>
  <arg>8098406</arg>
  <severity>INFO</severity>
  <timestamp>Thu Apr 30 19:44:12 2020</timestamp>
</msg>
<msg id="262" tool="mc">
  <type>HEARTBEAT</type>
  <arg>22992</arg>
  <arg>0</arg>
  <arg>8003802</arg>
  <severity>INFO</severity>
  <timestamp>Thu Apr 30 19:44:13 2020</timestamp>
</msg>
<msg id="263" tool="mc">
  <type>HEARTBEAT</type>
  <arg>22992</arg>
  <arg>0</arg>
  <arg>7791058</arg>
  <severity>INFO</severity>
  <timestamp>Thu Apr 30 19:44:14 2020</timestamp>
</msg>
<msg id="264" tool="mc">
  <type>HEARTBEAT</type>
  <arg>22992</arg>
  <arg>0</arg>
  <arg>7882224</arg>
  <severity>INFO</severity>
  <timestamp>Thu Apr 30 19:44:15 2020</timestamp>
</msg>
<msg id="265" tool="mc">
  <type>HEARTBEAT</type>
  <arg>22992</arg>
  <arg>0</arg>
  <arg>7779450</arg>
  <severity>INFO</severity>
  <timestamp>Thu Apr 30 19:44:16 2020</timestamp>
</msg>
<msg id="266" tool="mc">
  <type>HEARTBEAT</type>
  <arg>22992</arg>
  <arg>0</arg>
  <arg>7810057</arg>
  <severity>INFO</severity>
  <timestamp>Thu Apr 30 19:44:17 2020</timestamp>
</msg>
<msg id="267" tool="mc">
  <type>HEARTBEAT</type>
  <arg>22992</arg>
  <arg>0</arg>
  <arg>7903599</arg>
  <severity>INFO</severity>
  <timestamp>Thu Apr 30 19:44:18 2020</timestamp>
</msg>
<msg id="268" tool="mc">
  <type>HEARTBEAT</type>
  <arg>22992</arg>
  <arg>0</arg>
  <arg>7987300</arg>
  <severity>INFO</severity>
  <timestamp>Thu Apr 30 19:44:19 2020</timestamp>
</msg>
<msg id="269" tool="mc">
  <type>HEARTBEAT</type>
  <arg>22992</arg>
  <arg>0</arg>
  <arg>7925263</arg>
  <severity>INFO</severity>
  <timestamp>Thu Apr 30 19:44:20 2020</timestamp>
</msg>
<msg id="270" tool="mc">
  <type>HEARTBEAT</type>
  <arg>22992</arg>
  <arg>0</arg>
  <arg>7975893</arg>
  <severity>INFO</severity>
  <timestamp>Thu Apr 30 19:44:21 2020</timestamp>
</msg>
<msg id="271" tool="mc">
  <type>HEARTBEAT</type>
  <arg>22992</arg>
  <arg>0</arg>
  <arg>7940959</arg>
  <severity>INFO</severity>
  <timestamp>Thu Apr 30 19:44:22 2020</timestamp>
</msg>
<msg id="272" tool="mc">
  <type>HEARTBEAT</type>
  <arg>22992</arg>
  <arg>0</arg>
  <arg>7856301</arg>
  <severity>INFO</severity>
  <timestamp>Thu Apr 30 19:44:23 2020</timestamp>
</msg>
<msg id="273" tool="mc">
  <type>HEARTBEAT</type>
  <arg>22992</arg>
  <arg>0</arg>
  <arg>8095805</arg>
  <severity>INFO</severity>
  <timestamp>Thu Apr 30 19:44:24 2020</timestamp>
</msg>
<msg id="274" tool="mc">
  <type>HEARTBEAT</type>
  <arg>22992</arg>
  <arg>0</arg>
  <arg>8058115</arg>
  <severity>INFO</severity>
  <timestamp>Thu Apr 30 19:44:25 2020</timestamp>
</msg>
<msg id="275" tool="mc">
  <type>HEARTBEAT</type>
  <arg>22992</arg>
  <arg>0</arg>
  <arg>7978181</arg>
  <severity>INFO</severity>
  <timestamp>Thu Apr 30 19:44:26 2020</timestamp>
</msg>
<msg id="276" tool="mc">
  <type>HEARTBEAT</type>
  <arg>22992</arg>
  <arg>0</arg>
  <arg>7926995</arg>
  <severity>INFO</severity>
  <timestamp>Thu Apr 30 19:44:27 2020</timestamp>
</msg>
<msg id="277" tool="mc">
  <type>HEARTBEAT</type>
  <arg>22992</arg>
  <arg>0</arg>
  <arg>7568211</arg>
  <severity>INFO</severity>
  <timestamp>Thu Apr 30 19:44:28 2020</timestamp>
</msg>
<msg id="278" tool="mc">
  <type>HEARTBEAT</type>
  <arg>22992</arg>
  <arg>0</arg>
  <arg>7937221</arg>
  <severity>INFO</severity>
  <timestamp>Thu Apr 30 19:44:29 2020</timestamp>
</msg>
<msg id="279" tool="mc">
  <type>HEARTBEAT</type>
  <arg>22992</arg>
  <arg>0</arg>
  <arg>7939579</arg>
  <severity>INFO</severity>
  <timestamp>Thu Apr 30 19:44:30 2020</timestamp>
</msg>
<msg id="280" tool="mc">
  <type>HEARTBEAT</type>
  <arg>22992</arg>
  <arg>0</arg>
  <arg>7973512</arg>
  <severity>INFO</severity>
  <timestamp>Thu Apr 30 19:44:31 2020</timestamp>
</msg>
<msg id="281" tool="mc">
  <type>HEARTBEAT</type>
  <arg>22992</arg>
  <arg>0</arg>
  <arg>7947363</arg>
  <severity>INFO</severity>
  <timestamp>Thu Apr 30 19:44:32 2020</timestamp>
</msg>
<msg id="282" tool="mc">
  <type>HEARTBEAT</type>
  <arg>22992</arg>
  <arg>0</arg>
  <arg>7887361</arg>
  <severity>INFO</severity>
  <timestamp>Thu Apr 30 19:44:33 2020</timestamp>
</msg>
<msg id="283" tool="mc">
  <type>HEARTBEAT</type>
  <arg>22992</arg>
  <arg>0</arg>
  <arg>7987075</arg>
  <severity>INFO</severity>
  <timestamp>Thu Apr 30 19:44:34 2020</timestamp>
</msg>
<msg id="284" tool="mc">
  <type>HEARTBEAT</type>
  <arg>22992</arg>
  <arg>0</arg>
  <arg>7932682</arg>
  <severity>INFO</severity>
  <timestamp>Thu Apr 30 19:44:35 2020</timestamp>
</msg>
<msg id="285" tool="mc">
  <type>HEARTBEAT</type>
  <arg>22992</arg>
  <arg>0</arg>
  <arg>7652873</arg>
  <severity>INFO</severity>
  <timestamp>Thu Apr 30 19:44:36 2020</timestamp>
</msg>
<msg id="286" tool="mc">
  <type>HEARTBEAT</type>
  <arg>22992</arg>
  <arg>0</arg>
  <arg>7614736</arg>
  <severity>INFO</severity>
  <timestamp>Thu Apr 30 19:44:37 2020</timestamp>
</msg>
<msg id="287" tool="mc">
  <type>HEARTBEAT</type>
  <arg>22992</arg>
  <arg>0</arg>
  <arg>7236956</arg>
  <severity>INFO</severity>
  <timestamp>Thu Apr 30 19:44:38 2020</timestamp>
</msg>
<msg id="288" tool="mc">
  <type>HEARTBEAT</type>
  <arg>22992</arg>
  <arg>0</arg>
  <arg>7642808</arg>
  <severity>INFO</severity>
  <timestamp>Thu Apr 30 19:44:39 2020</timestamp>
</msg>
<msg id="289" tool="mc">
  <type>HEARTBEAT</type>
  <arg>22992</arg>
  <arg>0</arg>
  <arg>7540063</arg>
  <severity>INFO</severity>
  <timestamp>Thu Apr 30 19:44:40 2020</timestamp>
</msg>
<msg id="290" tool="mc">
  <type>HEARTBEAT</type>
  <arg>22992</arg>
  <arg>0</arg>
  <arg>6995074</arg>
  <severity>INFO</severity>
  <timestamp>Thu Apr 30 19:44:41 2020</timestamp>
</msg>
<msg id="291" tool="mc">
  <type>HEARTBEAT</type>
  <arg>22992</arg>
  <arg>0</arg>
  <arg>7576293</arg>
  <severity>INFO</severity>
  <timestamp>Thu Apr 30 19:44:42 2020</timestamp>
</msg>
<msg id="292" tool="mc">
  <type>HEARTBEAT</type>
  <arg>22992</arg>
  <arg>0</arg>
  <arg>8050022</arg>
  <severity>INFO</severity>
  <timestamp>Thu Apr 30 19:44:43 2020</timestamp>
</msg>
<msg id="293" tool="mc">
  <type>HEARTBEAT</type>
  <arg>22992</arg>
  <arg>0</arg>
  <arg>8114116</arg>
  <severity>INFO</severity>
  <timestamp>Thu Apr 30 19:44:44 2020</timestamp>
</msg>
<msg id="294" tool="mc">
  <type>HEARTBEAT</type>
  <arg>22992</arg>
  <arg>0</arg>
  <arg>8133895</arg>
  <severity>INFO</severity>
  <timestamp>Thu Apr 30 19:44:45 2020</timestamp>
</msg>
<msg id="295" tool="mc">
  <type>HEARTBEAT</type>
  <arg>22992</arg>
  <arg>0</arg>
  <arg>7776027</arg>
  <severity>INFO</severity>
  <timestamp>Thu Apr 30 19:44:46 2020</timestamp>
</msg>
<msg id="296" tool="mc">
  <type>HEARTBEAT</type>
  <arg>22992</arg>
  <arg>0</arg>
  <arg>7428058</arg>
  <severity>INFO</severity>
  <timestamp>Thu Apr 30 19:44:47 2020</timestamp>
</msg>
<msg id="297" tool="mc">
  <type>HEARTBEAT</type>
  <arg>22992</arg>
  <arg>0</arg>
  <arg>8053295</arg>
  <severity>INFO</severity>
  <timestamp>Thu Apr 30 19:44:48 2020</timestamp>
</msg>
<msg id="298" tool="mc">
  <type>HEARTBEAT</type>
  <arg>22992</arg>
  <arg>0</arg>
  <arg>7872987</arg>
  <severity>INFO</severity>
  <timestamp>Thu Apr 30 19:44:49 2020</timestamp>
</msg>
<msg id="299" tool="mc">
  <type>HEARTBEAT</type>
  <arg>22992</arg>
  <arg>0</arg>
  <arg>7924008</arg>
  <severity>INFO</severity>
  <timestamp>Thu Apr 30 19:44:50 2020</timestamp>
</msg>
<msg id="300" tool="mc">
  <type>HEARTBEAT</type>
  <arg>22992</arg>
  <arg>0</arg>
  <arg>7987349</arg>
  <severity>INFO</severity>
  <timestamp>Thu Apr 30 19:44:51 2020</timestamp>
</msg>
<msg id="301" tool="mc">
  <type>HEARTBEAT</type>
  <arg>22992</arg>
  <arg>0</arg>
  <arg>7909183</arg>
  <severity>INFO</severity>
  <timestamp>Thu Apr 30 19:44:52 2020</timestamp>
</msg>
<msg id="302" tool="mc">
  <type>HEARTBEAT</type>
  <arg>22992</arg>
  <arg>0</arg>
  <arg>7930173</arg>
  <severity>INFO</severity>
  <timestamp>Thu Apr 30 19:44:53 2020</timestamp>
</msg>
<msg id="303" tool="mc">
  <type>HEARTBEAT</type>
  <arg>22992</arg>
  <arg>0</arg>
  <arg>8053450</arg>
  <severity>INFO</severity>
  <timestamp>Thu Apr 30 19:44:54 2020</timestamp>
</msg>
<msg id="304" tool="mc">
  <type>HEARTBEAT</type>
  <arg>22992</arg>
  <arg>0</arg>
  <arg>8057618</arg>
  <severity>INFO</severity>
  <timestamp>Thu Apr 30 19:44:55 2020</timestamp>
</msg>
<msg id="305" tool="mc">
  <type>HEARTBEAT</type>
  <arg>22992</arg>
  <arg>0</arg>
  <arg>7983608</arg>
  <severity>INFO</severity>
  <timestamp>Thu Apr 30 19:44:56 2020</timestamp>
</msg>
<msg id="306" tool="mc">
  <type>HEARTBEAT</type>
  <arg>22992</arg>
  <arg>0</arg>
  <arg>7993622</arg>
  <severity>INFO</severity>
  <timestamp>Thu Apr 30 19:44:57 2020</timestamp>
</msg>
<msg id="307" tool="mc">
  <type>HEARTBEAT</type>
  <arg>22992</arg>
  <arg>0</arg>
  <arg>7957346</arg>
  <severity>INFO</severity>
  <timestamp>Thu Apr 30 19:44:58 2020</timestamp>
</msg>
<msg id="308" tool="mc">
  <type>HEARTBEAT</type>
  <arg>22992</arg>
  <arg>0</arg>
  <arg>7890544</arg>
  <severity>INFO</severity>
  <timestamp>Thu Apr 30 19:44:59 2020</timestamp>
</msg>
<msg id="309" tool="mc">
  <type>HEARTBEAT</type>
  <arg>22992</arg>
  <arg>0</arg>
  <arg>7705077</arg>
  <severity>INFO</severity>
  <timestamp>Thu Apr 30 19:45:00 2020</timestamp>
</msg>
<msg id="310" tool="mc">
  <type>HEARTBEAT</type>
  <arg>22992</arg>
  <arg>0</arg>
  <arg>7912010</arg>
  <severity>INFO</severity>
  <timestamp>Thu Apr 30 19:45:01 2020</timestamp>
</msg>
<msg id="311" tool="mc">
  <type>HEARTBEAT</type>
  <arg>22992</arg>
  <arg>0</arg>
  <arg>7899710</arg>
  <severity>INFO</severity>
  <timestamp>Thu Apr 30 19:45:02 2020</timestamp>
</msg>
<msg id="312" tool="mc">
  <type>HEARTBEAT</type>
  <arg>22992</arg>
  <arg>0</arg>
  <arg>8017998</arg>
  <severity>INFO</severity>
  <timestamp>Thu Apr 30 19:45:03 2020</timestamp>
</msg>
<msg id="313" tool="mc">
  <type>HEARTBEAT</type>
  <arg>22992</arg>
  <arg>0</arg>
  <arg>7979092</arg>
  <severity>INFO</severity>
  <timestamp>Thu Apr 30 19:45:04 2020</timestamp>
</msg>
<msg id="314" tool="mc">
  <type>HEARTBEAT</type>
  <arg>22992</arg>
  <arg>0</arg>
  <arg>7922250</arg>
  <severity>INFO</severity>
  <timestamp>Thu Apr 30 19:45:05 2020</timestamp>
</msg>
<msg id="315" tool="mc">
  <type>HEARTBEAT</type>
  <arg>22992</arg>
  <arg>0</arg>
  <arg>7923223</arg>
  <severity>INFO</severity>
  <timestamp>Thu Apr 30 19:45:06 2020</timestamp>
</msg>
<msg id="316" tool="mc">
  <type>HEARTBEAT</type>
  <arg>22992</arg>
  <arg>0</arg>
  <arg>7735109</arg>
  <severity>INFO</severity>
  <timestamp>Thu Apr 30 19:45:07 2020</timestamp>
</msg>
<msg id="317" tool="mc">
  <type>HEARTBEAT</type>
  <arg>22992</arg>
  <arg>0</arg>
  <arg>7414645</arg>
  <severity>INFO</severity>
  <timestamp>Thu Apr 30 19:45:08 2020</timestamp>
</msg>
<msg id="318" tool="mc">
  <type>HEARTBEAT</type>
  <arg>22992</arg>
  <arg>0</arg>
  <arg>7725035</arg>
  <severity>INFO</severity>
  <timestamp>Thu Apr 30 19:45:09 2020</timestamp>
</msg>
<msg id="319" tool="mc">
  <type>HEARTBEAT</type>
  <arg>22992</arg>
  <arg>0</arg>
  <arg>7977912</arg>
  <severity>INFO</severity>
  <timestamp>Thu Apr 30 19:45:10 2020</timestamp>
</msg>
<msg id="320" tool="mc">
  <type>HEARTBEAT</type>
  <arg>22992</arg>
  <arg>0</arg>
  <arg>7954140</arg>
  <severity>INFO</severity>
  <timestamp>Thu Apr 30 19:45:11 2020</timestamp>
</msg>
<msg id="321" tool="mc">
  <type>HEARTBEAT</type>
  <arg>22992</arg>
  <arg>0</arg>
  <arg>7524689</arg>
  <severity>INFO</severity>
  <timestamp>Thu Apr 30 19:45:12 2020</timestamp>
</msg>
<msg id="322" tool="mc">
  <type>HEARTBEAT</type>
  <arg>22992</arg>
  <arg>0</arg>
  <arg>7159153</arg>
  <severity>INFO</severity>
  <timestamp>Thu Apr 30 19:45:13 2020</timestamp>
</msg>
<msg id="323" tool="mc">
  <type>HEARTBEAT</type>
  <arg>22992</arg>
  <arg>0</arg>
  <arg>6289438</arg>
  <severity>INFO</severity>
  <timestamp>Thu Apr 30 19:45:14 2020</timestamp>
</msg>
<msg id="324" tool="mc">
  <type>HEARTBEAT</type>
  <arg>22992</arg>
  <arg>0</arg>
  <arg>6249489</arg>
  <severity>INFO</severity>
  <timestamp>Thu Apr 30 19:45:15 2020</timestamp>
</msg>
<msg id="325" tool="mc">
  <type>HEARTBEAT</type>
  <arg>22992</arg>
  <arg>0</arg>
  <arg>6348902</arg>
  <severity>INFO</severity>
  <timestamp>Thu Apr 30 19:45:16 2020</timestamp>
</msg>
<msg id="326" tool="mc">
  <type>HEARTBEAT</type>
  <arg>22992</arg>
  <arg>0</arg>
  <arg>6214063</arg>
  <severity>INFO</severity>
  <timestamp>Thu Apr 30 19:45:17 2020</timestamp>
</msg>
<msg id="327" tool="mc">
  <type>HEARTBEAT</type>
  <arg>22992</arg>
  <arg>0</arg>
  <arg>6119315</arg>
  <severity>INFO</severity>
  <timestamp>Thu Apr 30 19:45:18 2020</timestamp>
</msg>
<msg id="328" tool="mc">
  <type>HEARTBEAT</type>
  <arg>22992</arg>
  <arg>0</arg>
  <arg>6315822</arg>
  <severity>INFO</severity>
  <timestamp>Thu Apr 30 19:45:19 2020</timestamp>
</msg>
<msg id="329" tool="mc">
  <type>HEARTBEAT</type>
  <arg>22992</arg>
  <arg>0</arg>
  <arg>6214763</arg>
  <severity>INFO</severity>
  <timestamp>Thu Apr 30 19:45:20 2020</timestamp>
</msg>
<msg id="330" tool="mc">
  <type>HEARTBEAT</type>
  <arg>22992</arg>
  <arg>0</arg>
  <arg>6153983</arg>
  <severity>INFO</severity>
  <timestamp>Thu Apr 30 19:45:21 2020</timestamp>
</msg>
<msg id="331" tool="mc">
  <type>HEARTBEAT</type>
  <arg>22992</arg>
  <arg>0</arg>
  <arg>6262339</arg>
  <severity>INFO</severity>
  <timestamp>Thu Apr 30 19:45:22 2020</timestamp>
</msg>
<msg id="332" tool="mc">
  <type>HEARTBEAT</type>
  <arg>22992</arg>
  <arg>0</arg>
  <arg>6216378</arg>
  <severity>INFO</severity>
  <timestamp>Thu Apr 30 19:45:23 2020</timestamp>
</msg>
<msg id="333" tool="mc">
  <type>HEARTBEAT</type>
  <arg>22992</arg>
  <arg>0</arg>
  <arg>6334735</arg>
  <severity>INFO</severity>
  <timestamp>Thu Apr 30 19:45:24 2020</timestamp>
</msg>
<msg id="334" tool="mc">
  <type>HEARTBEAT</type>
  <arg>22992</arg>
  <arg>0</arg>
  <arg>6274835</arg>
  <severity>INFO</severity>
  <timestamp>Thu Apr 30 19:45:25 2020</timestamp>
</msg>
<msg id="335" tool="mc">
  <type>HEARTBEAT</type>
  <arg>22992</arg>
  <arg>0</arg>
  <arg>6345172</arg>
  <severity>INFO</severity>
  <timestamp>Thu Apr 30 19:45:26 2020</timestamp>
</msg>
<msg id="336" tool="mc">
  <type>HEARTBEAT</type>
  <arg>22992</arg>
  <arg>0</arg>
  <arg>6358784</arg>
  <severity>INFO</severity>
  <timestamp>Thu Apr 30 19:45:27 2020</timestamp>
</msg>
<msg id="337" tool="mc">
  <type>HEARTBEAT</type>
  <arg>22992</arg>
  <arg>0</arg>
  <arg>6293057</arg>
  <severity>INFO</severity>
  <timestamp>Thu Apr 30 19:45:28 2020</timestamp>
</msg>
<msg id="338" tool="mc">
  <type>HEARTBEAT</type>
  <arg>22992</arg>
  <arg>0</arg>
  <arg>6293217</arg>
  <severity>INFO</severity>
  <timestamp>Thu Apr 30 19:45:29 2020</timestamp>
</msg>
<msg id="339" tool="mc">
  <type>HEARTBEAT</type>
  <arg>22992</arg>
  <arg>0</arg>
  <arg>6204296</arg>
  <severity>INFO</severity>
  <timestamp>Thu Apr 30 19:45:30 2020</timestamp>
</msg>
<msg id="340" tool="mc">
  <type>HEARTBEAT</type>
  <arg>22992</arg>
  <arg>0</arg>
  <arg>6305056</arg>
  <severity>INFO</severity>
  <timestamp>Thu Apr 30 19:45:31 2020</timestamp>
</msg>
<msg id="341" tool="mc">
  <type>HEARTBEAT</type>
  <arg>22992</arg>
  <arg>0</arg>
  <arg>6325170</arg>
  <severity>INFO</severity>
  <timestamp>Thu Apr 30 19:45:32 2020</timestamp>
</msg>
<msg id="342" tool="mc">
  <type>HEARTBEAT</type>
  <arg>22992</arg>
  <arg>0</arg>
  <arg>6354599</arg>
  <severity>INFO</severity>
  <timestamp>Thu Apr 30 19:45:33 2020</timestamp>
</msg>
<msg id="343" tool="mc">
  <type>HEARTBEAT</type>
  <arg>22992</arg>
  <arg>0</arg>
  <arg>6400416</arg>
  <severity>INFO</severity>
  <timestamp>Thu Apr 30 19:45:34 2020</timestamp>
</msg>
<msg id="344" tool="mc">
  <type>HEARTBEAT</type>
  <arg>22992</arg>
  <arg>0</arg>
  <arg>6366038</arg>
  <severity>INFO</severity>
  <timestamp>Thu Apr 30 19:45:35 2020</timestamp>
</msg>
<msg id="345" tool="mc">
  <type>HEARTBEAT</type>
  <arg>22992</arg>
  <arg>0</arg>
  <arg>6225063</arg>
  <severity>INFO</severity>
  <timestamp>Thu Apr 30 19:45:36 2020</timestamp>
</msg>
<msg id="346" tool="mc">
  <type>HEARTBEAT</type>
  <arg>22992</arg>
  <arg>0</arg>
  <arg>6238354</arg>
  <severity>INFO</severity>
  <timestamp>Thu Apr 30 19:45:37 2020</timestamp>
</msg>
<msg id="347" tool="mc">
  <type>HEARTBEAT</type>
  <arg>22992</arg>
  <arg>0</arg>
  <arg>6249440</arg>
  <severity>INFO</severity>
  <timestamp>Thu Apr 30 19:45:38 2020</timestamp>
</msg>
<msg id="348" tool="mc">
  <type>HEARTBEAT</type>
  <arg>22992</arg>
  <arg>0</arg>
  <arg>6287918</arg>
  <severity>INFO</severity>
  <timestamp>Thu Apr 30 19:45:39 2020</timestamp>
</msg>
<msg id="349" tool="mc">
  <type>HEARTBEAT</type>
  <arg>22992</arg>
  <arg>0</arg>
  <arg>6152302</arg>
  <severity>INFO</severity>
  <timestamp>Thu Apr 30 19:45:40 2020</timestamp>
</msg>
<msg id="350" tool="mc">
  <type>HEARTBEAT</type>
  <arg>22992</arg>
  <arg>0</arg>
  <arg>6301704</arg>
  <severity>INFO</severity>
  <timestamp>Thu Apr 30 19:45:41 2020</timestamp>
</msg>
<msg id="351" tool="mc">
  <type>HEARTBEAT</type>
  <arg>22992</arg>
  <arg>0</arg>
  <arg>6258572</arg>
  <severity>INFO</severity>
  <timestamp>Thu Apr 30 19:45:42 2020</timestamp>
</msg>
<msg id="352" tool="mc">
  <type>HEARTBEAT</type>
  <arg>22992</arg>
  <arg>0</arg>
  <arg>6288837</arg>
  <severity>INFO</severity>
  <timestamp>Thu Apr 30 19:45:43 2020</timestamp>
</msg>
<msg id="353" tool="mc">
  <type>HEARTBEAT</type>
  <arg>22992</arg>
  <arg>0</arg>
  <arg>6176801</arg>
  <severity>INFO</severity>
  <timestamp>Thu Apr 30 19:45:44 2020</timestamp>
</msg>
<msg id="354" tool="mc">
  <type>HEARTBEAT</type>
  <arg>22992</arg>
  <arg>0</arg>
  <arg>6229809</arg>
  <severity>INFO</severity>
  <timestamp>Thu Apr 30 19:45:45 2020</timestamp>
</msg>
<msg id="355" tool="mc">
  <type>HEARTBEAT</type>
  <arg>22992</arg>
  <arg>0</arg>
  <arg>6395328</arg>
  <severity>INFO</severity>
  <timestamp>Thu Apr 30 19:45:46 2020</timestamp>
</msg>
<msg id="356" tool="mc">
  <type>HEARTBEAT</type>
  <arg>22992</arg>
  <arg>0</arg>
  <arg>6331389</arg>
  <severity>INFO</severity>
  <timestamp>Thu Apr 30 19:45:47 2020</timestamp>
</msg>
<msg id="357" tool="mc">
  <type>HEARTBEAT</type>
  <arg>22992</arg>
  <arg>0</arg>
  <arg>6288008</arg>
  <severity>INFO</severity>
  <timestamp>Thu Apr 30 19:45:48 2020</timestamp>
</msg>
<msg id="358" tool="mc">
  <type>HEARTBEAT</type>
  <arg>22992</arg>
  <arg>0</arg>
  <arg>6322904</arg>
  <severity>INFO</severity>
  <timestamp>Thu Apr 30 19:45:49 2020</timestamp>
</msg>
<msg id="359" tool="mc">
  <type>HEARTBEAT</type>
  <arg>22992</arg>
  <arg>0</arg>
  <arg>6259273</arg>
  <severity>INFO</severity>
  <timestamp>Thu Apr 30 19:45:50 2020</timestamp>
</msg>
<msg id="360" tool="mc">
  <type>HEARTBEAT</type>
  <arg>22992</arg>
  <arg>0</arg>
  <arg>6298576</arg>
  <severity>INFO</severity>
  <timestamp>Thu Apr 30 19:45:51 2020</timestamp>
</msg>
<msg id="361" tool="mc">
  <type>HEARTBEAT</type>
  <arg>22992</arg>
  <arg>0</arg>
  <arg>6382776</arg>
  <severity>INFO</severity>
  <timestamp>Thu Apr 30 19:45:52 2020</timestamp>
</msg>
<msg id="362" tool="mc">
  <type>HEARTBEAT</type>
  <arg>22992</arg>
  <arg>0</arg>
  <arg>6309074</arg>
  <severity>INFO</severity>
  <timestamp>Thu Apr 30 19:45:53 2020</timestamp>
</msg>
<msg id="363" tool="mc">
  <type>HEARTBEAT</type>
  <arg>22992</arg>
  <arg>0</arg>
  <arg>6137298</arg>
  <severity>INFO</severity>
  <timestamp>Thu Apr 30 19:45:54 2020</timestamp>
</msg>
<msg id="364" tool="mc">
  <type>HEARTBEAT</type>
  <arg>22992</arg>
  <arg>0</arg>
  <arg>6120948</arg>
  <severity>INFO</severity>
  <timestamp>Thu Apr 30 19:45:55 2020</timestamp>
</msg>
<msg id="365" tool="mc">
  <type>HEARTBEAT</type>
  <arg>22992</arg>
  <arg>0</arg>
  <arg>6053448</arg>
  <severity>INFO</severity>
  <timestamp>Thu Apr 30 19:45:56 2020</timestamp>
</msg>
<msg id="366" tool="mc">
  <type>HEARTBEAT</type>
  <arg>22992</arg>
  <arg>0</arg>
  <arg>6146571</arg>
  <severity>INFO</severity>
  <timestamp>Thu Apr 30 19:45:57 2020</timestamp>
</msg>
<msg id="367" tool="mc">
  <type>HEARTBEAT</type>
  <arg>22992</arg>
  <arg>0</arg>
  <arg>6122722</arg>
  <severity>INFO</severity>
  <timestamp>Thu Apr 30 19:45:58 2020</timestamp>
</msg>
<msg id="368" tool="mc">
  <type>HEARTBEAT</type>
  <arg>22992</arg>
  <arg>0</arg>
  <arg>5873677</arg>
  <severity>INFO</severity>
  <timestamp>Thu Apr 30 19:45:59 2020</timestamp>
</msg>
<msg id="369" tool="mc">
  <type>HEARTBEAT</type>
  <arg>22992</arg>
  <arg>0</arg>
  <arg>6166213</arg>
  <severity>INFO</severity>
  <timestamp>Thu Apr 30 19:46:00 2020</timestamp>
</msg>
<msg id="370" tool="mc">
  <type>HEARTBEAT</type>
  <arg>22992</arg>
  <arg>0</arg>
  <arg>6177165</arg>
  <severity>INFO</severity>
  <timestamp>Thu Apr 30 19:46:01 2020</timestamp>
</msg>
<msg id="371" tool="mc">
  <type>HEARTBEAT</type>
  <arg>22992</arg>
  <arg>0</arg>
  <arg>6151941</arg>
  <severity>INFO</severity>
  <timestamp>Thu Apr 30 19:46:02 2020</timestamp>
</msg>
<msg id="372" tool="mc">
  <type>HEARTBEAT</type>
  <arg>22992</arg>
  <arg>0</arg>
  <arg>6096842</arg>
  <severity>INFO</severity>
  <timestamp>Thu Apr 30 19:46:03 2020</timestamp>
</msg>
<msg id="373" tool="mc">
  <type>HEARTBEAT</type>
  <arg>22992</arg>
  <arg>0</arg>
  <arg>6213120</arg>
  <severity>INFO</severity>
  <timestamp>Thu Apr 30 19:46:04 2020</timestamp>
</msg>
<msg id="374" tool="mc">
  <type>HEARTBEAT</type>
  <arg>22992</arg>
  <arg>0</arg>
  <arg>6236543</arg>
  <severity>INFO</severity>
  <timestamp>Thu Apr 30 19:46:05 2020</timestamp>
</msg>
<msg id="375" tool="mc">
  <type>HEARTBEAT</type>
  <arg>22992</arg>
  <arg>0</arg>
  <arg>6151104</arg>
  <severity>INFO</severity>
  <timestamp>Thu Apr 30 19:46:06 2020</timestamp>
</msg>
<msg id="376" tool="mc">
  <type>HEARTBEAT</type>
  <arg>22992</arg>
  <arg>0</arg>
  <arg>6219066</arg>
  <severity>INFO</severity>
  <timestamp>Thu Apr 30 19:46:07 2020</timestamp>
</msg>
<msg id="377" tool="mc">
  <type>HEARTBEAT</type>
  <arg>22992</arg>
  <arg>0</arg>
  <arg>6152536</arg>
  <severity>INFO</severity>
  <timestamp>Thu Apr 30 19:46:08 2020</timestamp>
</msg>
<msg id="378" tool="mc">
  <type>HEARTBEAT</type>
  <arg>22992</arg>
  <arg>0</arg>
  <arg>6206348</arg>
  <severity>INFO</severity>
  <timestamp>Thu Apr 30 19:46:09 2020</timestamp>
</msg>
<msg id="379" tool="mc">
  <type>HEARTBEAT</type>
  <arg>22992</arg>
  <arg>0</arg>
  <arg>6243237</arg>
  <severity>INFO</severity>
  <timestamp>Thu Apr 30 19:46:10 2020</timestamp>
</msg>
<msg id="380" tool="mc">
  <type>HEARTBEAT</type>
  <arg>22992</arg>
  <arg>0</arg>
  <arg>6098232</arg>
  <severity>INFO</severity>
  <timestamp>Thu Apr 30 19:46:11 2020</timestamp>
</msg>
<msg id="381" tool="mc">
  <type>HEARTBEAT</type>
  <arg>22992</arg>
  <arg>0</arg>
  <arg>6260785</arg>
  <severity>INFO</severity>
  <timestamp>Thu Apr 30 19:46:12 2020</timestamp>
</msg>
<msg id="382" tool="mc">
  <type>HEARTBEAT</type>
  <arg>22992</arg>
  <arg>0</arg>
  <arg>6164733</arg>
  <severity>INFO</severity>
  <timestamp>Thu Apr 30 19:46:13 2020</timestamp>
</msg>
<msg id="383" tool="mc">
  <type>HEARTBEAT</type>
  <arg>22992</arg>
  <arg>0</arg>
  <arg>6160672</arg>
  <severity>INFO</severity>
  <timestamp>Thu Apr 30 19:46:14 2020</timestamp>
</msg>
<msg id="384" tool="mc">
  <type>HEARTBEAT</type>
  <arg>22992</arg>
  <arg>0</arg>
  <arg>6169402</arg>
  <severity>INFO</severity>
  <timestamp>Thu Apr 30 19:46:15 2020</timestamp>
</msg>
<msg id="385" tool="mc">
  <type>HEARTBEAT</type>
  <arg>22992</arg>
  <arg>0</arg>
  <arg>6192765</arg>
  <severity>INFO</severity>
  <timestamp>Thu Apr 30 19:46:16 2020</timestamp>
</msg>
<msg id="386" tool="mc">
  <type>HEARTBEAT</type>
  <arg>22992</arg>
  <arg>0</arg>
  <arg>6088837</arg>
  <severity>INFO</severity>
  <timestamp>Thu Apr 30 19:46:17 2020</timestamp>
</msg>
<msg id="387" tool="mc">
  <type>HEARTBEAT</type>
  <arg>22992</arg>
  <arg>0</arg>
  <arg>6203340</arg>
  <severity>INFO</severity>
  <timestamp>Thu Apr 30 19:46:18 2020</timestamp>
</msg>
<msg id="388" tool="mc">
  <type>HEARTBEAT</type>
  <arg>22992</arg>
  <arg>0</arg>
  <arg>6177607</arg>
  <severity>INFO</severity>
  <timestamp>Thu Apr 30 19:46:19 2020</timestamp>
</msg>
<msg id="389" tool="mc">
  <type>HEARTBEAT</type>
  <arg>22992</arg>
  <arg>0</arg>
  <arg>6097306</arg>
  <severity>INFO</severity>
  <timestamp>Thu Apr 30 19:46:20 2020</timestamp>
</msg>
<msg id="390" tool="mc">
  <type>HEARTBEAT</type>
  <arg>22992</arg>
  <arg>0</arg>
  <arg>6200677</arg>
  <severity>INFO</severity>
  <timestamp>Thu Apr 30 19:46:21 2020</timestamp>
</msg>
<msg id="391" tool="mc">
  <type>HEARTBEAT</type>
  <arg>22992</arg>
  <arg>0</arg>
  <arg>6079957</arg>
  <severity>INFO</severity>
  <timestamp>Thu Apr 30 19:46:22 2020</timestamp>
</msg>
<msg id="392" tool="mc">
  <type>HEARTBEAT</type>
  <arg>22992</arg>
  <arg>0</arg>
  <arg>6129383</arg>
  <severity>INFO</severity>
  <timestamp>Thu Apr 30 19:46:23 2020</timestamp>
</msg>
<msg id="393" tool="mc">
  <type>HEARTBEAT</type>
  <arg>22992</arg>
  <arg>0</arg>
  <arg>6095966</arg>
  <severity>INFO</severity>
  <timestamp>Thu Apr 30 19:46:24 2020</timestamp>
</msg>
<msg id="394" tool="mc">
  <type>HEARTBEAT</type>
  <arg>22992</arg>
  <arg>0</arg>
  <arg>6169299</arg>
  <severity>INFO</severity>
  <timestamp>Thu Apr 30 19:46:25 2020</timestamp>
</msg>
<msg id="395" tool="mc">
  <type>HEARTBEAT</type>
  <arg>22992</arg>
  <arg>0</arg>
  <arg>6154406</arg>
  <severity>INFO</severity>
  <timestamp>Thu Apr 30 19:46:26 2020</timestamp>
</msg>
<msg id="396" tool="mc">
  <type>HEARTBEAT</type>
  <arg>22992</arg>
  <arg>0</arg>
  <arg>6195581</arg>
  <severity>INFO</severity>
  <timestamp>Thu Apr 30 19:46:27 2020</timestamp>
</msg>
<msg id="397" tool="mc">
  <type>HEARTBEAT</type>
  <arg>22992</arg>
  <arg>0</arg>
  <arg>6233756</arg>
  <severity>INFO</severity>
  <timestamp>Thu Apr 30 19:46:28 2020</timestamp>
</msg>
<msg id="398" tool="mc">
  <type>HEARTBEAT</type>
  <arg>22992</arg>
  <arg>0</arg>
  <arg>6199370</arg>
  <severity>INFO</severity>
  <timestamp>Thu Apr 30 19:46:29 2020</timestamp>
</msg>
<msg id="399" tool="mc">
  <type>HEARTBEAT</type>
  <arg>22992</arg>
  <arg>0</arg>
  <arg>6191727</arg>
  <severity>INFO</severity>
  <timestamp>Thu Apr 30 19:46:30 2020</timestamp>
</msg>
<msg id="400" tool="mc">
  <type>HEARTBEAT</type>
  <arg>22992</arg>
  <arg>0</arg>
  <arg>6162801</arg>
  <severity>INFO</severity>
  <timestamp>Thu Apr 30 19:46:31 2020</timestamp>
</msg>
<msg id="401" tool="mc">
  <type>HEARTBEAT</type>
  <arg>22992</arg>
  <arg>0</arg>
  <arg>5894002</arg>
  <severity>INFO</severity>
  <timestamp>Thu Apr 30 19:46:32 2020</timestamp>
</msg>
<msg id="402" tool="mc">
  <type>HEARTBEAT</type>
  <arg>22992</arg>
  <arg>0</arg>
  <arg>6033624</arg>
  <severity>INFO</severity>
  <timestamp>Thu Apr 30 19:46:33 2020</timestamp>
</msg>
<msg id="403" tool="mc">
  <type>HEARTBEAT</type>
  <arg>22992</arg>
  <arg>0</arg>
  <arg>6188719</arg>
  <severity>INFO</severity>
  <timestamp>Thu Apr 30 19:46:34 2020</timestamp>
</msg>
<msg id="404" tool="mc">
  <type>HEARTBEAT</type>
  <arg>22992</arg>
  <arg>0</arg>
  <arg>6272631</arg>
  <severity>INFO</severity>
  <timestamp>Thu Apr 30 19:46:35 2020</timestamp>
</msg>
<msg id="405" tool="mc">
  <type>HEARTBEAT</type>
  <arg>22992</arg>
  <arg>0</arg>
  <arg>6300666</arg>
  <severity>INFO</severity>
  <timestamp>Thu Apr 30 19:46:36 2020</timestamp>
</msg>
<msg id="406" tool="mc">
  <type>HEARTBEAT</type>
  <arg>22992</arg>
  <arg>0</arg>
  <arg>6029616</arg>
  <severity>INFO</severity>
  <timestamp>Thu Apr 30 19:46:37 2020</timestamp>
</msg>
<msg id="407" tool="mc">
  <type>HEARTBEAT</type>
  <arg>22992</arg>
  <arg>0</arg>
  <arg>6280737</arg>
  <severity>INFO</severity>
  <timestamp>Thu Apr 30 19:46:38 2020</timestamp>
</msg>
<msg id="408" tool="mc">
  <type>HEARTBEAT</type>
  <arg>22992</arg>
  <arg>0</arg>
  <arg>6100809</arg>
  <severity>INFO</severity>
  <timestamp>Thu Apr 30 19:46:39 2020</timestamp>
</msg>
<msg id="409" tool="mc">
  <type>HEARTBEAT</type>
  <arg>22992</arg>
  <arg>0</arg>
  <arg>6066204</arg>
  <severity>INFO</severity>
  <timestamp>Thu Apr 30 19:46:40 2020</timestamp>
</msg>
<msg id="410" tool="mc">
  <type>HEARTBEAT</type>
  <arg>22992</arg>
  <arg>0</arg>
  <arg>6202356</arg>
  <severity>INFO</severity>
  <timestamp>Thu Apr 30 19:46:41 2020</timestamp>
</msg>
<msg id="411" tool="mc">
  <type>HEARTBEAT</type>
  <arg>22992</arg>
  <arg>0</arg>
  <arg>6297587</arg>
  <severity>INFO</severity>
  <timestamp>Thu Apr 30 19:46:42 2020</timestamp>
</msg>
<msg id="412" tool="mc">
  <type>HEARTBEAT</type>
  <arg>22992</arg>
  <arg>0</arg>
  <arg>6226297</arg>
  <severity>INFO</severity>
  <timestamp>Thu Apr 30 19:46:43 2020</timestamp>
</msg>
<msg id="413" tool="mc">
  <type>HEARTBEAT</type>
  <arg>22992</arg>
  <arg>0</arg>
  <arg>6264175</arg>
  <severity>INFO</severity>
  <timestamp>Thu Apr 30 19:46:44 2020</timestamp>
</msg>
<msg id="414" tool="mc">
  <type>HEARTBEAT</type>
  <arg>22992</arg>
  <arg>0</arg>
  <arg>6302818</arg>
  <severity>INFO</severity>
  <timestamp>Thu Apr 30 19:46:45 2020</timestamp>
</msg>
<msg id="415" tool="mc">
  <type>HEARTBEAT</type>
  <arg>22992</arg>
  <arg>0</arg>
  <arg>6233830</arg>
  <severity>INFO</severity>
  <timestamp>Thu Apr 30 19:46:46 2020</timestamp>
</msg>
<msg id="416" tool="mc">
  <type>HEARTBEAT</type>
  <arg>22992</arg>
  <arg>0</arg>
  <arg>6258108</arg>
  <severity>INFO</severity>
  <timestamp>Thu Apr 30 19:46:47 2020</timestamp>
</msg>
<msg id="417" tool="mc">
  <type>HEARTBEAT</type>
  <arg>22992</arg>
  <arg>0</arg>
  <arg>6282202</arg>
  <severity>INFO</severity>
  <timestamp>Thu Apr 30 19:46:48 2020</timestamp>
</msg>
<msg id="418" tool="mc">
  <type>HEARTBEAT</type>
  <arg>22992</arg>
  <arg>0</arg>
  <arg>5713992</arg>
  <severity>INFO</severity>
  <timestamp>Thu Apr 30 19:46:49 2020</timestamp>
</msg>
<msg id="419" tool="mc">
  <type>HEARTBEAT</type>
  <arg>22992</arg>
  <arg>0</arg>
  <arg>5798031</arg>
  <severity>INFO</severity>
  <timestamp>Thu Apr 30 19:46:50 2020</timestamp>
</msg>
<msg id="420" tool="mc">
  <type>HEARTBEAT</type>
  <arg>22992</arg>
  <arg>0</arg>
  <arg>6203523</arg>
  <severity>INFO</severity>
  <timestamp>Thu Apr 30 19:46:51 2020</timestamp>
</msg>
<msg id="421" tool="mc">
  <type>HEARTBEAT</type>
  <arg>22992</arg>
  <arg>0</arg>
  <arg>6240594</arg>
  <severity>INFO</severity>
  <timestamp>Thu Apr 30 19:46:52 2020</timestamp>
</msg>
<msg id="422" tool="mc">
  <type>HEARTBEAT</type>
  <arg>22992</arg>
  <arg>0</arg>
  <arg>6309256</arg>
  <severity>INFO</severity>
  <timestamp>Thu Apr 30 19:46:53 2020</timestamp>
</msg>
<msg id="423" tool="mc">
  <type>HEARTBEAT</type>
  <arg>22992</arg>
  <arg>0</arg>
  <arg>6218203</arg>
  <severity>INFO</severity>
  <timestamp>Thu Apr 30 19:46:54 2020</timestamp>
</msg>
<msg id="424" tool="mc">
  <type>HEARTBEAT</type>
  <arg>22992</arg>
  <arg>0</arg>
  <arg>5687949</arg>
  <severity>INFO</severity>
  <timestamp>Thu Apr 30 19:46:55 2020</timestamp>
</msg>
<msg id="425" tool="mc">
  <type>HEARTBEAT</type>
  <arg>22992</arg>
  <arg>0</arg>
  <arg>6171209</arg>
  <severity>INFO</severity>
  <timestamp>Thu Apr 30 19:46:56 2020</timestamp>
</msg>
<msg id="426" tool="mc">
  <type>HEARTBEAT</type>
  <arg>22992</arg>
  <arg>0</arg>
  <arg>5861521</arg>
  <severity>INFO</severity>
  <timestamp>Thu Apr 30 19:46:57 2020</timestamp>
</msg>
<msg id="427" tool="mc">
  <type>HEARTBEAT</type>
  <arg>22992</arg>
  <arg>0</arg>
  <arg>5870266</arg>
  <severity>INFO</severity>
  <timestamp>Thu Apr 30 19:46:58 2020</timestamp>
</msg>
<msg id="428" tool="mc">
  <type>HEARTBEAT</type>
  <arg>22992</arg>
  <arg>0</arg>
  <arg>6157594</arg>
  <severity>INFO</severity>
  <timestamp>Thu Apr 30 19:46:59 2020</timestamp>
</msg>
<msg id="429" tool="mc">
  <type>HEARTBEAT</type>
  <arg>22992</arg>
  <arg>0</arg>
  <arg>5654749</arg>
  <severity>INFO</severity>
  <timestamp>Thu Apr 30 19:47:00 2020</timestamp>
</msg>
<msg id="430" tool="mc">
  <type>HEARTBEAT</type>
  <arg>22992</arg>
  <arg>0</arg>
  <arg>5993420</arg>
  <severity>INFO</severity>
  <timestamp>Thu Apr 30 19:47:01 2020</timestamp>
</msg>
<msg id="431" tool="mc">
  <type>HEARTBEAT</type>
  <arg>22992</arg>
  <arg>0</arg>
  <arg>5889073</arg>
  <severity>INFO</severity>
  <timestamp>Thu Apr 30 19:47:02 2020</timestamp>
</msg>
<msg id="432" tool="mc">
  <type>HEARTBEAT</type>
  <arg>22992</arg>
  <arg>0</arg>
  <arg>5873682</arg>
  <severity>INFO</severity>
  <timestamp>Thu Apr 30 19:47:03 2020</timestamp>
</msg>
<msg id="433" tool="mc">
  <type>HEARTBEAT</type>
  <arg>22992</arg>
  <arg>0</arg>
  <arg>6161302</arg>
  <severity>INFO</severity>
  <timestamp>Thu Apr 30 19:47:04 2020</timestamp>
</msg>
<msg id="434" tool="mc">
  <type>HEARTBEAT</type>
  <arg>22992</arg>
  <arg>0</arg>
  <arg>6066214</arg>
  <severity>INFO</severity>
  <timestamp>Thu Apr 30 19:47:05 2020</timestamp>
</msg>
<msg id="435" tool="mc">
  <type>HEARTBEAT</type>
  <arg>22992</arg>
  <arg>0</arg>
  <arg>6078495</arg>
  <severity>INFO</severity>
  <timestamp>Thu Apr 30 19:47:06 2020</timestamp>
</msg>
<msg id="436" tool="mc">
  <type>HEARTBEAT</type>
  <arg>22992</arg>
  <arg>0</arg>
  <arg>6123893</arg>
  <severity>INFO</severity>
  <timestamp>Thu Apr 30 19:47:07 2020</timestamp>
</msg>
<msg id="437" tool="mc">
  <type>HEARTBEAT</type>
  <arg>22992</arg>
  <arg>0</arg>
  <arg>5951887</arg>
  <severity>INFO</severity>
  <timestamp>Thu Apr 30 19:47:08 2020</timestamp>
</msg>
<msg id="438" tool="mc">
  <type>HEARTBEAT</type>
  <arg>22992</arg>
  <arg>0</arg>
  <arg>6113384</arg>
  <severity>INFO</severity>
  <timestamp>Thu Apr 30 19:47:09 2020</timestamp>
</msg>
<msg id="439" tool="mc">
  <type>HEARTBEAT</type>
  <arg>22992</arg>
  <arg>0</arg>
  <arg>6187244</arg>
  <severity>INFO</severity>
  <timestamp>Thu Apr 30 19:47:10 2020</timestamp>
</msg>
<msg id="440" tool="mc">
  <type>HEARTBEAT</type>
  <arg>22992</arg>
  <arg>0</arg>
  <arg>6188447</arg>
  <severity>INFO</severity>
  <timestamp>Thu Apr 30 19:47:11 2020</timestamp>
</msg>
<msg id="441" tool="mc">
  <type>HEARTBEAT</type>
  <arg>22992</arg>
  <arg>0</arg>
  <arg>5927212</arg>
  <severity>INFO</severity>
  <timestamp>Thu Apr 30 19:47:12 2020</timestamp>
</msg>
<msg id="442" tool="mc">
  <type>HEARTBEAT</type>
  <arg>22992</arg>
  <arg>0</arg>
  <arg>6173884</arg>
  <severity>INFO</severity>
  <timestamp>Thu Apr 30 19:47:13 2020</timestamp>
</msg>
<msg id="443" tool="mc">
  <type>HEARTBEAT</type>
  <arg>22992</arg>
  <arg>0</arg>
  <arg>6196257</arg>
  <severity>INFO</severity>
  <timestamp>Thu Apr 30 19:47:14 2020</timestamp>
</msg>
<msg id="444" tool="mc">
  <type>HEARTBEAT</type>
  <arg>22992</arg>
  <arg>0</arg>
  <arg>6154466</arg>
  <severity>INFO</severity>
  <timestamp>Thu Apr 30 19:47:15 2020</timestamp>
</msg>
<msg id="445" tool="mc">
  <type>HEARTBEAT</type>
  <arg>22992</arg>
  <arg>0</arg>
  <arg>5945477</arg>
  <severity>INFO</severity>
  <timestamp>Thu Apr 30 19:47:16 2020</timestamp>
</msg>
<msg id="446" tool="mc">
  <type>HEARTBEAT</type>
  <arg>22992</arg>
  <arg>0</arg>
  <arg>5528597</arg>
  <severity>INFO</severity>
  <timestamp>Thu Apr 30 19:47:17 2020</timestamp>
</msg>
<msg id="447" tool="mc">
  <type>HEARTBEAT</type>
  <arg>22992</arg>
  <arg>0</arg>
  <arg>6152634</arg>
  <severity>INFO</severity>
  <timestamp>Thu Apr 30 19:47:18 2020</timestamp>
</msg>
<msg id="448" tool="mc">
  <type>HEARTBEAT</type>
  <arg>22992</arg>
  <arg>0</arg>
  <arg>6241802</arg>
  <severity>INFO</severity>
  <timestamp>Thu Apr 30 19:47:19 2020</timestamp>
</msg>
<msg id="449" tool="mc">
  <type>HEARTBEAT</type>
  <arg>22992</arg>
  <arg>0</arg>
  <arg>6138313</arg>
  <severity>INFO</severity>
  <timestamp>Thu Apr 30 19:47:20 2020</timestamp>
</msg>
<msg id="450" tool="mc">
  <type>HEARTBEAT</type>
  <arg>22992</arg>
  <arg>0</arg>
  <arg>6142934</arg>
  <severity>INFO</severity>
  <timestamp>Thu Apr 30 19:47:21 2020</timestamp>
</msg>
<msg id="451" tool="mc">
  <type>HEARTBEAT</type>
  <arg>22992</arg>
  <arg>0</arg>
  <arg>6195599</arg>
  <severity>INFO</severity>
  <timestamp>Thu Apr 30 19:47:22 2020</timestamp>
</msg>
<msg id="452" tool="mc">
  <type>HEARTBEAT</type>
  <arg>22992</arg>
  <arg>0</arg>
  <arg>6137574</arg>
  <severity>INFO</severity>
  <timestamp>Thu Apr 30 19:47:23 2020</timestamp>
</msg>
<msg id="453" tool="mc">
  <type>HEARTBEAT</type>
  <arg>22992</arg>
  <arg>0</arg>
  <arg>6162832</arg>
  <severity>INFO</severity>
  <timestamp>Thu Apr 30 19:47:24 2020</timestamp>
</msg>
<msg id="454" tool="mc">
  <type>HEARTBEAT</type>
  <arg>22992</arg>
  <arg>0</arg>
  <arg>6181041</arg>
  <severity>INFO</severity>
  <timestamp>Thu Apr 30 19:47:25 2020</timestamp>
</msg>
<msg id="455" tool="mc">
  <type>HEARTBEAT</type>
  <arg>22992</arg>
  <arg>0</arg>
  <arg>6141535</arg>
  <severity>INFO</severity>
  <timestamp>Thu Apr 30 19:47:26 2020</timestamp>
</msg>
<msg id="456" tool="mc">
  <type>HEARTBEAT</type>
  <arg>22992</arg>
  <arg>0</arg>
  <arg>6139591</arg>
  <severity>INFO</severity>
  <timestamp>Thu Apr 30 19:47:27 2020</timestamp>
</msg>
<msg id="457" tool="mc">
  <type>HEARTBEAT</type>
  <arg>22992</arg>
  <arg>0</arg>
  <arg>6198487</arg>
  <severity>INFO</severity>
  <timestamp>Thu Apr 30 19:47:28 2020</timestamp>
</msg>
<msg id="458" tool="mc">
  <type>HEARTBEAT</type>
  <arg>22992</arg>
  <arg>0</arg>
  <arg>6171712</arg>
  <severity>INFO</severity>
  <timestamp>Thu Apr 30 19:47:29 2020</timestamp>
</msg>
<msg id="459" tool="mc">
  <type>HEARTBEAT</type>
  <arg>22992</arg>
  <arg>0</arg>
  <arg>6170269</arg>
  <severity>INFO</severity>
  <timestamp>Thu Apr 30 19:47:30 2020</timestamp>
</msg>
<msg id="460" tool="mc">
  <type>HEARTBEAT</type>
  <arg>22992</arg>
  <arg>0</arg>
  <arg>6223007</arg>
  <severity>INFO</severity>
  <timestamp>Thu Apr 30 19:47:31 2020</timestamp>
</msg>
<msg id="461" tool="mc">
  <type>HEARTBEAT</type>
  <arg>22992</arg>
  <arg>0</arg>
  <arg>6197784</arg>
  <severity>INFO</severity>
  <timestamp>Thu Apr 30 19:47:32 2020</timestamp>
</msg>
<msg id="462" tool="mc">
  <type>HEARTBEAT</type>
  <arg>22992</arg>
  <arg>0</arg>
  <arg>6107848</arg>
  <severity>INFO</severity>
  <timestamp>Thu Apr 30 19:47:33 2020</timestamp>
</msg>
<msg id="463" tool="mc">
  <type>HEARTBEAT</type>
  <arg>22992</arg>
  <arg>0</arg>
  <arg>6201910</arg>
  <severity>INFO</severity>
  <timestamp>Thu Apr 30 19:47:34 2020</timestamp>
</msg>
<msg id="464" tool="mc">
  <type>HEARTBEAT</type>
  <arg>22992</arg>
  <arg>0</arg>
  <arg>6238623</arg>
  <severity>INFO</severity>
  <timestamp>Thu Apr 30 19:47:35 2020</timestamp>
</msg>
<msg id="465" tool="mc">
  <type>HEARTBEAT</type>
  <arg>22992</arg>
  <arg>0</arg>
  <arg>6185104</arg>
  <severity>INFO</severity>
  <timestamp>Thu Apr 30 19:47:36 2020</timestamp>
</msg>
<msg id="466" tool="mc">
  <type>HEARTBEAT</type>
  <arg>22992</arg>
  <arg>0</arg>
  <arg>6199565</arg>
  <severity>INFO</severity>
  <timestamp>Thu Apr 30 19:47:37 2020</timestamp>
</msg>
<msg id="467" tool="mc">
  <type>HEARTBEAT</type>
  <arg>22992</arg>
  <arg>0</arg>
  <arg>6252717</arg>
  <severity>INFO</severity>
  <timestamp>Thu Apr 30 19:47:38 2020</timestamp>
</msg>
<msg id="468" tool="mc">
  <type>HEARTBEAT</type>
  <arg>22992</arg>
  <arg>0</arg>
  <arg>6176199</arg>
  <severity>INFO</severity>
  <timestamp>Thu Apr 30 19:47:39 2020</timestamp>
</msg>
<msg id="469" tool="mc">
  <type>HEARTBEAT</type>
  <arg>22992</arg>
  <arg>0</arg>
  <arg>6058681</arg>
  <severity>INFO</severity>
  <timestamp>Thu Apr 30 19:47:40 2020</timestamp>
</msg>
<msg id="470" tool="mc">
  <type>HEARTBEAT</type>
  <arg>22992</arg>
  <arg>0</arg>
  <arg>6200974</arg>
  <severity>INFO</severity>
  <timestamp>Thu Apr 30 19:47:41 2020</timestamp>
</msg>
<msg id="471" tool="mc">
  <type>HEARTBEAT</type>
  <arg>22992</arg>
  <arg>0</arg>
  <arg>6214427</arg>
  <severity>INFO</severity>
  <timestamp>Thu Apr 30 19:47:42 2020</timestamp>
</msg>
<msg id="472" tool="mc">
  <type>HEARTBEAT</type>
  <arg>22992</arg>
  <arg>0</arg>
  <arg>6147339</arg>
  <severity>INFO</severity>
  <timestamp>Thu Apr 30 19:47:43 2020</timestamp>
</msg>
<msg id="473" tool="mc">
  <type>HEARTBEAT</type>
  <arg>22992</arg>
  <arg>0</arg>
  <arg>6229549</arg>
  <severity>INFO</severity>
  <timestamp>Thu Apr 30 19:47:44 2020</timestamp>
</msg>
<msg id="474" tool="mc">
  <type>HEARTBEAT</type>
  <arg>22992</arg>
  <arg>0</arg>
  <arg>6159820</arg>
  <severity>INFO</severity>
  <timestamp>Thu Apr 30 19:47:45 2020</timestamp>
</msg>
<msg id="475" tool="mc">
  <type>HEARTBEAT</type>
  <arg>22992</arg>
  <arg>0</arg>
  <arg>6169921</arg>
  <severity>INFO</severity>
  <timestamp>Thu Apr 30 19:47:46 2020</timestamp>
</msg>
<msg id="476" tool="mc">
  <type>HEARTBEAT</type>
  <arg>22992</arg>
  <arg>0</arg>
  <arg>5797434</arg>
  <severity>INFO</severity>
  <timestamp>Thu Apr 30 19:47:47 2020</timestamp>
</msg>
<msg id="477" tool="mc">
  <type>HEARTBEAT</type>
  <arg>22992</arg>
  <arg>0</arg>
  <arg>5815167</arg>
  <severity>INFO</severity>
  <timestamp>Thu Apr 30 19:47:48 2020</timestamp>
</msg>
<msg id="478" tool="mc">
  <type>HEARTBEAT</type>
  <arg>22992</arg>
  <arg>0</arg>
  <arg>5572956</arg>
  <severity>INFO</severity>
  <timestamp>Thu Apr 30 19:47:49 2020</timestamp>
</msg>
<msg id="479" tool="mc">
  <type>HEARTBEAT</type>
  <arg>22992</arg>
  <arg>0</arg>
  <arg>5816816</arg>
  <severity>INFO</severity>
  <timestamp>Thu Apr 30 19:47:50 2020</timestamp>
</msg>
<msg id="480" tool="mc">
  <type>HEARTBEAT</type>
  <arg>22992</arg>
  <arg>0</arg>
  <arg>5497861</arg>
  <severity>INFO</severity>
  <timestamp>Thu Apr 30 19:47:51 2020</timestamp>
</msg>
<msg id="481" tool="mc">
  <type>HEARTBEAT</type>
  <arg>22992</arg>
  <arg>0</arg>
  <arg>5351402</arg>
  <severity>INFO</severity>
  <timestamp>Thu Apr 30 19:47:52 2020</timestamp>
</msg>
<msg id="482" tool="mc">
  <type>HEARTBEAT</type>
  <arg>22992</arg>
  <arg>0</arg>
  <arg>2339619</arg>
  <severity>INFO</severity>
  <timestamp>Thu Apr 30 19:47:53 2020</timestamp>
</msg>
<msg id="483" tool="mc">
  <type>PROCESS_COMPLETE</type>
  <arg>e:\univer\5_kurs\2_semeetr\ips\lesson_5\x64\release\lesson_5.exe</arg>
  <arg>0</arg>
  <severity>INFO</severity>
  <timestamp>Thu Apr 30 19:47:54 2020</timestamp>
</msg>
<msg id="484" tool="mc">
  <type>MODULE_UNLOAD</type>
  <arg>E:\Univer\5_kurs\2_semeetr\IPS\Lesson_5\x64\Release\Lesson_5.exe</arg>
  <severity>INFO</severity>
  <timestamp>Thu Apr 30 19:47:54 2020</timestamp>
</msg>
<msg id="485" tool="mc">
  <type>MODULE_UNLOAD</type>
  <arg>C:\WINDOWS\System32\KERNELBASE.dll</arg>
  <severity>INFO</severity>
  <timestamp>Thu Apr 30 19:47:54 2020</timestamp>
</msg>
<msg id="486" tool="mc">
  <type>MODULE_UNLOAD</type>
  <arg>C:\WINDOWS\System32\KERNEL32.DLL</arg>
  <severity>INFO</severity>
  <timestamp>Thu Apr 30 19:47:54 2020</timestamp>
</msg>
<msg id="487" tool="mc">
  <type>MODULE_UNLOAD</type>
  <arg>C:\WINDOWS\SYSTEM32\ntdll.dll</arg>
  <severity>INFO</severity>
  <timestamp>Thu Apr 30 19:47:54 2020</timestamp>
</msg>
<msg id="488" tool="mc">
  <type>MODULE_UNLOAD</type>
  <arg>C:\WINDOWS\System32\ucrtbase.dll</arg>
  <severity>INFO</severity>
  <timestamp>Thu Apr 30 19:47:54 2020</timestamp>
</msg>
<msg id="489" tool="mc">
  <type>MODULE_UNLOAD</type>
  <arg>C:\WINDOWS\SYSTEM32\VCRUNTIME140.dll</arg>
  <severity>INFO</severity>
  <timestamp>Thu Apr 30 19:47:54 2020</timestamp>
</msg>
<msg id="490" tool="mc">
  <type>MODULE_UNLOAD</type>
  <arg>C:\WINDOWS\SYSTEM32\MSVCP140.dll</arg>
  <severity>INFO</severity>
  <timestamp>Thu Apr 30 19:47:54 2020</timestamp>
</msg>
<msg id="491" tool="mc">
  <type>MODULE_UNLOAD</type>
  <arg>C:\Program Files (x86)\IntelSWTools\compilers_and_libraries_2019\windows\redist\intel64\compiler\cilkrts20.dll</arg>
  <severity>INFO</severity>
  <timestamp>Thu Apr 30 19:47:54 2020</timestamp>
</msg>
<msg id="492" tool="mc">
  <type>MODULE_UNLOAD</type>
  <arg>C:\WINDOWS\System32\USER32.dll</arg>
  <severity>INFO</severity>
  <timestamp>Thu Apr 30 19:47:54 2020</timestamp>
</msg>
<msg id="493" tool="mc">
  <type>MODULE_UNLOAD</type>
  <arg>C:\WINDOWS\System32\win32u.dll</arg>
  <severity>INFO</severity>
  <timestamp>Thu Apr 30 19:47:54 2020</timestamp>
</msg>
<msg id="494" tool="mc">
  <type>MODULE_UNLOAD</type>
  <arg>C:\WINDOWS\System32\GDI32.dll</arg>
  <severity>INFO</severity>
  <timestamp>Thu Apr 30 19:47:54 2020</timestamp>
</msg>
<msg id="495" tool="mc">
  <type>MODULE_UNLOAD</type>
  <arg>C:\WINDOWS\System32\gdi32full.dll</arg>
  <severity>INFO</severity>
  <timestamp>Thu Apr 30 19:47:54 2020</timestamp>
</msg>
<msg id="496" tool="mc">
  <type>MODULE_UNLOAD</type>
  <arg>C:\WINDOWS\System32\msvcp_win.dll</arg>
  <severity>INFO</severity>
  <timestamp>Thu Apr 30 19:47:54 2020</timestamp>
</msg>
<msg id="497" tool="mc">
  <type>MODULE_UNLOAD</type>
  <arg>C:\WINDOWS\System32\IMM32.DLL</arg>
  <severity>INFO</severity>
  <timestamp>Thu Apr 30 19:47:54 2020</timestamp>
</msg>
<msg id="498" tool="mc">
  <type>MODULE_UNLOAD</type>
  <arg>C:\Program Files (x86)\IntelSWTools\Inspector 2019\bin64\runtime\libittnotify.dll</arg>
  <severity>INFO</severity>
  <timestamp>Thu Apr 30 19:47:54 2020</timestamp>
</msg>
<msg id="499" tool="mc">
  <type>MODULE_UNLOAD</type>
  <arg>C:\WINDOWS\System32\kernel.appcore.dll</arg>
  <severity>INFO</severity>
  <timestamp>Thu Apr 30 19:47:54 2020</timestamp>
</msg>
<msg id="500" tool="mc">
  <type>MODULE_UNLOAD</type>
  <arg>C:\WINDOWS\System32\msvcrt.dll</arg>
  <severity>INFO</severity>
  <timestamp>Thu Apr 30 19:47:54 2020</timestamp>
</msg>
<msg id="501" tool="mc">
  <type>MODULE_UNLOAD</type>
  <arg>C:\WINDOWS\System32\RPCRT4.dll</arg>
  <severity>INFO</severity>
  <timestamp>Thu Apr 30 19:47:54 2020</timestamp>
</msg>
<msg id="502" tool="mc">
  <type>ANALYSIS_COMPLETE</type>
  <arg>e:\univer\5_kurs\2_semeetr\ips\lesson_5\x64\release\lesson_5.exe</arg>
  <severity>INFO</severity>
  <timestamp>Thu Apr 30 19:47:54 2020</timestamp>
</msg>
<msg id="503" tool="runtool">
  <type>app-exit-code</type>
  <arg>0</arg>
</msg>
<msg id="504" tool="runtool">
  <type>marker-file</type>
  <arg>E:\Univer\5_kurs\2_semeetr\IPS\Lesson_5\My Inspector Results - Lesson_5\r003mi3\r003mi3.inspxe</arg>
</msg>
<msg id="505" tool="runtool">
  <type>collector-done</type>
</msg>
<msg id="506" tool="runtool">
  <type>log-end</type>
  <arg>2020/04/30 19:47:58</arg>
</msg>

</log>

