<?xml version="1.0" encoding="utf-8" ?>
<!-- DO NOT EDIT THIS FILE -->

<log version='2.0' source='tcet'>
	<!-- Sampling enabled with the following: -->
	<!--     Budget                              5: -->
	<!--     Overdraft Budget                   75: -->
	<!--     Savings Budget                      2: -->
	<!-- Opened annotation file C:\Program Files (x86)\IntelSWTools\Inspector 2019\bin64\..\config\tc\qt.ant -->
	<!-- Opened annotation file C:\Program Files (x86)\IntelSWTools\Inspector 2019\bin64\..\config\tc\cpp11.ant -->
	<!-- Opened annotation file C:\Program Files (x86)\IntelSWTools\Inspector 2019\bin64\..\config\tc\fortran.ant -->
	<!-- Opened annotation file C:\Program Files (x86)\IntelSWTools\Inspector 2019\bin64\..\config\tc\icl.ant -->
	<!-- Opened annotation file C:\Program Files (x86)\IntelSWTools\Inspector 2019\bin64\..\config\tc\allocators.ant -->
	<!-- Opened annotation file C:\Program Files (x86)\IntelSWTools\Inspector 2019\bin64\..\config\tc\boost.ant -->
	<!-- Opened annotation file C:\Program Files (x86)\IntelSWTools\Inspector 2019\bin64\..\config\tc\system_api_filter.ant -->
	<!-- Opened annotation file C:\Program Files (x86)\IntelSWTools\Inspector 2019\bin64\..\config\tc\system_api.ant -->
	<msg id='1' display='false' source='tccore'>
		<type>START</type>
		<severity>INFO</severity>
		<timestamp>Thu Apr 23 13:47:08 2020</timestamp>
	</msg>
	<!-- Successfully loaded CCRT 13.4.2 at address 0x75af0000 - 0x75e86000 -->
	<!-- Successfully loaded the TC Analysis Core 8.12.15 at address 0x7ffff0290000 - 0x7ffff02bf000 -->
	<!-- Successfully loaded the TC Instrumentation Engine 8.12.15 at address 0x75f10000 - 0x76151000 -->
	<!-- This is the instance of interest -->
	<msg id='2' source='tcet'>
		<type>EXEC_OF_INTEREST</type>
		<severity>INFO</severity>
		<timestamp>Thu Apr 23 13:47:08 2020</timestamp>
		<arg name='process'>e:\univer\5_kurs\2_semeetr\ips\lesson_3\x64\release\lesson_3.exe</arg>
		<arg name='pid'>17356</arg>
	</msg>
	<msg id='3' source='tcet'>
		<type>LOAD_MODULE</type>
		<severity>INFO</severity>
		<timestamp>Thu Apr 23 13:47:08 2020</timestamp>
		<arg name='module'>e:\univer\5_kurs\2_semeetr\ips\lesson_3\x64\release\lesson_3.exe</arg>
		<arg name='basement'>0x7ff7a6b50000</arg>
		<arg name='ceiling'>0x7ff7a6b5dfff</arg>
	</msg>
	<msg id='4' source='tcet'>
		<type>LOAD_MODULE</type>
		<severity>INFO</severity>
		<timestamp>Thu Apr 23 13:47:08 2020</timestamp>
		<arg name='module'>c:\windows\system32\kernelbase.dll</arg>
		<arg name='basement'>0x7ff87f250000</arg>
		<arg name='ceiling'>0x7ff87f4f2fff</arg>
	</msg>
	<!-- Target OS: Win8 or Server 2K2012 or later -->
	<msg id='5' source='tcet'>
		<type>LOAD_MODULE</type>
		<severity>INFO</severity>
		<timestamp>Thu Apr 23 13:47:08 2020</timestamp>
		<arg name='module'>c:\windows\system32\kernel32.dll</arg>
		<arg name='basement'>0x7ff880e70000</arg>
		<arg name='ceiling'>0x7ff880f21fff</arg>
	</msg>
	<!-- Target OS: Win8 or Server 2K2012 or later -->
	<msg id='6' source='tcet'>
		<type>LOAD_MODULE</type>
		<severity>INFO</severity>
		<timestamp>Thu Apr 23 13:47:08 2020</timestamp>
		<arg name='module'>c:\windows\system32\ntdll.dll</arg>
		<arg name='basement'>0x7ff882220000</arg>
		<arg name='ceiling'>0x7ff88240ffff</arg>
	</msg>
	<!-- Target OS: Win8 or Server 2K2012 or later -->
	<msg id='7' source='tcet'>
		<type>LOAD_MODULE</type>
		<severity>INFO</severity>
		<timestamp>Thu Apr 23 13:47:08 2020</timestamp>
		<arg name='module'>c:\windows\system32\ucrtbase.dll</arg>
		<arg name='basement'>0x7ff880170000</arg>
		<arg name='ceiling'>0x7ff880269fff</arg>
	</msg>
	<msg id='8' source='tcet'>
		<type>LOAD_MODULE</type>
		<severity>INFO</severity>
		<timestamp>Thu Apr 23 13:47:08 2020</timestamp>
		<arg name='module'>c:\windows\system32\msvcp140.dll</arg>
		<arg name='basement'>0x7ff8648a0000</arg>
		<arg name='ceiling'>0x7ff864938fff</arg>
	</msg>
	<msg id='9' source='tcet'>
		<type>LOAD_MODULE</type>
		<severity>INFO</severity>
		<timestamp>Thu Apr 23 13:47:08 2020</timestamp>
		<arg name='module'>c:\windows\system32\vcruntime140.dll</arg>
		<arg name='basement'>0x7ff864990000</arg>
		<arg name='ceiling'>0x7ff8649a6fff</arg>
	</msg>
	<!-- Found ZCA section with version 1.1 -->
	<!-- Found ZCA section with version 1.1 -->
	<!-- Found ZCA section with version 1.1 -->
	<!-- Found ZCA section with version 1.1 -->
	<!-- Found ZCA section with version 1.1 -->
	<!-- Found ZCA section with version 1.1 -->
	<!-- Found ZCA section with version 1.1 -->
	<!-- Found ZCA section with version 1.1 -->
	<!-- Found ZCA section with version 1.1 -->
	<!-- Found ZCA section with version 1.1 -->
	<!-- Found ZCA section with version 1.1 -->
	<!-- Found ZCA section with version 1.1 -->
	<!-- Found ZCA section with version 1.1 -->
	<!-- Found ZCA section with version 1.1 -->
	<!-- Found ZCA section with version 1.1 -->
	<!-- Found ZCA section with version 1.1 -->
	<!-- Found ZCA section with version 1.1 -->
	<!-- Found ZCA section with version 1.1 -->
	<!-- Found ZCA section with version 1.1 -->
	<!-- Found ZCA section with version 1.1 -->
	<!-- Found ZCA section with version 1.1 -->
	<!-- Found ZCA section with version 1.1 -->
	<!-- Found ZCA section with version 1.1 -->
	<msg id='10' source='tcet'>
		<type>LOAD_MODULE</type>
		<severity>INFO</severity>
		<timestamp>Thu Apr 23 13:47:09 2020</timestamp>
		<arg name='module'>c:\program files (x86)\intelswtools\compilers_and_libraries_2019\windows\redist\intel64\compiler\cilkrts20.dll</arg>
		<arg name='basement'>0x7ff843370000</arg>
		<arg name='ceiling'>0x7ff8433c2fff</arg>
	</msg>
	<msg id='11' source='tcet'>
		<type>LOAD_MODULE</type>
		<severity>INFO</severity>
		<timestamp>Thu Apr 23 13:47:09 2020</timestamp>
		<arg name='module'>c:\windows\system32\user32.dll</arg>
		<arg name='basement'>0x7ff881c00000</arg>
		<arg name='ceiling'>0x7ff881d93fff</arg>
	</msg>
	<msg id='12' source='tcet'>
		<type>LOAD_MODULE</type>
		<severity>INFO</severity>
		<timestamp>Thu Apr 23 13:47:09 2020</timestamp>
		<arg name='module'>c:\windows\system32\win32u.dll</arg>
		<arg name='basement'>0x7ff880270000</arg>
		<arg name='ceiling'>0x7ff880290fff</arg>
	</msg>
	<!-- Routine at entry point of image c:\windows\system32\win32u.dll is invalid -->
	<msg id='13' source='tcet'>
		<type>LOAD_MODULE</type>
		<severity>INFO</severity>
		<timestamp>Thu Apr 23 13:47:09 2020</timestamp>
		<arg name='module'>c:\windows\system32\gdi32.dll</arg>
		<arg name='basement'>0x7ff881590000</arg>
		<arg name='ceiling'>0x7ff8815b5fff</arg>
	</msg>
	<msg id='14' source='tcet'>
		<type>LOAD_MODULE</type>
		<severity>INFO</severity>
		<timestamp>Thu Apr 23 13:47:09 2020</timestamp>
		<arg name='module'>c:\windows\system32\gdi32full.dll</arg>
		<arg name='basement'>0x7ff87f550000</arg>
		<arg name='ceiling'>0x7ff87f6e3fff</arg>
	</msg>
	<msg id='15' source='tcet'>
		<type>LOAD_MODULE</type>
		<severity>INFO</severity>
		<timestamp>Thu Apr 23 13:47:09 2020</timestamp>
		<arg name='module'>c:\windows\system32\msvcp_win.dll</arg>
		<arg name='basement'>0x7ff87f180000</arg>
		<arg name='ceiling'>0x7ff87f21dfff</arg>
	</msg>
	<msg id='16' source='tcet'>
		<type>LOAD_MODULE</type>
		<severity>INFO</severity>
		<timestamp>Thu Apr 23 13:47:10 2020</timestamp>
		<arg name='module'>c:\windows\system32\imm32.dll</arg>
		<arg name='basement'>0x7ff882120000</arg>
		<arg name='ceiling'>0x7ff88214dfff</arg>
	</msg>
	<msg id='17' source='tcet'>
		<type>LOAD_MODULE</type>
		<severity>INFO</severity>
		<timestamp>Thu Apr 23 13:47:11 2020</timestamp>
		<arg name='module'>c:\program files (x86)\intelswtools\inspector 2019\bin64\runtime\libittnotify.dll</arg>
		<arg name='basement'>0x7ff857c30000</arg>
		<arg name='ceiling'>0x7ff857c63fff</arg>
	</msg>
	<!-- Target OS: Win8 or Server 2K2012 or later -->
	<msg id='18' display='false' source='tcet'>
		<type>HEARTBEAT</type>
		<severity>INFO</severity>
		<timestamp>Thu Apr 23 13:47:12 2020</timestamp>
		<arg name='tids'>21648,20036,23068,19260</arg>
		<arg name='syscalls'>1,1,1,0</arg>
		<arg name='calls'>746,6995,1529,7094203</arg>
	</msg>
	<msg id='19' display='false' source='tcet'>
		<type>HEARTBEAT</type>
		<severity>INFO</severity>
		<timestamp>Thu Apr 23 13:47:13 2020</timestamp>
		<arg name='tids'>21924,20476,21460,21648,20036,23068,19260</arg>
		<arg name='syscalls'>0,0,1,1,1,1,0</arg>
		<arg name='calls'>186,260,259,0,0,0,17717694</arg>
	</msg>
	<msg id='20' display='false' source='tcet'>
		<type>THREADNAME</type>
		<severity>INFO</severity>
		<timestamp>Thu Apr 23 13:47:14 2020</timestamp>
		<arg name='tid'>21924</arg>
		<arg name='name'>Cilk Worker</arg>
	</msg>
	<msg id='21' display='false' source='tcet'>
		<type>THREADNAME</type>
		<severity>INFO</severity>
		<timestamp>Thu Apr 23 13:47:14 2020</timestamp>
		<arg name='tid'>20476</arg>
		<arg name='name'>Cilk Worker</arg>
	</msg>
	<msg id='22' display='false' source='tcet'>
		<type>THREADNAME</type>
		<severity>INFO</severity>
		<timestamp>Thu Apr 23 13:47:14 2020</timestamp>
		<arg name='tid'>21460</arg>
		<arg name='name'>Cilk Worker</arg>
	</msg>
	<msg id='23' display='false' source='tcet'>
		<type>HEARTBEAT</type>
		<severity>INFO</severity>
		<timestamp>Thu Apr 23 13:47:14 2020</timestamp>
		<arg name='tids'>21924,20476,21460,21648,20036,23068,19260</arg>
		<arg name='syscalls'>0,0,0,1,1,1,0</arg>
		<arg name='calls'>346240,365006,533628,0,0,0,62734</arg>
	</msg>
	<msg id='24' display='false' source='tcet'>
		<type>HEARTBEAT</type>
		<severity>INFO</severity>
		<timestamp>Thu Apr 23 13:47:15 2020</timestamp>
		<arg name='tids'>21924,20476,21460,21648,20036,23068,19260</arg>
		<arg name='syscalls'>0,0,0,1,1,1,0</arg>
		<arg name='calls'>202822,190036,232483,0,0,0,128516</arg>
	</msg>
	<msg id='25' display='false' source='tcet'>
		<type>HEARTBEAT</type>
		<severity>INFO</severity>
		<timestamp>Thu Apr 23 13:47:16 2020</timestamp>
		<arg name='tids'>21924,20476,21460,21648,20036,23068,19260</arg>
		<arg name='syscalls'>0,0,0,1,1,1,0</arg>
		<arg name='calls'>3671,1024,3351,0,0,0,4076</arg>
	</msg>
	<msg id='26' display='false' source='tcet'>
		<type>HEARTBEAT</type>
		<severity>INFO</severity>
		<timestamp>Thu Apr 23 13:47:17 2020</timestamp>
		<arg name='tids'>21924,20476,21460,21648,20036,23068,19260</arg>
		<arg name='syscalls'>0,0,0,1,1,1,0</arg>
		<arg name='calls'>129782,163339,160930,0,0,0,126000</arg>
	</msg>
	<msg id='27' display='false' source='tcet'>
		<type>HEARTBEAT</type>
		<severity>INFO</severity>
		<timestamp>Thu Apr 23 13:47:18 2020</timestamp>
		<arg name='tids'>21924,20476,21460,21648,20036,23068,19260</arg>
		<arg name='syscalls'>0,0,0,1,1,1,0</arg>
		<arg name='calls'>54323,53346,47957,0,0,0,64790</arg>
	</msg>
	<msg id='28' display='false' source='tcet'>
		<type>HEARTBEAT</type>
		<severity>INFO</severity>
		<timestamp>Thu Apr 23 13:47:19 2020</timestamp>
		<arg name='tids'>21924,20476,21460,21648,20036,23068,19260</arg>
		<arg name='syscalls'>0,0,0,1,1,1,0</arg>
		<arg name='calls'>66954,50071,53577,0,0,0,57363</arg>
	</msg>
	<msg id='29' display='false' source='tcet'>
		<type>HEARTBEAT</type>
		<severity>INFO</severity>
		<timestamp>Thu Apr 23 13:47:20 2020</timestamp>
		<arg name='tids'>21924,20476,21460,21648,20036,23068,19260</arg>
		<arg name='syscalls'>0,0,0,1,1,1,0</arg>
		<arg name='calls'>101433,98111,68401,0,0,0,54576</arg>
	</msg>
	<msg id='30' display='false' source='tcet'>
		<type>HEARTBEAT</type>
		<severity>INFO</severity>
		<timestamp>Thu Apr 23 13:47:21 2020</timestamp>
		<arg name='tids'>21924,20476,21460,21648,20036,23068,19260</arg>
		<arg name='syscalls'>0,0,0,1,1,1,0</arg>
		<arg name='calls'>27890,31399,19765,0,0,0,24917</arg>
	</msg>
	<msg id='31' display='false' source='tcet'>
		<type>HEARTBEAT</type>
		<severity>INFO</severity>
		<timestamp>Thu Apr 23 13:47:22 2020</timestamp>
		<arg name='tids'>21924,20476,21460,21648,20036,23068,19260</arg>
		<arg name='syscalls'>0,0,0,1,1,1,0</arg>
		<arg name='calls'>85036,89222,71915,0,0,0,95774</arg>
	</msg>
	<msg id='32' display='false' source='tcet'>
		<type>HEARTBEAT</type>
		<severity>INFO</severity>
		<timestamp>Thu Apr 23 13:47:23 2020</timestamp>
		<arg name='tids'>21924,20476,21460,21648,20036,23068,19260</arg>
		<arg name='syscalls'>0,0,0,1,1,1,0</arg>
		<arg name='calls'>123273,80021,138689,0,0,0,161755</arg>
	</msg>
	<msg id='33' display='false' source='tcet'>
		<type>HEARTBEAT</type>
		<severity>INFO</severity>
		<timestamp>Thu Apr 23 13:47:24 2020</timestamp>
		<arg name='tids'>21924,20476,21460,21648,20036,23068,19260</arg>
		<arg name='syscalls'>0,0,0,1,1,1,0</arg>
		<arg name='calls'>72768,137976,165856,0,0,0,115213</arg>
	</msg>
	<msg id='34' display='false' source='tcet'>
		<type>HEARTBEAT</type>
		<severity>INFO</severity>
		<timestamp>Thu Apr 23 13:47:25 2020</timestamp>
		<arg name='tids'>21924,20476,21460,21648,20036,23068,19260</arg>
		<arg name='syscalls'>0,0,0,1,1,1,0</arg>
		<arg name='calls'>219086,184734,160343,0,0,0,160004</arg>
	</msg>
	<msg id='35' display='false' source='tcet'>
		<type>HEARTBEAT</type>
		<severity>INFO</severity>
		<timestamp>Thu Apr 23 13:47:26 2020</timestamp>
		<arg name='tids'>21924,20476,21460,21648,20036,23068,19260</arg>
		<arg name='syscalls'>0,0,0,1,1,1,0</arg>
		<arg name='calls'>177559,369134,366448,0,0,0,269037</arg>
	</msg>
	<msg id='36' display='false' source='tcet'>
		<type>HEARTBEAT</type>
		<severity>INFO</severity>
		<timestamp>Thu Apr 23 13:47:27 2020</timestamp>
		<arg name='tids'>21924,20476,21460,21648,20036,23068,19260</arg>
		<arg name='syscalls'>0,0,0,1,1,1,0</arg>
		<arg name='calls'>193552,192236,202719,0,0,0,140160</arg>
	</msg>
	<msg id='37' display='false' source='tcet'>
		<type>HEARTBEAT</type>
		<severity>INFO</severity>
		<timestamp>Thu Apr 23 13:47:28 2020</timestamp>
		<arg name='tids'>21924,20476,21460,21648,20036,23068,19260</arg>
		<arg name='syscalls'>0,0,0,1,1,1,0</arg>
		<arg name='calls'>344267,380571,362467,0,0,0,314832</arg>
	</msg>
	<msg id='38' display='false' source='tcet'>
		<type>HEARTBEAT</type>
		<severity>INFO</severity>
		<timestamp>Thu Apr 23 13:47:29 2020</timestamp>
		<arg name='tids'>21924,20476,21460,21648,20036,23068,19260</arg>
		<arg name='syscalls'>0,0,0,1,1,1,0</arg>
		<arg name='calls'>272430,359591,418382,0,0,0,412844</arg>
	</msg>
	<msg id='39' display='false' source='tcet'>
		<type>HEARTBEAT</type>
		<severity>INFO</severity>
		<timestamp>Thu Apr 23 13:47:30 2020</timestamp>
		<arg name='tids'>21924,20476,21460,21648,20036,23068,19260</arg>
		<arg name='syscalls'>0,0,0,1,1,1,0</arg>
		<arg name='calls'>239796,175691,170355,0,0,0,188293</arg>
	</msg>
	<msg id='40' display='false' source='tcet'>
		<type>HEARTBEAT</type>
		<severity>INFO</severity>
		<timestamp>Thu Apr 23 13:47:31 2020</timestamp>
		<arg name='tids'>21924,20476,21460,21648,20036,23068,19260</arg>
		<arg name='syscalls'>0,0,0,1,1,1,0</arg>
		<arg name='calls'>263564,314244,232299,0,0,0,314424</arg>
	</msg>
	<msg id='41' display='false' source='tcet'>
		<type>HEARTBEAT</type>
		<severity>INFO</severity>
		<timestamp>Thu Apr 23 13:47:32 2020</timestamp>
		<arg name='tids'>21924,20476,21460,21648,20036,23068,19260</arg>
		<arg name='syscalls'>0,0,0,1,1,1,0</arg>
		<arg name='calls'>357478,379831,409556,0,0,0,337885</arg>
	</msg>
	<msg id='42' display='false' source='tcet'>
		<type>HEARTBEAT</type>
		<severity>INFO</severity>
		<timestamp>Thu Apr 23 13:47:33 2020</timestamp>
		<arg name='tids'>21924,20476,21460,21648,20036,23068,19260</arg>
		<arg name='syscalls'>0,0,0,1,1,1,0</arg>
		<arg name='calls'>402572,428495,461336,0,0,0,441855</arg>
	</msg>
	<msg id='43' display='false' source='tcet'>
		<type>HEARTBEAT</type>
		<severity>INFO</severity>
		<timestamp>Thu Apr 23 13:47:34 2020</timestamp>
		<arg name='tids'>21924,20476,21460,21648,20036,23068,19260</arg>
		<arg name='syscalls'>0,0,0,1,1,1,0</arg>
		<arg name='calls'>185573,205561,141626,0,0,0,217274</arg>
	</msg>
	<msg id='44' display='false' source='tcet'>
		<type>HEARTBEAT</type>
		<severity>INFO</severity>
		<timestamp>Thu Apr 23 13:47:35 2020</timestamp>
		<arg name='tids'>21924,20476,21460,21648,20036,23068,19260</arg>
		<arg name='syscalls'>0,0,0,1,1,1,0</arg>
		<arg name='calls'>216447,152566,210122,0,0,0,226028</arg>
	</msg>
	<msg id='45' display='false' source='tcet'>
		<type>HEARTBEAT</type>
		<severity>INFO</severity>
		<timestamp>Thu Apr 23 13:47:36 2020</timestamp>
		<arg name='tids'>21924,20476,21460,21648,20036,23068,19260</arg>
		<arg name='syscalls'>0,0,0,1,1,1,0</arg>
		<arg name='calls'>128366,129916,112965,0,0,0,90300</arg>
	</msg>
	<msg id='46' display='false' source='tcet'>
		<type>HEARTBEAT</type>
		<severity>INFO</severity>
		<timestamp>Thu Apr 23 13:47:37 2020</timestamp>
		<arg name='tids'>21924,20476,21460,21648,20036,23068,19260</arg>
		<arg name='syscalls'>0,0,0,1,1,1,0</arg>
		<arg name='calls'>117256,121922,127948,0,0,0,102659</arg>
	</msg>
	<msg id='47' display='false' source='tcet'>
		<type>HEARTBEAT</type>
		<severity>INFO</severity>
		<timestamp>Thu Apr 23 13:47:38 2020</timestamp>
		<arg name='tids'>21924,20476,21460,21648,20036,23068,19260</arg>
		<arg name='syscalls'>0,0,0,1,1,1,0</arg>
		<arg name='calls'>143426,135023,119028,0,0,0,121563</arg>
	</msg>
	<msg id='48' display='false' source='tcet'>
		<type>HEARTBEAT</type>
		<severity>INFO</severity>
		<timestamp>Thu Apr 23 13:47:39 2020</timestamp>
		<arg name='tids'>21924,20476,21460,21648,20036,23068,19260</arg>
		<arg name='syscalls'>0,0,0,1,1,1,0</arg>
		<arg name='calls'>174696,141345,143987,0,0,0,130679</arg>
	</msg>
	<msg id='49' display='false' source='tcet'>
		<type>HEARTBEAT</type>
		<severity>INFO</severity>
		<timestamp>Thu Apr 23 13:47:40 2020</timestamp>
		<arg name='tids'>21924,20476,21460,21648,20036,23068,19260</arg>
		<arg name='syscalls'>0,0,0,1,1,1,0</arg>
		<arg name='calls'>420602,462528,413749,0,0,0,349930</arg>
	</msg>
	<msg id='50' display='false' source='tcet'>
		<type>HEARTBEAT</type>
		<severity>INFO</severity>
		<timestamp>Thu Apr 23 13:47:41 2020</timestamp>
		<arg name='tids'>21924,20476,21460,21648,20036,23068,19260</arg>
		<arg name='syscalls'>1,1,1,1,1,1,1</arg>
		<arg name='calls'>434986,430675,445902,0,0,0,426565</arg>
	</msg>
	<msg id='51' display='false' source='tcet'>
		<type>HEARTBEAT</type>
		<severity>INFO</severity>
		<timestamp>Thu Apr 23 13:47:42 2020</timestamp>
		<arg name='tids'>21924,20476,21460,21648,20036,23068,19260</arg>
		<arg name='syscalls'>1,1,1,1,1,1,0</arg>
		<arg name='calls'>0,0,0,0,0,0,66705</arg>
	</msg>
	<msg id='52' display='false' source='tcet'>
		<type>HEARTBEAT</type>
		<severity>INFO</severity>
		<timestamp>Thu Apr 23 13:47:43 2020</timestamp>
		<arg name='tids'>21924,20476,21460,21648,20036,23068,19260</arg>
		<arg name='syscalls'>1,1,1,1,1,1,0</arg>
		<arg name='calls'>0,0,0,0,0,0,0</arg>
	</msg>
	<msg id='53' display='false' source='tcet'>
		<type>HEARTBEAT</type>
		<severity>INFO</severity>
		<timestamp>Thu Apr 23 13:47:44 2020</timestamp>
		<arg name='tids'>21924,20476,21460,21648,20036,23068,19260</arg>
		<arg name='syscalls'>1,1,1,1,1,1,0</arg>
		<arg name='calls'>0,0,0,0,0,0,0</arg>
	</msg>
	<msg id='54' display='false' source='tcet'>
		<type>HEARTBEAT</type>
		<severity>INFO</severity>
		<timestamp>Thu Apr 23 13:47:45 2020</timestamp>
		<arg name='tids'>21924,20476,21460,21648,20036,23068,19260</arg>
		<arg name='syscalls'>1,1,1,1,1,1,0</arg>
		<arg name='calls'>0,0,0,0,0,0,0</arg>
	</msg>
	<msg id='55' display='false' source='tcet'>
		<type>HEARTBEAT</type>
		<severity>INFO</severity>
		<timestamp>Thu Apr 23 13:47:46 2020</timestamp>
		<arg name='tids'>21924,20476,21460,21648,20036,23068,19260</arg>
		<arg name='syscalls'>1,1,1,1,1,1,0</arg>
		<arg name='calls'>0,0,0,0,0,0,0</arg>
	</msg>
	<msg id='56' display='false' source='tcet'>
		<type>HEARTBEAT</type>
		<severity>INFO</severity>
		<timestamp>Thu Apr 23 13:47:47 2020</timestamp>
		<arg name='tids'>21924,20476,21460,21648,20036,23068,19260</arg>
		<arg name='syscalls'>1,1,1,1,1,1,0</arg>
		<arg name='calls'>0,0,0,0,0,0,0</arg>
	</msg>
	<msg id='57' display='false' source='tcet'>
		<type>HEARTBEAT</type>
		<severity>INFO</severity>
		<timestamp>Thu Apr 23 13:47:48 2020</timestamp>
		<arg name='tids'>21924,20476,21460,21648,20036,23068,19260</arg>
		<arg name='syscalls'>1,1,1,1,1,1,0</arg>
		<arg name='calls'>0,0,0,0,0,0,0</arg>
	</msg>
	<msg id='58' display='false' source='tcet'>
		<type>HEARTBEAT</type>
		<severity>INFO</severity>
		<timestamp>Thu Apr 23 13:47:49 2020</timestamp>
		<arg name='tids'>21924,20476,21460,21648,20036,23068,19260</arg>
		<arg name='syscalls'>1,1,1,1,1,1,0</arg>
		<arg name='calls'>0,0,0,0,0,0,0</arg>
	</msg>
	<msg id='59' display='false' source='tcet'>
		<type>HEARTBEAT</type>
		<severity>INFO</severity>
		<timestamp>Thu Apr 23 13:47:50 2020</timestamp>
		<arg name='tids'>21924,20476,21460,21648,20036,23068,19260</arg>
		<arg name='syscalls'>1,1,1,1,1,1,0</arg>
		<arg name='calls'>0,0,0,0,0,0,0</arg>
	</msg>
	<msg id='60' display='false' source='tcet'>
		<type>HEARTBEAT</type>
		<severity>INFO</severity>
		<timestamp>Thu Apr 23 13:47:51 2020</timestamp>
		<arg name='tids'>21924,20476,21460,21648,20036,23068,19260</arg>
		<arg name='syscalls'>1,1,1,1,1,1,0</arg>
		<arg name='calls'>0,0,0,0,0,0,0</arg>
	</msg>
	<msg id='61' display='false' source='tcet'>
		<type>HEARTBEAT</type>
		<severity>INFO</severity>
		<timestamp>Thu Apr 23 13:47:52 2020</timestamp>
		<arg name='tids'>21924,20476,21460,21648,20036,23068,19260</arg>
		<arg name='syscalls'>1,1,1,1,1,1,0</arg>
		<arg name='calls'>0,0,0,0,0,0,0</arg>
	</msg>
	<msg id='62' display='false' source='tcet'>
		<type>HEARTBEAT</type>
		<severity>INFO</severity>
		<timestamp>Thu Apr 23 13:47:53 2020</timestamp>
		<arg name='tids'>21924,20476,21460,21648,20036,23068,19260</arg>
		<arg name='syscalls'>1,1,1,1,1,1,0</arg>
		<arg name='calls'>0,0,0,0,0,0,0</arg>
	</msg>
	<msg id='63' display='false' source='tcet'>
		<type>HEARTBEAT</type>
		<severity>INFO</severity>
		<timestamp>Thu Apr 23 13:47:54 2020</timestamp>
		<arg name='tids'>21924,20476,21460,21648,20036,23068,19260</arg>
		<arg name='syscalls'>1,1,1,1,1,1,0</arg>
		<arg name='calls'>0,0,0,0,0,0,0</arg>
	</msg>
	<msg id='64' display='false' source='tcet'>
		<type>HEARTBEAT</type>
		<severity>INFO</severity>
		<timestamp>Thu Apr 23 13:47:55 2020</timestamp>
		<arg name='tids'>21924,20476,21460,21648,20036,23068,19260</arg>
		<arg name='syscalls'>1,1,1,1,1,1,0</arg>
		<arg name='calls'>0,0,0,0,0,0,0</arg>
	</msg>
	<msg id='65' display='false' source='tcet'>
		<type>HEARTBEAT</type>
		<severity>INFO</severity>
		<timestamp>Thu Apr 23 13:47:56 2020</timestamp>
		<arg name='tids'>21924,20476,21460,21648,20036,23068,19260</arg>
		<arg name='syscalls'>1,1,1,1,1,1,0</arg>
		<arg name='calls'>0,0,0,0,0,0,0</arg>
	</msg>
	<msg id='66' display='false' source='tcet'>
		<type>HEARTBEAT</type>
		<severity>INFO</severity>
		<timestamp>Thu Apr 23 13:47:57 2020</timestamp>
		<arg name='tids'>21924,20476,21460,21648,20036,23068,19260</arg>
		<arg name='syscalls'>1,1,1,1,1,1,0</arg>
		<arg name='calls'>0,0,0,0,0,0,0</arg>
	</msg>
	<msg id='67' display='false' source='tcet'>
		<type>HEARTBEAT</type>
		<severity>INFO</severity>
		<timestamp>Thu Apr 23 13:47:58 2020</timestamp>
		<arg name='tids'>21924,20476,21460,21648,20036,23068,19260</arg>
		<arg name='syscalls'>1,1,1,1,1,1,0</arg>
		<arg name='calls'>0,0,0,0,0,0,0</arg>
	</msg>
	<msg id='68' display='false' source='tcet'>
		<type>HEARTBEAT</type>
		<severity>INFO</severity>
		<timestamp>Thu Apr 23 13:47:59 2020</timestamp>
		<arg name='tids'>21924,20476,21460,21648,20036,23068,19260</arg>
		<arg name='syscalls'>1,1,1,1,1,1,0</arg>
		<arg name='calls'>0,0,0,0,0,0,0</arg>
	</msg>
	<msg id='69' display='false' source='tcet'>
		<type>HEARTBEAT</type>
		<severity>INFO</severity>
		<timestamp>Thu Apr 23 13:48:00 2020</timestamp>
		<arg name='tids'>21924,20476,21460,21648,20036,23068,19260</arg>
		<arg name='syscalls'>1,1,1,1,1,1,0</arg>
		<arg name='calls'>0,0,0,0,0,0,0</arg>
	</msg>
	<msg id='70' display='false' source='tcet'>
		<type>HEARTBEAT</type>
		<severity>INFO</severity>
		<timestamp>Thu Apr 23 13:48:01 2020</timestamp>
		<arg name='tids'>21924,20476,21460,21648,20036,23068,19260</arg>
		<arg name='syscalls'>1,1,1,1,1,1,0</arg>
		<arg name='calls'>0,0,0,0,0,0,0</arg>
	</msg>
	<msg id='71' display='false' source='tcet'>
		<type>HEARTBEAT</type>
		<severity>INFO</severity>
		<timestamp>Thu Apr 23 13:48:02 2020</timestamp>
		<arg name='tids'>21924,20476,21460,21648,20036,23068,19260</arg>
		<arg name='syscalls'>1,1,1,1,1,1,0</arg>
		<arg name='calls'>0,0,0,0,0,0,0</arg>
	</msg>
	<msg id='72' display='false' source='tcet'>
		<type>HEARTBEAT</type>
		<severity>INFO</severity>
		<timestamp>Thu Apr 23 13:48:03 2020</timestamp>
		<arg name='tids'>21924,20476,21460,21648,20036,23068,19260</arg>
		<arg name='syscalls'>1,1,1,1,1,1,0</arg>
		<arg name='calls'>0,0,0,0,0,0,0</arg>
	</msg>
	<msg id='73' display='false' source='tcet'>
		<type>HEARTBEAT</type>
		<severity>INFO</severity>
		<timestamp>Thu Apr 23 13:48:04 2020</timestamp>
		<arg name='tids'>21924,20476,21460,21648,20036,23068,19260</arg>
		<arg name='syscalls'>1,1,1,1,1,1,0</arg>
		<arg name='calls'>0,0,0,0,0,0,0</arg>
	</msg>
	<msg id='74' display='false' source='tcet'>
		<type>HEARTBEAT</type>
		<severity>INFO</severity>
		<timestamp>Thu Apr 23 13:48:05 2020</timestamp>
		<arg name='tids'>21924,20476,21460,21648,20036,23068,19260</arg>
		<arg name='syscalls'>1,1,1,1,1,1,0</arg>
		<arg name='calls'>0,0,0,0,0,0,0</arg>
	</msg>
	<msg id='75' display='false' source='tcet'>
		<type>HEARTBEAT</type>
		<severity>INFO</severity>
		<timestamp>Thu Apr 23 13:48:06 2020</timestamp>
		<arg name='tids'>21924,20476,21460,21648,20036,23068,19260</arg>
		<arg name='syscalls'>1,1,1,1,1,1,0</arg>
		<arg name='calls'>0,0,0,0,0,0,0</arg>
	</msg>
	<msg id='76' display='false' source='tcet'>
		<type>HEARTBEAT</type>
		<severity>INFO</severity>
		<timestamp>Thu Apr 23 13:48:07 2020</timestamp>
		<arg name='tids'>21924,20476,21460,21648,20036,23068,19260</arg>
		<arg name='syscalls'>1,1,1,1,1,1,0</arg>
		<arg name='calls'>0,0,0,0,0,0,0</arg>
	</msg>
	<!-- Thread 2 effective sampling rate is 0/0 -->
	<!-- Thread 4 effective sampling rate is 0/0 -->
	<!-- Thread 3 effective sampling rate is 0/0 -->
	<msg id='77' display='false' source='tcet'>
		<type>HEARTBEAT</type>
		<severity>INFO</severity>
		<timestamp>Thu Apr 23 13:48:08 2020</timestamp>
		<arg name='tids'>21924,20476,21460,19260</arg>
		<arg name='syscalls'>1,1,1,0</arg>
		<arg name='calls'>0,0,0,0</arg>
	</msg>
	<msg id='78' display='false' source='tcet'>
		<type>HEARTBEAT</type>
		<severity>INFO</severity>
		<timestamp>Thu Apr 23 13:48:09 2020</timestamp>
		<arg name='tids'>21924,20476,21460,19260</arg>
		<arg name='syscalls'>1,1,1,0</arg>
		<arg name='calls'>0,0,0,0</arg>
	</msg>
	<msg id='79' display='false' source='tcet'>
		<type>HEARTBEAT</type>
		<severity>INFO</severity>
		<timestamp>Thu Apr 23 13:48:10 2020</timestamp>
		<arg name='tids'>21924,20476,21460,19260</arg>
		<arg name='syscalls'>1,1,1,0</arg>
		<arg name='calls'>0,0,0,0</arg>
	</msg>
	<msg id='80' display='false' source='tcet'>
		<type>HEARTBEAT</type>
		<severity>INFO</severity>
		<timestamp>Thu Apr 23 13:48:11 2020</timestamp>
		<arg name='tids'>21924,20476,21460,19260</arg>
		<arg name='syscalls'>1,1,1,0</arg>
		<arg name='calls'>0,0,0,0</arg>
	</msg>
	<msg id='81' display='false' source='tcet'>
		<type>HEARTBEAT</type>
		<severity>INFO</severity>
		<timestamp>Thu Apr 23 13:48:12 2020</timestamp>
		<arg name='tids'>21924,20476,21460,19260</arg>
		<arg name='syscalls'>1,1,1,0</arg>
		<arg name='calls'>0,0,0,0</arg>
	</msg>
	<msg id='82' display='false' source='tcet'>
		<type>HEARTBEAT</type>
		<severity>INFO</severity>
		<timestamp>Thu Apr 23 13:48:13 2020</timestamp>
		<arg name='tids'>21924,20476,21460,19260</arg>
		<arg name='syscalls'>1,1,1,0</arg>
		<arg name='calls'>0,0,0,0</arg>
	</msg>
	<msg id='83' display='false' source='tcet'>
		<type>HEARTBEAT</type>
		<severity>INFO</severity>
		<timestamp>Thu Apr 23 13:48:14 2020</timestamp>
		<arg name='tids'>21924,20476,21460,19260</arg>
		<arg name='syscalls'>1,1,1,0</arg>
		<arg name='calls'>0,0,0,0</arg>
	</msg>
	<msg id='84' display='false' source='tcet'>
		<type>HEARTBEAT</type>
		<severity>INFO</severity>
		<timestamp>Thu Apr 23 13:48:15 2020</timestamp>
		<arg name='tids'>21924,20476,21460,19260</arg>
		<arg name='syscalls'>1,1,1,0</arg>
		<arg name='calls'>0,0,0,0</arg>
	</msg>
	<msg id='85' display='false' source='tcet'>
		<type>HEARTBEAT</type>
		<severity>INFO</severity>
		<timestamp>Thu Apr 23 13:48:16 2020</timestamp>
		<arg name='tids'>21924,20476,21460,19260</arg>
		<arg name='syscalls'>1,1,1,0</arg>
		<arg name='calls'>0,0,0,0</arg>
	</msg>
	<msg id='86' display='false' source='tcet'>
		<type>HEARTBEAT</type>
		<severity>INFO</severity>
		<timestamp>Thu Apr 23 13:48:17 2020</timestamp>
		<arg name='tids'>21924,20476,21460,19260</arg>
		<arg name='syscalls'>1,1,1,0</arg>
		<arg name='calls'>0,0,0,0</arg>
	</msg>
	<msg id='87' display='false' source='tcet'>
		<type>HEARTBEAT</type>
		<severity>INFO</severity>
		<timestamp>Thu Apr 23 13:48:18 2020</timestamp>
		<arg name='tids'>21924,20476,21460,19260</arg>
		<arg name='syscalls'>1,1,1,0</arg>
		<arg name='calls'>0,0,0,209456</arg>
	</msg>
	<msg id='88' source='tcet'>
		<type>LOAD_MODULE</type>
		<severity>INFO</severity>
		<timestamp>Thu Apr 23 13:48:18 2020</timestamp>
		<arg name='module'>c:\windows\system32\kernel.appcore.dll</arg>
		<arg name='basement'>0x7ff87f0e0000</arg>
		<arg name='ceiling'>0x7ff87f0f0fff</arg>
	</msg>
	<msg id='89' source='tcet'>
		<type>LOAD_MODULE</type>
		<severity>INFO</severity>
		<timestamp>Thu Apr 23 13:48:18 2020</timestamp>
		<arg name='module'>c:\windows\system32\msvcrt.dll</arg>
		<arg name='basement'>0x7ff8814f0000</arg>
		<arg name='ceiling'>0x7ff88158dfff</arg>
	</msg>
	<msg id='90' source='tcet'>
		<type>LOAD_MODULE</type>
		<severity>INFO</severity>
		<timestamp>Thu Apr 23 13:48:18 2020</timestamp>
		<arg name='module'>c:\windows\system32\rpcrt4.dll</arg>
		<arg name='basement'>0x7ff8813d0000</arg>
		<arg name='ceiling'>0x7ff8814effff</arg>
	</msg>
	<!-- A thread end notification for 5 was received by thread 0 -->
	<!-- A thread end notification for 6 was received by thread 0 -->
	<!-- A thread end notification for 7 was received by thread 0 -->
	<!-- A thread end notification for 8 was received by thread 0 -->
	<!-- A thread end notification for 9 was received by thread 0 -->
	<!-- Thread 0 effective sampling rate is 298476292/5969514299 -->
	<msg id='91' source='tcet'>
		<type>UNLOAD_MODULE</type>
		<severity>INFO</severity>
		<timestamp>Thu Apr 23 13:48:19 2020</timestamp>
		<arg name='module'>e:\univer\5_kurs\2_semeetr\ips\lesson_3\x64\release\lesson_3.exe</arg>
	</msg>
	<msg id='92' source='tcet'>
		<type>UNLOAD_MODULE</type>
		<severity>INFO</severity>
		<timestamp>Thu Apr 23 13:48:19 2020</timestamp>
		<arg name='module'>c:\windows\system32\kernelbase.dll</arg>
	</msg>
	<msg id='93' source='tcet'>
		<type>UNLOAD_MODULE</type>
		<severity>INFO</severity>
		<timestamp>Thu Apr 23 13:48:19 2020</timestamp>
		<arg name='module'>c:\windows\system32\kernel32.dll</arg>
	</msg>
	<msg id='94' source='tcet'>
		<type>UNLOAD_MODULE</type>
		<severity>INFO</severity>
		<timestamp>Thu Apr 23 13:48:19 2020</timestamp>
		<arg name='module'>c:\windows\system32\ntdll.dll</arg>
	</msg>
	<msg id='95' source='tcet'>
		<type>UNLOAD_MODULE</type>
		<severity>INFO</severity>
		<timestamp>Thu Apr 23 13:48:19 2020</timestamp>
		<arg name='module'>c:\windows\system32\ucrtbase.dll</arg>
	</msg>
	<msg id='96' source='tcet'>
		<type>UNLOAD_MODULE</type>
		<severity>INFO</severity>
		<timestamp>Thu Apr 23 13:48:19 2020</timestamp>
		<arg name='module'>c:\windows\system32\msvcp140.dll</arg>
	</msg>
	<msg id='97' source='tcet'>
		<type>UNLOAD_MODULE</type>
		<severity>INFO</severity>
		<timestamp>Thu Apr 23 13:48:19 2020</timestamp>
		<arg name='module'>c:\windows\system32\vcruntime140.dll</arg>
	</msg>
	<msg id='98' source='tcet'>
		<type>UNLOAD_MODULE</type>
		<severity>INFO</severity>
		<timestamp>Thu Apr 23 13:48:19 2020</timestamp>
		<arg name='module'>c:\program files (x86)\intelswtools\compilers_and_libraries_2019\windows\redist\intel64\compiler\cilkrts20.dll</arg>
	</msg>
	<msg id='99' source='tcet'>
		<type>UNLOAD_MODULE</type>
		<severity>INFO</severity>
		<timestamp>Thu Apr 23 13:48:19 2020</timestamp>
		<arg name='module'>c:\windows\system32\user32.dll</arg>
	</msg>
	<msg id='100' source='tcet'>
		<type>UNLOAD_MODULE</type>
		<severity>INFO</severity>
		<timestamp>Thu Apr 23 13:48:19 2020</timestamp>
		<arg name='module'>c:\windows\system32\win32u.dll</arg>
	</msg>
	<msg id='101' source='tcet'>
		<type>UNLOAD_MODULE</type>
		<severity>INFO</severity>
		<timestamp>Thu Apr 23 13:48:19 2020</timestamp>
		<arg name='module'>c:\windows\system32\gdi32.dll</arg>
	</msg>
	<msg id='102' source='tcet'>
		<type>UNLOAD_MODULE</type>
		<severity>INFO</severity>
		<timestamp>Thu Apr 23 13:48:19 2020</timestamp>
		<arg name='module'>c:\windows\system32\gdi32full.dll</arg>
	</msg>
	<msg id='103' source='tcet'>
		<type>UNLOAD_MODULE</type>
		<severity>INFO</severity>
		<timestamp>Thu Apr 23 13:48:19 2020</timestamp>
		<arg name='module'>c:\windows\system32\msvcp_win.dll</arg>
	</msg>
	<msg id='104' source='tcet'>
		<type>UNLOAD_MODULE</type>
		<severity>INFO</severity>
		<timestamp>Thu Apr 23 13:48:19 2020</timestamp>
		<arg name='module'>c:\windows\system32\imm32.dll</arg>
	</msg>
	<msg id='105' source='tcet'>
		<type>UNLOAD_MODULE</type>
		<severity>INFO</severity>
		<timestamp>Thu Apr 23 13:48:19 2020</timestamp>
		<arg name='module'>c:\program files (x86)\intelswtools\inspector 2019\bin64\runtime\libittnotify.dll</arg>
	</msg>
	<msg id='106' source='tcet'>
		<type>UNLOAD_MODULE</type>
		<severity>INFO</severity>
		<timestamp>Thu Apr 23 13:48:19 2020</timestamp>
		<arg name='module'>c:\windows\system32\kernel.appcore.dll</arg>
	</msg>
	<msg id='107' source='tcet'>
		<type>UNLOAD_MODULE</type>
		<severity>INFO</severity>
		<timestamp>Thu Apr 23 13:48:19 2020</timestamp>
		<arg name='module'>c:\windows\system32\msvcrt.dll</arg>
	</msg>
	<msg id='108' source='tcet'>
		<type>UNLOAD_MODULE</type>
		<severity>INFO</severity>
		<timestamp>Thu Apr 23 13:48:19 2020</timestamp>
		<arg name='module'>c:\windows\system32\rpcrt4.dll</arg>
	</msg>
	<msg id='109' source='tcet'>
		<type>PROCESS_TERMINATE</type>
		<severity>INFO</severity>
		<timestamp>Thu Apr 23 13:48:19 2020</timestamp>
		<arg name='process'>e:\univer\5_kurs\2_semeetr\ips\lesson_3\x64\release\lesson_3.exe</arg>
		<arg name='pid'>17356</arg>
	</msg>
	<msg id='110' display='false' source='tccore'>
		<type>ANALYSIS_COMPLETE</type>
		<severity>INFO</severity>
		<timestamp>Thu Apr 23 13:48:19 2020</timestamp>
	</msg>
	<msg id='111' display='false' source='tccore'>
		<type>STOP</type>
		<severity>INFO</severity>
		<timestamp>Thu Apr 23 13:48:19 2020</timestamp>
	</msg>
</log>