<?xml version="1.0" encoding="utf-8"?>
<log version="1.0" tool="runtool">

<msg id="1" tool="runtool">
  <type>log-start</type>
  <arg>2020/04/30 20:24:57</arg>
</msg>
<msg id="2" tool="runtool">
  <type>collector-starts</type>
</msg>
<msg id="3" tool="runtool">
  <type>marker-file</type>
  <arg>E:\Univer\5_kurs\2_semeetr\IPS\Lesson_5\My Inspector Results - Lesson_5\r005ti1\r005ti1.inspxe</arg>
</msg>
<msg id="4" tool="tc">
  <type>START</type>
  <severity>INFO</severity>
  <timestamp>Thu Apr 30 20:24:57 2020</timestamp>
</msg>
<msg id="5" tool="tc">
  <type>EXEC_OF_INTEREST</type>
  <arg>e:\univer\5_kurs\2_semeetr\ips\lesson_5\x64\release\lesson_5.exe</arg>
  <arg>6864</arg>
  <severity>INFO</severity>
  <timestamp>Thu Apr 30 20:24:57 2020</timestamp>
</msg>
<msg id="6" tool="tc">
  <type>LOAD_MODULE</type>
  <arg>e:\univer\5_kurs\2_semeetr\ips\lesson_5\x64\release\lesson_5.exe</arg>
  <arg>0x7ff6b44d0000</arg>
  <arg>0x7ff6b44e1fff</arg>
  <severity>INFO</severity>
  <timestamp>Thu Apr 30 20:24:57 2020</timestamp>
</msg>
<msg id="7" tool="tc">
  <type>LOAD_MODULE</type>
  <arg>c:\windows\system32\kernelbase.dll</arg>
  <arg>0x7ffe20940000</arg>
  <arg>0x7ffe20be2fff</arg>
  <severity>INFO</severity>
  <timestamp>Thu Apr 30 20:24:57 2020</timestamp>
</msg>
<msg id="8" tool="tc">
  <type>LOAD_MODULE</type>
  <arg>c:\windows\system32\kernel32.dll</arg>
  <arg>0x7ffe22d50000</arg>
  <arg>0x7ffe22e01fff</arg>
  <severity>INFO</severity>
  <timestamp>Thu Apr 30 20:24:57 2020</timestamp>
</msg>
<msg id="9" tool="tc">
  <type>LOAD_MODULE</type>
  <arg>c:\windows\system32\ntdll.dll</arg>
  <arg>0x7ffe239e0000</arg>
  <arg>0x7ffe23bcffff</arg>
  <severity>INFO</severity>
  <timestamp>Thu Apr 30 20:24:57 2020</timestamp>
</msg>
<msg id="10" tool="tc">
  <type>LOAD_MODULE</type>
  <arg>c:\windows\system32\ucrtbase.dll</arg>
  <arg>0x7ffe21900000</arg>
  <arg>0x7ffe219f9fff</arg>
  <severity>INFO</severity>
  <timestamp>Thu Apr 30 20:24:57 2020</timestamp>
</msg>
<msg id="11" tool="tc">
  <type>LOAD_MODULE</type>
  <arg>c:\windows\system32\msvcp140.dll</arg>
  <arg>0x7ffe083b0000</arg>
  <arg>0x7ffe08448fff</arg>
  <severity>INFO</severity>
  <timestamp>Thu Apr 30 20:24:58 2020</timestamp>
</msg>
<msg id="12" tool="tc">
  <type>LOAD_MODULE</type>
  <arg>c:\program files (x86)\intelswtools\compilers_and_libraries_2019\windows\redist\intel64\compiler\cilkrts20.dll</arg>
  <arg>0x7ffde88f0000</arg>
  <arg>0x7ffde8942fff</arg>
  <severity>INFO</severity>
  <timestamp>Thu Apr 30 20:24:58 2020</timestamp>
</msg>
<msg id="13" tool="tc">
  <type>LOAD_MODULE</type>
  <arg>c:\windows\system32\vcruntime140.dll</arg>
  <arg>0x7ffe07960000</arg>
  <arg>0x7ffe07976fff</arg>
  <severity>INFO</severity>
  <timestamp>Thu Apr 30 20:24:58 2020</timestamp>
</msg>
<msg id="14" tool="tc">
  <type>LOAD_MODULE</type>
  <arg>c:\windows\system32\user32.dll</arg>
  <arg>0x7ffe22ec0000</arg>
  <arg>0x7ffe23053fff</arg>
  <severity>INFO</severity>
  <timestamp>Thu Apr 30 20:24:58 2020</timestamp>
</msg>
<msg id="15" tool="tc">
  <type>LOAD_MODULE</type>
  <arg>c:\windows\system32\win32u.dll</arg>
  <arg>0x7ffe21a00000</arg>
  <arg>0x7ffe21a20fff</arg>
  <severity>INFO</severity>
  <timestamp>Thu Apr 30 20:24:58 2020</timestamp>
</msg>
<msg id="16" tool="tc">
  <type>LOAD_MODULE</type>
  <arg>c:\windows\system32\gdi32.dll</arg>
  <arg>0x7ffe226a0000</arg>
  <arg>0x7ffe226c5fff</arg>
  <severity>INFO</severity>
  <timestamp>Thu Apr 30 20:24:58 2020</timestamp>
</msg>
<msg id="17" tool="tc">
  <type>LOAD_MODULE</type>
  <arg>c:\windows\system32\gdi32full.dll</arg>
  <arg>0x7ffe20bf0000</arg>
  <arg>0x7ffe20d83fff</arg>
  <severity>INFO</severity>
  <timestamp>Thu Apr 30 20:24:58 2020</timestamp>
</msg>
<msg id="18" tool="tc">
  <type>LOAD_MODULE</type>
  <arg>c:\windows\system32\msvcp_win.dll</arg>
  <arg>0x7ffe20de0000</arg>
  <arg>0x7ffe20e7dfff</arg>
  <severity>INFO</severity>
  <timestamp>Thu Apr 30 20:24:58 2020</timestamp>
</msg>
<msg id="19" tool="tc">
  <type>LOAD_MODULE</type>
  <arg>c:\windows\system32\imm32.dll</arg>
  <arg>0x7ffe22270000</arg>
  <arg>0x7ffe2229dfff</arg>
  <severity>INFO</severity>
  <timestamp>Thu Apr 30 20:25:00 2020</timestamp>
</msg>
<msg id="20" tool="tc">
  <type>LOAD_MODULE</type>
  <arg>c:\program files (x86)\intelswtools\inspector 2019\bin64\runtime\libittnotify.dll</arg>
  <arg>0x7ffdf9160000</arg>
  <arg>0x7ffdf9193fff</arg>
  <severity>INFO</severity>
  <timestamp>Thu Apr 30 20:25:00 2020</timestamp>
</msg>
<msg id="21" tool="tc">
  <type>LOAD_MODULE</type>
  <arg>c:\windows\system32\kernel.appcore.dll</arg>
  <arg>0x7ffe20880000</arg>
  <arg>0x7ffe20890fff</arg>
  <severity>INFO</severity>
  <timestamp>Thu Apr 30 20:25:00 2020</timestamp>
</msg>
<msg id="22" tool="tc">
  <type>LOAD_MODULE</type>
  <arg>c:\windows\system32\msvcrt.dll</arg>
  <arg>0x7ffe221d0000</arg>
  <arg>0x7ffe2226dfff</arg>
  <severity>INFO</severity>
  <timestamp>Thu Apr 30 20:25:00 2020</timestamp>
</msg>
<msg id="23" tool="tc">
  <type>LOAD_MODULE</type>
  <arg>c:\windows\system32\rpcrt4.dll</arg>
  <arg>0x7ffe22c10000</arg>
  <arg>0x7ffe22d2ffff</arg>
  <severity>INFO</severity>
  <timestamp>Thu Apr 30 20:25:00 2020</timestamp>
</msg>
<msg id="24" tool="tc">
  <type>UNSUPPORTED_MODULE</type>
  <arg>Microsoft Parallel Patterns Library</arg>
  <severity>WARNING</severity>
  <timestamp>Thu Apr 30 20:25:01 2020</timestamp>
</msg>
<msg id="25" tool="tc">
  <type>THREADNAME</type>
  <arg>2308</arg>
  <arg>Cilk Worker</arg>
  <severity>INFO</severity>
  <timestamp>Thu Apr 30 20:25:01 2020</timestamp>
</msg>
<msg id="26" tool="tc">
  <type>THREADNAME</type>
  <arg>4116</arg>
  <arg>Cilk Worker</arg>
  <severity>INFO</severity>
  <timestamp>Thu Apr 30 20:25:01 2020</timestamp>
</msg>
<msg id="27" tool="tc">
  <type>THREADNAME</type>
  <arg>26268</arg>
  <arg>Cilk Worker</arg>
  <severity>INFO</severity>
  <timestamp>Thu Apr 30 20:25:01 2020</timestamp>
</msg>
<msg id="28" tool="tc">
  <type>HEARTBEAT</type>
  <arg>2308,4116,26268,12736,30296,23168,8180</arg>
  <arg>0,0,0,1,1,1,0</arg>
  <arg>300465,307747,620892,1253,7478,1351,176120</arg>
  <severity>INFO</severity>
  <timestamp>Thu Apr 30 20:25:01 2020</timestamp>
</msg>
<msg id="29" tool="tc">
  <type>UNLOAD_MODULE</type>
  <arg>e:\univer\5_kurs\2_semeetr\ips\lesson_5\x64\release\lesson_5.exe</arg>
  <severity>INFO</severity>
  <timestamp>Thu Apr 30 20:25:02 2020</timestamp>
</msg>
<msg id="30" tool="tc">
  <type>UNLOAD_MODULE</type>
  <arg>c:\windows\system32\kernelbase.dll</arg>
  <severity>INFO</severity>
  <timestamp>Thu Apr 30 20:25:02 2020</timestamp>
</msg>
<msg id="31" tool="tc">
  <type>UNLOAD_MODULE</type>
  <arg>c:\windows\system32\kernel32.dll</arg>
  <severity>INFO</severity>
  <timestamp>Thu Apr 30 20:25:02 2020</timestamp>
</msg>
<msg id="32" tool="tc">
  <type>UNLOAD_MODULE</type>
  <arg>c:\windows\system32\ntdll.dll</arg>
  <severity>INFO</severity>
  <timestamp>Thu Apr 30 20:25:02 2020</timestamp>
</msg>
<msg id="33" tool="tc">
  <type>UNLOAD_MODULE</type>
  <arg>c:\windows\system32\ucrtbase.dll</arg>
  <severity>INFO</severity>
  <timestamp>Thu Apr 30 20:25:02 2020</timestamp>
</msg>
<msg id="34" tool="tc">
  <type>UNLOAD_MODULE</type>
  <arg>c:\windows\system32\msvcp140.dll</arg>
  <severity>INFO</severity>
  <timestamp>Thu Apr 30 20:25:02 2020</timestamp>
</msg>
<msg id="35" tool="tc">
  <type>UNLOAD_MODULE</type>
  <arg>c:\program files (x86)\intelswtools\compilers_and_libraries_2019\windows\redist\intel64\compiler\cilkrts20.dll</arg>
  <severity>INFO</severity>
  <timestamp>Thu Apr 30 20:25:02 2020</timestamp>
</msg>
<msg id="36" tool="tc">
  <type>UNLOAD_MODULE</type>
  <arg>c:\windows\system32\vcruntime140.dll</arg>
  <severity>INFO</severity>
  <timestamp>Thu Apr 30 20:25:02 2020</timestamp>
</msg>
<msg id="37" tool="tc">
  <type>UNLOAD_MODULE</type>
  <arg>c:\windows\system32\user32.dll</arg>
  <severity>INFO</severity>
  <timestamp>Thu Apr 30 20:25:02 2020</timestamp>
</msg>
<msg id="38" tool="tc">
  <type>UNLOAD_MODULE</type>
  <arg>c:\windows\system32\win32u.dll</arg>
  <severity>INFO</severity>
  <timestamp>Thu Apr 30 20:25:02 2020</timestamp>
</msg>
<msg id="39" tool="tc">
  <type>UNLOAD_MODULE</type>
  <arg>c:\windows\system32\gdi32.dll</arg>
  <severity>INFO</severity>
  <timestamp>Thu Apr 30 20:25:02 2020</timestamp>
</msg>
<msg id="40" tool="tc">
  <type>UNLOAD_MODULE</type>
  <arg>c:\windows\system32\gdi32full.dll</arg>
  <severity>INFO</severity>
  <timestamp>Thu Apr 30 20:25:02 2020</timestamp>
</msg>
<msg id="41" tool="tc">
  <type>UNLOAD_MODULE</type>
  <arg>c:\windows\system32\msvcp_win.dll</arg>
  <severity>INFO</severity>
  <timestamp>Thu Apr 30 20:25:02 2020</timestamp>
</msg>
<msg id="42" tool="tc">
  <type>UNLOAD_MODULE</type>
  <arg>c:\windows\system32\imm32.dll</arg>
  <severity>INFO</severity>
  <timestamp>Thu Apr 30 20:25:02 2020</timestamp>
</msg>
<msg id="43" tool="tc">
  <type>UNLOAD_MODULE</type>
  <arg>c:\program files (x86)\intelswtools\inspector 2019\bin64\runtime\libittnotify.dll</arg>
  <severity>INFO</severity>
  <timestamp>Thu Apr 30 20:25:02 2020</timestamp>
</msg>
<msg id="44" tool="tc">
  <type>UNLOAD_MODULE</type>
  <arg>c:\windows\system32\kernel.appcore.dll</arg>
  <severity>INFO</severity>
  <timestamp>Thu Apr 30 20:25:02 2020</timestamp>
</msg>
<msg id="45" tool="tc">
  <type>UNLOAD_MODULE</type>
  <arg>c:\windows\system32\msvcrt.dll</arg>
  <severity>INFO</severity>
  <timestamp>Thu Apr 30 20:25:02 2020</timestamp>
</msg>
<msg id="46" tool="tc">
  <type>UNLOAD_MODULE</type>
  <arg>c:\windows\system32\rpcrt4.dll</arg>
  <severity>INFO</severity>
  <timestamp>Thu Apr 30 20:25:02 2020</timestamp>
</msg>
<msg id="47" tool="tc">
  <type>PROCESS_TERMINATE</type>
  <arg>e:\univer\5_kurs\2_semeetr\ips\lesson_5\x64\release\lesson_5.exe</arg>
  <arg>6864</arg>
  <severity>INFO</severity>
  <timestamp>Thu Apr 30 20:25:02 2020</timestamp>
</msg>
<msg id="48" tool="tc">
  <type>ANALYSIS_COMPLETE</type>
  <severity>INFO</severity>
  <timestamp>Thu Apr 30 20:25:02 2020</timestamp>
</msg>
<msg id="49" tool="tc">
  <type>STOP</type>
  <severity>INFO</severity>
  <timestamp>Thu Apr 30 20:25:02 2020</timestamp>
</msg>
<msg id="50" tool="runtool">
  <type>app-exit-code</type>
  <arg>0</arg>
</msg>
<msg id="51" tool="runtool">
  <type>marker-file</type>
  <arg>E:\Univer\5_kurs\2_semeetr\IPS\Lesson_5\My Inspector Results - Lesson_5\r005ti1\r005ti1.inspxe</arg>
</msg>
<msg id="52" tool="runtool">
  <type>collector-done</type>
</msg>
<msg id="53" tool="runtool">
  <type>log-end</type>
  <arg>2020/04/30 20:25:05</arg>
</msg>

</log>

