<?xml version="1.0" encoding="utf-8" ?>
<!-- DO NOT EDIT THIS FILE -->

<log version='2.0' source='tcet'>
	<!-- Sampling enabled with the following: -->
	<!--     Budget                              5: -->
	<!--     Overdraft Budget                   75: -->
	<!--     Savings Budget                      2: -->
	<!-- Opened annotation file C:\Program Files (x86)\IntelSWTools\Inspector 2019\bin64\..\config\tc\qt.ant -->
	<!-- Opened annotation file C:\Program Files (x86)\IntelSWTools\Inspector 2019\bin64\..\config\tc\cpp11.ant -->
	<!-- Opened annotation file C:\Program Files (x86)\IntelSWTools\Inspector 2019\bin64\..\config\tc\fortran.ant -->
	<!-- Opened annotation file C:\Program Files (x86)\IntelSWTools\Inspector 2019\bin64\..\config\tc\icl.ant -->
	<!-- Opened annotation file C:\Program Files (x86)\IntelSWTools\Inspector 2019\bin64\..\config\tc\allocators.ant -->
	<!-- Opened annotation file C:\Program Files (x86)\IntelSWTools\Inspector 2019\bin64\..\config\tc\boost.ant -->
	<!-- Opened annotation file C:\Program Files (x86)\IntelSWTools\Inspector 2019\bin64\..\config\tc\system_api_filter.ant -->
	<!-- Opened annotation file C:\Program Files (x86)\IntelSWTools\Inspector 2019\bin64\..\config\tc\system_api.ant -->
	<msg id='1' display='false' source='tccore'>
		<type>START</type>
		<severity>INFO</severity>
		<timestamp>Thu Apr 30 20:24:57 2020</timestamp>
	</msg>
	<!-- Successfully loaded CCRT 13.4.2 at address 0x57e40000 - 0x581d6000 -->
	<!-- Successfully loaded the TC Analysis Core 8.12.15 at address 0x7ffdc8610000 - 0x7ffdc863f000 -->
	<!-- Successfully loaded the TC Instrumentation Engine 8.12.15 at address 0x58260000 - 0x584a1000 -->
	<!-- This is the instance of interest -->
	<msg id='2' source='tcet'>
		<type>EXEC_OF_INTEREST</type>
		<severity>INFO</severity>
		<timestamp>Thu Apr 30 20:24:57 2020</timestamp>
		<arg name='process'>e:\univer\5_kurs\2_semeetr\ips\lesson_5\x64\release\lesson_5.exe</arg>
		<arg name='pid'>6864</arg>
	</msg>
	<msg id='3' source='tcet'>
		<type>LOAD_MODULE</type>
		<severity>INFO</severity>
		<timestamp>Thu Apr 30 20:24:57 2020</timestamp>
		<arg name='module'>e:\univer\5_kurs\2_semeetr\ips\lesson_5\x64\release\lesson_5.exe</arg>
		<arg name='basement'>0x7ff6b44d0000</arg>
		<arg name='ceiling'>0x7ff6b44e1fff</arg>
	</msg>
	<msg id='4' source='tcet'>
		<type>LOAD_MODULE</type>
		<severity>INFO</severity>
		<timestamp>Thu Apr 30 20:24:57 2020</timestamp>
		<arg name='module'>c:\windows\system32\kernelbase.dll</arg>
		<arg name='basement'>0x7ffe20940000</arg>
		<arg name='ceiling'>0x7ffe20be2fff</arg>
	</msg>
	<!-- Target OS: Win8 or Server 2K2012 or later -->
	<msg id='5' source='tcet'>
		<type>LOAD_MODULE</type>
		<severity>INFO</severity>
		<timestamp>Thu Apr 30 20:24:57 2020</timestamp>
		<arg name='module'>c:\windows\system32\kernel32.dll</arg>
		<arg name='basement'>0x7ffe22d50000</arg>
		<arg name='ceiling'>0x7ffe22e01fff</arg>
	</msg>
	<!-- Target OS: Win8 or Server 2K2012 or later -->
	<msg id='6' source='tcet'>
		<type>LOAD_MODULE</type>
		<severity>INFO</severity>
		<timestamp>Thu Apr 30 20:24:57 2020</timestamp>
		<arg name='module'>c:\windows\system32\ntdll.dll</arg>
		<arg name='basement'>0x7ffe239e0000</arg>
		<arg name='ceiling'>0x7ffe23bcffff</arg>
	</msg>
	<!-- Target OS: Win8 or Server 2K2012 or later -->
	<msg id='7' source='tcet'>
		<type>LOAD_MODULE</type>
		<severity>INFO</severity>
		<timestamp>Thu Apr 30 20:24:57 2020</timestamp>
		<arg name='module'>c:\windows\system32\ucrtbase.dll</arg>
		<arg name='basement'>0x7ffe21900000</arg>
		<arg name='ceiling'>0x7ffe219f9fff</arg>
	</msg>
	<msg id='8' source='tcet'>
		<type>LOAD_MODULE</type>
		<severity>INFO</severity>
		<timestamp>Thu Apr 30 20:24:58 2020</timestamp>
		<arg name='module'>c:\windows\system32\msvcp140.dll</arg>
		<arg name='basement'>0x7ffe083b0000</arg>
		<arg name='ceiling'>0x7ffe08448fff</arg>
	</msg>
	<!-- Found ZCA section with version 1.1 -->
	<!-- Found ZCA section with version 1.1 -->
	<!-- Found ZCA section with version 1.1 -->
	<!-- Found ZCA section with version 1.1 -->
	<!-- Found ZCA section with version 1.1 -->
	<!-- Found ZCA section with version 1.1 -->
	<!-- Found ZCA section with version 1.1 -->
	<!-- Found ZCA section with version 1.1 -->
	<!-- Found ZCA section with version 1.1 -->
	<!-- Found ZCA section with version 1.1 -->
	<!-- Found ZCA section with version 1.1 -->
	<!-- Found ZCA section with version 1.1 -->
	<!-- Found ZCA section with version 1.1 -->
	<!-- Found ZCA section with version 1.1 -->
	<!-- Found ZCA section with version 1.1 -->
	<!-- Found ZCA section with version 1.1 -->
	<!-- Found ZCA section with version 1.1 -->
	<!-- Found ZCA section with version 1.1 -->
	<!-- Found ZCA section with version 1.1 -->
	<!-- Found ZCA section with version 1.1 -->
	<!-- Found ZCA section with version 1.1 -->
	<!-- Found ZCA section with version 1.1 -->
	<!-- Found ZCA section with version 1.1 -->
	<msg id='9' source='tcet'>
		<type>LOAD_MODULE</type>
		<severity>INFO</severity>
		<timestamp>Thu Apr 30 20:24:58 2020</timestamp>
		<arg name='module'>c:\program files (x86)\intelswtools\compilers_and_libraries_2019\windows\redist\intel64\compiler\cilkrts20.dll</arg>
		<arg name='basement'>0x7ffde88f0000</arg>
		<arg name='ceiling'>0x7ffde8942fff</arg>
	</msg>
	<msg id='10' source='tcet'>
		<type>LOAD_MODULE</type>
		<severity>INFO</severity>
		<timestamp>Thu Apr 30 20:24:58 2020</timestamp>
		<arg name='module'>c:\windows\system32\vcruntime140.dll</arg>
		<arg name='basement'>0x7ffe07960000</arg>
		<arg name='ceiling'>0x7ffe07976fff</arg>
	</msg>
	<msg id='11' source='tcet'>
		<type>LOAD_MODULE</type>
		<severity>INFO</severity>
		<timestamp>Thu Apr 30 20:24:58 2020</timestamp>
		<arg name='module'>c:\windows\system32\user32.dll</arg>
		<arg name='basement'>0x7ffe22ec0000</arg>
		<arg name='ceiling'>0x7ffe23053fff</arg>
	</msg>
	<msg id='12' source='tcet'>
		<type>LOAD_MODULE</type>
		<severity>INFO</severity>
		<timestamp>Thu Apr 30 20:24:58 2020</timestamp>
		<arg name='module'>c:\windows\system32\win32u.dll</arg>
		<arg name='basement'>0x7ffe21a00000</arg>
		<arg name='ceiling'>0x7ffe21a20fff</arg>
	</msg>
	<!-- Routine at entry point of image c:\windows\system32\win32u.dll is invalid -->
	<msg id='13' source='tcet'>
		<type>LOAD_MODULE</type>
		<severity>INFO</severity>
		<timestamp>Thu Apr 30 20:24:58 2020</timestamp>
		<arg name='module'>c:\windows\system32\gdi32.dll</arg>
		<arg name='basement'>0x7ffe226a0000</arg>
		<arg name='ceiling'>0x7ffe226c5fff</arg>
	</msg>
	<msg id='14' source='tcet'>
		<type>LOAD_MODULE</type>
		<severity>INFO</severity>
		<timestamp>Thu Apr 30 20:24:58 2020</timestamp>
		<arg name='module'>c:\windows\system32\gdi32full.dll</arg>
		<arg name='basement'>0x7ffe20bf0000</arg>
		<arg name='ceiling'>0x7ffe20d83fff</arg>
	</msg>
	<msg id='15' source='tcet'>
		<type>LOAD_MODULE</type>
		<severity>INFO</severity>
		<timestamp>Thu Apr 30 20:24:58 2020</timestamp>
		<arg name='module'>c:\windows\system32\msvcp_win.dll</arg>
		<arg name='basement'>0x7ffe20de0000</arg>
		<arg name='ceiling'>0x7ffe20e7dfff</arg>
	</msg>
	<msg id='16' source='tcet'>
		<type>LOAD_MODULE</type>
		<severity>INFO</severity>
		<timestamp>Thu Apr 30 20:25:00 2020</timestamp>
		<arg name='module'>c:\windows\system32\imm32.dll</arg>
		<arg name='basement'>0x7ffe22270000</arg>
		<arg name='ceiling'>0x7ffe2229dfff</arg>
	</msg>
	<msg id='17' source='tcet'>
		<type>LOAD_MODULE</type>
		<severity>INFO</severity>
		<timestamp>Thu Apr 30 20:25:00 2020</timestamp>
		<arg name='module'>c:\program files (x86)\intelswtools\inspector 2019\bin64\runtime\libittnotify.dll</arg>
		<arg name='basement'>0x7ffdf9160000</arg>
		<arg name='ceiling'>0x7ffdf9193fff</arg>
	</msg>
	<!-- Target OS: Win8 or Server 2K2012 or later -->
	<msg id='18' source='tcet'>
		<type>LOAD_MODULE</type>
		<severity>INFO</severity>
		<timestamp>Thu Apr 30 20:25:00 2020</timestamp>
		<arg name='module'>c:\windows\system32\kernel.appcore.dll</arg>
		<arg name='basement'>0x7ffe20880000</arg>
		<arg name='ceiling'>0x7ffe20890fff</arg>
	</msg>
	<msg id='19' source='tcet'>
		<type>LOAD_MODULE</type>
		<severity>INFO</severity>
		<timestamp>Thu Apr 30 20:25:00 2020</timestamp>
		<arg name='module'>c:\windows\system32\msvcrt.dll</arg>
		<arg name='basement'>0x7ffe221d0000</arg>
		<arg name='ceiling'>0x7ffe2226dfff</arg>
	</msg>
	<msg id='20' source='tcet'>
		<type>LOAD_MODULE</type>
		<severity>INFO</severity>
		<timestamp>Thu Apr 30 20:25:00 2020</timestamp>
		<arg name='module'>c:\windows\system32\rpcrt4.dll</arg>
		<arg name='basement'>0x7ffe22c10000</arg>
		<arg name='ceiling'>0x7ffe22d2ffff</arg>
	</msg>
	<msg id='21' source='tccore'>
		<type>UNSUPPORTED_MODULE</type>
		<severity>WARNING</severity>
		<timestamp>Thu Apr 30 20:25:01 2020</timestamp>
		<arg name='desc'>Microsoft Parallel Patterns Library</arg>
	</msg>
	<!-- Thread 5 effective sampling rate is 0/0 -->
	<!-- Thread 6 effective sampling rate is 0/0 -->
	<msg id='22' display='false' source='tcet'>
		<type>THREADNAME</type>
		<severity>INFO</severity>
		<timestamp>Thu Apr 30 20:25:01 2020</timestamp>
		<arg name='tid'>2308</arg>
		<arg name='name'>Cilk Worker</arg>
	</msg>
	<msg id='23' display='false' source='tcet'>
		<type>THREADNAME</type>
		<severity>INFO</severity>
		<timestamp>Thu Apr 30 20:25:01 2020</timestamp>
		<arg name='tid'>4116</arg>
		<arg name='name'>Cilk Worker</arg>
	</msg>
	<msg id='24' display='false' source='tcet'>
		<type>THREADNAME</type>
		<severity>INFO</severity>
		<timestamp>Thu Apr 30 20:25:01 2020</timestamp>
		<arg name='tid'>26268</arg>
		<arg name='name'>Cilk Worker</arg>
	</msg>
	<msg id='25' display='false' source='tcet'>
		<type>HEARTBEAT</type>
		<severity>INFO</severity>
		<timestamp>Thu Apr 30 20:25:01 2020</timestamp>
		<arg name='tids'>2308,4116,26268,12736,30296,23168,8180</arg>
		<arg name='syscalls'>0,0,0,1,1,1,0</arg>
		<arg name='calls'>300465,307747,620892,1253,7478,1351,176120</arg>
	</msg>
	<!-- A thread end notification for 2 was received by thread 0 -->
	<!-- A thread end notification for 3 was received by thread 0 -->
	<!-- A thread end notification for 4 was received by thread 0 -->
	<!-- A thread end notification for 7 was received by thread 0 -->
	<!-- A thread end notification for 8 was received by thread 0 -->
	<!-- A thread end notification for 9 was received by thread 0 -->
	<!-- Thread 0 effective sampling rate is 0/0 -->
	<msg id='26' source='tcet'>
		<type>UNLOAD_MODULE</type>
		<severity>INFO</severity>
		<timestamp>Thu Apr 30 20:25:02 2020</timestamp>
		<arg name='module'>e:\univer\5_kurs\2_semeetr\ips\lesson_5\x64\release\lesson_5.exe</arg>
	</msg>
	<msg id='27' source='tcet'>
		<type>UNLOAD_MODULE</type>
		<severity>INFO</severity>
		<timestamp>Thu Apr 30 20:25:02 2020</timestamp>
		<arg name='module'>c:\windows\system32\kernelbase.dll</arg>
	</msg>
	<msg id='28' source='tcet'>
		<type>UNLOAD_MODULE</type>
		<severity>INFO</severity>
		<timestamp>Thu Apr 30 20:25:02 2020</timestamp>
		<arg name='module'>c:\windows\system32\kernel32.dll</arg>
	</msg>
	<msg id='29' source='tcet'>
		<type>UNLOAD_MODULE</type>
		<severity>INFO</severity>
		<timestamp>Thu Apr 30 20:25:02 2020</timestamp>
		<arg name='module'>c:\windows\system32\ntdll.dll</arg>
	</msg>
	<msg id='30' source='tcet'>
		<type>UNLOAD_MODULE</type>
		<severity>INFO</severity>
		<timestamp>Thu Apr 30 20:25:02 2020</timestamp>
		<arg name='module'>c:\windows\system32\ucrtbase.dll</arg>
	</msg>
	<msg id='31' source='tcet'>
		<type>UNLOAD_MODULE</type>
		<severity>INFO</severity>
		<timestamp>Thu Apr 30 20:25:02 2020</timestamp>
		<arg name='module'>c:\windows\system32\msvcp140.dll</arg>
	</msg>
	<msg id='32' source='tcet'>
		<type>UNLOAD_MODULE</type>
		<severity>INFO</severity>
		<timestamp>Thu Apr 30 20:25:02 2020</timestamp>
		<arg name='module'>c:\program files (x86)\intelswtools\compilers_and_libraries_2019\windows\redist\intel64\compiler\cilkrts20.dll</arg>
	</msg>
	<msg id='33' source='tcet'>
		<type>UNLOAD_MODULE</type>
		<severity>INFO</severity>
		<timestamp>Thu Apr 30 20:25:02 2020</timestamp>
		<arg name='module'>c:\windows\system32\vcruntime140.dll</arg>
	</msg>
	<msg id='34' source='tcet'>
		<type>UNLOAD_MODULE</type>
		<severity>INFO</severity>
		<timestamp>Thu Apr 30 20:25:02 2020</timestamp>
		<arg name='module'>c:\windows\system32\user32.dll</arg>
	</msg>
	<msg id='35' source='tcet'>
		<type>UNLOAD_MODULE</type>
		<severity>INFO</severity>
		<timestamp>Thu Apr 30 20:25:02 2020</timestamp>
		<arg name='module'>c:\windows\system32\win32u.dll</arg>
	</msg>
	<msg id='36' source='tcet'>
		<type>UNLOAD_MODULE</type>
		<severity>INFO</severity>
		<timestamp>Thu Apr 30 20:25:02 2020</timestamp>
		<arg name='module'>c:\windows\system32\gdi32.dll</arg>
	</msg>
	<msg id='37' source='tcet'>
		<type>UNLOAD_MODULE</type>
		<severity>INFO</severity>
		<timestamp>Thu Apr 30 20:25:02 2020</timestamp>
		<arg name='module'>c:\windows\system32\gdi32full.dll</arg>
	</msg>
	<msg id='38' source='tcet'>
		<type>UNLOAD_MODULE</type>
		<severity>INFO</severity>
		<timestamp>Thu Apr 30 20:25:02 2020</timestamp>
		<arg name='module'>c:\windows\system32\msvcp_win.dll</arg>
	</msg>
	<msg id='39' source='tcet'>
		<type>UNLOAD_MODULE</type>
		<severity>INFO</severity>
		<timestamp>Thu Apr 30 20:25:02 2020</timestamp>
		<arg name='module'>c:\windows\system32\imm32.dll</arg>
	</msg>
	<msg id='40' source='tcet'>
		<type>UNLOAD_MODULE</type>
		<severity>INFO</severity>
		<timestamp>Thu Apr 30 20:25:02 2020</timestamp>
		<arg name='module'>c:\program files (x86)\intelswtools\inspector 2019\bin64\runtime\libittnotify.dll</arg>
	</msg>
	<msg id='41' source='tcet'>
		<type>UNLOAD_MODULE</type>
		<severity>INFO</severity>
		<timestamp>Thu Apr 30 20:25:02 2020</timestamp>
		<arg name='module'>c:\windows\system32\kernel.appcore.dll</arg>
	</msg>
	<msg id='42' source='tcet'>
		<type>UNLOAD_MODULE</type>
		<severity>INFO</severity>
		<timestamp>Thu Apr 30 20:25:02 2020</timestamp>
		<arg name='module'>c:\windows\system32\msvcrt.dll</arg>
	</msg>
	<msg id='43' source='tcet'>
		<type>UNLOAD_MODULE</type>
		<severity>INFO</severity>
		<timestamp>Thu Apr 30 20:25:02 2020</timestamp>
		<arg name='module'>c:\windows\system32\rpcrt4.dll</arg>
	</msg>
	<msg id='44' source='tcet'>
		<type>PROCESS_TERMINATE</type>
		<severity>INFO</severity>
		<timestamp>Thu Apr 30 20:25:02 2020</timestamp>
		<arg name='process'>e:\univer\5_kurs\2_semeetr\ips\lesson_5\x64\release\lesson_5.exe</arg>
		<arg name='pid'>6864</arg>
	</msg>
	<msg id='45' display='false' source='tccore'>
		<type>ANALYSIS_COMPLETE</type>
		<severity>INFO</severity>
		<timestamp>Thu Apr 30 20:25:02 2020</timestamp>
	</msg>
	<msg id='46' display='false' source='tccore'>
		<type>STOP</type>
		<severity>INFO</severity>
		<timestamp>Thu Apr 30 20:25:02 2020</timestamp>
	</msg>
</log>